# mahimahi mm-link (Downlink) [/home/lorenzo/Desktop/PPO-for-Beginners/src/traces/TMobile-LTE-driving.down] > /home/lorenzo/Desktop/PPO-for-Beginners/log/mahimahi/MahimahiTrace.tm_lte_driving.2023.05.25.20.03.30.down.log
# command line: 'mm-link' '/home/lorenzo/Desktop/PPO-for-Beginners/src/traces/TMobile-LTE-driving.up' '/home/lorenzo/Desktop/PPO-for-Beginners/src/traces/TMobile-LTE-driving.down' '--uplink-log=/home/lorenzo/Desktop/PPO-for-Beginners/log/mahimahi/MahimahiTrace.tm_lte_driving.2023.05.25.20.03.30.up.log' '--downlink-log=/home/lorenzo/Desktop/PPO-for-Beginners/log/mahimahi/MahimahiTrace.tm_lte_driving.2023.05.25.20.03.30.down.log' 'python3' '/home/lorenzo/Desktop/PPO-for-Beginners/src/iperf.py' '192.168.64.16' '86400' '/home/lorenzo/Desktop/PPO-for-Beginners/log/ppo/iperf/tm.lte.driving.2023.05.25.20.03.26.json' '/home/lorenzo/Desktop/PPO-for-Beginners/src/pid.txt'
# queue: infinite
# init timestamp: 1685037810963
# base timestamp: 199
199 # 1504
199 # 1504
199 # 1504
199 # 1504
200 # 1504
200 # 1504
200 # 1504
200 # 1504
200 # 1504
201 # 1504
201 # 1504
202 # 1504
202 # 1504
202 # 1504
206 # 1504
206 # 1504
206 # 1504
206 # 1504
207 # 1504
207 # 1504
264 + 80
264 + 52
264 + 80
264 + 80
330 # 1504
330 - 80 66
330 - 52 66
330 - 80 66
330 - 80 66
330 # 1504
330 # 1504
332 # 1504
332 # 1504
332 # 1504
332 # 1504
332 # 1504
332 # 1504
333 # 1504
333 # 1504
336 # 1504
337 # 1504
337 # 1504
337 # 1504
337 # 1504
337 # 1504
337 # 1504
338 # 1504
338 # 1504
338 # 1504
338 # 1504
338 # 1504
339 # 1504
339 # 1504
339 # 1504
339 # 1504
339 # 1504
340 # 1504
340 # 1504
340 # 1504
340 # 1504
340 # 1504
340 # 1504
341 # 1504
341 # 1504
341 # 1504
341 # 1504
341 # 1504
342 # 1504
372 # 1504
372 # 1504
382 # 1504
382 # 1504
382 # 1504
382 # 1504
382 # 1504
382 # 1504
390 # 1504
391 # 1504
391 # 1504
391 # 1504
391 # 1504
391 # 1504
392 # 1504
392 # 1504
392 # 1504
392 # 1504
392 # 1504
392 # 1504
393 # 1504
393 # 1504
393 # 1504
393 # 1504
393 # 1504
393 # 1504
394 # 1504
394 # 1504
394 # 1504
394 # 1504
394 # 1504
395 # 1504
395 # 1504
395 # 1504
395 # 1504
395 # 1504
395 # 1504
396 # 1504
396 # 1504
402 # 1504
402 # 1504
402 # 1504
402 # 1504
402 # 1504
402 # 1504
403 # 1504
403 # 1504
403 # 1504
403 # 1504
403 # 1504
404 # 1504
404 # 1504
404 # 1504
404 # 1504
404 # 1504
404 # 1504
405 # 1504
405 # 1504
405 # 1504
405 # 1504
405 # 1504
406 # 1504
406 # 1504
406 # 1504
406 # 1504
406 # 1504
407 # 1504
407 # 1504
407 # 1504
407 # 1504
407 # 1504
407 # 1504
408 # 1504
408 # 1504
408 # 1504
408 # 1504
408 # 1504
409 # 1504
409 # 1504
409 # 1504
412 # 1504
412 # 1504
412 # 1504
412 # 1504
428 # 1504
428 # 1504
428 # 1504
432 # 1504
432 # 1504
432 # 1504
432 # 1504
432 # 1504
432 # 1504
433 # 1504
433 # 1504
433 # 1504
433 # 1504
433 # 1504
434 # 1504
434 # 1504
444 # 1504
444 # 1504
444 # 1504
444 # 1504
444 # 1504
445 # 1504
445 # 1504
445 # 1504
445 # 1504
445 # 1504
452 # 1504
452 # 1504
452 # 1504
452 # 1504
452 # 1504
452 # 1504
453 # 1504
453 # 1504
453 # 1504
453 # 1504
453 # 1504
453 # 1504
454 # 1504
454 # 1504
454 # 1504
454 # 1504
454 # 1504
455 # 1504
455 # 1504
455 # 1504
455 # 1504
455 # 1504
456 # 1504
456 # 1504
456 # 1504
456 # 1504
456 # 1504
456 # 1504
457 # 1504
457 # 1504
457 # 1504
457 # 1504
457 # 1504
458 # 1504
458 # 1504
458 # 1504
458 # 1504
458 # 1504
458 # 1504
459 # 1504
459 # 1504
459 # 1504
459 # 1504
459 # 1504
460 # 1504
460 # 1504
460 # 1504
460 # 1504
460 # 1504
460 # 1504
461 # 1504
461 # 1504
461 # 1504
461 # 1504
461 # 1504
462 # 1504
462 # 1504
469 # 1504
469 # 1504
469 # 1504
469 # 1504
469 # 1504
469 # 1504
469 # 1504
469 # 1504
469 # 1504
469 # 1504
469 # 1504
470 # 1504
470 # 1504
470 # 1504
470 # 1504
470 # 1504
470 # 1504
470 # 1504
470 # 1504
470 # 1504
470 # 1504
470 # 1504
470 # 1504
470 # 1504
470 # 1504
470 # 1504
470 # 1504
470 # 1504
470 # 1504
470 # 1504
471 # 1504
471 # 1504
471 # 1504
471 # 1504
471 # 1504
471 # 1504
471 # 1504
471 # 1504
471 # 1504
471 # 1504
471 # 1504
471 # 1504
471 # 1504
471 # 1504
471 # 1504
471 # 1504
471 # 1504
471 # 1504
471 # 1504
472 # 1504
472 # 1504
472 # 1504
472 # 1504
472 # 1504
472 # 1504
472 # 1504
472 # 1504
472 # 1504
472 # 1504
472 # 1504
472 # 1504
472 # 1504
472 # 1504
476 # 1504
476 # 1504
476 # 1504
476 # 1504
477 # 1504
477 # 1504
477 # 1504
477 # 1504
477 # 1504
477 # 1504
477 # 1504
477 # 1504
477 # 1504
477 # 1504
477 # 1504
477 # 1504
477 # 1504
477 # 1504
477 # 1504
477 # 1504
491 # 1504
491 # 1504
492 # 1504
492 # 1504
492 # 1504
492 # 1504
492 # 1504
492 # 1504
492 # 1504
492 # 1504
492 # 1504
492 # 1504
496 # 1504
496 # 1504
496 # 1504
496 # 1504
496 # 1504
496 # 1504
496 # 1504
496 # 1504
496 # 1504
496 # 1504
497 # 1504
497 # 1504
497 # 1504
497 # 1504
497 # 1504
497 # 1504
497 # 1504
497 # 1504
497 # 1504
497 # 1504
497 # 1504
497 # 1504
497 # 1504
497 # 1504
497 # 1504
501 # 1504
501 # 1504
502 # 1504
502 # 1504
502 # 1504
502 # 1504
502 # 1504
502 # 1504
502 # 1504
502 # 1504
502 # 1504
502 # 1504
502 # 1504
502 # 1504
502 # 1504
502 # 1504
502 # 1504
502 # 1504
502 # 1504
502 # 1504
503 # 1504
503 # 1504
503 # 1504
503 # 1504
503 # 1504
503 # 1504
503 # 1504
503 # 1504
503 # 1504
503 # 1504
503 # 1504
511 # 1504
511 # 1504
512 # 1504
512 # 1504
512 # 1504
515 # 1504
519 # 1504
519 # 1504
519 # 1504
519 # 1504
519 # 1504
519 # 1504
519 # 1504
519 # 1504
519 # 1504
519 # 1504
519 # 1504
519 # 1504
520 # 1504
520 # 1504
520 # 1504
520 # 1504
520 # 1504
520 # 1504
520 # 1504
520 # 1504
520 # 1504
520 # 1504
521 # 1504
521 # 1504
522 # 1504
522 # 1504
522 # 1504
522 # 1504
522 # 1504
522 # 1504
522 # 1504
522 # 1504
522 # 1504
522 # 1504
522 # 1504
522 # 1504
522 # 1504
522 # 1504
522 # 1504
522 # 1504
522 # 1504
522 # 1504
522 # 1504
531 # 1504
531 # 1504
531 # 1504
532 # 1504
532 # 1504
532 # 1504
532 # 1504
532 # 1504
532 # 1504
532 # 1504
532 # 1504
536 # 1504
536 # 1504
536 # 1504
536 # 1504
536 # 1504
536 # 1504
536 # 1504
537 # 1504
537 # 1504
537 # 1504
537 # 1504
537 # 1504
537 # 1504
537 # 1504
537 # 1504
537 # 1504
537 # 1504
537 # 1504
541 # 1504
541 # 1504
542 # 1504
542 # 1504
542 # 1504
542 # 1504
542 # 1504
542 # 1504
542 # 1504
542 # 1504
542 # 1504
542 # 1504
542 # 1504
542 # 1504
542 # 1504
542 # 1504
542 # 1504
542 # 1504
542 # 1504
542 # 1504
543 # 1504
543 # 1504
543 # 1504
543 # 1504
543 # 1504
543 # 1504
543 # 1504
543 # 1504
543 # 1504
543 # 1504
543 # 1504
543 # 1504
543 # 1504
543 # 1504
543 # 1504
543 # 1504
543 # 1504
543 # 1504
543 # 1504
543 # 1504
544 # 1504
544 # 1504
544 # 1504
544 # 1504
549 # 1504
549 # 1504
549 # 1504
550 # 1504
550 # 1504
550 # 1504
550 # 1504
550 # 1504
550 # 1504
550 # 1504
550 # 1504
551 # 1504
551 # 1504
551 # 1504
551 # 1504
551 # 1504
551 # 1504
551 # 1504
552 # 1504
552 # 1504
552 # 1504
552 # 1504
552 # 1504
552 # 1504
559 # 1504
559 # 1504
559 # 1504
559 # 1504
559 # 1504
559 # 1504
559 # 1504
559 # 1504
560 # 1504
560 # 1504
560 # 1504
560 # 1504
560 # 1504
560 # 1504
560 # 1504
561 # 1504
561 # 1504
561 # 1504
561 # 1504
561 # 1504
561 # 1504
561 # 1504
562 # 1504
562 # 1504
566 # 1504
566 # 1504
566 # 1504
566 # 1504
566 # 1504
567 # 1504
567 # 1504
567 # 1504
567 # 1504
567 # 1504
567 # 1504
567 # 1504
567 # 1504
567 # 1504
567 # 1504
567 # 1504
567 # 1504
567 # 1504
567 # 1504
567 # 1504
567 # 1504
567 # 1504
570 # 1504
570 # 1504
570 # 1504
570 # 1504
570 # 1504
570 # 1504
570 # 1504
570 # 1504
570 # 1504
570 # 1504
570 # 1504
570 # 1504
570 # 1504
571 # 1504
571 # 1504
571 # 1504
571 # 1504
571 # 1504
571 # 1504
571 # 1504
571 # 1504
571 # 1504
571 # 1504
571 # 1504
571 # 1504
571 # 1504
571 # 1504
571 # 1504
571 # 1504
571 # 1504
571 # 1504
571 # 1504
572 # 1504
572 # 1504
572 # 1504
572 # 1504
572 # 1504
572 # 1504
572 # 1504
574 # 1504
574 # 1504
574 # 1504
574 # 1504
574 # 1504
574 # 1504
574 # 1504
574 # 1504
574 # 1504
574 # 1504
574 # 1504
579 # 1504
579 # 1504
579 # 1504
579 # 1504
579 # 1504
579 # 1504
579 # 1504
579 # 1504
579 # 1504
580 # 1504
580 # 1504
580 # 1504
580 # 1504
580 # 1504
580 # 1504
580 # 1504
580 # 1504
580 # 1504
581 # 1504
581 # 1504
581 # 1504
581 # 1504
587 # 1504
587 # 1504
587 # 1504
587 # 1504
588 # 1504
588 # 1504
588 # 1504
588 # 1504
588 # 1504
588 # 1504
588 # 1504
588 # 1504
588 # 1504
588 # 1504
588 # 1504
588 # 1504
588 # 1504
589 # 1504
589 # 1504
589 # 1504
589 # 1504
589 # 1504
596 # 1504
596 # 1504
596 # 1504
596 # 1504
596 # 1504
596 # 1504
596 # 1504
596 # 1504
596 # 1504
596 # 1504
596 # 1504
596 # 1504
597 # 1504
597 # 1504
597 # 1504
597 # 1504
597 # 1504
597 # 1504
597 # 1504
597 # 1504
597 # 1504
597 # 1504
598 # 1504
598 # 1504
598 # 1504
601 # 1504
601 # 1504
601 # 1504
601 # 1504
601 # 1504
606 # 1504
606 # 1504
606 # 1504
606 # 1504
606 # 1504
606 # 1504
606 # 1504
606 # 1504
606 # 1504
606 # 1504
606 # 1504
606 # 1504
606 # 1504
607 # 1504
609 # 1504
609 # 1504
609 # 1504
609 # 1504
609 # 1504
609 # 1504
609 # 1504
609 # 1504
609 # 1504
610 # 1504
611 # 1504
611 # 1504
612 # 1504
612 # 1504
612 # 1504
612 # 1504
612 # 1504
612 # 1504
612 # 1504
612 # 1504
612 # 1504
612 # 1504
612 # 1504
612 # 1504
613 # 1504
613 # 1504
613 # 1504
613 # 1504
613 # 1504
620 # 1504
620 # 1504
620 # 1504
620 # 1504
620 # 1504
620 # 1504
620 # 1504
620 # 1504
620 # 1504
620 # 1504
620 # 1504
620 # 1504
620 # 1504
620 # 1504
621 # 1504
621 # 1504
621 # 1504
621 # 1504
622 # 1504
622 # 1504
622 # 1504
622 # 1504
622 # 1504
622 # 1504
622 # 1504
622 # 1504
622 # 1504
622 # 1504
622 # 1504
622 # 1504
622 # 1504
622 # 1504
622 # 1504
622 # 1504
622 # 1504
622 # 1504
628 # 1504
628 # 1504
628 # 1504
628 # 1504
628 # 1504
628 # 1504
628 # 1504
628 # 1504
628 # 1504
628 # 1504
628 # 1504
628 # 1504
629 # 1504
629 # 1504
629 # 1504
629 # 1504
629 # 1504
629 # 1504
629 # 1504
629 # 1504
629 # 1504
630 # 1504
630 # 1504
630 # 1504
630 # 1504
630 # 1504
630 # 1504
630 # 1504
630 # 1504
630 # 1504
630 # 1504
631 # 1504
631 # 1504
631 # 1504
631 # 1504
631 # 1504
631 # 1504
631 # 1504
631 # 1504
631 # 1504
631 # 1504
632 # 1504
641 # 1504
641 # 1504
641 # 1504
641 # 1504
641 # 1504
641 # 1504
641 # 1504
641 # 1504
641 # 1504
641 # 1504
641 # 1504
642 # 1504
642 # 1504
642 # 1504
642 # 1504
642 # 1504
642 # 1504
642 # 1504
642 # 1504
642 # 1504
642 # 1504
642 # 1504
642 # 1504
642 # 1504
642 # 1504
642 # 1504
642 # 1504
642 # 1504
642 # 1504
642 # 1504
643 # 1504
643 # 1504
643 # 1504
643 # 1504
643 # 1504
643 # 1504
643 # 1504
643 # 1504
643 # 1504
643 # 1504
651 # 1504
652 # 1504
652 # 1504
652 # 1504
652 # 1504
652 # 1504
652 # 1504
652 # 1504
652 # 1504
652 # 1504
657 # 1504
657 # 1504
657 # 1504
657 # 1504
657 # 1504
657 # 1504
657 # 1504
657 # 1504
657 # 1504
658 # 1504
658 # 1504
658 # 1504
658 # 1504
658 # 1504
658 # 1504
658 # 1504
658 # 1504
658 # 1504
658 # 1504
659 # 1504
659 # 1504
661 # 1504
661 # 1504
661 # 1504
661 # 1504
661 # 1504
661 # 1504
661 # 1504
661 # 1504
662 # 1504
662 # 1504
662 # 1504
662 # 1504
662 # 1504
662 # 1504
662 # 1504
662 # 1504
662 # 1504
663 # 1504
663 # 1504
663 # 1504
663 # 1504
663 # 1504
663 # 1504
663 # 1504
663 # 1504
663 # 1504
663 # 1504
664 # 1504
664 # 1504
664 # 1504
664 # 1504
664 # 1504
664 # 1504
664 # 1504
664 # 1504
664 # 1504
669 # 1504
670 # 1504
670 # 1504
670 # 1504
670 # 1504
670 # 1504
670 # 1504
670 # 1504
670 # 1504
670 # 1504
670 # 1504
670 # 1504
671 # 1504
671 # 1504
671 # 1504
671 # 1504
671 # 1504
671 # 1504
671 # 1504
671 # 1504
671 # 1504
672 # 1504
672 # 1504
672 # 1504
672 # 1504
672 # 1504
673 # 1504
673 # 1504
673 # 1504
673 # 1504
673 # 1504
673 # 1504
673 # 1504
677 # 1504
678 # 1504
678 # 1504
678 # 1504
678 # 1504
678 # 1504
678 # 1504
678 # 1504
678 # 1504
678 # 1504
678 # 1504
679 # 1504
679 # 1504
679 # 1504
679 # 1504
679 # 1504
679 # 1504
679 # 1504
679 # 1504
679 # 1504
679 # 1504
681 # 1504
682 # 1504
682 # 1504
682 # 1504
682 # 1504
682 # 1504
682 # 1504
682 # 1504
682 # 1504
682 # 1504
682 # 1504
682 # 1504
683 # 1504
683 # 1504
683 # 1504
683 # 1504
683 # 1504
683 # 1504
683 # 1504
683 # 1504
683 # 1504
689 # 1504
689 # 1504
689 # 1504
689 # 1504
689 # 1504
689 # 1504
689 # 1504
689 # 1504
689 # 1504
689 # 1504
690 # 1504
690 # 1504
690 # 1504
690 # 1504
690 # 1504
690 # 1504
690 # 1504
690 # 1504
690 # 1504
690 # 1504
691 # 1504
691 # 1504
692 # 1504
692 # 1504
692 # 1504
692 # 1504
692 # 1504
692 # 1504
692 # 1504
692 # 1504
692 # 1504
692 # 1504
693 # 1504
693 # 1504
697 # 1504
697 # 1504
697 # 1504
697 # 1504
697 # 1504
697 # 1504
698 # 1504
698 # 1504
698 # 1504
698 # 1504
698 # 1504
698 # 1504
698 # 1504
698 # 1504
698 # 1504
698 # 1504
699 # 1504
699 # 1504
699 # 1504
699 # 1504
699 # 1504
701 # 1504
701 # 1504
701 # 1504
701 # 1504
701 # 1504
701 # 1504
701 # 1504
701 # 1504
702 # 1504
702 # 1504
702 # 1504
702 # 1504
702 # 1504
702 # 1504
702 # 1504
702 # 1504
702 # 1504
702 # 1504
703 # 1504
703 # 1504
703 # 1504
703 # 1504
703 # 1504
703 # 1504
703 # 1504
703 # 1504
703 # 1504
703 # 1504
704 # 1504
704 # 1504
704 # 1504
710 # 1504
710 # 1504
710 # 1504
710 # 1504
710 # 1504
710 # 1504
710 # 1504
711 # 1504
711 # 1504
711 # 1504
711 # 1504
711 # 1504
711 # 1504
711 # 1504
711 # 1504
711 # 1504
712 # 1504
712 # 1504
712 # 1504
712 # 1504
712 # 1504
712 # 1504
712 # 1504
712 # 1504
712 # 1504
712 # 1504
713 # 1504
713 # 1504
713 # 1504
713 # 1504
713 # 1504
713 # 1504
713 # 1504
713 # 1504
713 # 1504
714 # 1504
714 # 1504
714 # 1504
714 # 1504
714 # 1504
718 # 1504
719 # 1504
719 # 1504
719 # 1504
719 # 1504
719 # 1504
719 # 1504
719 # 1504
719 # 1504
719 # 1504
719 # 1504
720 # 1504
720 # 1504
720 # 1504
720 # 1504
720 # 1504
720 # 1504
720 # 1504
720 # 1504
720 # 1504
721 # 1504
721 # 1504
721 # 1504
721 # 1504
722 # 1504
722 # 1504
722 # 1504
722 # 1504
722 # 1504
722 # 1504
728 # 1504
728 # 1504
728 # 1504
728 # 1504
728 # 1504
728 # 1504
728 # 1504
729 # 1504
729 # 1504
729 # 1504
729 # 1504
729 # 1504
729 # 1504
729 # 1504
729 # 1504
729 # 1504
729 # 1504
730 # 1504
730 # 1504
730 # 1504
730 # 1504
730 # 1504
730 # 1504
730 # 1504
730 # 1504
730 # 1504
730 # 1504
731 # 1504
731 # 1504
731 # 1504
731 # 1504
731 # 1504
731 # 1504
736 # 1504
736 # 1504
736 # 1504
736 # 1504
736 # 1504
736 # 1504
736 # 1504
736 # 1504
736 # 1504
737 # 1504
737 # 1504
737 # 1504
737 # 1504
737 # 1504
737 # 1504
737 # 1504
737 # 1504
737 # 1504
737 # 1504
738 # 1504
738 # 1504
738 # 1504
738 # 1504
740 # 1504
740 # 1504
740 # 1504
740 # 1504
740 # 1504
740 # 1504
740 # 1504
740 # 1504
741 # 1504
741 # 1504
741 # 1504
741 # 1504
741 # 1504
741 # 1504
741 # 1504
741 # 1504
741 # 1504
741 # 1504
742 # 1504
742 # 1504
742 # 1504
742 # 1504
742 # 1504
742 # 1504
742 # 1504
742 # 1504
742 # 1504
742 # 1504
743 # 1504
743 # 1504
743 # 1504
743 # 1504
743 # 1504
743 # 1504
748 # 1504
748 # 1504
748 # 1504
748 # 1504
748 # 1504
748 # 1504
748 # 1504
748 # 1504
748 # 1504
749 # 1504
749 # 1504
749 # 1504
749 # 1504
749 # 1504
749 # 1504
749 # 1504
749 # 1504
749 # 1504
751 # 1504
752 # 1504
752 # 1504
752 # 1504
752 # 1504
752 # 1504
752 # 1504
752 # 1504
752 # 1504
752 # 1504
752 # 1504
753 # 1504
753 # 1504
753 # 1504
753 # 1504
753 # 1504
753 # 1504
753 # 1504
753 # 1504
758 # 1504
758 # 1504
758 # 1504
758 # 1504
758 # 1504
758 # 1504
758 # 1504
758 # 1504
758 # 1504
758 # 1504
758 # 1504
759 # 1504
759 # 1504
759 # 1504
759 # 1504
759 # 1504
761 # 1504
761 # 1504
761 # 1504
762 # 1504
762 # 1504
762 # 1504
762 # 1504
762 # 1504
762 # 1504
762 # 1504
762 # 1504
762 # 1504
762 # 1504
762 # 1504
763 # 1504
763 # 1504
763 # 1504
763 # 1504
763 # 1504
767 # 1504
768 # 1504
768 # 1504
768 # 1504
768 # 1504
768 # 1504
768 # 1504
768 # 1504
768 # 1504
768 # 1504
768 # 1504
769 # 1504
769 # 1504
769 # 1504
769 # 1504
769 # 1504
771 # 1504
772 # 1504
772 # 1504
772 # 1504
772 # 1504
772 # 1504
772 # 1504
772 # 1504
772 # 1504
772 # 1504
772 # 1504
772 # 1504
773 # 1504
773 # 1504
773 # 1504
773 # 1504
773 # 1504
773 # 1504
773 # 1504
773 # 1504
773 # 1504
774 # 1504
778 # 1504
778 # 1504
778 # 1504
778 # 1504
778 # 1504
778 # 1504
778 # 1504
778 # 1504
778 # 1504
779 # 1504
779 # 1504
779 # 1504
779 # 1504
779 # 1504
781 # 1504
781 # 1504
781 # 1504
781 # 1504
781 # 1504
781 # 1504
782 # 1504
782 # 1504
782 # 1504
782 # 1504
782 # 1504
782 # 1504
782 # 1504
782 # 1504
782 # 1504
783 # 1504
783 # 1504
785 # 1504
785 # 1504
785 # 1504
785 # 1504
785 # 1504
785 # 1504
786 # 1504
786 # 1504
786 # 1504
786 # 1504
786 # 1504
786 # 1504
791 # 1504
791 # 1504
791 # 1504
791 # 1504
791 # 1504
792 # 1504
792 # 1504
792 # 1504
792 # 1504
792 # 1504
792 # 1504
792 # 1504
794 # 1504
794 # 1504
794 # 1504
794 # 1504
794 # 1504
794 # 1504
795 # 1504
795 # 1504
795 # 1504
795 # 1504
795 # 1504
795 # 1504
795 # 1504
795 # 1504
796 # 1504
796 # 1504
796 # 1504
801 # 1504
801 # 1504
801 # 1504
801 # 1504
801 # 1504
801 # 1504
801 # 1504
801 # 1504
802 # 1504
802 # 1504
802 # 1504
802 # 1504
802 # 1504
803 # 1504
804 # 1504
804 # 1504
804 # 1504
804 # 1504
804 # 1504
804 # 1504
804 # 1504
804 # 1504
804 # 1504
805 # 1504
805 # 1504
805 # 1504
805 # 1504
805 # 1504
805 # 1504
806 # 1504
806 # 1504
806 # 1504
806 # 1504
806 # 1504
806 # 1504
812 # 1504
812 # 1504
812 # 1504
812 # 1504
812 # 1504
812 # 1504
812 # 1504
812 # 1504
812 # 1504
813 # 1504
813 # 1504
813 # 1504
813 # 1504
817 # 1504
817 # 1504
817 # 1504
817 # 1504
817 # 1504
818 # 1504
818 # 1504
818 # 1504
818 # 1504
818 # 1504
818 # 1504
819 # 1504
821 # 1504
822 # 1504
822 # 1504
822 # 1504
822 # 1504
822 # 1504
822 # 1504
822 # 1504
822 # 1504
822 # 1504
822 # 1504
822 # 1504
822 # 1504
823 # 1504
823 # 1504
823 # 1504
823 # 1504
823 # 1504
826 # 1504
826 # 1504
826 # 1504
826 # 1504
827 # 1504
827 # 1504
827 # 1504
827 # 1504
827 # 1504
827 # 1504
827 # 1504
827 # 1504
827 # 1504
827 # 1504
827 # 1504
827 # 1504
828 # 1504
829 # 1504
829 # 1504
829 # 1504
829 # 1504
829 # 1504
829 # 1504
829 # 1504
829 # 1504
829 # 1504
829 # 1504
829 # 1504
829 # 1504
829 # 1504
830 # 1504
832 # 1504
833 # 1504
833 # 1504
833 # 1504
833 # 1504
833 # 1504
833 # 1504
833 # 1504
833 # 1504
833 # 1504
833 # 1504
833 # 1504
833 # 1504
834 # 1504
839 # 1504
839 # 1504
839 # 1504
839 # 1504
839 # 1504
839 # 1504
840 # 1504
840 # 1504
840 # 1504
840 # 1504
841 # 1504
841 # 1504
842 # 1504
842 # 1504
842 # 1504
842 # 1504
842 # 1504
842 # 1504
842 # 1504
842 # 1504
842 # 1504
842 # 1504
842 # 1504
842 # 1504
843 # 1504
847 # 1504
848 # 1504
848 # 1504
848 # 1504
848 # 1504
848 # 1504
848 # 1504
848 # 1504
848 # 1504
848 # 1504
848 # 1504
848 # 1504
849 # 1504
849 # 1504
851 # 1504
852 # 1504
852 # 1504
852 # 1504
852 # 1504
852 # 1504
852 # 1504
852 # 1504
852 # 1504
852 # 1504
852 # 1504
852 # 1504
852 # 1504
852 # 1504
853 # 1504
853 # 1504
853 # 1504
853 # 1504
853 # 1504
853 # 1504
856 # 1504
856 # 1504
856 # 1504
856 # 1504
857 # 1504
857 # 1504
857 # 1504
857 # 1504
857 # 1504
857 # 1504
857 # 1504
859 # 1504
859 # 1504
860 # 1504
860 # 1504
860 # 1504
860 # 1504
860 # 1504
860 # 1504
860 # 1504
860 # 1504
860 # 1504
860 # 1504
860 # 1504
861 # 1504
862 # 1504
862 # 1504
862 # 1504
862 # 1504
862 # 1504
862 # 1504
862 # 1504
862 # 1504
862 # 1504
863 # 1504
863 # 1504
863 # 1504
863 # 1504
863 # 1504
863 # 1504
863 # 1504
867 # 1504
867 # 1504
867 # 1504
867 # 1504
867 # 1504
868 # 1504
869 # 1504
869 # 1504
869 # 1504
869 # 1504
869 # 1504
869 # 1504
869 # 1504
869 # 1504
869 # 1504
869 # 1504
869 # 1504
871 # 1504
872 # 1504
872 # 1504
872 # 1504
872 # 1504
872 # 1504
872 # 1504
872 # 1504
873 # 1504
873 # 1504
873 # 1504
873 # 1504
873 # 1504
874 # 1504
874 # 1504
874 # 1504
874 # 1504
874 # 1504
874 # 1504
877 # 1504
877 # 1504
878 # 1504
878 # 1504
878 # 1504
878 # 1504
878 # 1504
878 # 1504
878 # 1504
878 # 1504
878 # 1504
878 # 1504
878 # 1504
878 # 1504
878 # 1504
879 # 1504
888 # 1504
888 # 1504
888 # 1504
888 # 1504
888 # 1504
888 # 1504
888 # 1504
888 # 1504
889 # 1504
889 # 1504
889 # 1504
889 # 1504
889 # 1504
889 # 1504
889 # 1504
889 # 1504
889 # 1504
890 # 1504
890 # 1504
890 # 1504
890 # 1504
890 # 1504
890 # 1504
890 # 1504
890 # 1504
890 # 1504
891 # 1504
891 # 1504
891 # 1504
891 # 1504
891 # 1504
891 # 1504
901 # 1504
902 # 1504
902 # 1504
902 # 1504
902 # 1504
902 # 1504
902 # 1504
902 # 1504
902 # 1504
902 # 1504
903 # 1504
903 # 1504
903 # 1504
903 # 1504
905 # 1504
905 # 1504
905 # 1504
905 # 1504
905 # 1504
905 # 1504
905 # 1504
905 # 1504
905 # 1504
905 # 1504
905 # 1504
905 # 1504
905 # 1504
905 # 1504
906 # 1504
906 # 1504
906 # 1504
906 # 1504
906 # 1504
906 # 1504
906 # 1504
906 # 1504
906 # 1504
906 # 1504
906 # 1504
906 # 1504
906 # 1504
906 # 1504
906 # 1504
906 # 1504
906 # 1504
906 # 1504
907 # 1504
907 # 1504
907 # 1504
907 # 1504
907 # 1504
907 # 1504
907 # 1504
907 # 1504
907 # 1504
907 # 1504
907 # 1504
907 # 1504
907 # 1504
907 # 1504
909 # 1504
910 # 1504
910 # 1504
910 # 1504
910 # 1504
910 # 1504
910 # 1504
910 # 1504
910 # 1504
910 # 1504
910 # 1504
910 # 1504
910 # 1504
910 # 1504
910 # 1504
910 # 1504
910 # 1504
910 # 1504
911 # 1504
911 # 1504
911 # 1504
911 # 1504
911 # 1504
911 # 1504
911 # 1504
911 # 1504
911 # 1504
911 # 1504
911 # 1504
911 # 1504
911 # 1504
913 # 1504
913 # 1504
914 # 1504
914 # 1504
914 # 1504
914 # 1504
914 # 1504
914 # 1504
914 # 1504
914 # 1504
914 # 1504
914 # 1504
914 # 1504
914 # 1504
914 # 1504
914 # 1504
914 # 1504
917 # 1504
917 # 1504
917 # 1504
917 # 1504
917 # 1504
917 # 1504
917 # 1504
917 # 1504
917 # 1504
917 # 1504
917 # 1504
917 # 1504
917 # 1504
917 # 1504
920 # 1504
920 # 1504
920 # 1504
920 # 1504
929 # 1504
929 # 1504
929 # 1504
929 # 1504
930 # 1504
930 # 1504
930 # 1504
930 # 1504
930 # 1504
930 # 1504
930 # 1504
930 # 1504
930 # 1504
930 # 1504
930 # 1504
930 # 1504
930 # 1504
930 # 1504
930 # 1504
930 # 1504
930 # 1504
930 # 1504
930 # 1504
931 # 1504
931 # 1504
931 # 1504
931 # 1504
931 # 1504
931 # 1504
931 # 1504
931 # 1504
931 # 1504
931 # 1504
939 # 1504
939 # 1504
940 # 1504
940 # 1504
940 # 1504
940 # 1504
940 # 1504
940 # 1504
940 # 1504
940 # 1504
940 # 1504
940 # 1504
940 # 1504
940 # 1504
940 # 1504
940 # 1504
940 # 1504
940 # 1504
940 # 1504
940 # 1504
940 # 1504
940 # 1504
941 # 1504
941 # 1504
941 # 1504
941 # 1504
941 # 1504
941 # 1504
941 # 1504
941 # 1504
941 # 1504
941 # 1504
941 # 1504
941 # 1504
941 # 1504
941 # 1504
941 # 1504
941 # 1504
941 # 1504
941 # 1504
942 # 1504
942 # 1504
942 # 1504
942 # 1504
943 # 1504
943 # 1504
943 # 1504
943 # 1504
943 # 1504
943 # 1504
943 # 1504
943 # 1504
943 # 1504
943 # 1504
943 # 1504
943 # 1504
943 # 1504
943 # 1504
943 # 1504
943 # 1504
943 # 1504
944 # 1504
944 # 1504
944 # 1504
944 # 1504
944 # 1504
944 # 1504
947 # 1504
947 # 1504
948 # 1504
948 # 1504
948 # 1504
948 # 1504
948 # 1504
948 # 1504
948 # 1504
948 # 1504
948 # 1504
948 # 1504
948 # 1504
949 # 1504
949 # 1504
949 # 1504
950 # 1504
950 # 1504
950 # 1504
950 # 1504
950 # 1504
950 # 1504
950 # 1504
950 # 1504
950 # 1504
951 # 1504
951 # 1504
951 # 1504
951 # 1504
951 # 1504
951 # 1504
951 # 1504
951 # 1504
951 # 1504
952 # 1504
952 # 1504
952 # 1504
952 # 1504
952 # 1504
952 + 80
959 # 1504
959 - 80 7
959 # 1504
959 # 1504
959 # 1504
959 # 1504
959 # 1504
959 # 1504
959 # 1504
959 # 1504
959 # 1504
959 # 1504
959 # 1504
959 # 1504
964 # 1504
964 # 1504
964 # 1504
964 # 1504
964 # 1504
964 # 1504
964 # 1504
964 # 1504
964 # 1504
964 # 1504
964 # 1504
964 # 1504
965 # 1504
965 # 1504
965 # 1504
965 # 1504
965 # 1504
966 # 1504
966 # 1504
966 # 1504
966 # 1504
966 # 1504
966 # 1504
966 # 1504
966 # 1504
966 # 1504
966 # 1504
966 # 1504
967 # 1504
967 # 1504
967 # 1504
967 # 1504
967 # 1504
967 # 1504
967 # 1504
967 # 1504
967 # 1504
967 # 1504
967 # 1504
967 # 1504
968 # 1504
968 # 1504
968 # 1504
968 # 1504
968 # 1504
968 # 1504
968 # 1504
968 # 1504
968 # 1504
969 # 1504
969 # 1504
969 # 1504
970 # 1504
970 # 1504
970 # 1504
970 # 1504
970 # 1504
971 # 1504
971 # 1504
971 # 1504
971 # 1504
971 # 1504
971 # 1504
971 # 1504
971 # 1504
971 # 1504
971 # 1504
971 # 1504
971 # 1504
976 # 1504
977 # 1504
977 # 1504
977 # 1504
977 # 1504
977 # 1504
977 # 1504
977 # 1504
977 # 1504
977 # 1504
977 # 1504
977 # 1504
977 # 1504
977 # 1504
977 # 1504
977 # 1504
977 # 1504
977 # 1504
978 # 1504
981 # 1504
981 # 1504
982 # 1504
982 # 1504
982 # 1504
982 # 1504
982 # 1504
982 # 1504
982 # 1504
982 # 1504
982 # 1504
982 # 1504
982 # 1504
982 # 1504
982 # 1504
982 # 1504
982 # 1504
982 # 1504
982 # 1504
982 # 1504
982 # 1504
983 # 1504
983 # 1504
983 # 1504
986 # 1504
986 # 1504
986 # 1504
986 # 1504
986 # 1504
986 # 1504
987 # 1504
987 # 1504
987 # 1504
987 # 1504
987 # 1504
987 # 1504
987 # 1504
987 # 1504
987 # 1504
987 # 1504
987 # 1504
987 # 1504
987 # 1504
988 # 1504
988 # 1504
988 # 1504
988 # 1504
988 # 1504
991 # 1504
991 # 1504
992 # 1504
992 # 1504
992 # 1504
992 # 1504
992 # 1504
992 # 1504
992 # 1504
992 # 1504
996 # 1504
996 # 1504
996 # 1504
996 # 1504
996 # 1504
1001 # 1504
1001 # 1504
1002 # 1504
1002 # 1504
1002 # 1504
1002 # 1504
1002 # 1504
1002 # 1504
1002 # 1504
1002 # 1504
1002 # 1504
1002 # 1504
1002 # 1504
1002 # 1504
1002 # 1504
1003 # 1504
1003 # 1504
1003 # 1504
1003 # 1504
1003 # 1504
1003 # 1504
1005 # 1504
1005 # 1504
1005 # 1504
1005 # 1504
1005 # 1504
1005 # 1504
1005 # 1504
1005 # 1504
1005 # 1504
1005 # 1504
1006 # 1504
1006 # 1504
1006 # 1504
1006 # 1504
1006 # 1504
1006 # 1504
1007 # 1504
1007 # 1504
1008 # 1504
1008 # 1504
1011 # 1504
1011 # 1504
1011 # 1504
1012 # 1504
1012 # 1504
1012 # 1504
1012 # 1504
1012 # 1504
1012 # 1504
1012 # 1504
1012 # 1504
1012 # 1504
1012 # 1504
1012 # 1504
1012 # 1504
1012 # 1504
1012 # 1504
1012 # 1504
1012 # 1504
1012 # 1504
1012 # 1504
1012 # 1504
1012 # 1504
1012 # 1504
1012 # 1504
1013 # 1504
1013 # 1504
1013 # 1504
1013 # 1504
1013 # 1504
1013 # 1504
1016 # 1504
1016 # 1504
1016 # 1504
1016 # 1504
1016 # 1504
1016 # 1504
1016 # 1504
1016 # 1504
1016 # 1504
1016 # 1504
1016 # 1504
1017 # 1504
1017 # 1504
1017 # 1504
1017 # 1504
1017 # 1504
1018 # 1504
1018 # 1504
1018 # 1504
1018 # 1504
1018 # 1504
1018 # 1504
1018 # 1504
1018 # 1504
1018 # 1504
1018 # 1504
1019 # 1504
1019 # 1504
1019 # 1504
1019 # 1504
1019 # 1504
1019 # 1504
1023 # 1504
1023 # 1504
1023 # 1504
1023 # 1504
1023 # 1504
1023 # 1504
1023 # 1504
1023 # 1504
1023 # 1504
1023 # 1504
1023 # 1504
1023 # 1504
1023 # 1504
1023 # 1504
1023 # 1504
1026 # 1504
1027 # 1504
1027 # 1504
1027 # 1504
1027 # 1504
1027 # 1504
1027 # 1504
1027 # 1504
1027 # 1504
1027 # 1504
1027 # 1504
1027 # 1504
1030 # 1504
1030 # 1504
1030 # 1504
1030 # 1504
1030 # 1504
1030 # 1504
1030 # 1504
1030 # 1504
1030 # 1504
1030 # 1504
1030 # 1504
1030 # 1504
1030 # 1504
1030 # 1504
1030 # 1504
1030 # 1504
1034 # 1504
1034 # 1504
1034 # 1504
1034 # 1504
1034 # 1504
1034 # 1504
1035 # 1504
1035 # 1504
1035 # 1504
1035 # 1504
1035 # 1504
1035 # 1504
1035 # 1504
1035 # 1504
1035 # 1504
1035 # 1504
1035 # 1504
1035 # 1504
1036 # 1504
1036 # 1504
1036 # 1504
1036 # 1504
1036 # 1504
1036 # 1504
1036 # 1504
1036 # 1504
1036 # 1504
1036 # 1504
1036 # 1504
1037 # 1504
1037 # 1504
1041 # 1504
1041 # 1504
1042 # 1504
1042 # 1504
1042 # 1504
1042 # 1504
1042 # 1504
1042 # 1504
1042 # 1504
1042 # 1504
1042 # 1504
1042 # 1504
1042 # 1504
1042 # 1504
1042 # 1504
1042 # 1504
1042 # 1504
1042 # 1504
1042 # 1504
1042 # 1504
1042 # 1504
1042 # 1504
1046 # 1504
1046 # 1504
1046 # 1504
1046 # 1504
1046 # 1504
1046 # 1504
1046 # 1504
1046 # 1504
1046 # 1504
1047 # 1504
1047 # 1504
1047 # 1504
1047 # 1504
1047 # 1504
1047 # 1504
1047 # 1504
1047 # 1504
1047 # 1504
1047 # 1504
1047 # 1504
1047 # 1504
1048 # 1504
1048 # 1504
1048 # 1504
1048 # 1504
1048 # 1504
1051 # 1504
1051 # 1504
1051 # 1504
1052 # 1504
1052 # 1504
1052 # 1504
1052 # 1504
1052 # 1504
1052 # 1504
1052 # 1504
1052 # 1504
1052 # 1504
1052 # 1504
1052 # 1504
1052 # 1504
1052 # 1504
1052 # 1504
1052 # 1504
1053 # 1504
1053 # 1504
1053 # 1504
1053 # 1504
1053 # 1504
1057 # 1504
1057 # 1504
1057 # 1504
1057 # 1504
1057 # 1504
1057 # 1504
1057 # 1504
1057 # 1504
1057 # 1504
1058 # 1504
1058 # 1504
1058 # 1504
1058 # 1504
1058 # 1504
1058 # 1504
1058 # 1504
1058 # 1504
1058 # 1504
1059 # 1504
1059 # 1504
1059 # 1504
1059 # 1504
1061 # 1504
1061 # 1504
1061 # 1504
1061 # 1504
1061 # 1504
1061 # 1504
1062 # 1504
1062 # 1504
1062 # 1504
1062 # 1504
1062 # 1504
1062 # 1504
1062 # 1504
1062 # 1504
1062 # 1504
1062 # 1504
1062 # 1504
1063 # 1504
1063 # 1504
1069 # 1504
1069 # 1504
1069 # 1504
1069 # 1504
1069 # 1504
1069 # 1504
1069 # 1504
1069 # 1504
1069 # 1504
1069 # 1504
1069 # 1504
1069 # 1504
1069 # 1504
1069 # 1504
1069 # 1504
1069 # 1504
1069 # 1504
1069 # 1504
1070 # 1504
1070 # 1504
1070 # 1504
1070 # 1504
1070 # 1504
1070 # 1504
1070 # 1504
1070 # 1504
1070 # 1504
1070 # 1504
1070 # 1504
1070 # 1504
1070 # 1504
1071 # 1504
1071 # 1504
1071 # 1504
1071 # 1504
1071 # 1504
1071 # 1504
1071 # 1504
1071 # 1504
1071 # 1504
1071 # 1504
1071 # 1504
1071 # 1504
1072 # 1504
1072 # 1504
1072 # 1504
1072 # 1504
1072 # 1504
1079 # 1504
1079 # 1504
1079 # 1504
1079 # 1504
1079 # 1504
1079 # 1504
1079 # 1504
1079 # 1504
1079 # 1504
1079 # 1504
1079 # 1504
1079 # 1504
1079 # 1504
1079 # 1504
1079 # 1504
1080 # 1504
1080 # 1504
1080 # 1504
1080 # 1504
1080 # 1504
1080 # 1504
1080 # 1504
1080 # 1504
1080 # 1504
1080 # 1504
1080 # 1504
1080 # 1504
1080 # 1504
1080 # 1504
1081 # 1504
1081 # 1504
1081 # 1504
1081 # 1504
1081 # 1504
1081 # 1504
1081 # 1504
1081 # 1504
1091 # 1504
1091 # 1504
1091 # 1504
1091 # 1504
1091 # 1504
1096 # 1504
1096 # 1504
1096 # 1504
1096 # 1504
1096 # 1504
1096 # 1504
1096 # 1504
1096 # 1504
1096 # 1504
1096 # 1504
1096 # 1504
1096 # 1504
1097 # 1504
1097 # 1504
1097 # 1504
1097 # 1504
1097 # 1504
1097 # 1504
1097 # 1504
1097 # 1504
1097 # 1504
1097 # 1504
1097 # 1504
1097 # 1504
1097 # 1504
1097 # 1504
1097 # 1504
1098 # 1504
1098 # 1504
1098 # 1504
1098 # 1504
1098 # 1504
1098 # 1504
1098 # 1504
1098 # 1504
1098 # 1504
1098 # 1504
1098 # 1504
1098 # 1504
1098 # 1504
1099 # 1504
1099 # 1504
1099 # 1504
1099 # 1504
1099 # 1504
1106 # 1504
1106 # 1504
1106 # 1504
1106 # 1504
1106 # 1504
1106 # 1504
1106 # 1504
1106 # 1504
1106 # 1504
1106 # 1504
1106 # 1504
1106 # 1504
1106 # 1504
1106 # 1504
1106 # 1504
1106 # 1504
1106 # 1504
1106 # 1504
1106 # 1504
1107 # 1504
1107 # 1504
1107 # 1504
1107 # 1504
1107 # 1504
1107 # 1504
1107 # 1504
1107 # 1504
1107 # 1504
1107 # 1504
1107 # 1504
1107 # 1504
1107 # 1504
1108 # 1504
1108 # 1504
1108 # 1504
1111 # 1504
1111 # 1504
1111 # 1504
1112 # 1504
1112 # 1504
1112 # 1504
1112 # 1504
1112 # 1504
1112 # 1504
1112 # 1504
1112 # 1504
1112 # 1504
1112 # 1504
1112 # 1504
1112 # 1504
1112 # 1504
1112 # 1504
1118 # 1504
1118 # 1504
1118 # 1504
1118 # 1504
1118 # 1504
1118 # 1504
1118 # 1504
1118 # 1504
1118 # 1504
1118 # 1504
1118 # 1504
1118 # 1504
1118 # 1504
1118 # 1504
1119 # 1504
1119 # 1504
1119 # 1504
1119 # 1504
1119 # 1504
1119 # 1504
1119 # 1504
1119 # 1504
1119 # 1504
1119 # 1504
1119 # 1504
1119 # 1504
1119 # 1504
1120 # 1504
1120 # 1504
1120 # 1504
1120 # 1504
1120 # 1504
1120 # 1504
1120 # 1504
1120 # 1504
1120 # 1504
1120 # 1504
1120 # 1504
1120 # 1504
1121 # 1504
1125 # 1504
1125 # 1504
1125 # 1504
1125 # 1504
1125 # 1504
1125 # 1504
1125 # 1504
1125 # 1504
1125 # 1504
1125 # 1504
1125 # 1504
1125 # 1504
1125 # 1504
1131 # 1504
1131 # 1504
1131 # 1504
1131 # 1504
1131 # 1504
1131 # 1504
1131 # 1504
1131 # 1504
1131 # 1504
1131 # 1504
1131 # 1504
1131 # 1504
1131 # 1504
1131 # 1504
1131 # 1504
1131 # 1504
1131 # 1504
1131 # 1504
1131 # 1504
1131 # 1504
1132 # 1504
1132 # 1504
1132 # 1504
1132 # 1504
1132 # 1504
1132 # 1504
1132 # 1504
1132 # 1504
1132 # 1504
1132 # 1504
1132 # 1504
1132 # 1504
1133 # 1504
1133 # 1504
1133 # 1504
1133 # 1504
1133 # 1504
1136 + 64
1140 # 1504
1140 - 64 4
1140 # 1504
1140 # 1504
1140 # 1504
1140 # 1504
1140 # 1504
1140 # 1504
1140 # 1504
1140 # 1504
1140 # 1504
1140 # 1504
1140 # 1504
1140 # 1504
1140 # 1504
1140 # 1504
1140 # 1504
1140 # 1504
1140 # 1504
1140 # 1504
1141 # 1504
1141 # 1504
1141 # 1504
1141 # 1504
1141 # 1504
1141 # 1504
1141 # 1504
1141 # 1504
1141 # 1504
1141 # 1504
1141 # 1504
1141 # 1504
1141 # 1504
1142 # 1504
1142 # 1504
1142 # 1504
1142 # 1504
1142 # 1504
1142 # 1504
1146 # 1504
1146 # 1504
1146 # 1504
1146 # 1504
1146 # 1504
1146 # 1504
1146 # 1504
1146 # 1504
1146 # 1504
1146 # 1504
1147 # 1504
1147 # 1504
1147 # 1504
1147 # 1504
1147 # 1504
1147 # 1504
1147 # 1504
1147 # 1504
1147 # 1504
1147 # 1504
1147 # 1504
1148 # 1504
1148 # 1504
1148 # 1504
1148 # 1504
1148 # 1504
1148 # 1504
1148 # 1504
1148 # 1504
1148 # 1504
1148 # 1504
1149 # 1504
1149 # 1504
1149 # 1504
1149 # 1504
1149 # 1504
1149 # 1504
1159 # 1504
1159 # 1504
1159 # 1504
1159 # 1504
1159 # 1504
1159 # 1504
1159 # 1504
1159 # 1504
1159 # 1504
1159 # 1504
1159 # 1504
1159 # 1504
1159 # 1504
1159 # 1504
1159 # 1504
1159 # 1504
1160 # 1504
1160 # 1504
1160 # 1504
1160 # 1504
1160 # 1504
1160 # 1504
1160 # 1504
1160 # 1504
1160 # 1504
1160 # 1504
1160 # 1504
1160 # 1504
1160 # 1504
1160 # 1504
1160 # 1504
1160 # 1504
1160 # 1504
1160 # 1504
1160 # 1504
1160 # 1504
1160 # 1504
1160 # 1504
1161 # 1504
1161 # 1504
1161 # 1504
1161 # 1504
1161 # 1504
1161 # 1504
1165 # 1504
1165 # 1504
1165 # 1504
1165 # 1504
1165 # 1504
1166 # 1504
1166 # 1504
1166 # 1504
1166 # 1504
1166 # 1504
1166 # 1504
1166 # 1504
1166 # 1504
1166 # 1504
1166 # 1504
1166 # 1504
1166 # 1504
1170 # 1504
1170 # 1504
1170 # 1504
1170 # 1504
1170 # 1504
1170 # 1504
1170 # 1504
1170 # 1504
1170 # 1504
1170 # 1504
1170 # 1504
1171 # 1504
1171 # 1504
1171 # 1504
1171 # 1504
1171 # 1504
1171 # 1504
1171 # 1504
1171 # 1504
1171 # 1504
1171 # 1504
1171 # 1504
1171 # 1504
1171 # 1504
1171 # 1504
1172 # 1504
1172 # 1504
1172 # 1504
1172 # 1504
1172 # 1504
1172 # 1504
1172 # 1504
1173 + 56
1174 + 57
1174 + 56
1178 # 1504
1178 - 56 5
1178 - 57 4
1178 - 56 4
1178 # 1504
1178 # 1504
1178 # 1504
1178 # 1504
1178 # 1504
1178 # 1504
1178 # 1504
1179 # 1504
1179 # 1504
1179 # 1504
1179 # 1504
1179 # 1504
1179 # 1504
1179 # 1504
1179 # 1504
1179 # 1504
1179 # 1504
1179 # 1504
1179 # 1504
1179 # 1504
1179 # 1504
1179 # 1504
1179 # 1504
1179 # 1504
1179 # 1504
1179 # 1504
1180 # 1504
1180 # 1504
1180 # 1504
1180 # 1504
1180 # 1504
1188 # 1504
1188 # 1504
1188 # 1504
1188 # 1504
1188 # 1504
1189 # 1504
1189 # 1504
1189 # 1504
1189 # 1504
1189 # 1504
1189 # 1504
1189 # 1504
1189 # 1504
1189 # 1504
1189 # 1504
1189 # 1504
1189 # 1504
1189 # 1504
1189 # 1504
1189 # 1504
1189 # 1504
1189 # 1504
1189 # 1504
1189 # 1504
1189 # 1504
