# mahimahi mm-link (Uplink) [/home/lorenzo/Desktop/PPO-for-Beginners/src/traces/ATT-LTE-driving-2016.up] > /home/lorenzo/Desktop/PPO-for-Beginners/log/mahimahi/MahimahiTrace.att_lte_driving_2016.2023.05.25.20.24.27.up.log
# command line: 'mm-link' '/home/lorenzo/Desktop/PPO-for-Beginners/src/traces/ATT-LTE-driving-2016.up' '/home/lorenzo/Desktop/PPO-for-Beginners/src/traces/ATT-LTE-driving-2016.down' '--uplink-log=/home/lorenzo/Desktop/PPO-for-Beginners/log/mahimahi/MahimahiTrace.att_lte_driving_2016.2023.05.25.20.24.27.up.log' '--downlink-log=/home/lorenzo/Desktop/PPO-for-Beginners/log/mahimahi/MahimahiTrace.att_lte_driving_2016.2023.05.25.20.24.27.down.log' 'python3' '/home/lorenzo/Desktop/PPO-for-Beginners/src/iperf.py' '192.168.64.16' '86400' '/home/lorenzo/Desktop/PPO-for-Beginners/log/ppo/iperf/att.lte.driving.2016.2023.05.25.20.24.25.json' '/home/lorenzo/Desktop/PPO-for-Beginners/src/pid.txt'
# queue: infinite
# init timestamp: 1685039067174
# base timestamp: 208
208 # 1504
210 + 80
210 + 52
210 + 80
227 + 64
256 # 1504
256 - 80 46
256 - 52 46
256 - 80 46
256 - 64 29
258 + 56
258 + 93
265 # 1504
265 - 56 7
265 - 93 7
265 # 1504
266 # 1504
266 # 1504
266 # 1504
266 # 1504
267 + 56
267 + 60
268 # 1504
268 - 56 1
268 - 60 1
268 # 1504
268 # 1504
268 # 1504
269 # 1504
270 # 1504
270 # 1504
270 # 1504
270 + 159
271 # 1504
271 - 159 1
271 # 1504
271 # 1504
271 # 1504
272 # 1504
272 + 56
272 + 64
274 # 1504
274 - 56 2
274 - 64 2
274 # 1504
274 # 1504
275 # 1504
276 + 56
276 + 93
277 # 1504
277 - 56 1
277 - 93 1
279 # 1504
279 # 1504
279 # 1504
279 + 56
280 # 1504
280 - 56 1
280 # 1504
281 + 56
281 + 1504
281 + 1504
281 + 1504
281 + 1504
282 # 1504
282 - 56 1
284 # 1504
284 - 1504 3
285 # 1504
285 - 1504 4
285 # 1504
285 - 1504 4
286 + 1504
286 + 1504
286 + 1504
286 + 1504
287 # 1504
287 - 1504 6
287 # 1504
287 - 1504 1
288 # 1504
288 - 1504 2
288 # 1504
288 - 1504 2
288 + 1504
288 + 1504
288 + 1504
288 + 1504
288 + 1504
288 + 1504
289 # 1504
289 - 1504 3
289 + 1504
289 + 1504
289 + 1504
289 + 1504
291 # 1504
291 - 1504 3
291 # 1504
291 - 1504 3
292 # 1504
292 - 1504 4
293 # 1504
293 - 1504 5
293 + 1504
293 + 1504
293 + 1504
293 + 1504
294 + 1504
294 + 1504
294 + 1504
294 + 1504
303 # 1504
303 - 1504 15
303 # 1504
303 - 1504 15
303 # 1504
303 - 1504 14
303 # 1504
303 - 1504 14
304 # 1504
304 - 1504 15
307 # 1504
307 - 1504 18
307 # 1504
307 - 1504 14
307 # 1504
307 - 1504 14
307 # 1504
307 - 1504 14
307 # 1504
307 - 1504 14
307 # 1504
307 - 1504 13
308 # 1504
308 - 1504 14
308 # 1504
308 - 1504 14
308 # 1504
308 - 1504 14
308 # 1504
309 # 1504
310 # 1504
310 # 1504
310 # 1504
311 # 1504
312 + 1504
312 + 1504
312 + 1504
312 + 1504
313 # 1504
313 - 1504 1
313 # 1504
313 - 1504 1
313 + 1504
313 + 1504
313 + 1504
313 + 1504
313 + 1504
313 + 1504
313 + 1504
313 + 1504
314 + 1504
314 + 1504
314 + 1504
314 + 1504
315 # 1504
315 - 1504 3
315 + 1504
315 + 1504
315 + 1504
315 + 1504
316 # 1504
316 - 1504 4
316 # 1504
316 - 1504 3
316 # 1504
316 - 1504 3
316 # 1504
316 - 1504 3
316 + 1504
316 + 1504
316 + 1504
316 + 1504
317 + 1504
317 + 1504
318 # 1504
318 - 1504 5
318 # 1504
318 - 1504 5
318 # 1504
318 - 1504 5
318 + 1504
318 + 1504
318 + 1504
319 + 1504
319 + 1504
319 + 1504
319 + 1504
319 + 1504
319 + 1504
320 + 1504
320 + 1504
320 + 1504
322 + 1504
322 + 1504
322 + 1504
328 # 1504
328 - 1504 15
328 # 1504
328 - 1504 15
328 # 1504
328 - 1504 14
328 # 1504
328 - 1504 14
328 # 1504
328 - 1504 14
328 # 1504
328 - 1504 14
328 # 1504
328 - 1504 13
328 # 1504
328 - 1504 13
329 # 1504
329 - 1504 14
329 # 1504
329 - 1504 14
329 # 1504
329 - 1504 13
329 # 1504
329 - 1504 13
329 + 1504
330 # 1504
330 - 1504 14
330 + 1504
330 + 1504
330 + 1504
330 + 1504
331 + 1504
331 + 1504
332 # 1504
332 - 1504 16
332 + 1504
332 + 1504
332 + 1504
332 + 1504
333 + 1504
333 + 1504
334 + 1504
334 + 1504
336 # 1504
336 - 1504 19
336 # 1504
336 - 1504 19
336 # 1504
336 - 1504 18
337 # 1504
337 - 1504 19
337 + 1504
337 + 1504
337 + 1504
339 # 1504
339 - 1504 21
339 # 1504
339 - 1504 20
342 # 1504
342 - 1504 23
342 # 1504
342 - 1504 23
343 + 1504
343 + 1504
344 + 1504
344 + 1504
344 + 1504
351 # 1504
351 - 1504 32
351 # 1504
351 - 1504 32
351 # 1504
351 - 1504 32
351 # 1504
351 - 1504 31
351 # 1504
351 - 1504 31
351 # 1504
351 - 1504 31
351 # 1504
351 - 1504 29
352 # 1504
352 - 1504 30
353 # 1504
353 - 1504 31
353 # 1504
353 - 1504 24
353 # 1504
353 - 1504 23
353 # 1504
353 - 1504 23
354 # 1504
354 - 1504 24
354 # 1504
354 - 1504 24
354 + 1504
354 + 1504
355 # 1504
355 - 1504 24
355 + 1504
355 + 1504
356 # 1504
356 - 1504 25
356 + 1504
357 + 1504
357 + 1504
358 # 1504
358 - 1504 26
358 + 1504
359 # 1504
359 - 1504 27
359 # 1504
359 - 1504 27
359 + 1504
359 + 1504
360 + 1504
361 # 1504
361 - 1504 29
361 # 1504
361 - 1504 28
361 # 1504
361 - 1504 28
361 + 1504
361 + 1504
362 + 1504
363 + 1504
363 + 1504
364 # 1504
364 - 1504 30
364 # 1504
364 - 1504 30
364 + 1504
365 # 1504
365 - 1504 28
365 + 1504
365 + 1504
366 + 1504
367 + 1504
367 + 1504
368 + 1504
369 + 1504
369 + 1504
374 # 1504
374 - 1504 37
374 # 1504
374 - 1504 37
374 # 1504
374 - 1504 31
374 # 1504
374 - 1504 31
374 # 1504
374 - 1504 30
374 # 1504
374 - 1504 30
374 # 1504
374 - 1504 30
375 # 1504
375 - 1504 21
376 # 1504
376 - 1504 22
376 # 1504
376 - 1504 21
376 # 1504
376 - 1504 21
376 # 1504
376 - 1504 20
376 # 1504
376 - 1504 19
376 # 1504
376 - 1504 19
376 + 1504
376 + 1504
377 # 1504
377 - 1504 19
377 # 1504
377 - 1504 18
377 + 1504
378 # 1504
378 - 1504 19
378 + 1504
378 + 1504
379 # 1504
379 - 1504 19
379 + 1504
380 + 1504
380 + 1504
381 # 1504
381 - 1504 20
381 # 1504
381 - 1504 20
381 + 1504
382 # 1504
382 - 1504 20
382 + 1504
382 + 1504
383 # 1504
383 - 1504 20
383 + 1504
384 # 1504
384 - 1504 21
384 # 1504
384 - 1504 20
384 + 1504
384 + 1504
385 # 1504
385 - 1504 20
385 # 1504
385 - 1504 20
385 + 1504
386 + 1504
386 + 1504
387 + 1504
387 + 1504
388 + 1504
389 + 1504
389 + 1504
390 + 1504
390 + 1504
391 + 1504
391 + 1504
392 + 1504
393 + 1504
393 + 1504
396 # 1504
396 - 1504 30
396 # 1504
396 - 1504 29
396 # 1504
396 - 1504 29
396 # 1504
396 - 1504 28
396 # 1504
396 - 1504 27
396 # 1504
396 - 1504 27
396 # 1504
396 - 1504 20
396 # 1504
396 - 1504 20
396 # 1504
396 - 1504 19
396 # 1504
396 - 1504 18
396 # 1504
396 - 1504 18
396 # 1504
396 - 1504 17
396 # 1504
396 - 1504 16
396 # 1504
396 - 1504 16
397 # 1504
397 - 1504 16
398 + 1504
399 # 1504
399 - 1504 17
399 + 1504
399 + 1504
400 # 1504
400 - 1504 18
400 + 1504
400 + 1504
401 # 1504
401 - 1504 18
401 # 1504
401 - 1504 17
401 + 1504
402 # 1504
402 - 1504 18
402 # 1504
402 - 1504 17
402 + 1504
402 + 1504
403 # 1504
403 - 1504 17
403 + 1504
403 + 1504
404 # 1504
404 - 1504 18
404 # 1504
404 - 1504 17
404 # 1504
404 - 1504 17
404 + 1504
405 + 1504
405 + 1504
406 # 1504
406 - 1504 18
406 # 1504
406 - 1504 17
406 + 1504
406 + 1504
407 # 1504
407 - 1504 18
407 + 1504
407 + 1504
408 # 1504
408 - 1504 18
408 # 1504
408 - 1504 18
408 # 1504
408 - 1504 17
408 + 1504
408 + 1504
409 # 1504
409 - 1504 18
409 # 1504
409 - 1504 17
409 + 1504
409 + 1504
410 # 1504
410 - 1504 17
410 + 1504
412 # 1504
412 - 1504 19
412 + 1504
412 + 1504
413 + 1504
413 + 1504
414 + 1504
414 + 1504
415 # 1504
415 - 1504 17
415 # 1504
415 - 1504 16
415 # 1504
415 - 1504 16
415 # 1504
415 - 1504 15
415 # 1504
415 - 1504 15
415 + 1504
416 # 1504
416 - 1504 15
416 # 1504
416 - 1504 14
416 + 1504
416 + 1504
417 # 1504
417 - 1504 15
417 + 1504
417 + 1504
417 + 1504
418 # 1504
418 - 1504 15
418 + 1504
418 + 1504
419 + 1504
419 + 1504
420 # 1504
420 - 1504 17
420 # 1504
420 - 1504 16
420 # 1504
420 - 1504 15
420 # 1504
420 - 1504 15
420 # 1504
420 - 1504 14
420 + 1504
420 + 1504
421 + 1504
421 + 1504
422 # 1504
422 - 1504 16
422 # 1504
422 - 1504 15
422 + 1504
422 + 1504
423 # 1504
423 - 1504 16
423 + 1504
423 + 1504
424 # 1504
424 - 1504 16
424 # 1504
424 - 1504 16
425 # 1504
425 - 1504 16
425 # 1504
425 - 1504 16
426 # 1504
426 - 1504 16
426 # 1504
426 - 1504 14
428 # 1504
428 - 1504 16
428 # 1504
428 - 1504 15
428 # 1504
428 - 1504 15
428 + 1504
429 # 1504
429 - 1504 15
429 + 1504
429 + 1504
429 + 1504
429 + 1504
430 # 1504
430 - 1504 16
430 # 1504
430 - 1504 15
430 + 1504
430 + 1504
431 + 1504
431 + 1504
432 + 1504
432 + 1504
433 + 1504
433 + 1504
433 + 1504
433 + 1504
434 # 1504
434 - 1504 18
434 # 1504
434 - 1504 18
434 # 1504
434 - 1504 17
434 # 1504
434 - 1504 17
434 # 1504
434 - 1504 17
434 + 1504
434 + 1504
435 + 1504
435 + 1504
436 # 1504
436 - 1504 18
436 # 1504
436 - 1504 18
436 # 1504
436 - 1504 17
436 + 1504
436 + 1504
437 + 1504
437 + 1504
437 + 1504
437 + 1504
438 # 1504
438 - 1504 19
438 # 1504
438 - 1504 18
438 # 1504
438 - 1504 18
439 # 1504
439 - 1504 18
440 # 1504
440 - 1504 19
441 # 1504
441 - 1504 19
442 # 1504
442 - 1504 20
442 # 1504
442 - 1504 19
443 # 1504
443 - 1504 20
443 # 1504
443 - 1504 15
444 # 1504
444 - 1504 15
444 # 1504
444 - 1504 15
444 # 1504
444 - 1504 15
444 # 1504
444 - 1504 15
444 + 1504
444 + 1504
445 + 1504
445 + 1504
445 + 1504
445 + 1504
446 # 1504
446 - 1504 16
446 # 1504
446 - 1504 16
446 + 1504
446 + 1504
447 # 1504
447 - 1504 16
447 # 1504
447 - 1504 16
447 + 1504
447 + 1504
448 # 1504
448 - 1504 16
448 # 1504
448 - 1504 16
448 # 1504
448 - 1504 15
448 + 1504
448 + 1504
449 + 1504
449 + 1504
450 # 1504
450 - 1504 17
450 # 1504
450 - 1504 17
450 # 1504
450 - 1504 17
450 + 1504
450 + 1504
451 # 1504
451 - 1504 17
451 # 1504
451 - 1504 17
451 # 1504
451 - 1504 16
451 + 1504
451 + 1504
451 + 1504
451 + 1504
452 + 1504
453 # 1504
453 - 1504 18
453 + 1504
453 + 1504
453 + 1504
453 + 1504
454 + 1504
454 + 1504
455 # 1504
455 - 1504 19
455 # 1504
455 - 1504 19
455 # 1504
455 - 1504 18
455 # 1504
455 - 1504 18
455 + 1504
455 + 1504
456 # 1504
456 - 1504 19
456 # 1504
456 - 1504 19
456 + 1504
456 + 1504
456 + 1504
456 + 1504
457 # 1504
457 - 1504 13
457 # 1504
457 - 1504 13
457 + 1504
457 + 1504
458 # 1504
458 - 1504 13
458 # 1504
458 - 1504 13
458 + 1504
458 + 1504
459 # 1504
459 - 1504 14
459 + 1504
459 + 1504
460 # 1504
460 - 1504 15
460 # 1504
460 - 1504 14
460 # 1504
460 - 1504 14
460 + 1504
460 + 1504
460 + 1504
460 + 1504
461 # 1504
461 - 1504 14
461 + 1504
461 + 1504
462 # 1504
462 - 1504 15
462 # 1504
462 - 1504 14
462 # 1504
462 - 1504 14
462 + 1504
462 + 1504
464 + 1504
464 + 1504
465 # 1504
465 - 1504 16
465 # 1504
465 - 1504 16
465 # 1504
465 - 1504 15
465 # 1504
465 - 1504 15
465 # 1504
465 - 1504 14
465 + 1504
465 + 1504
465 + 1504
465 + 1504
467 # 1504
467 - 1504 16
467 # 1504
467 - 1504 16
467 # 1504
467 - 1504 16
470 + 1504
470 + 1504
470 + 1504
470 + 1504
471 + 1504
471 + 1504
472 # 1504
472 - 1504 20
472 # 1504
472 - 1504 19
472 + 1504
472 + 1504
473 + 1504
473 + 1504
480 # 1504
480 - 1504 27
480 # 1504
480 - 1504 27
480 # 1504
480 - 1504 27
480 # 1504
480 - 1504 26
480 # 1504
480 - 1504 26
483 # 1504
483 - 1504 28
483 # 1504
483 - 1504 28
483 # 1504
483 - 1504 27
483 # 1504
483 - 1504 27
484 + 80
486 + 1504
486 + 1504
486 + 1504
486 + 1504
487 + 1504
487 + 1504
488 + 1504
488 + 1504
489 + 1504
489 + 1504
490 # 1504
490 - 1504 34
490 # 1504
490 - 1504 34
492 # 1504
492 - 1504 35
492 # 1504
492 - 1504 35
492 + 1504
492 + 1504
494 # 1504
494 - 1504 36
495 + 1504
495 + 1504
496 # 1504
496 - 1504 38
497 + 1504
497 + 1504
499 # 1504
499 - 1504 40
501 # 1504
501 - 1504 42
505 # 1504
505 - 1504 45
506 + 1504
507 + 1504
507 + 1504
508 # 1504
508 - 1504 48
509 # 1504
509 - 1504 49
509 + 1504
509 + 1504
519 # 1504
519 - 1504 59
521 # 1504
521 - 1504 60
521 # 1504
521 - 1504 60
522 # 1504
522 - 1504 60
523 + 1504
523 + 1504
524 + 1504
525 + 1504
526 + 1504
533 # 1504
533 - 1504 71
535 # 1504
535 - 1504 71
536 + 1504
537 + 1504
538 # 1504
538 - 1504 74
538 # 1504
538 - 1504 73
541 + 1504
541 + 1504
549 # 1504
549 - 1504 84
553 # 1504
553 - 1504 88
553 # 1504
553 - 1504 88
553 # 1504
553 - 1504 83
554 # 1504
554 - 1504 84
555 + 1504
556 + 1504
557 + 1504
558 # 1504
558 - 1504 88
558 # 1504
558 - 1504 88
558 + 1504
559 + 1504
560 + 1504
561 # 1504
561 - 1504 90
562 + 1504
563 + 1504
564 # 1504
564 - 1504 93
564 # 1504
564 - 1504 92
564 # 1504
564 - 1504 92
565 # 1504
565 - 1504 92
566 # 1504
566 - 1504 93
568 # 1504
568 - 80 84
569 + 1504
569 + 1504
571 # 1504
571 - 1504 85
571 + 1504
572 + 1504
573 + 1504
574 # 1504
574 - 1504 88
575 + 1504
576 # 1504
576 - 1504 90
577 + 1504
577 + 1504
578 # 1504
578 - 1504 92
579 # 1504
579 - 1504 92
579 + 1504
580 + 1504
582 + 1504
590 # 1504
590 - 1504 103
592 # 1504
592 - 1504 104
592 # 1504
592 - 1504 104
593 + 1504
594 + 1504
595 + 1504
596 # 1504
596 - 1504 107
596 # 1504
596 - 1504 107
597 # 1504
597 - 1504 105
597 # 1504
597 - 1504 105
597 + 1504
598 # 1504
598 - 1504 103
598 + 1504
600 # 1504
600 - 1504 105
600 + 1504
601 # 1504
601 - 1504 104
602 + 1504
603 # 1504
603 - 1504 106
603 + 1504
605 # 1504
605 - 1504 99
605 # 1504
605 - 1504 98
605 # 1504
605 - 1504 98
605 + 1504
606 # 1504
606 - 1504 97
607 + 1504
608 # 1504
608 - 1504 99
608 # 1504
608 - 1504 85
608 + 1504
610 # 1504
610 - 1504 87
610 + 1504
612 + 1504
614 # 1504
614 - 1504 90
614 # 1504
614 - 1504 89
614 # 1504
614 - 1504 88
614 # 1504
614 - 1504 78
614 + 1504
615 + 1504
616 # 1504
616 - 1504 79
617 # 1504
617 - 1504 76
617 # 1504
617 - 1504 76
617 # 1504
617 - 1504 62
617 + 1504
619 # 1504
619 - 1504 63
619 + 1504
620 + 1504
621 # 1504
621 - 1504 64
622 + 1504
623 + 1504
624 # 1504
624 - 1504 66
624 # 1504
624 - 1504 65
624 # 1504
624 - 1504 64
625 # 1504
625 - 1504 63
625 + 1504
626 # 1504
626 - 1504 63
626 + 1504
628 # 1504
628 - 1504 59
628 + 1504
629 # 1504
629 - 1504 60
629 + 1504
631 + 1504
632 + 1504
634 + 1504
635 + 1504
637 + 1504
638 + 1504
639 # 1504
639 - 1504 68
639 + 1504
641 + 1504
642 # 1504
642 - 1504 70
642 # 1504
642 - 1504 69
642 # 1504
642 - 1504 67
642 + 1504
644 # 1504
644 - 1504 67
644 # 1504
644 - 1504 67
644 # 1504
644 - 1504 65
644 + 1504
645 + 1504
646 # 1504
646 - 1504 66
647 + 1504
648 + 1504
649 # 1504
649 - 1504 67
649 + 1504
650 # 1504
650 - 1504 57
651 # 1504
651 - 1504 57
651 + 1504
652 + 1504
653 # 1504
653 - 1504 58
653 + 1504
654 # 1504
654 - 1504 57
654 # 1504
654 - 1504 56
655 # 1504
655 - 1504 55
655 + 1504
656 + 1504
657 # 1504
657 - 1504 55
657 # 1504
657 - 1504 54
657 # 1504
657 - 1504 52
657 + 1504
658 # 1504
658 - 1504 51
658 + 1504
659 + 1504
661 + 1504
662 + 1504
663 + 1504
664 + 1504
665 + 1504
667 + 1504
668 # 1504
668 - 1504 60
668 # 1504
668 - 1504 58
668 # 1504
668 - 1504 56
668 # 1504
668 - 1504 54
668 # 1504
668 - 1504 53
668 + 1504
669 # 1504
669 - 1504 52
669 # 1504
669 - 1504 50
669 # 1504
669 - 1504 49
669 + 1504
670 # 1504
670 - 1504 48
670 + 1504
671 + 1504
672 # 1504
672 - 1504 49
672 + 1504
674 # 1504
674 - 1504 49
674 + 1504
675 + 1504
676 # 1504
676 - 1504 50
676 + 1504
677 # 1504
677 - 1504 49
677 + 1504
678 + 1504
679 + 1504
680 # 1504
680 - 1504 51
680 + 1504
681 + 1504
682 + 1504
683 + 1504
684 + 1504
685 + 1504
686 + 1504
687 + 1504
688 + 1504
689 + 1504
690 # 1504
690 - 1504 59
690 # 1504
690 - 1504 58
690 # 1504
690 - 1504 56
690 + 1504
691 # 1504
691 - 1504 56
691 # 1504
691 - 1504 54
692 # 1504
692 - 1504 54
692 + 1504
693 + 1504
694 + 1504
695 # 1504
695 - 1504 56
695 + 1504
696 # 1504
696 - 1504 55
696 + 1504
697 + 1504
698 + 1504
738 + 1504
880 + 1504
966 + 80
1156 + 1504
1705 + 1504
1738 # 1504
1738 - 1504 1096
1744 + 1504
1745 + 1504
1746 + 1504
1746 + 1504
1747 + 1504
1748 + 1504
1748 + 1504
1749 + 1504
1750 + 1504
1750 + 1504
1751 + 1504
1752 + 1504
1752 + 1504
1753 + 1504
1754 + 1504
1755 + 1504
1755 + 1504
1756 + 1504
1756 + 1504
1757 + 1504
1758 + 1504
1758 + 1504
1759 + 1504
1760 + 1504
1761 + 1504
1761 + 1504
1762 + 1504
1763 + 1504
1763 + 1504
1764 + 1504
1765 + 1504
1765 + 1504
1766 + 1504
1767 + 1504
1767 + 1504
1768 + 1504
1769 + 1504
1769 + 1504
1770 + 1504
1771 + 1504
1771 + 1504
1772 + 1504
1773 + 1504
1773 + 1504
1774 + 1504
1775 + 1504
1776 + 1504
1776 + 1504
1777 + 1504
1778 # 1504
1778 - 1504 1134
1778 + 1504
1778 + 1504
1779 + 1504
1780 # 1504
1780 - 1504 1135
1780 # 1504
1780 - 1504 1133
1780 # 1504
1780 - 1504 1132
1780 # 1504
1780 - 1504 1131
1780 + 1504
1781 # 1504
1781 - 1504 1130
1781 # 1504
1781 - 1504 1129
1781 + 1504
1782 # 1504
1782 - 1504 1129
1782 # 1504
1782 - 1504 1127
1782 + 1504
1783 # 1504
1783 - 1504 1127
1783 + 1504
1784 # 1504
1784 - 1504 1127
1786 + 1504
1789 + 1504
1792 + 1504
1793 # 1504
1793 - 1504 1135
1793 # 1504
1793 - 1504 1134
1793 # 1504
1793 - 1504 1132
1793 # 1504
1793 - 1504 1131
1795 + 1504
1796 # 1504
1796 - 1504 1133
1796 # 1504
1796 - 1504 1132
1796 # 1504
1796 - 1504 1131
1796 # 1504
1796 - 1504 1129
1796 # 1504
1796 - 1504 1128
1796 # 1504
1796 - 1504 1127
1796 # 1504
1796 - 1504 1126
1796 # 1504
1796 - 1504 1125
1797 # 1504
1797 - 1504 1125
1797 # 1504
1797 - 1504 1123
1797 # 1504
1797 - 1504 1122
1798 + 1504
1802 + 1504
1804 # 1504
1804 - 1504 1128
1804 # 1504
1804 - 1504 1127
1804 # 1504
1804 - 1504 1126
1804 # 1504
1804 - 1504 1125
1804 # 1504
1804 - 1504 1124
1804 # 1504
1804 - 1504 1123
1804 # 1504
1804 - 1504 1122
1804 + 1504
1806 # 1504
1806 - 1504 1123
1806 # 1504
1806 - 1504 1122
1806 # 1504
1806 - 1504 1121
1806 # 1504
1806 - 1504 1120
1806 # 1504
1806 - 1504 1119
1806 # 1504
1806 - 1504 1118
1806 # 1504
1806 - 1504 1117
1806 # 1504
1806 - 1504 1116
1807 # 1504
1807 - 1504 1115
1807 + 1504
1808 # 1504
1808 - 1504 1115
1810 + 1504
1813 + 1504
1817 + 1504
1818 # 1504
1818 - 1504 1124
1818 # 1504
1818 - 1504 1123
1818 # 1504
1818 - 1504 1122
1818 # 1504
1818 - 1504 1121
1818 # 1504
1818 - 1504 1120
1818 # 1504
1818 - 1504 1080
1819 + 1504
1820 # 1504
1820 - 1504 940
1820 - 80 854
1820 # 1504
1820 - 1504 664
1820 # 1504
1820 - 1504 115
1820 # 1504
1820 - 1504 76
1820 # 1504
1820 - 1504 75
1820 # 1504
1820 - 1504 74
1820 # 1504
1820 - 1504 74
1822 # 1504
1822 - 1504 75
1822 + 1504
1823 # 1504
1823 - 1504 75
1824 # 1504
1824 - 1504 76
1824 + 1504
1825 # 1504
1825 - 1504 76
1825 # 1504
1825 - 1504 75
1825 + 1504
1826 + 1504
1827 # 1504
1827 - 1504 77
1827 # 1504
1827 - 1504 76
1827 + 1504
1828 # 1504
1828 - 1504 76
1828 + 1504
1829 + 1504
1830 # 1504
1830 - 1504 78
1830 # 1504
1830 - 1504 77
1830 # 1504
1830 - 1504 76
1830 + 1504
1831 # 1504
1831 - 1504 76
1831 + 1504
1832 + 1504
1832 + 1504
1833 # 1504
1833 - 1504 78
1833 # 1504
1833 - 1504 77
1833 # 1504
1833 - 1504 77
1833 + 1504
1833 + 1504
1834 # 1504
1834 - 1504 77
1834 + 1504
1834 + 1504
1835 # 1504
1835 - 1504 77
1835 # 1504
1835 - 1504 77
1835 + 1504
1835 + 1504
1836 # 1504
1836 - 1504 77
1836 # 1504
1836 - 1504 76
1836 + 1504
1836 + 1504
1837 + 1504
1837 + 1504
1838 + 1504
1838 + 1504
1839 + 1504
1840 + 1504
1840 + 1504
1841 + 1504
1841 + 1504
1842 + 1504
1842 + 1504
1842 + 1504
1843 + 1504
1843 + 1504
1844 + 1504
1844 + 1504
1845 + 1504
1845 + 1504
1845 + 1504
1845 + 1504
1846 # 1504
1846 - 1504 85
1846 # 1504
1846 - 1504 85
1846 # 1504
1846 - 1504 84
1846 # 1504
1846 - 1504 83
1846 # 1504
1846 - 1504 83
1846 # 1504
1846 - 1504 82
1846 + 1504
1846 + 1504
1847 + 1504
1847 + 1504
1848 # 1504
1848 - 1504 83
1848 # 1504
1848 - 1504 83
1848 # 1504
1848 - 1504 82
1848 # 1504
1848 - 1504 81
1848 # 1504
1848 - 1504 81
1848 # 1504
1848 - 1504 80
1848 # 1504
1848 - 1504 79
1848 # 1504
1848 - 1504 79
1848 + 1504
1848 + 1504
1849 # 1504
1849 - 1504 79
1849 + 1504
1849 + 1504
1849 + 1504
1849 + 1504
1850 # 1504
1850 - 1504 79
1850 + 1504
1850 + 1504
1851 + 1504
1851 + 1504
1851 + 1504
1851 + 1504
1851 + 1504
1852 # 1504
1852 - 1504 81
1852 + 1504
1852 + 1504
1852 + 1504
1853 # 1504
1853 - 1504 81
1853 + 1504
1853 + 1504
1853 + 1504
1854 # 1504
1854 - 1504 81
1854 + 1504
1854 + 1504
1854 + 1504
1855 # 1504
1855 - 1504 82
1855 # 1504
1855 - 1504 81
1855 + 1504
1855 + 1504
1855 + 1504
1856 # 1504
1856 - 1504 81
1856 + 1504
1856 + 1504
1856 + 1504
1857 # 1504
1857 - 1504 81
1857 + 1504
1857 + 1504
1857 + 1504
1858 # 1504
1858 - 1504 82
1858 # 1504
1858 - 1504 81
1858 # 1504
1858 - 1504 80
1858 + 1504
1858 + 1504
1858 + 1504
1859 + 1504
1859 + 1504
1859 + 1504
1860 # 1504
1860 - 1504 82
1860 # 1504
1860 - 1504 81
1860 + 1504
1860 + 1504
1860 + 1504
1861 # 1504
1861 - 1504 81
1861 + 1504
1861 + 1504
1861 + 1504
1861 + 1504
1861 + 1504
1861 + 1504
1862 + 1504
1862 + 1504
1862 + 1504
1863 + 1504
1863 + 1504
1863 + 1504
1864 + 1504
1864 + 1504
1864 + 1504
1864 + 1504
1864 + 1504
1864 + 1504
1865 + 1504
1865 + 1504
1865 + 1504
1866 + 1504
1866 + 1504
1866 + 1504
1867 + 1504
1867 + 1504
1867 + 1504
1868 + 1504
1868 + 1504
1868 + 1504
1868 + 1504
1868 + 1504
1868 + 1504
1869 + 1504
1869 + 1504
1869 + 1504
1870 # 1504
1870 - 1504 89
1870 # 1504
1870 - 1504 88
1870 # 1504
1870 - 1504 87
1870 # 1504
1870 - 1504 84
1870 # 1504
1870 - 1504 81
1870 # 1504
1870 - 1504 78
1870 + 1504
1870 + 1504
1870 + 1504
1871 + 1504
1871 + 1504
1871 + 1504
1871 + 1504
1871 + 1504
1871 + 1504
1871 + 1504
1872 # 1504
1872 - 1504 77
1872 # 1504
1872 - 1504 74
1872 # 1504
1872 - 1504 70
1872 # 1504
1872 - 1504 68
1872 # 1504
1872 - 1504 65
1872 # 1504
1872 - 1504 62
1872 + 1504
1873 # 1504
1873 - 1504 60
1873 # 1504
1873 - 1504 56
1873 # 1504
1873 - 1504 54
1873 + 1504
1873 + 1504
1873 + 1504
1873 + 1504
1873 + 1504
1873 + 1504
1873 + 1504
1874 + 1504
1874 + 1504
1874 + 1504
1874 + 1504
1875 # 1504
1875 - 1504 53
1875 # 1504
1875 - 1504 51
1875 + 1504
1875 + 1504
1875 + 1504
1875 + 1504
1876 # 1504
1876 - 1504 51
1876 + 1504
1876 + 1504
1876 + 1504
1876 + 1504
1877 + 1504
1877 + 1504
1877 + 1504
1877 + 1504
1878 + 1504
1878 + 1504
1878 + 1504
1878 + 1504
1879 + 1504
1879 + 1504
1879 + 1504
1879 + 1504
1879 + 1504
1880 + 1504
1880 + 1504
1880 + 1504
1880 + 1504
1881 + 1504
1881 + 1504
1881 + 1504
1881 + 1504
1881 + 1504
1881 + 1504
1881 + 1504
1881 + 1504
1882 + 1504
1882 + 1504
1882 + 1504
1882 + 1504
1883 + 1504
1883 + 1504
1883 + 1504
1883 + 1504
1884 + 1504
1884 + 1504
1884 + 1504
1884 + 1504
1885 # 1504
1885 - 1504 59
1885 # 1504
1885 - 1504 58
1885 + 1504
1885 + 1504
1885 + 1504
1885 + 1504
1886 # 1504
1886 - 1504 58
1886 # 1504
1886 - 1504 57
1886 # 1504
1886 - 1504 56
1886 # 1504
1886 - 1504 55
1886 + 1504
1886 + 1504
1886 + 1504
1886 + 1504
1887 + 1504
1887 + 1504
1887 + 1504
1887 + 1504
1887 + 1504
1887 + 1504
1887 + 1504
1887 + 1504
1887 + 1504
1889 # 1504
1889 - 1504 57
1889 # 1504
1889 - 1504 57
1889 # 1504
1889 - 1504 56
1889 # 1504
1889 - 1504 56
1889 # 1504
1889 - 1504 55
1889 # 1504
1889 - 1504 55
1890 # 1504
1890 - 1504 55
1890 # 1504
1890 - 1504 55
1890 # 1504
1890 - 1504 54
1890 # 1504
1890 - 1504 54
1892 # 1504
1892 - 1504 55
1892 + 1504
1892 + 1504
1892 + 1504
1892 + 1504
1892 + 1504
1893 # 1504
1893 - 1504 56
1893 # 1504
1893 - 1504 55
1893 + 1504
1893 + 1504
1893 + 1504
1893 + 1504
1893 + 1504
1894 + 1504
1894 + 1504
1894 + 1504
1894 + 1504
1894 + 1504
1894 + 1504
1895 # 1504
1895 - 1504 57
1895 # 1504
1895 - 1504 56
1895 # 1504
1895 - 1504 55
1896 # 1504
1896 - 1504 56
1897 # 1504
1897 - 1504 56
1897 + 1504
1897 + 1504
1897 + 1504
1897 + 1504
1897 + 1504
1897 + 1488
1898 + 1504
1898 + 1504
1898 + 1504
1898 + 1504
1898 + 1504
1898 + 1504
1898 + 1504
1899 # 1504
1899 - 1504 58
1899 # 1504
1899 - 1504 57
1900 # 1504
1900 - 1504 58
1900 + 1504
1900 + 1504
1900 + 1504
1900 + 1504
1900 + 1504
1900 + 1504
1900 + 1504
1901 # 1504
1901 - 1504 59
1902 # 1504
1902 - 1504 59
1902 # 1504
1902 - 1504 59
1902 + 1504
1902 + 1504
1902 + 1504
1902 + 1504
1902 + 1504
1902 + 1504
1902 + 1504
1903 # 1504
1903 - 1504 59
1903 # 1504
1903 - 1504 59
1903 + 1504
1903 + 1504
1903 + 72
1904 # 1504
1904 - 1504 59
1904 + 1504
1904 + 1504
1904 + 1504
1904 + 1504
1905 + 1504
1905 + 1504
1905 + 1504
1905 + 1504
1905 + 1504
1905 + 1504
1905 + 1504
1906 # 1504
1906 - 1504 61
1906 # 1504
1906 - 1504 61
1907 # 1504
1907 - 1504 62
1907 + 1504
1907 + 1504
1907 + 1504
1907 + 1504
1907 + 1504
1907 + 1504
1907 + 1504
1908 # 1504
1908 - 1504 62
1909 + 1504
1909 + 1504
1909 + 1504
1909 + 1504
1909 + 1504
1909 + 1504
1909 + 1504
1909 + 1504
1914 # 1504
1914 - 1504 68
1914 # 1504
1914 - 1504 67
1914 # 1504
1914 - 1504 67
1917 + 1504
1917 + 1504
1917 + 1504
1917 + 1504
1917 + 1504
1917 + 1504
1917 + 1504
1917 + 1504
1917 + 1504
1917 + 1504
1917 + 1504
1925 # 1504
1925 - 1504 77
1925 # 1504
1925 - 1504 77
1925 # 1504
1925 - 1504 76
1927 + 1504
1927 + 1504
1928 # 1504
1928 - 1504 79
1928 # 1504
1928 - 1504 79
1928 # 1504
1928 - 1504 79
1928 # 1504
1928 - 1504 78
1928 # 1504
1928 - 1504 78
1928 # 1504
1928 - 1504 77
1928 # 1504
1928 - 1504 77
1928 # 1504
1928 - 1504 77
1928 # 1504
1928 - 1504 77
1928 # 1504
1928 - 1504 77
1928 # 1504
1928 - 1504 76
1928 # 1504
1928 - 1504 76
1928 # 1504
1928 - 1504 76
1928 # 1504
1928 - 1504 75
1928 + 1504
1928 + 1504
1928 + 1504
1928 + 1504
1928 + 1504
1928 + 1504
1929 # 1504
1929 - 1504 76
1929 # 1504
1929 - 1504 76
1929 # 1504
1929 - 1504 75
1929 # 1504
1929 - 1504 75
1929 # 1504
1929 - 1504 75
1929 # 1504
1929 - 1504 74
1929 + 1504
1929 + 1504
1929 + 1504
1929 + 1504
1929 + 1504
1929 + 1504
1929 + 1504
1929 + 1504
1929 + 1504
1929 + 1504
1929 + 1504
1929 + 1504
1929 + 1504
1929 + 1504
1930 + 1504
1930 + 1504
1930 + 1504
1930 + 1504
1930 + 1504
1930 + 1504
1930 + 1504
1931 # 1504
1931 - 1504 76
1931 + 1504
1931 + 1504
1931 + 1504
1931 + 1504
1931 + 1504
1931 + 1504
1931 + 1504
1932 + 1504
1932 + 1504
1932 + 1504
1932 + 1504
1932 + 1504
1932 + 1504
1932 + 1504
1933 + 1504
1933 + 1504
1933 + 1504
1933 + 1504
1933 + 1504
1933 + 1504
1933 + 1504
1934 + 1504
1934 + 1504
1934 + 1504
1934 + 1504
1934 + 1504
1935 + 1504
1935 + 1504
1935 + 1504
1935 + 1504
1935 + 1504
1938 # 1504
1938 - 1504 83
1938 # 1504
1938 - 1504 82
1938 # 1504
1938 - 1504 82
1938 # 1504
1938 - 1504 82
1938 # 1504
1938 - 1504 81
1938 # 1504
1938 - 1504 81
1938 # 1504
1938 - 1504 81
1939 # 1504
1939 - 1504 81
1939 # 1504
1939 - 1504 81
1939 # 1504
1939 - 1504 81
1940 # 1504
1940 - 1504 81
1940 # 1504
1940 - 1504 81
1940 # 1504
1940 - 1504 81
1940 + 1504
1940 + 1504
1940 + 1504
1940 + 1504
1940 + 1504
1940 + 1504
1940 + 1504
1940 + 1504
1940 + 1504
1940 + 1504
1940 + 1504
1940 + 1504
1940 + 1504
1941 + 1504
1941 + 1504
1941 + 1504
1941 + 1504
1941 + 1504
1941 + 1504
1941 + 1504
1942 + 1504
1942 + 1504
1942 + 1504
1942 + 1504
1942 + 1504
1942 + 1504
1942 + 1504
1949 # 1504
1949 - 1504 89
1949 # 1504
1949 - 1504 89
1949 # 1504
1949 - 1504 89
1949 # 1504
1949 - 1504 88
1949 # 1504
1949 - 1504 88
1949 # 1504
1949 - 1504 88
1949 # 1504
1949 - 1504 88
1951 # 1504
1951 - 1504 90
1951 # 1504
1951 - 1504 90
1951 # 1504
1951 - 1504 89
1951 # 1504
1951 - 1504 89
1951 # 1504
1951 - 1504 89
1951 # 1504
1951 - 1504 88
1951 # 1504
1951 - 1504 88
1952 # 1504
1952 - 1504 89
1952 # 1504
1952 - 1504 88
1952 # 1504
1952 - 1504 88
1954 # 1504
1954 - 1504 90
1954 # 1504
1954 - 1504 90
1954 # 1504
1954 - 1504 90
1955 # 1504
1955 - 1504 91
1955 # 1504
1955 - 1504 90
1955 + 1504
1955 + 1504
1955 + 1504
1955 + 1504
1955 + 1504
1956 + 1504
1956 + 1504
1956 + 1504
1956 + 1504
1956 + 1504
1956 + 1504
1957 # 1504
1957 - 1504 92
1957 + 1504
1957 + 1504
1957 + 1504
1957 + 1504
1957 + 1504
1957 + 1504
1958 # 1504
1958 - 1504 93
1958 # 1504
1958 - 1504 92
1958 + 1504
1958 + 1504
1958 + 1504
1958 + 1504
1958 + 1504
1958 + 1504
1958 + 1504
1958 + 1504
1958 + 1504
1958 + 1504
1958 + 1504
1958 + 1504
1959 # 1504
1959 - 1504 93
1959 # 1504
1959 - 1504 93
1959 + 1504
1959 + 1504
1959 + 1504
1959 + 1504
1959 + 1504
1959 + 1504
1960 # 1504
1960 - 1504 93
1960 # 1504
1960 - 1504 93
1960 # 1504
1960 - 1504 93
1960 + 1504
1960 + 1504
1960 + 1504
1960 + 1504
1960 + 1504
1960 + 1504
1961 + 1504
1961 + 1504
1961 + 1504
1961 + 1504
1961 + 1504
1961 + 1504
1962 + 1504
1962 + 1504
1962 + 1504
1962 + 1504
1962 + 1504
1962 + 1504
1963 # 1504
1963 - 1504 95
1963 + 1504
1963 + 1504
1963 + 1504
1964 + 1504
1964 + 1504
1964 + 1504
1964 + 1504
1964 + 1504
1964 + 1504
1966 # 1504
1966 - 1504 98
1966 # 1504
1966 - 1504 98
1968 # 1504
1968 - 1504 100
1968 # 1504
1968 - 1504 100
1968 # 1504
1968 - 1504 100
1968 # 1504
1968 - 1504 99
1968 # 1504
1968 - 1504 99
1968 # 1504
1968 - 1504 99
1968 # 1504
1968 - 1504 98
1968 + 1504
1968 + 1504
1968 + 1504
1968 + 1504
1968 + 1504
1970 + 1504
1970 + 1504
1970 + 1504
1970 + 1504
1971 # 1504
1971 - 1504 101
1971 # 1504
1971 - 1504 101
1971 # 1504
1971 - 1504 100
1971 # 1504
1971 - 1504 100
1971 # 1504
1971 - 1504 100
1971 + 1504
1971 + 1504
1971 + 1504
1971 + 1504
1971 + 1504
1971 + 1504
1972 + 1504
1972 + 1504
1972 + 1504
1972 + 1504
1972 + 1504
1972 + 1504
1972 + 1504
1972 + 1504
1972 + 1504
1972 + 1504
1972 + 1504
1972 + 1504
1973 # 1504
1973 - 1504 102
1973 # 1504
1973 - 1504 102
1973 # 1504
1973 - 1504 102
1974 # 1504
1974 - 1504 103
1974 # 1504
1974 - 1504 102
1975 + 1504
1975 + 1504
1975 + 1504
1975 + 1504
1975 + 1504
1975 + 1504
1975 + 1504
1975 + 1504
1975 + 1504
1975 + 1504
1975 + 1504
1975 + 1504
1976 # 1504
1976 - 1504 103
1977 # 1504
1977 - 1504 104
1979 # 1504
1979 - 1504 106
1979 # 1504
1979 - 1504 106
1979 # 1504
1979 - 1504 106
1979 # 1504
1979 - 1504 106
1979 # 1504
1979 - 1504 106
1979 + 1504
1979 + 1504
1979 + 1504
1979 + 1504
1980 # 1504
1980 - 1504 106
1980 # 1504
1980 - 1504 106
1980 + 1504
1980 + 1504
1980 + 1504
1980 + 1504
1980 + 1504
1980 + 1504
1980 + 1504
1980 + 1504
1980 + 1504
1980 + 1504
1980 + 1504
1980 + 1504
1981 # 1504
1981 - 1504 107
1981 # 1504
1981 - 1504 107
1982 # 1504
1982 - 1504 107
1982 # 1504
1982 - 1504 107
1983 # 1504
1983 - 1504 108
1983 # 1504
1983 - 1504 108
1983 # 1504
1983 - 1504 107
1983 + 1504
1983 + 1504
1983 + 1504
1983 + 1504
1983 + 1504
1983 + 1504
1985 # 1504
1985 - 1504 109
1985 + 1504
1985 + 1504
1985 + 1504
1985 + 1504
1985 + 1504
1985 + 1504
1985 + 1504
1985 + 1504
1985 + 1504
1985 + 1504
1986 # 1504
1986 - 1504 110
1987 # 1504
1987 - 1504 111
1987 # 1504
1987 - 1504 110
1987 + 1504
1987 + 1504
1987 + 1504
1987 + 1504
1987 + 1504
1987 + 1504
1989 # 1504
1989 - 1504 112
1989 # 1504
1989 - 1504 112
1989 # 1504
1989 - 1504 112
1989 # 1504
1989 - 1504 111
1989 # 1504
1989 - 1504 111
1989 # 1504
1989 - 1504 111
1990 # 1504
1990 - 1504 112
1990 # 1504
1990 - 1504 111
1993 # 1504
1993 - 1504 114
1994 # 1504
1994 - 1504 115
1994 # 1504
1994 - 1504 115
1994 # 1504
1994 - 1504 115
1995 # 1504
1995 - 1504 115
1996 + 1504
1996 + 1504
1996 + 1504
1996 + 1504
1996 + 1504
1997 + 1504
1997 + 1504
1998 + 1504
1998 + 1504
1998 + 1504
1999 + 1504
1999 + 1504
1999 + 1504
1999 + 1504
1999 + 1504
1999 + 1504
2000 + 1504
2000 + 1504
2000 + 1504
2001 + 1504
2001 + 1504
2001 + 1504
2002 + 1504
2002 + 1504
2002 + 1504
2003 # 1504
2003 - 1504 123
2003 # 1504
2003 - 1504 123
2003 # 1504
2003 - 1504 123
2004 + 1504
2005 # 1504
2005 - 1504 124
2005 # 1504
2005 - 1504 124
2005 # 1504
2005 - 1504 124
2005 # 1504
2005 - 1504 124
2005 # 1504
2005 - 1504 124
2005 # 1504
2005 - 1504 124
2005 # 1504
2005 - 1504 124
2005 # 1504
2005 - 1504 124
2005 # 1504
2005 - 1504 123
2006 + 1504
2006 + 1504
2006 + 1504
2007 # 1504
2007 - 1504 125
2007 # 1504
2007 - 1504 125
2007 # 1504
2007 - 1504 125
2007 # 1504
2007 - 1504 124
2007 # 1504
2007 - 1504 124
2007 + 1504
2007 + 1504
2007 + 1504
2007 + 1504
2007 + 1504
2007 + 1504
2008 + 1504
2008 + 1504
2008 + 1504
2009 + 1504
2009 + 1504
2009 + 1504
2010 # 1504
2010 - 1504 127
2011 # 1504
2011 - 1504 128
2011 + 1504
2011 + 1504
2011 + 1504
2014 # 1504
2014 - 1504 130
2016 + 1504
2016 + 1504
2017 # 1504
2017 - 1504 133
2017 # 1504
2017 - 1504 133
2020 # 1504
2020 - 1504 136
2020 + 1504
2021 + 1504
2021 + 1504
2024 # 1504
2024 - 1504 139
2026 + 1504
2028 # 1504
2028 - 1504 143
2028 # 1504
2028 - 1504 143
2035 + 1504
2035 + 1504
2038 # 1504
2038 - 1504 153
2038 # 1504
2038 - 1504 152
2043 # 1504
2043 - 1504 157
2044 # 1504
2044 - 1504 158
2044 # 1504
2044 - 1504 158
2044 # 1504
2044 - 1504 157
2046 # 1504
2046 - 1504 159
2046 # 1504
2046 - 1504 159
2048 + 1504
2048 + 1504
2048 + 1504
2049 + 1504
2049 + 1504
2049 + 1504
2049 + 1504
2051 # 1504
2051 - 1504 164
2053 + 1504
2053 + 1504
2060 # 1504
2060 - 1504 173
2060 # 1504
2060 - 1504 173
2061 # 1504
2061 - 1504 174
2061 # 1504
2061 - 1504 174
2061 # 1504
2061 - 1504 174
2063 # 1504
2063 - 1504 171
2063 # 1504
2063 - 1504 171
2064 # 1504
2064 - 1504 172
2064 + 1504
2064 + 1504
2064 + 1504
2064 + 1504
2065 + 1504
2065 + 1504
2066 # 1504
2066 - 1504 174
2066 + 1504
2066 + 1504
2067 # 1504
2067 - 1504 175
2067 + 1504
2067 + 1504
2068 # 1504
2068 - 1504 175
2068 # 1504
2068 - 1504 175
2069 # 1504
2069 - 1504 176
2070 # 1504
2070 - 1504 177
2071 # 1504
2071 - 1504 178
2073 # 1504
2073 - 1504 179
2075 # 1504
2075 - 1504 181
2076 # 1504
2076 - 1504 182
2076 # 1504
2076 - 1504 182
2077 # 1504
2077 - 1504 183
2077 + 1504
2077 + 1504
2078 # 1504
2078 - 1504 184
2078 # 1504
2078 - 1504 181
2078 # 1504
2078 - 1504 181
2078 + 1504
2078 + 1504
2078 + 1504
2078 + 1504
2079 + 1504
2079 + 1504
2080 # 1504
2080 - 1504 183
2080 # 1504
2080 - 1504 183
2080 + 1504
2080 + 1504
2081 # 1504
2081 - 1504 184
2081 + 1504
2081 + 1504
2082 # 1504
2082 - 1488 185
2082 # 1504
2082 - 1504 184
2082 + 1504
2082 + 1504
2084 # 1504
2084 - 1504 186
2085 # 1504
2085 - 1504 187
2089 + 1504
2089 + 1504
2089 + 1504
2089 + 1504
2090 + 1504
2090 + 1504
2091 + 1504
2091 + 1504
2095 # 1504
2095 - 1504 197
2095 # 1504
2095 - 1504 197
2095 # 1504
2095 - 1504 197
2098 # 1504
2098 - 1504 200
2098 # 1504
2098 - 1504 198
2098 # 1504
2098 - 1504 198
2098 # 1504
2098 - 1504 198
2098 # 1504
2098 - 1504 198
2098 # 1504
2098 - 1504 198
2098 # 1504
2098 - 1504 198
2100 # 1504
2100 - 1504 200
2100 # 1504
2100 - 1504 198
2100 # 1504
2100 - 1504 198
2100 # 1504
2100 - 1504 198
2100 # 1504
2100 - 1504 198
2102 # 1504
2102 - 1504 200
2102 # 1504
2102 - 1504 200
2103 # 1504
2103 - 1504 201
2103 # 1504
2103 - 1504 200
2103 # 1504
2103 - 1504 200
2103 - 72 200
2103 + 1504
2103 + 1504
2103 + 1504
2104 # 1504
2104 - 1504 200
2104 # 1504
2104 - 1504 200
2104 + 1504
2104 + 1504
2104 + 1504
2105 + 1504
2105 + 1504
2106 # 1504
2106 - 1504 202
2106 # 1504
2106 - 1504 202
2106 # 1504
2106 - 1504 201
2106 + 1504
2106 + 1504
2107 # 1504
2107 - 1504 202
2107 # 1504
2107 - 1504 202
2107 # 1504
2107 - 1504 202
2107 + 1504
2107 + 1504
2108 + 1504
2108 + 1504
2109 # 1504
2109 - 1504 204
2109 # 1504
2109 - 1504 204
2109 # 1504
2109 - 1504 204
2109 + 1504
2109 + 1504
2110 # 1504
2110 - 1504 203
2110 + 1504
2110 + 1504
2111 + 1504
2111 + 1504
2112 # 1504
2112 - 1504 205
2112 # 1504
2112 - 1504 205
2112 # 1504
2112 - 1504 205
2112 + 1504
2112 + 1504
2112 + 1504
2112 + 1504
2113 + 1504
2113 + 1504
2114 # 1504
2114 - 1504 207
2114 # 1504
2114 - 1504 207
2114 # 1504
2114 - 1504 207
2114 # 1504
2114 - 1504 205
2114 # 1504
2114 - 1504 205
2114 + 1504
2114 + 1504
2115 + 1504
2115 + 1504
2116 + 1504
2116 + 1504
2117 + 1504
2117 + 1504
2118 + 1504
2118 + 1504
2119 + 1504
2119 + 1504
2122 + 1504
2123 + 1504
2123 + 1504
2124 + 1504
2124 + 1504
2125 # 1504
2125 - 1504 216
2125 # 1504
2125 - 1504 216
2125 # 1504
2125 - 1504 216
2125 # 1504
2125 - 1504 216
2126 # 1504
2126 - 1504 217
2126 # 1504
2126 - 1504 217
2126 + 1504
2126 + 1504
2126 + 1504
2129 + 1504
2129 + 1504
2129 + 1504
2130 # 1504
2130 - 1504 213
2130 # 1504
2130 - 1504 213
2130 # 1504
2130 - 1504 213
2130 # 1504
2130 - 1504 213
2130 # 1504
2130 - 1504 213
2132 # 1504
2132 - 1504 215
2132 # 1504
2132 - 1504 215
2132 # 1504
2132 - 1504 215
2132 # 1504
2132 - 1504 215
2132 # 1504
2132 - 1504 215
2132 # 1504
2132 - 1504 215
2132 # 1504
2132 - 1504 205
2132 + 1504
2132 + 1504
2132 + 1504
2133 # 1504
2133 - 1504 206
2133 # 1504
2133 - 1504 205
2133 # 1504
2133 - 1504 205
2133 # 1504
2133 - 1504 205
2133 + 1504
2133 + 1504
2135 # 1504
2135 - 1504 207
2135 # 1504
2135 - 1504 207
2135 + 1504
2135 + 1504
2136 # 1504
2136 - 1504 208
2136 + 1504
2136 + 1504
2137 + 1504
2137 + 1504
2137 + 1504
2137 + 1504
2138 # 1504
2138 - 1504 209
2138 # 1504
2138 - 1504 209
2138 # 1504
2138 - 1504 209
2138 + 1504
2138 + 1504
2139 # 1504
2139 - 1504 210
2139 # 1504
2139 - 1504 210
2139 + 1504
2139 + 1504
2140 # 1504
2140 - 1504 211
2140 # 1504
2140 - 1504 211
2141 + 1504
2141 + 1504
2141 + 1504
2141 + 1504
2142 # 1504
2142 - 1504 213
2142 # 1504
2142 - 1504 213
2142 + 1504
2142 + 1504
2143 # 1504
2143 - 1504 214
2143 + 1504
2143 + 1504
2144 # 1504
2144 - 1504 215
2144 # 1504
2144 - 1504 215
2144 + 1504
2144 + 1504
2145 # 1504
2145 - 1504 216
2145 # 1504
2145 - 1504 216
2146 # 1504
2146 - 1504 216
2147 # 1504
2147 - 1504 217
2147 # 1504
2147 - 1504 217
2147 + 1504
2147 + 1504
2148 # 1504
2148 - 1504 218
2148 + 1504
2148 + 1504
2149 + 1504
2149 + 1504
2150 + 1504
2150 + 1504
2151 + 1504
2151 + 1504
2152 + 1504
2152 + 1504
2158 # 1504
2158 - 1504 228
2158 # 1504
2158 - 1504 228
2158 # 1504
2158 - 1504 228
2158 # 1504
2158 - 1504 227
2158 # 1504
2158 - 1504 227
2158 # 1504
2158 - 1504 227
2158 # 1504
2158 - 1504 227
2158 # 1504
2158 - 1504 227
2161 # 1504
2161 - 1504 230
2161 # 1504
2161 - 1504 230
2161 # 1504
2161 - 1504 229
2161 # 1504
2161 - 1504 229
2161 # 1504
2161 - 1504 229
2161 # 1504
2161 - 1504 229
2161 # 1504
2161 - 1504 229
2161 # 1504
2161 - 1504 229
2161 # 1504
2161 - 1504 229
2161 # 1504
2161 - 1504 228
2162 + 1504
2162 + 1504
2162 + 1504
2163 # 1504
2163 - 1504 230
2163 + 1504
2163 + 1504
2164 # 1504
2164 - 1504 231
2164 # 1504
2164 - 1504 231
2164 + 1504
2164 + 1504
2165 # 1504
2165 - 1504 232
2165 # 1504
2165 - 1504 232
2165 + 1504
2165 + 1504
2166 # 1504
2166 - 1504 233
2166 # 1504
2166 - 1504 232
2166 + 1504
2166 + 1504
2167 + 1504
2167 + 1504
2168 + 1504
2168 + 1504
2169 + 1504
2169 + 1504
2170 + 1504
2170 + 1504
2171 + 1504
2171 + 1504
2172 + 1504
2172 + 1504
2173 + 1504
2174 + 1504
2174 + 1504
2176 # 1504
2176 - 1504 242
2176 # 1504
2176 - 1504 242
2176 # 1504
2176 - 1504 242
2176 # 1504
2176 - 1504 242
2178 + 1504
2178 + 1504
2178 + 1504
2179 + 1504
2179 + 1504
2180 # 1504
2180 - 1504 245
2180 # 1504
2180 - 1504 245
2181 # 1504
2181 - 1504 246
2182 # 1504
2182 - 1504 247
2182 # 1504
2182 - 1504 247
2182 # 1504
2182 - 1504 242
2182 # 1504
2182 - 1504 242
2182 # 1504
2182 - 1504 242
2182 # 1504
2182 - 1504 242
2182 # 1504
2182 - 1504 242
2182 + 1504
2182 + 1504
2183 # 1504
2183 - 1504 243
2183 + 1504
2183 + 1504
2184 # 1504
2184 - 1504 244
2184 # 1504
2184 - 1504 244
2184 # 1504
2184 - 1504 244
2184 # 1504
2184 - 1504 244
2184 + 1504
2184 + 1504
2185 # 1504
2185 - 1504 245
2185 + 1504
2185 + 1504
2186 + 1504
2186 + 1504
2187 # 1504
2187 - 1504 247
2187 + 1504
2187 + 1504
2188 # 1504
2188 - 1504 248
2188 # 1504
2188 - 1504 247
2188 # 1504
2188 - 1504 247
2188 # 1504
2188 - 1504 247
2188 + 1504
2188 + 1504
2189 + 1504
2189 + 1504
2190 # 1504
2190 - 1504 249
2190 # 1504
2190 - 1504 249
2190 # 1504
2190 - 1504 249
2190 + 1504
2190 + 1504
2191 + 1504
2192 # 1504
2192 - 1504 251
2192 # 1504
2192 - 1504 250
2192 # 1504
2192 - 1504 250
2192 + 1504
2192 + 1504
2193 # 1504
2193 - 1504 251
2193 # 1504
2193 - 1504 251
2193 + 1504
2193 + 1504
2194 + 1504
2194 + 1504
2195 # 1504
2195 - 1504 253
2196 # 1504
2196 - 1504 254
2196 # 1504
2196 - 1504 254
2196 # 1504
2196 - 1504 241
2199 # 1504
2199 - 1504 244
2199 # 1504
2199 - 1504 244
2199 # 1504
2199 - 1504 244
2199 # 1504
2199 - 1504 244
2199 # 1504
2199 - 1504 243
2200 + 1504
2201 # 1504
2201 - 1504 245
2201 # 1504
2201 - 1504 245
2201 + 1504
2201 + 1504
2202 # 1504
2202 - 1504 246
2202 # 1504
2202 - 1504 246
2202 + 1504
2202 + 1504
2203 # 1504
2203 - 1504 247
2203 # 1504
2203 - 1504 246
2203 + 1504
2203 + 1504
2204 # 1504
2204 - 1504 247
2204 # 1504
2204 - 1504 247
2204 # 1504
2204 - 1504 247
2204 + 1504
2204 + 1504
2205 + 1504
2205 + 1504
2206 # 1504
2206 - 1504 249
2206 # 1504
2206 - 1504 249
2206 + 1504
2207 # 1504
2207 - 1504 249
2207 # 1504
2207 - 1504 249
2207 # 1504
2207 - 1504 249
2207 + 1504
2207 + 1504
2208 # 1504
2208 - 1504 250
2208 + 1504
2208 + 1504
2209 + 1504
2209 + 1504
2210 + 1504
2210 + 1504
2211 + 1504
2211 + 1504
2212 + 1504
2212 + 1504
2213 + 1504
2214 + 1504
2214 + 1504
2215 + 1504
2215 + 1504
2216 + 1504
2218 # 1504
2218 - 1504 260
2218 # 1504
2218 - 1504 260
2218 # 1504
2218 - 1504 260
2218 # 1504
2218 - 1504 260
2218 # 1504
2218 - 1504 260
2219 + 1504
2220 + 1504
2220 + 1504
2221 + 1504
2221 + 1504
2222 + 1504
2223 # 1504
2223 - 1504 265
2223 # 1504
2223 - 1504 265
2223 # 1504
2223 - 1504 265
2223 # 1504
2223 - 1504 264
2223 # 1504
2223 - 1504 264
2223 # 1504
2223 - 1504 264
2223 # 1504
2223 - 1504 264
2223 # 1504
2223 - 1504 264
2224 # 1504
2224 - 1504 265
2224 # 1504
2224 - 1504 264
2224 # 1504
2224 - 1504 264
2224 # 1504
2224 - 1504 264
2224 # 1504
2224 - 1504 264
2224 # 1504
2224 - 1504 264
2224 # 1504
2224 - 1504 264
2224 # 1504
2224 - 1504 263
2224 # 1504
2224 - 1504 263
2224 # 1504
2224 - 1504 263
2225 # 1504
2225 - 1504 264
2225 # 1504
2225 - 1504 264
2226 # 1504
2226 - 1504 265
2226 # 1504
2226 - 1504 264
2230 + 1504
2231 + 1504
2231 + 1504
2232 + 1504
2232 + 1504
2233 + 1504
2233 + 1504
2234 + 1504
2235 # 1504
2235 - 1504 273
2235 # 1504
2235 - 1504 273
2235 # 1504
2235 - 1504 273
2235 # 1504
2235 - 1504 273
2235 + 1504
2235 + 1504
2236 # 1504
2236 - 1504 274
2236 # 1504
2236 - 1504 273
2236 # 1504
2236 - 1504 273
2236 + 1504
2236 + 1504
2237 + 1504
2238 + 1504
2238 + 1504
2239 # 1504
2239 - 1504 276
2239 # 1504
2239 - 1504 275
2239 # 1504
2239 - 1504 275
2239 # 1504
2239 - 1504 275
2239 # 1504
2239 - 1504 275
2239 # 1504
2239 - 1504 275
2239 # 1504
2239 - 1504 275
2239 # 1504
2239 - 1504 271
2239 # 1504
2239 - 1504 271
2239 # 1504
2239 - 1504 271
2239 # 1504
2239 - 1504 271
2239 + 1504
2239 + 1504
2240 + 1504
2240 + 1504
2241 + 1504
2242 + 1504
2242 + 1504
2243 + 1504
2243 + 1504
2244 + 1504
2245 + 1504
2245 + 1504
2246 + 1504
2246 + 1504
2247 + 1504
2247 + 1504
2248 # 1504
2248 - 1504 280
2248 # 1504
2248 - 1504 278
2248 # 1504
2248 - 1504 278
2248 # 1504
2248 - 1504 278
2248 # 1504
2248 - 1504 278
2248 # 1504
2248 - 1504 277
2248 # 1504
2248 - 1504 277
2248 # 1504
2248 - 1504 277
2248 + 1504
2249 # 1504
2249 - 1504 278
2249 # 1504
2249 - 1504 278
2249 + 1504
2249 + 1504
2250 + 1504
2250 + 1504
2251 + 1504
2252 + 1504
2252 + 1504
2253 + 1504
2253 + 1504
2254 # 1504
2254 - 1504 283
2254 # 1504
2254 - 1504 282
2254 # 1504
2254 - 1504 282
2254 # 1504
2254 - 1504 282
2254 # 1504
2254 - 1504 282
2254 + 1504
2255 # 1504
2255 - 1504 283
2255 + 1504
2255 + 1504
2256 + 1504
2256 + 1504
2257 + 1504
2258 + 1504
2258 + 1504
2259 # 1504
2259 - 1504 287
2259 # 1504
2259 - 1504 287
2259 # 1504
2259 - 1504 287
2259 # 1504
2259 - 1504 287
2259 # 1504
2259 - 1504 287
2259 # 1504
2259 - 1504 287
2259 # 1504
2259 - 1504 287
2259 # 1504
2259 - 1504 284
2259 # 1504
2259 - 1504 284
2259 + 1504
2259 + 1504
2260 # 1504
2260 - 1504 285
2260 # 1504
2260 - 1504 285
2260 # 1504
2260 - 1504 285
2260 # 1504
2260 - 1504 285
2260 + 1504
2261 # 1504
2261 - 1504 286
2261 + 1504
2261 + 1504
2262 + 1504
2262 + 1504
2263 + 1504
2264 + 1504
2264 + 1504
2265 + 1504
2265 + 1504
2266 + 1504
2267 + 1504
2267 + 1504
2268 + 1504
2269 + 1504
2269 + 1504
2270 # 1504
2270 - 1504 295
2270 # 1504
2270 - 1504 295
2270 # 1504
2270 - 1504 295
2270 # 1504
2270 - 1504 295
2270 # 1504
2270 - 1504 295
2270 # 1504
2270 - 1504 291
2270 # 1504
2270 - 1504 291
2270 # 1504
2270 - 1504 291
2270 + 1504
2270 + 1504
2271 # 1504
2271 - 1504 292
2271 # 1504
2271 - 1504 291
2271 + 1504
2272 + 1504
2272 + 1504
2273 + 1504
2274 + 1504
2274 + 1504
2275 + 1504
2275 + 1504
2276 + 1504
2277 # 1504
2277 - 1504 297
2277 # 1504
2277 - 1504 297
2277 # 1504
2277 - 1504 297
2277 # 1504
2277 - 1504 297
2277 + 1504
2277 + 1504
2278 + 1504
2279 + 1504
2279 + 1504
2280 + 1504
2280 + 1504
2281 # 1504
2281 - 1504 301
2281 # 1504
2281 - 1504 301
2281 # 1504
2281 - 1504 301
2281 # 1504
2281 - 1504 301
2281 # 1504
2281 - 1504 301
2281 # 1504
2281 - 1504 301
2281 # 1504
2281 - 1504 301
2281 # 1504
2281 - 1504 298
2281 + 1504
2282 # 1504
2282 - 1504 299
2282 # 1504
2282 - 1504 299
2282 # 1504
2282 - 1504 299
2282 # 1504
2282 - 1504 299
2282 + 1504
2282 + 1504
2283 # 1504
2283 - 1504 300
2283 + 1504
2284 # 1504
2284 - 1504 299
2284 + 1504
2284 + 1504
2285 + 1504
2285 + 1504
2286 + 1504
2287 + 1504
2287 + 1504
2288 + 1504
2289 + 1504
2289 + 1504
2290 + 1504
2291 + 1504
2291 + 1504
2292 # 1504
2292 - 1504 307
2292 # 1504
2292 - 1504 307
2293 # 1504
2293 - 1504 308
2293 # 1504
2293 - 1504 308
2293 # 1504
2293 - 1504 308
2293 # 1504
2293 - 1504 308
2293 # 1504
2293 - 1504 308
2293 # 1504
2293 - 1504 308
2294 + 1504
2294 + 1504
2294 + 1504
2295 + 1504
2296 + 1504
2296 + 1504
2297 + 1504
2298 + 1504
2298 + 1504
2299 # 1504
2299 - 1504 314
2299 # 1504
2299 - 1504 312
2299 # 1504
2299 - 1504 312
2302 # 1504
2302 - 1504 315
2302 # 1504
2302 - 1504 315
2302 # 1504
2302 - 1504 315
2302 # 1504
2302 - 1504 315
2302 # 1504
2302 - 1504 306
2303 # 1504
2303 - 1504 307
2303 # 1504
2303 - 1504 307
2303 # 1504
2303 - 1504 307
2303 # 1504
2303 - 1504 307
2304 # 1504
2304 - 1504 307
2304 + 1504
2305 + 1504
2306 # 1504
2306 - 1504 309
2306 # 1504
2306 - 1504 308
2306 + 1504
2306 + 1504
2307 # 1504
2307 - 1504 309
2307 # 1504
2307 - 1504 309
2307 + 1504
2308 + 1504
2308 + 1504
2309 # 1504
2309 - 1504 310
2309 # 1504
2309 - 1504 310
2309 + 1504
2309 + 1504
2310 + 1504
2311 + 1504
2311 + 1504
2312 + 1504
2313 + 1504
2313 + 1504
2314 + 1504
2315 + 1504
2315 + 1504
2316 + 1504
2317 # 1504
2317 - 1504 318
2317 # 1504
2317 - 1504 318
2317 + 1504
2318 + 1504
2318 + 1504
2319 # 1504
2319 - 1504 320
2319 # 1504
2319 - 1504 320
2319 # 1504
2319 - 1504 319
2319 # 1504
2319 - 1504 319
2319 # 1504
2319 - 1504 319
2319 # 1504
2319 - 1504 318
2319 # 1504
2319 - 1504 318
2319 # 1504
2319 - 1504 318
2320 # 1504
2320 - 1504 318
2320 # 1504
2320 - 1504 318
2320 + 1504
2321 # 1504
2321 - 1504 319
2321 + 1504
2322 # 1504
2322 - 1504 318
2322 + 1504
2322 + 1504
2323 # 1504
2323 - 1504 317
2323 # 1504
2323 - 1504 317
2323 # 1504
2323 - 1504 317
2323 + 1504
2324 + 1504
2324 + 1504
2325 + 1504
2326 + 1504
2326 + 1504
2327 + 1504
2328 + 1504
2328 + 1504
2329 + 1504
2330 + 1504
2330 + 1504
2333 # 1504
2333 - 1504 326
2333 # 1504
2333 - 1504 326
2335 # 1504
2335 - 1504 328
2335 # 1504
2335 - 1504 328
2335 # 1504
2335 - 1504 328
2335 # 1504
2335 - 1504 328
2335 + 1504
2336 # 1504
2336 - 1504 328
2336 # 1504
2336 - 1504 328
2336 # 1504
2336 - 1504 328
2336 + 1504
2336 + 1504
2337 + 1504
2338 + 1504
2338 + 1504
2339 + 1504
2340 + 1504
2340 + 1504
2344 # 1504
2344 - 1504 335
2344 # 1504
2344 - 1504 335
2344 # 1504
2344 - 1504 335
2344 # 1504
2344 - 1504 333
2344 # 1504
2344 - 1504 333
2345 # 1504
2345 - 1504 334
2345 # 1504
2345 - 1504 329
2345 # 1504
2345 - 1504 329
2347 # 1504
2347 - 1504 327
2347 # 1504
2347 - 1504 326
2348 # 1504
2348 - 1504 327
2348 # 1504
2348 - 1504 322
2349 + 1504
2349 + 1504
2350 # 1504
2350 - 1504 315
2350 + 1504
2351 # 1504
2351 - 1504 316
2351 # 1504
2351 - 1504 303
2351 # 1504
2351 - 1504 303
2351 + 1504
2351 + 1504
2352 + 1504
2353 # 1504
2353 - 1504 305
2353 + 1504
2353 + 1504
2354 # 1504
2354 - 1504 305
2354 + 1504
2355 # 1504
2355 - 1504 306
2355 # 1504
2355 - 1504 306
2355 + 1504
2356 # 1504
2356 - 1504 307
2356 + 1504
2356 + 1504
2357 + 1504
2358 # 1504
2358 - 1504 305
2359 # 1504
2359 - 1504 306
2359 + 1504
2360 + 1504
2360 + 1504
2361 + 1504
2362 # 1504
2362 - 1504 298
2362 # 1504
2362 - 1504 298
2362 + 1504
2362 + 1504
2363 + 1504
2364 # 1504
2364 - 1504 300
2364 # 1504
2364 - 1504 300
2364 + 1504
2364 + 1504
2365 + 1504
2366 # 1504
2366 - 1504 301
2366 # 1504
2366 - 1504 301
2366 # 1504
2366 - 1504 300
2367 # 1504
2367 - 1504 301
2367 # 1504
2367 - 1504 300
2368 # 1504
2368 - 1504 301
2370 # 1504
2370 - 1504 293
2371 # 1504
2371 - 1504 294
2371 # 1504
2371 - 1504 293
2372 # 1504
2372 - 1504 294
2373 # 1504
2373 - 1504 295
2374 # 1504
2374 - 1504 296
2376 # 1504
2376 - 1504 297
2376 # 1504
2376 - 1504 297
2376 # 1504
2376 - 1504 296
2379 # 1504
2379 - 1504 299
2379 # 1504
2379 - 1504 298
2380 # 1504
2380 - 1504 299
2380 # 1504
2380 - 1504 298
2380 # 1504
2380 - 1504 298
2380 # 1504
2380 - 1504 291
2382 # 1504
2382 - 1504 293
2391 # 1504
2391 - 1504 302
2391 # 1504
2391 - 1504 302
2391 # 1504
2391 - 1504 301
2391 # 1504
2391 - 1504 301
2391 # 1504
2391 - 1504 300
2391 # 1504
2391 - 1504 300
2394 # 1504
2394 - 1504 291
2394 # 1504
2394 - 1504 291
2394 # 1504
2394 - 1504 291
2394 # 1504
2394 - 1504 290
2394 # 1504
2394 - 1504 290
2394 # 1504
2394 - 1504 290
2394 # 1504
2394 - 1504 289
2394 # 1504
2394 - 1504 289
2394 # 1504
2394 - 1504 288
2400 # 1504
2400 - 1504 294
2400 # 1504
2400 - 1504 293
2400 # 1504
2400 - 1504 293
2400 # 1504
2400 - 1504 292
2400 # 1504
2400 - 1504 292
2400 # 1504
2400 - 1504 291
2403 # 1504
2403 - 1504 294
2403 # 1504
2403 - 1504 293
2403 # 1504
2403 - 1504 293
2403 # 1504
2403 - 1504 292
2404 # 1504
2404 - 1504 293
2404 # 1504
2404 - 1504 292
2404 # 1504
2404 - 1504 292
2405 # 1504
2405 - 1504 293
2405 # 1504
2405 - 1504 293
2405 # 1504
2405 - 1504 292
2406 # 1504
2406 - 1504 293
2406 # 1504
2406 - 1504 292
2407 # 1504
2407 - 1504 293
2408 # 1504
2408 - 1504 293
2409 # 1504
2409 - 1504 294
2410 # 1504
2410 - 1504 294
2411 # 1504
2411 - 1504 295
2411 # 1504
2411 - 1504 294
2414 # 1504
2414 - 1504 297
2414 # 1504
2414 - 1504 296
2415 # 1504
2415 - 1504 297
2417 # 1504
2417 - 1504 298
2418 # 1504
2418 - 1504 299
2419 # 1504
2419 - 1504 297
2419 # 1504
2419 - 1504 296
2419 # 1504
2419 - 1504 296
2420 # 1504
2420 - 1504 296
2422 # 1504
2422 - 1504 298
2422 # 1504
2422 - 1504 296
2424 # 1504
2424 - 1504 298
2424 # 1504
2424 - 1504 298
2424 # 1504
2424 - 1504 295
2424 # 1504
2424 - 1504 295
2427 # 1504
2427 - 1504 298
2427 # 1504
2427 - 1504 295
2428 # 1504
2428 - 1504 296
2428 # 1504
2428 - 1504 296
2429 # 1504
2429 - 1504 296
2430 # 1504
2430 - 1504 297
2431 # 1504
2431 - 1504 296
2432 # 1504
2432 - 1504 297
2433 # 1504
2433 - 1504 297
2433 # 1504
2433 - 1504 297
2434 # 1504
2434 - 1504 297
2434 # 1504
2434 - 1504 297
2435 # 1504
2435 - 1504 298
2435 # 1504
2435 - 1504 298
2436 # 1504
2436 - 1504 298
2437 # 1504
2437 - 1504 299
2438 # 1504
2438 - 1504 299
2440 # 1504
2440 - 1504 301
2440 # 1504
2440 - 1504 299
2441 # 1504
2441 - 1504 300
2442 # 1504
2442 - 1504 301
2442 # 1504
2442 - 1504 301
2443 # 1504
2443 - 1504 301
2444 # 1504
2444 - 1504 302
2445 # 1504
2445 - 1504 302
2446 # 1504
2446 - 1504 303
2446 # 1504
2446 - 1504 302
2448 # 1504
2448 - 1504 304
2448 # 1504
2448 - 1504 301
2450 # 1504
2450 - 1504 303
2450 # 1504
2450 - 1504 302
2452 # 1504
2452 - 1504 304
2452 # 1504
2452 - 1504 303
2454 # 1504
2454 - 1504 305
2454 # 1504
2454 - 1504 304
2463 # 1504
2463 - 1504 313
2463 # 1504
2463 - 1504 312
2463 # 1504
2463 - 1504 312
2467 # 1504
2467 - 1504 315
2467 # 1504
2467 - 1504 315
2467 # 1504
2467 - 1504 305
2471 # 1504
2471 - 1504 309
2471 # 1504
2471 - 1504 309
2471 # 1504
2471 - 1504 308
2471 # 1504
2471 - 1504 308
2471 # 1504
2471 - 1504 307
2471 # 1504
2471 - 1504 307
2471 # 1504
2471 - 1504 306
2472 # 1504
2472 - 1504 307
2472 # 1504
2472 - 1504 306
2472 # 1504
2472 - 1504 306
2472 # 1504
2472 - 1504 305
2473 + 1504
2474 # 1504
2474 - 1504 307
2474 # 1504
2474 - 1504 306
2474 + 1504
2474 + 1504
2475 + 1504
2476 # 1504
2476 - 1504 308
2476 + 1504
2476 + 1504
2477 + 1504
2478 # 1504
2478 - 1504 309
2478 + 1504
2478 + 1504
2479 + 1504
2480 # 1504
2480 - 1504 311
2480 + 1504
2480 + 1504
2481 + 1504
2482 # 1504
2482 - 1504 312
2482 # 1504
2482 - 1504 312
2482 # 1504
2482 - 1504 311
2482 # 1504
2482 - 1504 311
2482 + 1504
2482 + 1504
2483 + 1504
2484 # 1504
2484 - 1504 312
2484 + 1504
2484 + 1504
2485 # 1504
2485 - 1504 313
2485 + 1504
2486 # 1504
2486 - 1504 313
2486 + 1504
2486 + 1504
2487 + 1504
2488 # 1504
2488 - 1504 314
2488 + 1504
2488 + 1504
2489 # 1504
2489 - 1504 315
2489 + 1504
2490 + 1504
2490 + 1504
2491 # 1504
2491 - 1504 313
2491 # 1504
2491 - 1504 313
2491 + 1504
2492 + 1504
2492 + 1504
2493 + 1504
2494 + 1504
2494 + 1504
2495 + 1504
2496 + 1504
2496 + 1504
2497 + 1504
2498 + 1504
2498 + 1504
2499 # 1504
2499 - 1504 321
2499 # 1504
2499 - 1504 320
2499 # 1504
2499 - 1504 320
2499 # 1504
2499 - 1504 317
2499 + 1504
2500 + 1504
2500 + 1504
2501 # 1504
2501 - 1504 319
2501 # 1504
2501 - 1504 318
2501 # 1504
2501 - 1504 318
2501 # 1504
2501 - 1504 317
2501 + 1504
2502 + 1504
2503 # 1504
2503 - 1504 319
2503 + 1504
2503 + 1504
2504 # 1504
2504 - 1504 319
2504 # 1504
2504 - 1504 319
2504 + 1504
2505 + 1504
2505 + 1504
2506 # 1504
2506 - 1504 320
2506 # 1504
2506 - 1504 320
2506 + 1504
2506 + 1504
2507 + 1504
2508 # 1504
2508 - 1504 321
2508 + 1504
2508 + 1504
2509 # 1504
2509 - 1504 322
2509 # 1504
2509 - 1504 321
2509 + 1504
2510 # 1504
2510 - 1504 322
2510 + 1504
2510 + 1504
2511 # 1504
2511 - 1504 322
2511 + 1504
2512 # 1504
2512 - 1504 323
2512 # 1504
2512 - 1504 322
2512 # 1504
2512 - 1504 322
2512 + 1504
2512 + 1504
2513 + 1504
2514 + 1504
2514 + 1504
2515 + 1504
2516 + 1504
2516 + 1504
2517 + 1504
2518 + 1504
2518 + 1504
2519 + 1504
2520 + 1504
2520 + 1504
2521 + 1504
2522 + 1504
2522 + 1504
2523 + 1504
2524 # 1504
2524 - 1504 333
2524 + 1504
2524 + 1504
2525 + 1504
2526 + 1504
2526 + 1504
2527 # 1504
2527 - 1504 335
2527 # 1504
2527 - 1504 335
2527 # 1504
2527 - 1504 334
2527 # 1504
2527 - 1504 334
2527 # 1504
2527 - 1504 333
2527 # 1504
2527 - 1504 333
2527 # 1504
2527 - 1504 327
2527 # 1504
2527 - 1504 326
2527 # 1504
2527 - 1504 326
2527 # 1504
2527 - 1504 325
2527 + 1504
2528 # 1504
2528 - 1504 326
2528 # 1504
2528 - 1504 325
2528 # 1504
2528 - 1504 325
2528 # 1504
2528 - 1504 324
2528 # 1504
2528 - 1504 324
2528 + 1504
2528 + 1504
2529 # 1504
2529 - 1504 324
2529 # 1504
2529 - 1504 324
2529 # 1504
2529 - 1504 323
2529 + 1504
2530 # 1504
2530 - 1504 323
2530 + 1504
2530 + 1504
2531 + 1504
2532 # 1504
2532 - 1504 325
2532 + 1504
2532 + 1504
2533 + 1504
2534 + 1504
2535 + 1504
2535 + 1504
2536 + 1504
2536 + 1504
2537 + 1504
2538 + 1504
2538 + 1504
2539 + 1504
2540 + 1504
2540 + 1504
2541 + 1504
2542 # 1504
2542 - 1504 334
2542 # 1504
2542 - 1504 334
2542 # 1504
2542 - 1504 333
2542 # 1504
2542 - 1504 333
2542 # 1504
2542 - 1504 332
2542 # 1504
2542 - 1504 332
2542 + 1504
2543 # 1504
2543 - 1504 332
2543 # 1504
2543 - 1504 332
2543 # 1504
2543 - 1504 331
2543 # 1504
2543 - 1504 331
2543 # 1504
2543 - 1504 330
2543 # 1504
2543 - 1504 329
2543 + 1504
2543 + 1504
2544 + 1504
2545 # 1504
2545 - 1504 331
2545 # 1504
2545 - 1504 330
2545 + 1504
2545 + 1504
2546 # 1504
2546 - 1504 331
2546 # 1504
2546 - 1504 330
2546 # 1504
2546 - 1504 327
2546 # 1504
2546 - 1504 326
2546 # 1504
2546 - 1504 326
2546 # 1504
2546 - 1504 325
2546 + 1504
2547 + 1504
2547 + 1504
2548 # 1504
2548 - 1504 327
2548 + 1504
2549 # 1504
2549 - 1504 327
2549 # 1504
2549 - 1504 319
2549 + 1504
2549 + 1504
2550 # 1504
2550 - 1504 319
2550 + 1504
2551 # 1504
2551 - 1504 320
2551 + 1504
2551 + 1504
2552 # 1504
2552 - 1504 320
2552 + 1504
2553 # 1504
2553 - 1504 321
2553 # 1504
2553 - 1504 320
2553 # 1504
2553 - 1504 320
2553 # 1504
2553 - 1504 319
2553 + 1504
2553 + 1504
2554 # 1504
2554 - 1504 319
2554 # 1504
2554 - 1504 319
2554 + 1504
2555 + 1504
2555 + 1504
2556 # 1504
2556 - 1504 320
2556 # 1504
2556 - 1504 320
2556 # 1504
2556 - 1504 319
2556 + 1504
2557 + 1504
2557 + 1504
2558 # 1504
2558 - 1504 320
2558 # 1504
2558 - 1504 320
2558 + 1504
2559 # 1504
2559 - 1504 320
2559 + 1504
2559 + 1504
2560 # 1504
2560 - 1504 321
2560 # 1504
2560 - 1504 320
2560 + 1504
2561 # 1504
2561 - 1504 321
2561 + 1504
2561 + 1504
2562 # 1504
2562 - 1504 321
2562 + 1504
2563 # 1504
2563 - 1504 321
2563 # 1504
2563 - 1504 321
2563 + 1504
2563 + 1504
2564 # 1504
2564 - 1504 321
2564 # 1504
2564 - 1504 321
2564 + 1504
2565 # 1504
2565 - 1504 321
2565 # 1504
2565 - 1504 320
2565 + 1504
2565 + 1504
2566 # 1504
2566 - 1504 321
2566 + 1504
2567 # 1504
2567 - 1504 321
2567 # 1504
2567 - 1504 321
2567 + 1504
2567 + 1504
2568 # 1504
2568 - 1504 321
2568 # 1504
2568 - 1504 321
2568 + 1504
2569 + 1504
2569 + 1504
2570 + 1504
2571 + 1504
2571 + 1504
2572 + 1504
2573 + 1504
2573 + 1504
2574 + 1504
2575 + 1504
2575 + 1504
2576 + 1504
2576 + 1504
2577 # 1504
2577 - 1504 329
2577 # 1504
2577 - 1504 328
2577 + 1504
2578 # 1504
2578 - 1504 329
2578 # 1504
2578 - 1504 328
2578 # 1504
2578 - 1504 328
2578 # 1504
2578 - 1504 327
2578 + 1504
2579 + 1504
2579 + 1504
2580 # 1504
2580 - 1504 328
2580 # 1504
2580 - 1504 328
2580 + 1504
2580 + 1504
2581 # 1504
2581 - 1504 328
2581 # 1504
2581 - 1504 328
2581 # 1504
2581 - 1504 327
2581 # 1504
2581 - 1504 326
2581 # 1504
2581 - 1504 326
2581 + 1504
2582 # 1504
2582 - 1504 326
2582 # 1504
2582 - 1504 326
2582 + 1504
2583 + 1504
2583 + 1504
2584 + 1504
2585 + 1504
2585 + 1504
2586 + 1504
2587 + 1504
2587 + 1504
2588 + 1504
2589 + 1504
2589 + 1504
2590 # 1504
2590 - 1504 333
2590 # 1504
2590 - 1504 332
2590 # 1504
2590 - 1504 332
2590 # 1504
2590 - 1504 331
2590 # 1504
2590 - 1504 331
2590 # 1504
2590 - 1504 330
2590 + 1504
2591 # 1504
2591 - 1504 330
2591 # 1504
2591 - 1504 330
2591 # 1504
2591 - 1504 329
2591 # 1504
2591 - 1504 329
2591 # 1504
2591 - 1504 328
2591 # 1504
2591 - 1504 327
2591 + 1504
2591 + 1504
2592 + 1504
2593 # 1504
2593 - 1504 329
2593 # 1504
2593 - 1504 328
2593 + 1504
2593 + 1504
2594 # 1504
2594 - 1504 329
2594 # 1504
2594 - 1504 328
2594 # 1504
2594 - 1504 327
2594 + 1504
2595 # 1504
2595 - 1504 328
2595 + 1504
2595 + 1504
2596 # 1504
2596 - 1504 328
2596 + 1504
2597 # 1504
2597 - 1504 328
2597 # 1504
2597 - 1504 328
2597 + 1504
2597 + 1504
2598 + 1504
2599 + 1504
2599 + 1504
2600 + 1504
2601 + 1504
2601 + 1504
2602 + 1504
2603 + 1504
2603 + 1504
2604 + 1504
2605 + 1504
2605 + 1504
2606 + 1504
2607 + 1504
2607 + 1504
2608 + 1504
2609 + 1504
2609 + 1504
2610 # 1504
2610 - 1504 340
2610 # 1504
2610 - 1504 340
2610 # 1504
2610 - 1504 339
2610 # 1504
2610 - 1504 338
2610 + 1504
2611 + 1504
2611 + 1504
2612 + 1504
2613 # 1504
2613 - 1504 341
2613 # 1504
2613 - 1504 340
2613 # 1504
2613 - 1504 339
2613 # 1504
2613 - 1504 339
2613 # 1504
2613 - 1504 338
2613 # 1504
2613 - 1504 338
2613 # 1504
2613 - 1504 337
2613 + 1504
2613 + 1504
2614 + 1504
2615 + 1504
2615 + 1504
2616 # 1504
2616 - 1504 339
2616 # 1504
2616 - 1504 339
2616 # 1504
2616 - 1504 338
2616 # 1504
2616 - 1504 337
2616 # 1504
2616 - 1504 337
2616 + 1504
2617 + 1504
2618 + 1504
2618 + 1504
2619 + 1504
2620 + 1504
2620 + 1504
2621 + 1504
2622 + 1504
2622 + 1504
2623 + 1504
2624 + 1504
2624 + 1504
2625 + 1504
2626 + 1504
2627 # 1504
2627 - 1504 347
2627 # 1504
2627 - 1504 347
2627 # 1504
2627 - 1504 346
2627 # 1504
2627 - 1504 345
2627 # 1504
2627 - 1504 345
2627 # 1504
2627 - 1504 344
2627 # 1504
2627 - 1504 343
2627 + 1504
2627 + 1504
2628 # 1504
2628 - 1504 344
2628 # 1504
2628 - 1504 343
2628 # 1504
2628 - 1504 343
2628 # 1504
2628 - 1504 342
2628 # 1504
2628 - 1504 341
2628 # 1504
2628 - 1504 341
2628 # 1504
2628 - 1504 340
2628 + 1504
2629 # 1504
2629 - 1504 340
2629 # 1504
2629 - 1504 340
2629 # 1504
2629 - 1504 339
2629 # 1504
2629 - 1504 338
2629 # 1504
2629 - 1504 338
2629 # 1504
2629 - 1504 335
2629 # 1504
2629 - 1504 335
2629 # 1504
2629 - 1504 335
2629 + 1504
2629 + 1504
2630 # 1504
2630 - 1504 335
2630 # 1504
2630 - 1504 334
2630 + 1504
2631 + 1504
2631 + 1504
2632 # 1504
2632 - 1504 336
2632 # 1504
2632 - 1504 335
2632 # 1504
2632 - 1504 334
2632 # 1504
2632 - 1504 334
2632 + 1504
2633 + 1504
2633 + 1504
2634 # 1504
2634 - 1504 330
2634 # 1504
2634 - 1504 329
2634 # 1504
2634 - 1504 328
2634 + 1504
2635 + 1504
2635 + 1504
2636 # 1504
2636 - 1504 330
2636 # 1504
2636 - 1504 329
2636 + 1504
2637 # 1504
2637 - 1504 329
2637 + 1504
2638 # 1504
2638 - 1504 330
2638 # 1504
2638 - 1504 329
2638 # 1504
2638 - 1504 329
2638 + 1504
2638 + 1504
2639 + 1504
2640 # 1504
2640 - 1504 330
2640 + 1504
2640 + 1504
2641 # 1504
2641 - 1504 330
2641 + 1504
2642 # 1504
2642 - 1504 331
2642 # 1504
2642 - 1504 330
2642 # 1504
2642 - 1504 329
2642 + 1504
2642 + 1504
2643 # 1504
2643 - 1504 330
2643 + 1504
2644 # 1504
2644 - 1504 330
2644 + 1504
2644 + 1504
2645 # 1504
2645 - 1504 330
2645 + 1504
2646 # 1504
2646 - 1504 331
2646 # 1504
2646 - 1504 330
2646 + 1504
2646 + 1504
2647 # 1504
2647 - 1504 330
2647 + 1504
2648 + 1504
2648 + 1504
2649 + 1504
2650 + 1504
2650 + 1504
2651 + 1504
2652 + 1504
2652 + 1504
2653 + 1504
2654 + 1504
2654 + 1504
2655 + 1504
2656 + 1504
2656 + 1504
2657 # 1504
2657 - 1504 339
2657 # 1504
2657 - 1504 339
2657 # 1504
2657 - 1504 337
2657 + 1504
2658 # 1504
2658 - 1504 337
2658 # 1504
2658 - 1504 336
2658 # 1504
2658 - 1504 336
2658 # 1504
2658 - 1504 335
2658 + 1504
2658 + 1504
2659 # 1504
2659 - 1504 335
2659 # 1504
2659 - 1504 335
2659 # 1504
2659 - 1504 334
2659 # 1504
2659 - 1504 333
2659 # 1504
2659 - 1504 333
2659 + 1504
2660 # 1504
2660 - 1504 333
2660 # 1504
2660 - 1504 332
2660 + 1504
2660 + 1504
2661 # 1504
2661 - 1504 333
2661 + 1504
2662 # 1504
2662 - 1504 333
2662 + 1504
2662 + 1504
2663 + 1504
2664 + 1504
2665 + 1504
2665 + 1504
2666 + 1504
2667 + 1504
2667 + 1504
2668 + 1504
2669 + 1504
2669 + 1504
2670 + 1504
2671 + 1504
2671 + 1504
2672 # 1504
2672 - 1504 342
2672 # 1504
2672 - 1504 342
2672 # 1504
2672 - 1504 337
2672 + 1504
2673 + 1504
2673 + 1504
2674 # 1504
2674 - 1504 338
2674 # 1504
2674 - 1504 338
2674 # 1504
2674 - 1504 337
2674 + 1504
2675 + 1504
2675 + 1504
2676 # 1504
2676 - 1504 338
2676 # 1504
2676 - 1504 338
2676 # 1504
2676 - 1504 337
2676 # 1504
2676 - 1504 336
2676 # 1504
2676 - 1504 336
2676 # 1504
2676 - 1504 327
2676 # 1504
2676 - 1504 327
2676 # 1504
2676 - 1504 326
2676 + 1504
2677 # 1504
2677 - 1504 326
2677 + 1504
2677 + 1504
2678 # 1504
2678 - 1504 327
2678 # 1504
2678 - 1504 326
2678 # 1504
2678 - 1504 325
2678 + 1504
2679 # 1504
2679 - 1504 326
2679 + 1504
2679 + 1504
2680 + 1504
2681 + 1504
2681 + 1504
2682 # 1504
2682 - 1504 328
2682 # 1504
2682 - 1504 327
2682 # 1504
2682 - 1504 326
2682 + 1504
2683 # 1504
2683 - 1504 327
2683 + 1504
2683 + 1504
2684 + 1504
2685 # 1504
2685 - 1504 328
2685 # 1504
2685 - 1504 326
2685 # 1504
2685 - 1504 325
2685 + 1504
2685 + 1504
2686 + 1504
2687 + 1504
2687 + 1504
2688 # 1504
2688 - 1504 328
2688 # 1504
2688 - 1504 327
2688 # 1504
2688 - 1504 326
2688 # 1504
2688 - 1504 326
2688 + 1504
2689 + 1504
2689 + 1504
2690 # 1504
2690 - 1504 327
2690 # 1504
2690 - 1504 326
2690 + 1504
2691 + 1504
2691 + 1504
2692 + 1504
2693 + 1504
2693 + 1504
2694 + 1504
2695 + 1504
2695 + 1504
2696 + 1504
2697 + 1504
2697 + 1504
2698 + 1504
2699 # 1504
2699 - 1504 335
2699 # 1504
2699 - 1504 334
2699 # 1504
2699 - 1504 226
2699 # 1504
2699 - 1504 225
2699 + 1504
2699 + 1504
2700 + 1504
2701 # 1504
2701 - 1504 227
2701 # 1504
2701 - 1504 226
2701 # 1504
2701 - 1504 225
2701 # 1504
2701 - 1504 225
2701 + 1504
2701 + 1504
2702 + 1504
2702 + 1504
2703 + 1504
2704 # 1504
2704 - 1504 227
2704 # 1504
2704 - 1504 226
2704 # 1504
2704 - 1504 226
2704 # 1504
2704 - 1504 225
2704 + 1504
2704 + 1504
2705 # 1504
2705 - 1504 225
2705 # 1504
2705 - 1504 225
2705 # 1504
2705 - 1504 224
2705 + 1504
2705 + 1504
2706 + 1504
2706 + 1504
2707 + 1504
2707 + 1504
2708 + 1504
2708 + 1504
2709 + 1504
2709 + 1504
2710 # 1504
2710 - 1504 228
2710 # 1504
2710 - 1504 228
2710 # 1504
2710 - 1504 227
2710 # 1504
2710 - 1504 226
2710 # 1504
2710 - 1504 226
2710 + 1504
2710 + 1504
2711 + 1504
2711 + 1504
2712 + 1504
2712 + 1504
2713 + 1504
2713 + 1504
2713 + 1504
2714 + 1504
2714 + 1504
2715 + 1504
2715 + 1504
2716 # 1504
2716 - 1504 231
2716 # 1504
2716 - 1504 230
2716 # 1504
2716 - 1504 230
2716 # 1504
2716 - 1504 229
2716 # 1504
2716 - 1504 228
2716 # 1504
2716 - 1504 228
2716 + 1504
2716 + 1504
2717 # 1504
2717 - 1504 228
2717 # 1504
2717 - 1504 227
2717 # 1504
2717 - 1504 227
2717 + 1504
2717 + 1504
2718 # 1504
2718 - 1504 227
2718 # 1504
2718 - 1504 226
2718 + 1504
2718 + 1504
2719 # 1504
2719 - 1504 227
2719 # 1504
2719 - 1504 226
2719 + 1504
2719 + 1504
2720 + 1504
2720 + 1504
2721 # 1504
2721 - 1504 227
2721 + 1504
2721 + 1504
2722 + 1504
2722 + 1504
2723 # 1504
2723 - 1504 229
2723 # 1504
2723 - 1504 228
2723 + 1504
2723 + 1504
2724 + 1504
2724 + 1504
2725 + 1504
2725 + 1504
2725 + 1504
2725 + 1504
2726 + 1504
2726 + 1504
2727 + 1504
2727 + 1504
2728 + 1504
2728 + 1504
2729 + 1504
2729 + 1504
2730 + 1504
2730 + 1504
2731 + 1504
2731 + 1504
2732 + 1504
2732 + 1504
2733 + 1504
2733 + 1504
2734 + 1504
2734 + 1504
2734 + 1504
2735 + 1504
2735 + 1504
2736 + 1504
2736 + 1504
2737 + 1504
2737 + 1504
2738 + 1504
2738 + 1504
2739 + 1504
2739 + 1504
2740 # 1504
2740 - 1504 244
2740 # 1504
2740 - 1504 244
2740 # 1504
2740 - 1504 243
2740 # 1504
2740 - 1504 242
2740 # 1504
2740 - 1504 242
2740 # 1504
2740 - 1504 241
2740 + 1504
2740 + 1504
2741 # 1504
2741 - 1504 241
2741 # 1504
2741 - 1504 241
2741 # 1504
2741 - 1504 240
2741 # 1504
2741 - 1504 239
2741 # 1504
2741 - 1504 238
2741 # 1504
2741 - 1504 238
2741 + 1504
2741 + 1504
2742 + 1504
2742 + 1504
2743 + 1504
2743 + 1504
2744 # 1504
2744 - 1504 240
2744 # 1504
2744 - 1504 239
2744 # 1504
2744 - 1504 239
2744 # 1504
2744 - 1504 238
2744 # 1504
2744 - 1504 238
2744 # 1504
2744 - 1504 237
2744 + 1504
2744 + 1504
2745 # 1504
2745 - 1504 237
2745 # 1504
2745 - 1504 237
2745 # 1504
2745 - 1504 236
2745 # 1504
2745 - 1504 235
2745 + 1504
2745 + 1504
2745 + 1504
2745 + 1504
2746 + 1504
2746 + 1504
2747 + 1504
2747 + 1504
2748 + 1504
2748 + 1504
2749 + 1504
2749 + 1504
2750 + 1504
2750 + 1504
2751 + 1504
2751 + 1504
2752 # 1504
2752 - 1504 242
2752 # 1504
2752 - 1504 241
2752 # 1504
2752 - 1504 240
2752 # 1504
2752 - 1504 240
2752 # 1504
2752 - 1504 239
2752 # 1504
2752 - 1504 238
2752 + 1504
2752 + 1504
2753 # 1504
2753 - 1504 239
2753 # 1504
2753 - 1504 238
2753 + 1504
2753 + 1504
2754 # 1504
2754 - 1504 238
2754 # 1504
2754 - 1504 238
2754 # 1504
2754 - 1504 237
2754 + 1504
2754 + 1504
2755 # 1504
2755 - 1504 237
2755 # 1504
2755 - 1504 237
2755 # 1504
2755 - 1504 236
2755 + 1504
2755 + 1504
2755 + 1504
2756 + 1504
2756 + 1504
2757 # 1504
2757 - 1504 237
2757 + 1504
2757 + 1504
2758 # 1504
2758 - 1504 238
2758 # 1504
2758 - 1504 237
2758 # 1504
2758 - 1504 236
2758 + 1504
2758 + 1504
2759 # 1504
2759 - 1504 237
2759 + 1504
2759 + 1504
2760 + 1504
2760 + 1504
2761 + 1504
2761 + 1504
2762 # 1504
2762 - 1504 239
2762 + 1504
2762 + 1504
2763 + 1504
2763 + 1504
2764 # 1504
2764 - 1504 240
2764 # 1504
2764 - 1504 240
2764 + 1504
2764 + 1504
2765 # 1504
2765 - 1504 240
2765 + 1504
2765 + 1504
2766 + 1504
2766 + 1504
2767 + 1504
2767 + 1504
2768 # 1504
2768 - 1504 242
2768 # 1504
2768 - 1504 242
2768 + 1504
2768 + 1504
2769 # 1504
2769 - 1504 242
2769 + 1504
2769 + 1504
2770 + 1504
2770 + 1504
2771 + 1504
2771 + 1504
2772 + 1504
2772 + 1504
2773 + 1504
2773 + 1504
2774 + 1504
2774 + 1504
2775 + 1504
2775 + 1504
2779 # 1504
2779 - 1504 251
2779 # 1504
2779 - 1504 251
2779 # 1504
2779 - 1504 250
2779 # 1504
2779 - 1504 249
2779 # 1504
2779 - 1504 249
2780 # 1504
2780 - 1504 249
2780 # 1504
2780 - 1504 248
2780 # 1504
2780 - 1504 248
2780 # 1504
2780 - 1504 247
2780 # 1504
2780 - 1504 246
2781 + 1504
2781 + 1504
2781 + 1504
2782 + 1504
2782 + 1504
2783 + 1504
2783 + 1504
2784 + 1504
2784 + 1504
2785 + 1504
2785 + 1504
2786 + 1504
2788 # 1504
2788 - 1504 253
2788 # 1504
2788 - 1504 253
2788 # 1504
2788 - 1504 252
2789 + 1504
2789 + 1504
2789 + 1504
2790 # 1504
2790 - 1504 254
2790 # 1504
2790 - 1504 253
2790 # 1504
2790 - 1504 252
2790 # 1504
2790 - 1504 252
2790 # 1504
2790 - 1504 251
2791 # 1504
2791 - 1504 251
2791 # 1504
2791 - 1504 251
2791 # 1504
2791 - 1504 250
2792 # 1504
2792 - 1504 250
2792 + 1504
2792 + 1504
2792 + 1504
2793 + 1504
2793 + 1504
2801 + 1504
2801 + 1504
2801 + 1504
2802 # 1504
2802 - 1504 259
2802 # 1504
2802 - 1504 259
2802 # 1504
2802 - 1504 258
2802 # 1504
2802 - 1504 257
2802 # 1504
2802 - 1504 257
2802 # 1504
2802 - 1504 256
2803 # 1504
2803 - 1504 256
2803 # 1504
2803 - 1504 256
2803 # 1504
2803 - 1504 255
2804 # 1504
2804 - 1504 255
2804 + 1504
2804 + 1504
2804 + 1504
2805 # 1504
2805 - 1504 256
2805 + 1504
2805 + 1504
2806 # 1504
2806 - 1504 256
2806 + 1504
2806 + 1504
2807 # 1504
2807 - 1504 256
2807 # 1504
2807 - 1504 256
2807 + 1504
2807 + 1504
2808 + 1504
2808 + 1504
2809 # 1504
2809 - 1504 257
2809 # 1504
2809 - 1504 256
2809 + 1504
2809 + 1504
2810 # 1504
2810 - 1504 257
2810 + 1504
2810 + 1504
2811 + 1504
2811 + 1504
2812 + 1504
2812 + 1504
2813 # 1504
2813 - 1504 259
2814 # 1504
2814 - 1504 259
2815 # 1504
2815 - 1504 260
2815 + 1504
2815 + 1504
2816 # 1504
2816 - 1504 260
2817 # 1504
2817 - 1504 260
2817 + 1504
2818 + 1504
2819 # 1504
2819 - 1504 262
2820 + 1504
2820 + 1504
2821 # 1504
2821 - 1504 263
2822 # 1504
2822 - 1504 263
2823 + 1504
2824 + 1504
2831 # 1504
2831 - 1504 272
2831 # 1504
2831 - 1504 271
2831 # 1504
2831 - 1504 270
2833 # 1504
2833 - 1504 272
2833 # 1504
2833 - 1504 271
2833 # 1504
2833 - 1504 270
2834 # 1504
2834 - 1504 271
2834 # 1504
2834 - 1504 270
2836 # 1504
2836 - 1504 271
2836 # 1504
2836 - 1504 271
2836 # 1504
2836 - 1504 270
2836 # 1504
2836 - 1504 269
2837 # 1504
2837 - 1504 270
2839 # 1504
2839 - 1504 271
2839 # 1504
2839 - 1504 270
2839 # 1504
2839 - 1504 270
2840 + 1504
2841 # 1504
2841 - 1504 271
2841 + 1504
2841 + 1504
2842 # 1504
2842 - 1504 271
2842 + 1504
2842 + 1504
2843 + 1504
2843 + 1504
2844 + 1504
2844 + 1504
2845 + 1504
2846 + 1504
2846 + 1504
2847 + 1504
2847 + 1504
2848 + 1504
2848 + 1504
2849 + 1504
2849 + 1504
2850 + 1504
2852 # 1504
2852 - 1504 281
2852 # 1504
2852 - 1504 280
2854 + 1504
2854 + 1504
2855 # 1504
2855 - 1504 282
2855 # 1504
2855 - 1504 282
2855 # 1504
2855 - 1504 281
2855 # 1504
2855 - 1504 280
2855 # 1504
2855 - 1504 280
2856 + 1504
2856 + 1504
2857 + 1504
2857 + 1504
2858 + 1504
2859 # 1504
2859 - 1504 283
2859 # 1504
2859 - 1504 283
2859 # 1504
2859 - 1504 282
2859 # 1504
2859 - 1504 281
2859 # 1504
2859 - 1504 280
2859 + 1504
2860 # 1504
2860 - 1504 281
2860 + 1504
2860 + 1504
2861 # 1504
2861 - 1504 281
2861 + 1504
2861 + 1504
2862 # 1504
2862 - 1504 282
2862 + 1504
2862 + 1504
2863 # 1504
2863 - 1504 282
2863 # 1504
2863 - 1504 281
2863 + 1504
2864 + 1504
2864 + 1504
2866 # 1504
2866 - 1504 283
2868 # 1504
2868 - 1504 285
2868 + 1504
2868 + 1504
2869 # 1504
2869 - 1504 285
2869 # 1504
2869 - 1504 284
2869 # 1504
2869 - 1504 284
2869 # 1504
2869 - 1504 283
2870 + 1504
2871 # 1504
2871 - 1504 284
2871 + 1504
2871 + 1504
2872 # 1504
2872 - 1504 285
2872 + 1504
2872 + 1504
2873 # 1504
2873 - 1504 285
2873 # 1504
2873 - 1504 284
2873 + 1504
2873 + 1504
2874 + 1504
2875 + 1504
2875 + 1504
2876 # 1504
2876 - 1504 287
2877 # 1504
2877 - 1504 287
2878 # 1504
2878 - 1504 287
2878 # 1504
2878 - 1504 287
2878 + 1504
2879 + 1504
2880 # 1504
2880 - 1504 288
2880 # 1504
2880 - 1504 287
2882 # 1504
2882 - 1504 289
2883 # 1504
2883 - 1504 289
2883 # 1504
2883 - 1504 288
2884 # 1504
2884 - 1504 289
2887 # 1504
2887 - 1504 291
2887 # 1504
2887 - 1504 290
2888 + 1504
2889 + 1504
2889 + 1504
2890 + 1504
2890 + 1504
2891 + 1504
2892 + 1504
2892 + 1504
2893 + 1504
2893 + 1504
2896 # 1504
2896 - 1504 299
2896 # 1504
2896 - 1504 298
2898 # 1504
2898 - 1504 299
2898 # 1504
2898 - 1504 299
2898 # 1504
2898 - 1504 298
2898 # 1504
2898 - 1504 297
2898 # 1504
2898 - 1504 297
2898 # 1504
2898 - 1504 296
2902 + 1504
2902 + 1504
2902 + 1504
2903 + 1504
2904 + 1504
2904 + 1504
2905 + 1504
2905 + 1504
2906 # 1504
2906 - 1504 303
2906 # 1504
2906 - 1504 303
2906 # 1504
2906 - 1504 302
2906 # 1504
2906 - 1504 301
2906 + 1504
2908 # 1504
2908 - 1504 303
2908 # 1504
2908 - 1504 302
2908 # 1504
2908 - 1504 301
2908 # 1504
2908 - 1504 301
2910 # 1504
2910 - 1504 302
2910 # 1504
2910 - 1504 301
2911 # 1504
2911 - 1504 302
2911 + 1504
2911 + 1504
2912 + 1504
2912 + 1504
2913 # 1504
2913 - 1504 303
2913 + 1504
2913 + 1504
2914 # 1504
2914 - 1504 303
2914 + 1504
2915 # 1504
2915 - 1504 304
2915 + 1504
2915 + 1504
2916 + 1504
2916 + 1504
2917 # 1504
2917 - 1504 305
2917 # 1504
2917 - 1504 304
2917 + 1504
2918 + 1504
2918 + 1504
2919 + 1504
2919 + 1504
2920 # 1504
2920 - 1504 307
2920 # 1504
2920 - 1504 306
2920 # 1504
2920 - 1504 305
2920 # 1504
2920 - 1504 305
2922 # 1504
2922 - 1504 306
2923 # 1504
2923 - 1504 306
2929 + 1504
2930 + 1504
2930 + 1504
2931 + 1504
2931 + 1504
2932 # 1504
2932 - 1504 314
2932 # 1504
2932 - 1504 314
2932 + 1504
2933 # 1504
2933 - 1504 314
2933 # 1504
2933 - 1504 313
2933 + 1504
2935 # 1504
2935 - 1504 315
2935 # 1504
2935 - 1504 314
2935 # 1504
2935 - 1504 313
2935 # 1504
2935 - 1504 313
2935 # 1504
2935 - 1504 312
2935 # 1504
2935 - 1504 311
2936 # 1504
2936 - 1504 312
2942 + 1504
2943 + 1504
2943 + 1504
2944 # 1504
2944 - 1504 319
2944 # 1504
2944 - 1504 318
2944 # 1504
2944 - 1504 317
2944 # 1504
2944 - 1504 317
2944 # 1504
2944 - 1504 316
2944 + 1504
2944 + 1504
2945 + 1504
2946 + 1504
2946 + 1504
2947 + 1504
2948 + 1504
2948 + 1504
2949 # 1504
2949 - 1504 320
2949 # 1504
2949 - 1504 320
2949 # 1504
2949 - 1504 319
2949 # 1504
2949 - 1504 318
2949 + 1504
2949 + 1504
2950 # 1504
2950 - 1504 319
2950 + 1504
2951 # 1504
2951 - 1504 319
2951 # 1504
2951 - 1504 318
2951 # 1504
2951 - 1504 318
2951 + 1504
2951 + 1504
2952 # 1504
2952 - 1504 318
2952 + 1504
2953 # 1504
2953 - 1504 318
2953 # 1504
2953 - 1504 318
2953 # 1504
2953 - 1504 317
2953 # 1504
2953 - 1504 316
2953 # 1504
2953 - 1504 315
2953 # 1504
2953 - 1504 315
2955 # 1504
2955 - 1504 316
2955 # 1504
2955 - 1504 315
2955 # 1504
2955 - 1504 315
2956 # 1504
2956 - 1504 315
2956 + 1504
2957 # 1504
2957 - 1504 315
2957 # 1504
2957 - 1504 315
2957 + 1504
2957 + 1504
2958 # 1504
2958 - 1504 315
2958 # 1504
2958 - 1504 314
2958 + 1504
2959 + 1504
2959 + 1504
2960 # 1504
2960 - 1504 316
2960 # 1504
2960 - 1504 315
2960 # 1504
2960 - 1504 314
2960 + 1504
2960 + 1504
2961 # 1504
2961 - 1504 315
2961 + 1504
2962 + 1504
2962 + 1504
2963 # 1504
2963 - 1504 316
2963 + 1504
2964 # 1504
2964 - 1504 316
2964 # 1504
2964 - 1504 316
2964 + 1504
2964 + 1504
2965 # 1504
2965 - 1504 316
2965 + 1504
2965 + 1504
2966 # 1504
2966 - 1504 316
2966 + 1504
2967 + 1504
2967 + 1504
2968 + 1504
2969 # 1504
2969 - 1504 319
2969 + 1504
2969 + 1504
2970 + 1504
2970 + 1504
2971 + 1504
2972 + 1504
2972 + 1504
2973 + 1504
2974 + 1504
2974 + 1504
2975 + 1504
2976 + 1504
2976 + 1504
2978 # 1504
2978 - 1504 327
2979 # 1504
2979 - 1504 327
2980 # 1504
2980 - 1504 328
2980 # 1504
2980 - 1504 327
2980 # 1504
2980 - 1504 326
2980 # 1504
2980 - 1504 326
2980 # 1504
2980 - 1504 325
2980 + 1504
2980 + 1504
2981 # 1504
2981 - 1504 325
2981 # 1504
2981 - 1504 325
2981 # 1504
2981 - 1504 324
2981 # 1504
2981 - 1504 323
2982 # 1504
2982 - 1504 324
2982 + 1504
2983 + 1504
2983 + 1504
2984 # 1504
2984 - 1504 325
2984 # 1504
2984 - 1504 324
2984 # 1504
2984 - 1504 324
2984 + 1504
2985 # 1504
2985 - 1504 324
2985 + 1504
2985 + 1504
2986 # 1504
2986 - 1504 324
2986 # 1504
2986 - 1504 324
2986 + 1504
2986 + 1504
2987 # 1504
2987 - 1504 324
2987 + 1504
2988 # 1504
2988 - 1504 324
2988 # 1504
2988 - 1504 323
2988 + 1504
2988 + 1504
2989 # 1504
2989 - 1504 324
2989 + 1504
2990 # 1504
2990 - 1504 324
2990 + 1504
2990 + 1504
2991 # 1504
2991 - 1504 324
2991 # 1504
2991 - 1504 324
2991 + 1504
2991 + 1504
2992 # 1504
2992 - 1504 324
2992 # 1504
2992 - 1504 323
2992 # 1504
2992 - 1504 323
2992 # 1504
2992 - 1504 322
2992 + 1504
2993 # 1504
2993 - 1504 322
2993 # 1504
2993 - 1504 322
2993 # 1504
2993 - 1504 321
2993 + 1504
2993 + 1504
2994 + 1504
2995 # 1504
2995 - 1504 322
2995 + 1504
2996 # 1504
2996 - 1504 323
2996 # 1504
2996 - 1504 322
2996 # 1504
2996 - 1504 321
2999 + 1504
3000 + 1504
3000 + 1504
3001 + 1504
3001 + 1504
3002 + 1504
3003 + 1504
3003 + 1504
3004 + 1504
3005 # 1504
3005 - 1504 330
3005 # 1504
3005 - 1504 329
3005 # 1504
3005 - 1504 328
3005 # 1504
3005 - 1504 328
3005 # 1504
3005 - 1504 327
3005 # 1504
3005 - 1504 326
3005 # 1504
3005 - 1504 326
3005 # 1504
3005 - 1504 325
3005 # 1504
3005 - 1504 324
3005 # 1504
3005 - 1504 324
3005 # 1504
3005 - 1504 323
3005 + 1504
3005 + 1504
3006 # 1504
3006 - 1504 323
3006 # 1504
3006 - 1504 323
3006 # 1504
3006 - 1504 322
3006 + 1504
3007 # 1504
3007 - 1504 322
3007 # 1504
3007 - 1504 322
3007 # 1504
3007 - 1504 321
3007 # 1504
3007 - 1504 320
3007 + 1504
3007 + 1504
3008 + 1504
3008 + 1504
3011 + 1504
3012 + 1504
3012 + 1504
3013 + 1504
3013 + 1504
3014 + 1504
3015 + 1504
3015 + 1504
3016 # 1504
3016 - 1504 329
3016 # 1504
3016 - 1504 328
3016 # 1504
3016 - 1504 327
3016 # 1504
3016 - 1504 327
3016 # 1504
3016 - 1504 326
3016 # 1504
3016 - 1504 325
3016 # 1504
3016 - 1504 325
3016 # 1504
3016 - 1504 324
3016 # 1504
3016 - 1504 323
3016 # 1504
3016 - 1504 323
3016 + 1504
3016 + 1504
3017 # 1504
3017 - 1504 323
3017 # 1504
3017 - 1504 322
3017 + 1504
3018 + 1504
3018 + 1504
3019 # 1504
3019 - 1504 324
3019 # 1504
3019 - 1504 323
3019 + 1504
3020 + 1504
3020 + 1504
3021 # 1504
3021 - 1504 324
3021 # 1504
3021 - 1504 324
3021 # 1504
3021 - 1504 323
3021 # 1504
3021 - 1504 322
3021 # 1504
3021 - 1504 322
3021 # 1504
3021 - 1504 321
3021 # 1504
3021 - 1504 320
3021 # 1504
3021 - 1504 320
3021 # 1504
3021 - 1504 319
3021 # 1504
3021 - 1504 319
3021 + 1504
3021 + 1504
3022 # 1504
3022 - 1504 319
3022 # 1504
3022 - 1504 318
3022 # 1504
3022 - 1504 318
3022 + 1504
3023 + 1504
3023 + 1504
3024 # 1504
3024 - 1504 319
3024 # 1504
3024 - 1504 319
3024 + 1504
3025 + 1504
3025 + 1504
3026 + 1504
3027 # 1504
3027 - 1504 321
3027 # 1504
3027 - 1504 321
3027 + 1504
3027 + 1504
3028 + 1504
3029 # 1504
3029 - 1504 322
3029 # 1504
3029 - 1504 322
3029 # 1504
3029 - 1504 321
3029 + 1504
3029 + 1504
3030 + 1504
3030 + 1504
3031 # 1504
3031 - 1504 323
3031 + 1504
3032 # 1504
3032 - 1504 323
3032 + 1504
3033 # 1504
3033 - 1504 324
3033 + 1504
3033 + 1504
3034 # 1504
3034 - 1504 324
3034 + 1504
3034 + 1504
3035 # 1504
3035 - 1504 325
3035 # 1504
3035 - 1504 324
3035 + 1504
3036 # 1504
3036 - 1504 325
3036 # 1504
3036 - 1504 324
3036 + 1504
3036 + 1504
3037 # 1504
3037 - 1504 325
3037 + 1504
3037 + 1504
3038 # 1504
3038 - 1504 325
3038 + 1504
3039 # 1504
3039 - 1504 326
3039 # 1504
3039 - 1504 326
3039 # 1504
3039 - 1504 325
3039 + 1504
3039 + 1504
3040 + 1504
3041 + 1504
3041 + 1504
3042 + 1504
3043 + 1504
3043 + 1504
3044 + 1504
3045 + 1504
3045 + 1504
3046 + 1504
3046 + 1504
3047 + 1504
3048 # 1504
3048 - 1504 334
3048 + 1504
3048 + 1504
3049 # 1504
3049 - 1504 334
3049 # 1504
3049 - 1504 334
3049 # 1504
3049 - 1504 333
3049 # 1504
3049 - 1504 333
3049 + 1504
3049 + 1504
3050 + 1504
3051 + 1504
3051 + 1504
3053 + 1504
3054 + 1504
3054 + 1504
3055 + 1504
3055 + 1504
3056 + 1504
3057 # 1504
3057 - 1504 340
3057 # 1504
3057 - 1504 340
3057 # 1504
3057 - 1504 339
3057 # 1504
3057 - 1504 339
3057 + 1504
3057 + 1504
3058 # 1504
3058 - 1504 339
3058 # 1504
3058 - 1504 339
3058 # 1504
3058 - 1504 338
3058 # 1504
3058 - 1504 338
3058 # 1504
3058 - 1504 337
3059 # 1504
3059 - 1504 338
3059 # 1504
3059 - 1504 337
3059 # 1504
3059 - 1504 337
3061 # 1504
3061 - 1504 338
3062 # 1504
3062 - 1504 339
3063 # 1504
3063 - 1504 339
3063 # 1504
3063 - 1504 339
3064 # 1504
3064 - 1504 339
3065 # 1504
3065 - 1504 340
3067 + 1504
3068 + 1504
3068 + 1504
3069 + 1504
3070 + 1504
3070 + 1504
3071 + 1504
3071 + 1504
3072 + 1504
3073 + 1504
3073 + 1504
3074 + 1504
3075 # 1504
3075 - 1504 350
3075 # 1504
3075 - 1504 350
3075 # 1504
3075 - 1504 349
3075 # 1504
3075 - 1504 349
3075 # 1504
3075 - 1504 348
3075 # 1504
3075 - 1504 348
3075 # 1504
3075 - 1504 347
3075 + 1504
3075 + 1504
3076 # 1504
3076 - 1504 348
3076 + 1504
3077 # 1504
3077 - 1504 348
3077 # 1504
3077 - 1504 348
3077 # 1504
3077 - 1504 347
3077 # 1504
3077 - 1504 347
3077 # 1504
3077 - 1504 346
3077 # 1504
3077 - 1504 346
3077 # 1504
3077 - 1504 345
3077 + 1504
3077 + 1504
3078 + 1504
3079 + 1504
3080 + 1504
3080 + 1504
3081 + 1504
3082 + 1504
3082 + 1504
3083 + 1504
3084 + 1504
3084 + 1504
3085 # 1504
3085 - 1504 353
3085 + 1504
3086 # 1504
3086 - 1504 353
3086 # 1504
3086 - 1504 353
3086 # 1504
3086 - 1504 352
3086 # 1504
3086 - 1504 352
3086 + 1504
3086 + 1504
3087 + 1504
3088 # 1504
3088 - 1504 354
3088 # 1504
3088 - 1504 353
3088 # 1504
3088 - 1504 353
3088 # 1504
3088 - 1504 352
3088 + 1504
3088 + 1504
3089 + 1504
3090 + 1504
3090 + 1504
3091 + 1504
3092 + 1504
3092 + 1504
3093 + 1504
3094 + 1504
3094 + 1504
3095 + 1504
3096 + 1504
3096 + 1504
3100 # 1504
3100 - 1504 364
3100 # 1504
3100 - 1504 363
3100 # 1504
3100 - 1504 363
3100 # 1504
3100 - 1504 362
3100 # 1504
3100 - 1504 362
3100 # 1504
3100 - 1504 361
3100 # 1504
3100 - 1504 361
3100 # 1504
3100 - 1504 360
3101 # 1504
3101 - 1504 361
3101 # 1504
3101 - 1504 360
3103 # 1504
3103 - 1504 362
3103 # 1504
3103 - 1504 361
3103 + 1504
3103 + 1504
3104 # 1504
3104 - 1504 362
3104 + 1504
3104 + 1504
3105 + 1504
3106 # 1504
3106 - 1504 363
3106 + 1504
3106 + 1504
3107 + 1504
3108 # 1504
3108 - 1504 365
3108 + 1504
3108 + 1504
3109 + 1504
3110 + 1504
3110 + 1504
3111 + 1504
3119 # 1504
3119 - 1504 375
3119 # 1504
3119 - 1504 375
3119 # 1504
3119 - 1504 374
3119 # 1504
3119 - 1504 374
3123 # 1504
3123 - 1504 378
3124 # 1504
3124 - 1504 379
3124 # 1504
3124 - 1504 378
3124 # 1504
3124 - 1504 378
3126 # 1504
3126 - 1504 379
3128 # 1504
3128 - 1504 381
3128 + 1504
3128 + 1504
3129 + 1504
3130 # 1504
3130 - 1504 382
3130 # 1504
3130 - 1504 382
3130 + 1504
3131 # 1504
3131 - 1504 382
3131 + 1504
3131 + 1504
3132 + 1504
3133 # 1504
3133 - 1504 384
3133 + 1504
3133 + 1504
3134 + 1504
3135 + 1504
3136 + 1504
3136 + 1504
3137 + 1504
3138 + 1504
3142 # 1504
3142 - 1504 392
3142 # 1504
3142 - 1504 392
3143 + 1504
3143 + 1504
3145 # 1504
3145 - 1504 394
3145 # 1504
3145 - 1504 394
3145 # 1504
3145 - 1504 393
3147 # 1504
3147 - 1504 395
3147 + 1504
3147 + 1504
3148 + 1504
3149 + 1504
3152 # 1504
3152 - 1504 399
3152 # 1504
3152 - 1504 399
3152 # 1504
3152 - 1504 398
3152 # 1504
3152 - 1504 398
3152 # 1504
3152 - 1504 397
3152 # 1504
3152 - 1504 397
3153 + 1504
3153 + 1504
3154 # 1504
3154 - 1504 399
3154 # 1504
3154 - 1504 398
3154 + 1504
3155 + 1504
3156 + 1504
3156 + 1504
3157 # 1504
3157 - 1504 401
3157 + 1504
3158 # 1504
3158 - 1504 401
3158 + 1504
3159 + 1504
3159 + 1504
3161 # 1504
3161 - 1504 404
3161 # 1504
3161 - 1504 403
3162 + 1504
3162 + 1504
3164 # 1504
3164 - 1504 406
3164 # 1504
3164 - 1504 405
3164 + 1504
3165 + 1504
3166 # 1504
3166 - 1504 407
3166 # 1504
3166 - 1504 406
3166 + 1504
3166 + 1504
3169 # 1504
3169 - 1504 409
3169 # 1504
3169 - 1504 408
3171 # 1504
3171 - 1504 410
3172 # 1504
3172 - 1504 410
3173 # 1504
3173 - 1504 411
3176 # 1504
3176 - 1504 413
3177 # 1504
3177 - 1504 414
3177 # 1504
3177 - 1504 413
3179 # 1504
3179 - 1504 415
3179 + 1504
3179 + 1504
3180 + 1504
3181 # 1504
3181 - 1504 416
3181 + 1504
3182 # 1504
3182 - 1504 417
3182 + 1504
3182 + 1504
3183 # 1504
3183 - 1504 417
3183 + 1504
3184 # 1504
3184 - 1504 418
3184 + 1504
3185 + 1504
3186 # 1504
3186 - 1504 419
3186 + 1504
3186 + 1504
3187 + 1504
3188 + 1504
3189 # 1504
3189 - 1504 422
3189 + 1504
3190 # 1504
3190 - 1504 422
3190 # 1504
3190 - 1504 422
3190 + 1504
3190 + 1504
3191 # 1504
3191 - 1504 422
3191 + 1504
3192 + 1504
3193 # 1504
3193 - 1504 424
3193 + 1504
3193 + 1504
3194 + 1504
3195 # 1504
3195 - 1504 425
3195 # 1504
3195 - 1504 425
3196 # 1504
3196 - 1504 425
3197 # 1504
3197 - 1504 426
3197 # 1504
3197 - 1504 425
3198 # 1504
3198 - 1504 426
3200 # 1504
3200 - 1504 427
3201 + 1504
3202 # 1504
3202 - 1504 429
3202 + 1504
3203 + 1504
3203 + 1504
3204 + 1504
3205 + 1504
3206 + 1504
3207 + 1504
3211 # 1504
3211 - 1504 437
3211 # 1504
3211 - 1504 437
3211 # 1504
3211 - 1504 436
3211 # 1504
3211 - 1504 436
3211 # 1504
3211 - 1504 430
3214 + 1504
3214 + 1504
3215 # 1504
3215 - 1504 434
3215 # 1504
3215 - 1504 434
3215 # 1504
3215 - 1504 433
3215 + 1504
3216 + 1504
3216 + 1504
3217 + 1504
3218 + 1504
3219 + 1504
3220 + 1504
3220 + 1504
4041 + 1504
4229 + 52
