# mahimahi mm-link (Uplink) [/home/lorenzo/Desktop/PPO-for-Beginners/src/traces/ATT-LTE-driving-2016.up] > /home/lorenzo/Desktop/PPO-for-Beginners/log/mahimahi/MahimahiTrace.att_lte_driving_2016.2023.05.25.20.01.58.up.log
# command line: 'mm-link' '/home/lorenzo/Desktop/PPO-for-Beginners/src/traces/ATT-LTE-driving-2016.up' '/home/lorenzo/Desktop/PPO-for-Beginners/src/traces/ATT-LTE-driving-2016.down' '--uplink-log=/home/lorenzo/Desktop/PPO-for-Beginners/log/mahimahi/MahimahiTrace.att_lte_driving_2016.2023.05.25.20.01.58.up.log' '--downlink-log=/home/lorenzo/Desktop/PPO-for-Beginners/log/mahimahi/MahimahiTrace.att_lte_driving_2016.2023.05.25.20.01.58.down.log' 'python3' '/home/lorenzo/Desktop/PPO-for-Beginners/src/iperf.py' '192.168.64.16' '86400' '/home/lorenzo/Desktop/PPO-for-Beginners/log/ppo/iperf/att.lte.driving.2016.2023.05.25.20.01.56.json' '/home/lorenzo/Desktop/PPO-for-Beginners/src/pid.txt'
# queue: infinite
# init timestamp: 1685037718729
# base timestamp: 235
235 # 1504
237 + 80
237 + 52
237 + 80
237 + 80
254 + 64
283 # 1504
283 - 80 46
283 - 52 46
283 - 80 46
283 - 80 46
283 - 64 29
284 + 56
284 + 93
292 # 1504
292 - 56 8
292 - 93 8
292 # 1504
293 # 1504
293 # 1504
293 # 1504
293 # 1504
295 # 1504
295 # 1504
295 # 1504
295 # 1504
295 + 56
295 + 60
296 # 1504
296 - 56 1
296 - 60 1
297 # 1504
297 # 1504
297 # 1504
297 + 159
298 # 1504
298 - 159 1
298 # 1504
298 # 1504
298 # 1504
299 # 1504
299 + 56
299 + 64
301 # 1504
301 - 56 2
301 - 64 2
301 # 1504
301 # 1504
302 # 1504
303 + 56
303 + 93
304 # 1504
304 - 56 1
304 - 93 1
306 # 1504
306 # 1504
306 # 1504
306 + 56
307 # 1504
307 - 56 1
307 # 1504
308 + 56
308 + 1504
308 + 1504
308 + 1504
308 + 1504
309 # 1504
309 - 56 1
311 # 1504
311 - 1504 3
312 # 1504
312 - 1504 4
312 # 1504
312 - 1504 4
313 + 1504
313 + 1504
313 + 1504
313 + 1504
313 + 1504
313 + 1504
314 # 1504
314 - 1504 6
314 # 1504
314 - 1504 1
315 # 1504
315 - 1504 2
315 # 1504
315 - 1504 2
315 + 1504
315 + 1504
315 + 1504
315 + 1504
315 + 1504
316 # 1504
316 - 1504 3
316 + 1504
316 + 1504
317 + 1504
317 + 1504
317 + 1504
317 + 1504
317 + 1504
318 # 1504
318 - 1504 5
318 # 1504
318 - 1504 5
319 # 1504
319 - 1504 4
319 + 1504
319 + 1504
319 + 1504
319 + 1504
320 # 1504
320 - 1504 5
321 + 1504
321 + 1504
330 # 1504
330 - 1504 15
330 # 1504
330 - 1504 15
330 # 1504
330 - 1504 15
330 # 1504
330 - 1504 14
331 # 1504
331 - 1504 15
334 # 1504
334 - 1504 17
334 # 1504
334 - 1504 17
334 # 1504
334 - 1504 17
334 # 1504
334 - 1504 17
334 # 1504
334 - 1504 17
334 # 1504
334 - 1504 15
335 # 1504
335 - 1504 16
335 # 1504
335 - 1504 16
335 # 1504
335 - 1504 16
335 # 1504
335 - 1504 14
336 # 1504
336 - 1504 15
337 # 1504
337 # 1504
337 # 1504
338 # 1504
339 + 1504
339 + 1504
340 # 1504
340 - 1504 1
340 # 1504
340 - 1504 1
340 + 1504
341 + 1504
342 # 1504
342 - 1504 2
342 + 1504
342 + 1504
343 # 1504
343 - 1504 2
343 # 1504
343 - 1504 1
343 # 1504
343 - 1504 1
343 # 1504
343 + 1504
344 + 1504
345 # 1504
345 - 1504 2
345 # 1504
345 - 1504 1
345 # 1504
345 + 1504
345 + 1504
346 + 1504
346 + 1504
347 + 1504
347 + 1504
348 + 1504
348 + 1504
348 + 1504
349 + 1504
349 + 1504
350 + 1504
350 + 1504
350 + 1504
350 + 1504
351 + 1504
351 + 1504
355 # 1504
355 - 1504 10
355 # 1504
355 - 1504 10
355 # 1504
355 - 1504 9
355 # 1504
355 - 1504 9
355 # 1504
355 - 1504 8
355 # 1504
355 - 1504 8
355 # 1504
355 - 1504 7
355 # 1504
355 - 1504 7
356 # 1504
356 - 1504 8
356 # 1504
356 - 1504 7
356 # 1504
356 - 1504 7
356 # 1504
356 - 1504 6
357 # 1504
357 - 1504 7
357 + 1504
357 + 1504
357 + 1504
357 + 1504
358 + 1504
358 + 1504
359 # 1504
359 - 1504 9
359 + 1504
359 + 1504
360 + 1504
360 + 1504
360 + 1504
360 + 1504
361 + 1504
361 + 1504
363 # 1504
363 - 1504 13
363 # 1504
363 - 1504 12
363 # 1504
363 - 1504 12
364 # 1504
364 - 1504 7
365 + 1504
365 + 1504
366 # 1504
366 - 1504 9
366 # 1504
366 - 1504 9
366 + 1504
366 + 1504
367 + 1504
367 + 1504
369 # 1504
369 - 1504 12
369 # 1504
369 - 1504 11
371 + 1504
371 + 1504
378 # 1504
378 - 1504 20
378 # 1504
378 - 1504 19
378 # 1504
378 - 1504 19
378 # 1504
378 - 1504 18
378 # 1504
378 - 1504 18
378 # 1504
378 - 1504 18
378 # 1504
378 - 1504 18
379 # 1504
379 - 1504 18
380 # 1504
380 - 1504 19
380 # 1504
380 - 1504 15
380 # 1504
380 - 1504 15
380 # 1504
380 - 1504 14
381 # 1504
381 - 1504 15
381 # 1504
381 - 1504 14
381 + 1504
381 + 1504
382 # 1504
382 - 1504 15
382 + 1504
383 # 1504
383 - 1504 12
383 + 1504
383 + 1504
384 + 1504
385 # 1504
385 - 1504 14
385 + 1504
386 # 1504
386 - 1504 5
386 # 1504
386 - 1504 5
386 + 1504
386 + 1504
387 + 1504
388 # 1504
388 - 1504 6
388 # 1504
388 - 1504 5
388 # 1504
388 - 1504 5
388 + 1504
388 + 1504
389 + 1504
390 + 1504
390 + 1504
391 # 1504
391 - 1504 7
391 # 1504
391 - 1504 6
391 + 1504
392 # 1504
392 - 1504 6
392 + 1504
392 + 1504
393 + 1504
394 + 1504
394 + 1504
395 + 1504
396 + 1504
396 + 1504
401 # 1504
401 - 1504 15
401 # 1504
401 - 1504 14
401 # 1504
401 - 1504 13
401 # 1504
401 - 1504 13
401 # 1504
401 - 1504 12
401 # 1504
401 - 1504 11
401 # 1504
401 - 1504 11
402 # 1504
402 - 1504 11
403 # 1504
403 - 1504 11
403 # 1504
403 - 1504 11
403 # 1504
403 - 1504 10
403 # 1504
403 - 1504 9
403 # 1504
403 - 1504 9
403 # 1504
403 - 1504 8
403 + 1504
404 # 1504
404 - 1504 8
404 # 1504
404 - 1504 8
404 + 1504
404 + 1504
405 # 1504
405 - 1504 2
405 + 1504
406 # 1504
406 - 1504 2
406 + 1504
406 + 1504
407 + 1504
407 + 1504
408 # 1504
408 - 1504 4
408 # 1504
408 - 1504 3
408 + 1504
409 # 1504
409 - 1504 3
409 + 1504
409 + 1504
410 # 1504
410 - 1504 4
410 + 1504
410 + 1504
411 # 1504
411 - 1504 4
411 # 1504
411 - 1504 4
411 + 1504
411 + 1504
412 # 1504
412 - 1504 4
412 # 1504
412 - 1504 3
412 + 1504
412 + 1504
413 + 1504
413 + 1504
413 + 1504
414 + 1504
414 + 1504
415 + 1504
415 + 1504
416 + 1504
416 + 1504
423 # 1504
423 - 1504 14
423 # 1504
423 - 1504 13
423 # 1504
423 - 1504 13
423 # 1504
423 - 1504 12
423 # 1504
423 - 1504 12
423 # 1504
423 - 1504 11
423 # 1504
423 - 1504 11
423 # 1504
423 - 1504 10
423 # 1504
423 - 1504 10
423 # 1504
423 - 1504 10
423 # 1504
423 - 1504 9
423 # 1504
423 - 1504 9
423 # 1504
423 - 1504 8
423 # 1504
423 - 1504 8
424 # 1504
424 - 1504 8
425 + 1504
425 + 1504
426 # 1504
426 - 1504 10
426 + 1504
426 + 1504
427 # 1504
427 - 1504 2
427 + 1504
427 + 1504
427 + 1504
427 + 1504
428 # 1504
428 - 1504 3
428 # 1504
428 - 1504 2
428 + 1504
428 + 1504
429 # 1504
429 - 1504 3
429 # 1504
429 - 1504 2
429 + 1504
429 + 1504
430 # 1504
430 - 1504 3
430 + 1504
430 + 1504
431 # 1504
431 - 1504 4
431 # 1504
431 - 1504 4
431 # 1504
431 - 1504 3
431 + 1504
431 + 1504
432 + 1504
432 + 1504
432 + 1504
432 + 1504
433 # 1504
433 - 1504 5
433 # 1504
433 - 1504 4
433 + 1504
433 + 1504
433 + 1504
434 # 1504
434 - 1504 5
434 + 1504
434 + 1504
435 # 1504
435 - 1504 5
435 # 1504
435 - 1504 5
435 # 1504
435 - 1504 4
436 # 1504
436 - 1504 5
436 # 1504
436 - 1504 4
437 # 1504
437 - 1504 5
439 # 1504
439 - 1504 7
440 + 1504
440 + 1504
441 + 1504
441 + 1504
441 + 1504
441 + 1504
442 # 1504
442 - 1504 10
442 # 1504
442 - 1504 9
442 # 1504
442 - 1504 9
442 # 1504
442 - 1504 9
442 # 1504
442 - 1504 8
442 + 1504
442 + 1504
443 # 1504
443 - 1504 9
443 # 1504
443 - 1504 3
443 + 1504
443 + 1504
444 # 1504
444 - 1504 4
444 + 1504
444 + 1504
445 # 1504
445 - 1504 4
445 + 1504
445 + 1504
446 + 1504
446 + 1504
446 + 1504
447 # 1504
447 - 1504 6
447 # 1504
447 - 1504 6
447 # 1504
447 - 1504 6
447 # 1504
447 - 1504 5
447 # 1504
447 - 1504 5
447 + 1504
447 + 1504
447 + 1504
448 + 1504
448 + 1504
449 # 1504
449 - 1504 6
449 # 1504
449 - 1504 6
450 # 1504
450 - 1504 6
451 # 1504
451 - 1504 7
451 # 1504
451 - 1504 6
452 # 1504
452 - 1504 7
452 # 1504
452 - 1504 6
453 # 1504
453 - 1504 7
453 # 1504
453 - 1504 7
455 # 1504
455 - 1504 8
455 # 1504
455 - 1504 8
455 # 1504
455 - 1504 8
455 + 1504
455 + 1504
456 # 1504
456 - 1504 8
456 + 1504
456 + 1504
457 # 1504
457 - 1504 9
457 # 1504
457 - 1504 2
457 + 1504
457 + 1504
458 + 1504
458 + 1504
458 + 1504
458 + 1504
459 + 1504
459 + 1504
460 + 1504
460 + 1504
461 # 1504
461 - 1504 6
461 # 1504
461 - 1504 5
461 # 1504
461 - 1504 5
461 # 1504
461 - 1504 4
461 # 1504
461 - 1504 4
461 + 1504
461 + 1504
462 + 1504
462 + 1504
463 # 1504
463 - 1504 5
463 # 1504
463 - 1504 5
463 # 1504
463 - 1504 5
463 + 1504
463 + 1504
464 + 1504
464 + 1504
465 # 1504
465 - 1504 7
465 # 1504
465 - 1504 6
465 # 1504
465 - 1504 6
465 + 1504
465 + 1504
466 # 1504
466 - 1504 6
467 # 1504
467 - 1504 7
468 # 1504
468 - 1504 7
469 # 1504
469 - 1504 8
469 # 1504
469 - 1504 7
470 # 1504
470 - 1504 8
470 # 1504
470 - 1504 7
471 # 1504
471 - 1504 8
471 # 1504
471 - 1504 7
471 # 1504
471 - 1504 7
471 # 1504
471 - 1504 6
472 + 1504
472 + 1504
472 + 1504
472 + 1504
473 # 1504
473 - 1504 8
473 # 1504
473 - 1504 1
473 + 1504
473 + 1504
474 # 1504
474 - 1504 2
474 # 1504
474 - 1504 2
474 + 1504
474 + 1504
475 # 1504
475 - 1504 3
475 # 1504
475 - 1504 2
475 # 1504
475 - 1504 2
475 + 1504
475 + 1504
476 + 1504
476 + 1504
476 + 1504
476 + 1504
477 # 1504
477 - 1504 3
477 # 1504
477 - 1504 3
477 # 1504
477 - 1504 2
477 + 1504
477 + 1504
478 # 1504
478 - 1504 3
478 # 1504
478 - 1504 2
478 # 1504
478 - 1504 2
478 + 1504
478 + 1504
479 + 1504
479 + 1504
479 + 1504
479 + 1504
480 # 1504
480 - 1504 4
480 + 1504
480 + 1504
480 + 1504
481 + 1504
481 + 1504
482 # 1504
482 - 1504 6
482 # 1504
482 - 1504 5
482 # 1504
482 - 1504 5
482 # 1504
482 - 1504 4
482 + 1504
482 + 1504
482 + 1504
482 + 1504
483 # 1504
483 - 1504 5
483 # 1504
483 - 1504 4
483 + 80
484 # 1504
484 - 1504 5
484 # 1504
484 - 1504 5
484 + 1504
484 + 1504
484 + 1504
484 + 1504
484 + 1504
485 # 1504
485 - 1504 6
485 # 1504
485 - 1504 5
485 + 1504
485 + 1504
485 + 1504
486 # 1504
486 - 1504 6
486 + 1504
486 + 1504
486 + 1504
487 # 1504
487 - 1504 7
487 # 1504
487 - 1504 6
487 # 1504
487 - 1504 6
488 # 1504
488 - 1504 6
489 # 1504
489 - 1504 7
489 # 1504
489 - 1504 7
489 # 1504
489 - 1504 7
489 + 1504
489 + 1504
489 + 1504
491 + 1504
491 + 1504
491 + 1504
491 + 1504
491 + 1504
491 + 1504
492 # 1504
492 - 80 9
492 # 1504
492 - 1504 8
492 # 1504
492 - 1504 8
492 # 1504
492 - 1504 8
492 # 1504
492 - 1504 8
494 # 1504
494 - 1504 10
494 # 1504
494 - 1504 9
494 # 1504
494 - 1504 9
498 + 1504
498 + 1504
498 + 1504
498 + 1504
499 # 1504
499 - 1504 14
499 # 1504
499 - 1504 13
499 + 1504
499 + 1504
500 + 1504
500 + 1504
507 # 1504
507 - 1504 21
507 # 1504
507 - 1504 21
507 # 1504
507 - 1504 18
507 # 1504
507 - 1504 18
507 # 1504
507 - 1504 18
510 # 1504
510 - 1504 19
510 # 1504
510 - 1504 19
510 # 1504
510 - 1504 19
510 # 1504
510 - 1504 19
512 + 1504
512 + 1504
513 + 1504
513 + 1504
514 + 1504
514 + 1504
515 + 1504
515 + 1504
516 + 1504
516 + 1504
517 # 1504
517 - 1504 26
517 # 1504
517 - 1504 26
519 # 1504
519 - 1504 21
519 # 1504
519 - 1504 21
520 + 1504
520 + 1504
521 # 1504
521 - 1504 23
521 + 1504
522 + 1504
523 # 1504
523 - 1504 25
524 + 1504
524 + 1504
526 # 1504
526 - 1504 27
528 # 1504
528 - 1504 29
532 # 1504
532 - 1504 32
534 + 1504
534 + 1504
535 # 1504
535 - 1504 35
536 # 1504
536 - 1504 24
536 + 1504
537 + 1504
546 # 1504
546 - 1504 34
548 # 1504
548 - 1504 35
548 # 1504
548 - 1504 35
549 # 1504
549 - 1504 35
549 + 1504
550 + 1504
551 + 1504
552 + 1504
553 + 1504
560 # 1504
560 - 1504 46
562 # 1504
562 - 1504 47
562 + 1504
562 + 1504
565 # 1504
565 - 1504 50
565 # 1504
565 - 1504 49
567 + 1504
567 + 1504
576 # 1504
576 - 1504 60
579 + 1504
579 + 1504
580 # 1504
580 - 1504 60
580 # 1504
580 - 1504 60
580 # 1504
580 - 1504 59
581 # 1504
581 - 1504 59
582 + 1504
582 + 1504
584 + 1504
585 # 1504
585 - 1504 61
585 # 1504
585 - 1504 61
586 + 1504
587 + 1504
588 # 1504
588 - 1504 54
591 # 1504
591 - 1504 57
591 # 1504
591 - 1504 55
591 # 1504
591 - 1504 54
592 # 1504
592 - 1504 43
593 # 1504
593 - 1504 43
595 # 1504
595 - 1504 44
596 + 1504
596 + 1504
598 # 1504
598 - 1504 46
598 + 1504
600 + 1504
601 # 1504
601 - 1504 48
602 + 1504
603 # 1504
603 - 1504 41
604 + 1504
605 # 1504
605 - 1504 43
606 # 1504
606 - 1504 39
606 + 1504
608 + 1504
610 + 1504
612 + 1504
613 + 1504
615 + 1504
617 # 1504
617 - 1504 50
619 # 1504
619 - 1504 40
619 # 1504
619 - 1504 40
619 + 1504
620 + 1504
621 + 1504
623 # 1504
623 - 1504 41
623 # 1504
623 - 1504 41
623 + 1504
624 # 1504
624 - 1504 40
624 # 1504
624 - 1504 38
625 # 1504
625 - 1504 38
625 + 1504
627 # 1504
627 - 1504 31
627 + 1504
628 # 1504
628 - 1504 32
629 + 1504
630 # 1504
630 - 1504 32
631 + 1504
632 # 1504
632 - 1504 32
632 # 1504
632 - 1504 30
632 # 1504
632 - 1504 28
632 + 1504
633 # 1504
633 - 1504 27
634 + 1504
635 # 1504
635 - 1504 27
635 # 1504
635 - 1504 25
636 + 1504
637 # 1504
637 - 1504 25
637 + 1504
639 + 1504
640 + 1504
641 # 1504
641 - 1504 28
641 # 1504
641 - 1504 26
641 # 1504
641 - 1504 22
641 # 1504
641 - 1504 21
642 + 1504
643 # 1504
643 - 1504 22
643 + 1504
644 # 1504
644 - 1504 21
644 # 1504
644 - 1504 19
644 # 1504
644 - 1504 17
645 + 1504
646 # 1504
646 - 1504 17
646 + 1504
648 # 1504
648 - 1504 17
648 + 1504
649 + 1504
650 + 1504
651 # 1504
651 - 1504 19
651 # 1504
651 - 1504 17
651 # 1504
651 - 1504 15
651 + 1504
652 # 1504
652 - 1504 15
653 # 1504
653 - 1504 14
653 + 1504
654 + 1504
655 # 1504
655 - 1504 15
655 + 1504
656 # 1504
656 - 1504 14
656 + 1504
657 + 1504
658 + 1504
659 + 1504
660 + 1504
661 + 1504
662 + 1504
663 + 1504
665 + 1504
665 + 1504
666 # 1504
666 - 1504 23
666 + 1504
667 + 1504
669 # 1504
669 - 1504 24
669 # 1504
669 - 1504 23
669 # 1504
669 - 1504 21
671 # 1504
671 - 1504 22
671 # 1504
671 - 1504 21
671 # 1504
671 - 1504 20
673 # 1504
673 - 1504 20
676 # 1504
676 - 1504 22
676 + 1504
677 # 1504
677 - 1504 22
677 + 1504
678 # 1504
678 - 1504 22
678 + 1504
679 + 1504
680 # 1504
680 - 1504 23
680 + 1504
681 # 1504
681 - 1504 23
681 # 1504
681 - 1504 22
682 # 1504
682 - 1504 22
682 + 1504
682 + 1504
683 + 1504
684 # 1504
684 - 1504 23
684 # 1504
684 - 1504 22
684 # 1504
684 - 1504 21
684 + 1504
685 # 1504
685 - 1504 20
685 + 1504
686 + 1504
687 + 1504
688 + 1504
689 + 1504
690 + 1504
691 + 1504
692 + 1504
693 + 1504
695 # 1504
695 - 1504 30
695 # 1504
695 - 1504 29
695 # 1504
695 - 1504 28
695 # 1504
695 - 1504 19
695 # 1504
695 - 1504 18
696 # 1504
696 - 1504 18
696 # 1504
696 - 1504 17
696 # 1504
696 - 1504 16
697 # 1504
697 - 1504 15
699 # 1504
699 - 1504 17
701 # 1504
701 - 1504 18
702 + 1504
703 # 1504
703 - 1504 19
703 + 1504
704 # 1504
704 - 1504 19
704 + 1504
705 + 1504
706 + 1504
707 # 1504
707 - 1504 21
707 + 1504
708 + 1504
708 + 1504
709 + 1504
710 + 1504
711 + 1504
712 + 1504
713 + 1504
714 + 1504
715 + 1504
716 + 1504
717 # 1504
717 - 1504 30
717 # 1504
717 - 1504 29
717 # 1504
717 - 1504 28
718 # 1504
718 - 1504 28
718 # 1504
718 - 1504 27
718 + 1504
719 # 1504
719 - 1504 27
719 + 1504
720 + 1504
721 + 1504
722 # 1504
722 - 1504 29
722 + 1504
723 # 1504
723 - 1504 21
723 + 1504
724 + 1504
769 + 1504
846 + 1504
1085 + 1504
1570 + 1504
1765 # 1504
1765 - 1504 1062
1767 + 1504
1768 + 1504
1769 + 1504
1770 + 1504
1771 + 1504
1772 + 1504
1773 + 1504
1775 + 1504
1776 + 1504
1777 + 1504
1778 + 1504
1779 + 1504
1780 + 1504
1781 + 1504
1783 + 1504
1784 + 1504
1785 + 1504
1786 + 1504
1787 + 1504
1788 + 1504
1789 + 1504
1791 + 1504
1792 + 1504
1793 + 1504
1794 + 1504
1795 + 1504
1796 + 1504
1797 + 1504
1799 + 1504
1800 + 1504
1801 + 1504
1802 + 1504
1803 + 1504
1804 + 1504
1805 # 1504
1805 - 1504 1101
1805 + 1504
1807 # 1504
1807 - 1504 1102
1807 # 1504
1807 - 1504 1101
1807 # 1504
1807 - 1504 1100
1807 # 1504
1807 - 1504 1099
1807 + 1504
1808 # 1504
1808 - 1504 1100
1808 # 1504
1808 - 1504 1099
1809 # 1504
1809 - 1504 1099
1809 # 1504
1809 - 1504 1098
1809 + 1504
1810 # 1504
1810 - 1504 1098
1810 + 1504
1811 # 1504
1811 - 1504 1098
1816 + 1504
1820 # 1504
1820 - 1504 1106
1820 # 1504
1820 - 1504 1105
1820 # 1504
1820 - 1504 1104
1820 # 1504
1820 - 1504 1102
1823 # 1504
1823 - 1504 1104
1823 # 1504
1823 - 1504 1103
1823 # 1504
1823 - 1504 1102
1823 # 1504
1823 - 1504 1101
1823 # 1504
1823 - 1504 1100
1823 # 1504
1823 - 1504 1099
1823 # 1504
1823 - 1504 1054
1823 # 1504
1823 - 1504 977
1823 + 1504
1824 # 1504
1824 - 1504 739
1824 # 1504
1824 - 1504 254
1824 # 1504
1824 - 1504 57
1829 + 1504
1831 # 1504
1831 - 1504 63
1831 # 1504
1831 - 1504 62
1831 # 1504
1831 - 1504 61
1831 # 1504
1831 - 1504 60
1831 # 1504
1831 - 1504 59
1831 # 1504
1831 - 1504 58
1831 # 1504
1831 - 1504 56
1833 # 1504
1833 - 1504 57
1833 # 1504
1833 - 1504 56
1833 # 1504
1833 - 1504 55
1833 # 1504
1833 - 1504 54
1833 # 1504
1833 - 1504 53
1833 # 1504
1833 - 1504 52
1833 # 1504
1833 - 1504 50
1833 # 1504
1833 - 1504 49
1834 # 1504
1834 - 1504 49
1835 # 1504
1835 - 1504 49
1835 + 1504
1836 + 1504
1837 + 1504
1839 + 1504
1840 + 1504
1841 + 1504
1842 + 1504
1843 + 1504
1844 + 1504
1845 # 1504
1845 - 1504 58
1845 # 1504
1845 - 1504 57
1845 # 1504
1845 - 1504 56
1845 # 1504
1845 - 1504 54
1845 # 1504
1845 - 1504 53
1845 # 1504
1845 - 1504 52
1846 + 1504
1847 # 1504
1847 - 1504 53
1847 # 1504
1847 - 1504 52
1847 # 1504
1847 - 1504 51
1847 # 1504
1847 - 1504 50
1847 # 1504
1847 - 1504 48
1847 # 1504
1847 - 1504 47
1847 # 1504
1847 - 1504 46
1847 + 1504
1848 + 1504
1849 # 1504
1849 - 1504 47
1849 + 1504
1850 # 1504
1850 - 1504 47
1850 + 1504
1851 # 1504
1851 - 1504 47
1851 + 1504
1852 # 1504
1852 - 1504 47
1852 # 1504
1852 - 1504 45
1852 + 1504
1852 + 1504
1853 + 1504
1854 # 1504
1854 - 1504 45
1854 # 1504
1854 - 1504 44
1854 + 1504
1855 # 1504
1855 - 1504 39
1855 + 1504
1856 + 1504
1856 + 1504
1857 # 1504
1857 - 1504 34
1857 # 1504
1857 - 1504 28
1857 # 1504
1857 - 1504 22
1857 + 1504
1858 # 1504
1858 - 1504 22
1858 + 1504
1858 + 1504
1859 + 1504
1860 # 1504
1860 - 1504 23
1860 # 1504
1860 - 1504 21
1860 # 1504
1860 - 1504 20
1860 + 1504
1860 + 1504
1861 # 1504
1861 - 1504 20
1861 + 1504
1861 + 1504
1862 # 1504
1862 - 1504 20
1862 # 1504
1862 - 1504 19
1862 + 1504
1863 # 1504
1863 - 1504 19
1863 # 1504
1863 - 1504 17
1863 + 1504
1863 + 1504
1864 + 1504
1865 + 1504
1865 + 1504
1866 + 1504
1866 + 1504
1867 + 1504
1868 + 1504
1868 + 1504
1869 + 1504
1870 + 1504
1870 + 1504
1870 + 1504
1870 + 1504
1871 + 1504
1871 + 1504
1872 + 1504
1872 + 1504
1873 # 1504
1873 - 1504 26
1873 # 1504
1873 - 1504 25
1873 # 1504
1873 - 1504 24
1873 # 1504
1873 - 1504 23
1873 # 1504
1873 - 1504 22
1873 # 1504
1873 - 1504 21
1873 + 1504
1873 + 1504
1874 + 1504
1874 + 1504
1875 # 1504
1875 - 1504 23
1875 # 1504
1875 - 1504 22
1875 # 1504
1875 - 1504 21
1875 # 1504
1875 - 1504 20
1875 # 1504
1875 - 1504 19
1875 # 1504
1875 - 1504 19
1875 # 1504
1875 - 1504 18
1875 # 1504
1875 - 1504 17
1875 + 1504
1875 + 1504
1876 # 1504
1876 - 1504 18
1876 + 1504
1876 + 1504
1876 + 1504
1876 + 1504
1877 # 1504
1877 - 1504 18
1877 + 1504
1877 + 1504
1878 + 1504
1878 + 1504
1879 # 1504
1879 - 1504 19
1879 + 1504
1879 + 1504
1879 + 1504
1879 + 1504
1880 # 1504
1880 - 1504 20
1880 + 1504
1880 + 1504
1881 # 1504
1881 - 1504 20
1881 + 1504
1881 + 1504
1881 + 1504
1881 + 1504
1881 + 1504
1882 # 1504
1882 - 1504 21
1882 # 1504
1882 - 1504 20
1882 + 1504
1882 + 1504
1882 + 1504
1883 # 1504
1883 - 1504 20
1883 + 1504
1883 + 1504
1883 + 1504
1884 # 1504
1884 - 1504 21
1884 + 1504
1884 + 1504
1884 + 1504
1885 # 1504
1885 - 1504 21
1885 # 1504
1885 - 1504 20
1885 # 1504
1885 - 1504 20
1885 + 1504
1885 + 1504
1885 + 1504
1886 + 1504
1886 + 1504
1886 + 1504
1886 + 1504
1886 + 1504
1886 + 1504
1886 + 1504
1887 # 1504
1887 - 1504 21
1887 # 1504
1887 - 1504 21
1887 + 1504
1888 # 1504
1888 - 1504 21
1888 + 1504
1888 + 1504
1888 + 1504
1888 + 1504
1889 + 1504
1889 + 1504
1889 + 1504
1889 + 1504
1890 + 1504
1890 + 1504
1890 + 1504
1890 + 1504
1890 + 1504
1890 + 1504
1890 + 1504
1890 + 1504
1891 + 1504
1891 + 1504
1891 + 1504
1891 + 1504
1892 + 1504
1892 + 1504
1892 + 1504
1892 + 1504
1893 + 1504
1893 + 1504
1893 + 1504
1893 + 1504
1894 + 1504
1894 + 1504
1894 + 1504
1894 + 1504
1895 + 1504
1895 + 1504
1895 + 1504
1895 + 1504
1896 + 1504
1896 + 1504
1896 + 1504
1896 + 1504
1897 # 1504
1897 - 1504 29
1897 # 1504
1897 - 1504 29
1897 # 1504
1897 - 1504 28
1897 # 1504
1897 - 1504 27
1897 # 1504
1897 - 1504 27
1897 # 1504
1897 - 1504 27
1897 + 1504
1897 + 1504
1897 + 1504
1897 + 1504
1898 + 1504
1898 + 1504
1898 + 1504
1898 + 1504
1898 + 1504
1899 # 1504
1899 - 1504 29
1899 # 1504
1899 - 1504 28
1899 # 1504
1899 - 1504 28
1899 # 1504
1899 - 1504 27
1899 # 1504
1899 - 1504 27
1899 # 1504
1899 - 1504 26
1899 + 1504
1899 + 1504
1899 + 1504
1899 + 1504
1900 # 1504
1900 - 1504 27
1900 # 1504
1900 - 1504 26
1900 # 1504
1900 - 1504 26
1900 + 1504
1900 + 1504
1900 + 1504
1900 + 1504
1901 + 1504
1901 + 1504
1901 + 1504
1901 + 1504
1902 # 1504
1902 - 1504 27
1902 # 1504
1902 - 1504 27
1902 + 1504
1902 + 1504
1902 + 1504
1902 + 1504
1903 # 1504
1903 - 1504 27
1904 + 1504
1904 + 1504
1904 + 1504
1904 + 1504
1912 # 1504
1912 - 1504 36
1912 # 1504
1912 - 1504 36
1913 # 1504
1913 - 1504 37
1913 # 1504
1913 - 1504 36
1913 # 1504
1913 - 1504 36
1913 # 1504
1913 - 1504 35
1913 + 1504
1913 + 1504
1913 + 1504
1913 + 1504
1914 + 1504
1914 + 1504
1914 + 1504
1915 + 1504
1915 + 1504
1915 + 1504
1915 + 1504
1915 + 1504
1916 # 1504
1916 - 1504 38
1916 # 1504
1916 - 1504 37
1916 # 1504
1916 - 1504 37
1916 # 1504
1916 - 1504 37
1916 # 1504
1916 - 1504 37
1916 # 1504
1916 - 1504 36
1916 + 1504
1916 + 1504
1916 + 1504
1916 + 1504
1917 # 1504
1917 - 1504 37
1917 # 1504
1917 - 1504 36
1917 # 1504
1917 - 1504 36
1917 # 1504
1917 - 1504 36
1917 + 1504
1917 + 1504
1917 + 1504
1917 + 1504
1918 + 1504
1918 + 1504
1918 + 1504
1918 + 1504
1919 # 1504
1919 - 1504 38
1919 + 1504
1919 + 1504
1919 + 1504
1920 # 1504
1920 - 1504 39
1920 # 1504
1920 - 1504 38
1920 + 1504
1920 + 1504
1920 + 1504
1921 + 1504
1921 + 1504
1921 + 1504
1922 # 1504
1922 - 1504 40
1922 # 1504
1922 - 1504 40
1922 # 1504
1922 - 1504 39
1923 # 1504
1923 - 1504 40
1924 # 1504
1924 - 1504 41
1924 + 1504
1924 + 1504
1924 + 1504
1924 + 1504
1926 # 1504
1926 - 1504 42
1926 # 1504
1926 - 1504 42
1927 # 1504
1927 - 1504 43
1928 # 1504
1928 - 1504 43
1928 + 1504
1928 + 1504
1928 + 1504
1928 + 1504
1928 + 1504
1929 # 1504
1929 - 1504 44
1929 # 1504
1929 - 1504 44
1930 # 1504
1930 - 1504 44
1930 # 1504
1930 - 1504 44
1931 # 1504
1931 - 1504 45
1932 + 1504
1932 + 1504
1932 + 1504
1932 + 1504
1932 + 1504
1933 # 1504
1933 - 1504 47
1933 # 1504
1933 - 1504 47
1934 # 1504
1934 - 1504 48
1934 + 1504
1934 + 1504
1935 # 1504
1935 - 1504 49
1936 + 1504
1936 + 1504
1936 + 1504
1941 # 1504
1941 - 1504 54
1941 # 1504
1941 - 1504 53
1941 # 1504
1941 - 1504 53
1944 + 1504
1944 + 1504
1944 + 1504
1952 # 1504
1952 - 1504 64
1952 # 1504
1952 - 1504 64
1952 # 1504
1952 - 1504 63
1954 + 1504
1954 + 1504
1954 + 1504
1955 # 1504
1955 - 1504 66
1955 # 1504
1955 - 1504 66
1955 # 1504
1955 - 1504 66
1955 # 1504
1955 - 1504 65
1955 # 1504
1955 - 1504 65
1955 # 1504
1955 - 1504 65
1955 # 1504
1955 - 1504 65
1955 # 1504
1955 - 1504 65
1955 # 1504
1955 - 1504 65
1955 # 1504
1955 - 1504 65
1955 # 1504
1955 - 1504 65
1955 # 1504
1955 - 1504 64
1955 # 1504
1955 - 1504 64
1955 # 1504
1955 - 1504 64
1956 # 1504
1956 - 1504 65
1956 # 1504
1956 - 1504 64
1956 # 1504
1956 - 1504 64
1956 # 1504
1956 - 1504 64
1956 # 1504
1956 - 1504 64
1956 # 1504
1956 - 1504 63
1957 + 1504
1957 + 1504
1957 + 1504
1958 # 1504
1958 - 1504 65
1958 + 1504
1958 + 1504
1959 + 1504
1959 + 1504
1960 + 1504
1960 + 1504
1960 + 1504
1961 + 1504
1961 + 1504
1962 + 1504
1962 + 1504
1963 + 1504
1963 + 1504
1964 + 1504
1964 + 1504
1964 + 1504
1964 + 1504
1965 # 1504
1965 - 1504 72
1965 # 1504
1965 - 1504 72
1965 # 1504
1965 - 1504 71
1965 # 1504
1965 - 1504 71
1965 # 1504
1965 - 1504 71
1965 # 1504
1965 - 1504 71
1965 # 1504
1965 - 1504 70
1965 + 1504
1965 + 1504
1966 # 1504
1966 - 1504 71
1966 # 1504
1966 - 1504 71
1966 # 1504
1966 - 1504 71
1967 # 1504
1967 - 1504 71
1967 # 1504
1967 - 1504 71
1967 # 1504
1967 - 1504 71
1967 + 1504
1967 + 1504
1967 + 1504
1967 + 1504
1968 + 1504
1968 + 1504
1969 + 1504
1969 + 1504
1970 + 1504
1970 + 1504
1971 + 1504
1971 + 1504
1972 + 1504
1972 + 1504
1976 # 1504
1976 - 1504 80
1976 # 1504
1976 - 1504 79
1976 # 1504
1976 - 1504 79
1976 # 1504
1976 - 1504 79
1976 # 1504
1976 - 1504 79
1976 # 1504
1976 - 1504 78
1976 # 1504
1976 - 1504 78
1978 # 1504
1978 - 1504 80
1978 # 1504
1978 - 1504 80
1978 # 1504
1978 - 1504 80
1978 # 1504
1978 - 1504 79
1978 # 1504
1978 - 1504 79
1978 # 1504
1978 - 1504 79
1978 # 1504
1978 - 1504 79
1979 # 1504
1979 - 1504 79
1979 # 1504
1979 - 1504 79
1979 # 1504
1979 - 1504 79
1981 # 1504
1981 - 1504 81
1981 # 1504
1981 - 1504 80
1981 # 1504
1981 - 1504 80
1982 # 1504
1982 - 1504 81
1982 # 1504
1982 - 1504 81
1982 + 1504
1982 + 1504
1983 + 1504
1983 + 1504
1984 # 1504
1984 - 1504 82
1984 + 1504
1984 + 1504
1985 # 1504
1985 - 1504 83
1985 # 1504
1985 - 1504 83
1985 + 1504
1985 + 1504
1986 # 1504
1986 - 1504 84
1986 # 1504
1986 - 1504 82
1986 + 1504
1986 + 1504
1987 # 1504
1987 - 1504 83
1987 # 1504
1987 - 1504 83
1987 # 1504
1987 - 1504 83
1987 + 1504
1988 + 1504
1988 + 1504
1989 + 1504
1989 + 1504
1990 # 1504
1990 - 1504 77
1990 + 1504
1990 + 1504
1991 + 1504
1991 + 1504
1992 + 1504
1993 # 1504
1993 - 1504 80
1993 # 1504
1993 - 1504 80
1993 + 1504
1993 + 1504
1994 + 1504
1994 + 1504
1995 # 1504
1995 - 1504 82
1995 # 1504
1995 - 1504 81
1995 # 1504
1995 - 1504 81
1995 # 1504
1995 - 1504 81
1995 # 1504
1995 - 1504 80
1995 # 1504
1995 - 1504 80
1995 # 1504
1995 - 1504 80
1995 + 1504
1995 + 1504
1996 + 1504
1996 + 1504
1997 + 1504
1998 # 1504
1998 - 1504 83
1998 # 1504
1998 - 1504 83
1998 # 1504
1998 - 1504 82
1998 # 1504
1998 - 1504 82
1998 # 1504
1998 - 1504 82
1998 + 1504
1998 + 1504
1999 + 1504
1999 + 1504
2000 # 1504
2000 - 1504 84
2000 # 1504
2000 - 1504 83
2000 # 1504
2000 - 1504 83
2000 + 1504
2000 + 1504
2001 # 1504
2001 - 1504 84
2001 # 1504
2001 - 1504 84
2001 + 1504
2001 + 1504
2002 + 1504
2003 # 1504
2003 - 1504 85
2003 + 1504
2003 + 1504
2004 # 1504
2004 - 1504 86
2004 + 1504
2004 + 1504
2005 + 1504
2005 + 1504
2006 # 1504
2006 - 1504 88
2006 # 1504
2006 - 1504 88
2006 # 1504
2006 - 1504 87
2006 # 1504
2006 - 1504 87
2006 # 1504
2006 - 1504 87
2007 # 1504
2007 - 1504 87
2007 # 1504
2007 - 1504 87
2007 + 1504
2007 + 1504
2007 + 1504
2008 # 1504
2008 - 1504 88
2008 # 1504
2008 - 1504 87
2008 + 1504
2008 + 1504
2009 # 1504
2009 - 1504 88
2009 # 1504
2009 - 1504 88
2009 + 1504
2009 + 1504
2010 # 1504
2010 - 1504 86
2010 # 1504
2010 - 1504 86
2010 # 1504
2010 - 1504 86
2010 + 1504
2011 + 1504
2011 + 1504
2012 # 1504
2012 - 1504 88
2012 + 1504
2012 + 1504
2013 # 1504
2013 - 1504 85
2013 + 1504
2013 + 1504
2014 # 1504
2014 - 1504 86
2014 # 1504
2014 - 1504 86
2014 + 1504
2015 + 1504
2015 + 1504
2016 # 1504
2016 - 1504 88
2016 # 1504
2016 - 1504 88
2016 # 1504
2016 - 1504 84
2016 # 1504
2016 - 1504 84
2016 # 1504
2016 - 1504 84
2016 # 1504
2016 - 1504 84
2016 + 1504
2016 + 1504
2017 # 1504
2017 - 1504 85
2017 # 1504
2017 - 1504 83
2017 + 1504
2018 + 1504
2018 + 1504
2019 + 1504
2019 + 1504
2020 # 1504
2020 - 1504 86
2020 + 1504
2020 + 1504
2021 # 1504
2021 - 1504 85
2021 # 1504
2021 - 1504 85
2021 # 1504
2021 - 1504 85
2022 # 1504
2022 - 1504 78
2023 + 1504
2023 + 1504
2024 + 1504
2024 + 1504
2025 + 1504
2025 + 1504
2026 + 1504
2026 + 1504
2027 + 1504
2028 + 1504
2028 + 1504
2029 + 1504
2029 + 1504
2030 # 1504
2030 - 1504 86
2030 # 1504
2030 - 1504 86
2030 # 1504
2030 - 1504 76
2030 + 1504
2030 + 1504
2031 + 1504
2032 # 1504
2032 - 1504 78
2032 # 1504
2032 - 1504 78
2032 # 1504
2032 - 1504 75
2032 # 1504
2032 - 1504 75
2032 # 1504
2032 - 1504 75
2032 # 1504
2032 - 1504 74
2032 # 1504
2032 - 1504 74
2032 # 1504
2032 - 1504 73
2032 # 1504
2032 - 1504 73
2032 + 1504
2032 + 1504
2033 + 1504
2033 + 1504
2034 # 1504
2034 - 1504 74
2034 # 1504
2034 - 1504 74
2034 # 1504
2034 - 1504 74
2034 # 1504
2034 - 1504 73
2034 # 1504
2034 - 1504 73
2034 + 1504
2034 + 1504
2035 + 1504
2035 + 1504
2036 + 1504
2036 + 1504
2037 # 1504
2037 - 1504 75
2037 + 1504
2037 + 1504
2038 # 1504
2038 - 1504 76
2038 + 1504
2038 + 1504
2039 + 1504
2039 + 1504
2040 + 1504
2040 + 1504
2041 # 1504
2041 - 1504 78
2041 + 1504
2041 + 1504
2042 + 1504
2044 # 1504
2044 - 1504 81
2044 # 1504
2044 - 1504 80
2046 + 1504
2046 + 1504
2047 # 1504
2047 - 1504 83
2049 + 1504
2051 # 1504
2051 - 1504 87
2053 + 1504
2055 # 1504
2055 - 1504 91
2055 # 1504
2055 - 1504 90
2062 + 1504
2062 + 1504
2065 # 1504
2065 - 1504 100
2065 # 1504
2065 - 1504 98
2070 # 1504
2070 - 1504 103
2071 # 1504
2071 - 1504 104
2071 # 1504
2071 - 1504 104
2071 # 1504
2071 - 1504 103
2073 # 1504
2073 - 1504 105
2073 # 1504
2073 - 1504 104
2075 + 1504
2075 + 1504
2076 + 1504
2076 + 1504
2077 + 1504
2077 + 1504
2078 # 1504
2078 - 1504 109
2078 + 1504
2079 + 1504
2079 + 1504
2080 + 1504
2087 # 1504
2087 - 1504 117
2087 # 1504
2087 - 1504 117
2088 # 1504
2088 - 1504 117
2088 # 1504
2088 - 1504 117
2088 # 1504
2088 - 1504 116
2090 # 1504
2090 - 1504 118
2090 # 1504
2090 - 1504 108
2090 + 1504
2090 + 1504
2091 # 1504
2091 - 1504 109
2091 + 1504
2092 + 1504
2092 + 1504
2093 # 1504
2093 - 1504 110
2093 + 1504
2094 # 1504
2094 - 1504 111
2094 + 1504
2095 # 1504
2095 - 1504 111
2095 # 1504
2095 - 1504 111
2095 + 1504
2095 + 1504
2096 # 1504
2096 - 1504 111
2096 + 1504
2097 # 1504
2097 - 1504 112
2098 # 1504
2098 - 1504 112
2100 # 1504
2100 - 1504 114
2102 # 1504
2102 - 1504 115
2103 # 1504
2103 - 1504 115
2103 # 1504
2103 - 1504 115
2104 # 1504
2104 - 1504 115
2104 + 1504
2105 # 1504
2105 - 1504 116
2105 # 1504
2105 - 1504 115
2105 # 1504
2105 - 1504 115
2105 + 1504
2105 + 1504
2106 + 1504
2107 # 1504
2107 - 1504 116
2107 # 1504
2107 - 1504 116
2107 + 1504
2107 + 1504
2108 # 1504
2108 - 1504 116
2108 + 1504
2109 # 1504
2109 - 1504 116
2109 # 1504
2109 - 1504 116
2109 + 1504
2110 + 1504
2110 + 1504
2111 # 1504
2111 - 1504 117
2111 + 1504
2112 # 1504
2112 - 1504 118
2112 + 1504
2113 + 1504
2113 + 1504
2115 + 1504
2115 + 1504
2116 + 1504
2117 + 1504
2118 + 1504
2119 + 1504
2119 + 1504
2122 # 1504
2122 - 1504 127
2122 # 1504
2122 - 1504 127
2122 # 1504
2122 - 1504 126
2125 # 1504
2125 - 1504 129
2125 # 1504
2125 - 1504 128
2125 # 1504
2125 - 1504 127
2125 # 1504
2125 - 1504 127
2125 # 1504
2125 - 1504 126
2125 # 1504
2125 - 1504 126
2125 # 1504
2125 - 1504 125
2127 # 1504
2127 - 1504 127
2127 # 1504
2127 - 1504 126
2127 # 1504
2127 - 1504 126
2127 # 1504
2127 - 1504 125
2127 # 1504
2127 - 1504 124
2129 # 1504
2129 - 1504 126
2129 # 1504
2129 - 1504 125
2130 # 1504
2130 - 1504 126
2130 # 1504
2130 - 1504 125
2130 # 1504
2130 - 1504 125
2130 + 1504
2130 + 1504
2131 # 1504
2131 - 1504 124
2131 # 1504
2131 - 1504 124
2131 + 1504
2132 + 1504
2133 # 1504
2133 - 1504 126
2133 # 1504
2133 - 1504 125
2133 # 1504
2133 - 1504 125
2133 + 1504
2134 # 1504
2134 - 1504 125
2134 # 1504
2134 - 1504 125
2134 # 1504
2134 - 1504 124
2134 + 1504
2134 + 1504
2135 + 1504
2136 # 1504
2136 - 1504 125
2136 # 1504
2136 - 1504 125
2136 # 1504
2136 - 1504 124
2136 + 1504
2137 # 1504
2137 - 1504 125
2137 + 1504
2138 + 1504
2139 # 1504
2139 - 1504 126
2139 # 1504
2139 - 1504 126
2139 # 1504
2139 - 1504 125
2139 + 1504
2139 + 1504
2140 + 1504
2141 # 1504
2141 - 1504 126
2141 # 1504
2141 - 1504 126
2141 # 1504
2141 - 1504 125
2141 # 1504
2141 - 1504 125
2141 # 1504
2141 - 1504 124
2141 + 1504
2142 + 1504
2143 + 1504
2143 + 1504
2144 + 1504
2145 + 1504
2146 + 1504
2147 + 1504
2147 + 1504
2148 + 1504
2149 + 1504
2150 + 1504
2151 + 1504
2151 + 1504
2152 # 1504
2152 - 1504 134
2152 # 1504
2152 - 1504 134
2152 # 1504
2152 - 1504 133
2152 # 1504
2152 - 1504 133
2152 + 1504
2153 # 1504
2153 - 1504 133
2153 # 1504
2153 - 1504 133
2153 + 1504
2154 + 1504
2155 + 1504
2156 + 1504
2156 + 1504
2157 # 1504
2157 - 1504 134
2157 # 1504
2157 - 1504 134
2157 # 1504
2157 - 1504 133
2157 # 1504
2157 - 1504 133
2157 # 1504
2157 - 1504 132
2157 + 1504
2158 + 1504
2159 # 1504
2159 - 1504 134
2159 # 1504
2159 - 1504 133
2159 # 1504
2159 - 1504 133
2159 # 1504
2159 - 1504 132
2159 # 1504
2159 - 1504 131
2159 # 1504
2159 - 1504 131
2159 # 1504
2159 - 1504 130
2159 + 1504
2160 # 1504
2160 - 1504 131
2160 # 1504
2160 - 1504 130
2160 # 1504
2160 - 1504 130
2160 # 1504
2160 - 1504 129
2160 + 1504
2161 + 1504
2162 # 1504
2162 - 1504 130
2162 # 1504
2162 - 1504 130
2162 + 1504
2162 + 1504
2163 # 1504
2163 - 1504 130
2163 + 1504
2164 + 1504
2165 # 1504
2165 - 1504 132
2165 # 1504
2165 - 1504 131
2165 # 1504
2165 - 1504 131
2165 + 1504
2166 # 1504
2166 - 1504 131
2166 # 1504
2166 - 1504 131
2166 + 1504
2167 # 1504
2167 - 1504 131
2167 # 1504
2167 - 1504 131
2167 + 1504
2167 + 1504
2168 + 1504
2169 # 1504
2169 - 1504 132
2169 # 1504
2169 - 1504 132
2169 + 1504
2170 # 1504
2170 - 1504 132
2170 + 1504
2171 # 1504
2171 - 1504 133
2171 # 1504
2171 - 1504 132
2171 + 1504
2172 # 1504
2172 - 1504 133
2172 # 1504
2172 - 1504 132
2172 + 1504
2172 + 1504
2173 # 1504
2173 - 1504 133
2173 + 1504
2174 # 1504
2174 - 1504 133
2174 # 1504
2174 - 1504 133
2174 + 1504
2175 # 1504
2175 - 1504 133
2175 + 1504
2176 + 1504
2177 + 1504
2177 + 1504
2178 + 1504
2179 + 1504
2180 + 1504
2181 + 1504
2182 + 1504
2182 + 1504
2183 + 1504
2184 + 1504
2185 # 1504
2185 - 1504 139
2185 # 1504
2185 - 1504 139
2185 # 1504
2185 - 1504 136
2185 # 1504
2185 - 1504 132
2185 # 1504
2185 - 1504 123
2185 # 1504
2185 - 1504 123
2185 # 1504
2185 - 1504 110
2185 # 1504
2185 - 1504 110
2185 + 1504
2186 + 1504
2187 + 1504
2187 + 1504
2188 # 1504
2188 - 1504 112
2188 # 1504
2188 - 1504 112
2188 # 1504
2188 - 1504 111
2188 # 1504
2188 - 1504 111
2188 # 1504
2188 - 1504 110
2188 # 1504
2188 - 1504 109
2188 # 1504
2188 - 1504 109
2188 # 1504
2188 - 1504 108
2188 # 1504
2188 - 1504 98
2188 # 1504
2188 - 1504 98
2188 + 1504
2189 + 1504
2190 # 1504
2190 - 1504 99
2190 + 1504
2191 # 1504
2191 - 1504 99
2191 # 1504
2191 - 1504 99
2191 + 1504
2191 + 1504
2192 # 1504
2192 - 1504 99
2192 # 1504
2192 - 1504 98
2192 + 1504
2193 # 1504
2193 - 1504 98
2193 # 1504
2193 - 1504 98
2193 + 1504
2194 + 1504
2194 + 1504
2195 + 1504
2196 + 1504
2196 + 1504
2197 + 1504
2197 + 1504
2198 + 1504
2199 + 1504
2199 + 1504
2200 + 1504
2201 + 1504
2201 + 1504
2202 + 1504
2203 # 1504
2203 - 1504 107
2203 # 1504
2203 - 1504 99
2203 # 1504
2203 - 1504 98
2203 # 1504
2203 - 1504 98
2203 + 1504
2203 + 1504
2204 + 1504
2205 + 1504
2205 + 1504
2206 + 1504
2207 # 1504
2207 - 1504 101
2207 # 1504
2207 - 1504 100
2207 + 1504
2207 + 1504
2208 # 1504
2208 - 1504 101
2208 + 1504
2208 + 1504
2209 # 1504
2209 - 1504 101
2209 # 1504
2209 - 1504 100
2209 # 1504
2209 - 1504 99
2209 # 1504
2209 - 1504 99
2209 # 1504
2209 - 1504 98
2209 # 1504
2209 - 1504 97
2209 # 1504
2209 - 1504 96
2209 + 1504
2210 # 1504
2210 - 1504 97
2210 + 1504
2210 + 1504
2211 # 1504
2211 - 1504 96
2211 # 1504
2211 - 1504 96
2211 # 1504
2211 - 1504 95
2211 # 1504
2211 - 1504 94
2211 + 1504
2212 # 1504
2212 - 1504 94
2212 + 1504
2212 + 1504
2213 + 1504
2213 + 1504
2214 # 1504
2214 - 1504 95
2214 + 1504
2215 # 1504
2215 - 1504 96
2215 # 1504
2215 - 1504 85
2215 # 1504
2215 - 1504 85
2215 # 1504
2215 - 1504 84
2215 + 1504
2215 + 1504
2216 + 1504
2216 + 1504
2217 # 1504
2217 - 1504 85
2217 # 1504
2217 - 1504 84
2217 # 1504
2217 - 1504 83
2217 + 1504
2218 + 1504
2218 + 1504
2219 # 1504
2219 - 1504 85
2219 # 1504
2219 - 1504 84
2219 # 1504
2219 - 1504 83
2219 + 1504
2219 + 1504
2220 # 1504
2220 - 1504 83
2220 # 1504
2220 - 1504 82
2220 + 1504
2220 + 1504
2221 + 1504
2222 # 1504
2222 - 1504 83
2222 + 1504
2222 + 1504
2223 # 1504
2223 - 1504 84
2223 # 1504
2223 - 1504 83
2223 # 1504
2223 - 1504 82
2223 + 1504
2223 + 1504
2224 + 1504
2224 + 1504
2225 + 1504
2225 + 1504
2226 # 1504
2226 - 1504 84
2226 # 1504
2226 - 1504 83
2226 # 1504
2226 - 1504 83
2226 # 1504
2226 - 1504 82
2226 # 1504
2226 - 1504 81
2226 + 1504
2227 + 1504
2227 + 1504
2228 # 1504
2228 - 1504 82
2228 # 1504
2228 - 1504 81
2228 + 1504
2228 + 1504
2229 # 1504
2229 - 1504 82
2229 # 1504
2229 - 1504 81
2229 + 1504
2229 + 1504
2230 # 1504
2230 - 1504 81
2230 # 1504
2230 - 1504 80
2230 + 1504
2230 + 1504
2231 # 1504
2231 - 1504 80
2231 # 1504
2231 - 1504 80
2231 # 1504
2231 - 1504 79
2231 + 1504
2231 + 1504
2232 + 1504
2232 + 1504
2233 # 1504
2233 - 1504 80
2233 # 1504
2233 - 1504 79
2233 + 1504
2233 + 1504
2234 # 1504
2234 - 1504 79
2234 # 1504
2234 - 1504 78
2234 # 1504
2234 - 1504 78
2234 + 1504
2235 # 1504
2235 - 1504 78
2235 + 1504
2235 + 1504
2236 + 1504
2236 + 1504
2237 + 1504
2237 + 1504
2238 + 1504
2238 + 1504
2239 + 1504
2239 + 1504
2240 + 1504
2240 + 1504
2241 + 1504
2241 + 1504
2242 + 1504
2242 + 1504
2243 + 1504
2243 + 1504
2244 + 1504
2244 + 1504
2245 # 1504
2245 - 1504 87
2245 # 1504
2245 - 1504 86
2245 # 1504
2245 - 1504 85
2245 # 1504
2245 - 1504 84
2245 # 1504
2245 - 1504 83
2245 + 1504
2245 + 1504
2246 + 1504
2246 + 1504
2247 + 1504
2247 + 1504
2248 + 1504
2248 + 1504
2250 # 1504
2250 - 1504 88
2250 # 1504
2250 - 1504 87
2250 # 1504
2250 - 1504 86
2250 # 1504
2250 - 1504 85
2250 # 1504
2250 - 1504 84
2250 # 1504
2250 - 1504 83
2250 # 1504
2250 - 1504 83
2250 # 1504
2250 - 1504 82
2251 # 1504
2251 - 1504 82
2251 # 1504
2251 - 1504 81
2251 # 1504
2251 - 1504 80
2251 # 1504
2251 - 1504 79
2251 # 1504
2251 - 1504 79
2251 # 1504
2251 - 1504 78
2251 # 1504
2251 - 1504 77
2251 # 1504
2251 - 1504 76
2251 # 1504
2251 - 1504 75
2251 # 1504
2251 - 1504 74
2252 # 1504
2252 - 1504 75
2252 # 1504
2252 - 1504 74
2253 # 1504
2253 - 1504 74
2253 # 1504
2253 - 1504 73
2257 + 1504
2257 + 1504
2258 + 1504
2258 + 1504
2259 + 1504
2259 + 1504
2260 + 1504
2260 + 1504
2261 + 1504
2261 + 1504
2262 # 1504
2262 - 1504 81
2262 # 1504
2262 - 1504 80
2262 # 1504
2262 - 1504 80
2262 # 1504
2262 - 1504 79
2262 + 1504
2262 + 1504
2263 # 1504
2263 - 1504 79
2263 # 1504
2263 - 1504 78
2263 # 1504
2263 - 1504 77
2263 + 1504
2263 + 1504
2264 + 1504
2264 + 1504
2265 + 1504
2265 + 1504
2266 # 1504
2266 - 1504 79
2266 # 1504
2266 - 1504 79
2266 # 1504
2266 - 1504 78
2266 # 1504
2266 - 1504 77
2266 # 1504
2266 - 1504 76
2266 # 1504
2266 - 1504 75
2266 # 1504
2266 - 1504 75
2266 # 1504
2266 - 1504 74
2266 # 1504
2266 - 1504 73
2266 # 1504
2266 - 1504 72
2266 # 1504
2266 - 1504 72
2266 + 1504
2266 + 1504
2267 + 1504
2267 + 1504
2267 + 1504
2268 + 1504
2268 + 1504
2269 + 1504
2269 + 1504
2270 + 1504
2270 + 1504
2271 + 1504
2271 + 1504
2271 + 1504
2272 + 1504
2272 + 1504
2273 + 1504
2273 + 1504
2274 + 1504
2274 + 1504
2275 # 1504
2275 - 1504 80
2275 # 1504
2275 - 1504 79
2275 # 1504
2275 - 1504 79
2275 # 1504
2275 - 1504 78
2275 # 1504
2275 - 1504 78
2275 # 1504
2275 - 1504 77
2275 # 1504
2275 - 1504 76
2275 # 1504
2275 - 1504 76
2275 + 1504
2275 + 1504
2276 # 1504
2276 - 1504 76
2276 # 1504
2276 - 1504 75
2276 + 1504
2276 + 1504
2281 # 1504
2281 - 1504 80
2281 # 1504
2281 - 1504 79
2281 # 1504
2281 - 1504 78
2281 # 1504
2281 - 1504 78
2281 # 1504
2281 - 1504 77
2282 # 1504
2282 - 1504 77
2282 + 1504
2282 + 1504
2283 + 1504
2283 + 1504
2283 + 1504
2284 + 1504
2284 + 1504
2285 + 1504
2285 + 1504
2286 # 1504
2286 - 1504 81
2286 # 1504
2286 - 1504 80
2286 # 1504
2286 - 1504 79
2286 # 1504
2286 - 1504 79
2286 # 1504
2286 - 1504 78
2286 # 1504
2286 - 1504 78
2286 # 1504
2286 - 1504 77
2286 # 1504
2286 - 1504 76
2286 # 1504
2286 - 1504 76
2286 + 1504
2286 + 1504
2287 # 1504
2287 - 1504 76
2287 # 1504
2287 - 1504 75
2287 # 1504
2287 - 1504 75
2287 # 1504
2287 - 1504 74
2287 + 1504
2287 + 1504
2288 # 1504
2288 - 1504 75
2288 + 1504
2288 + 1504
2289 + 1504
2289 + 1504
2290 + 1504
2290 + 1504
2291 + 1504
2291 + 1504
2292 + 1504
2292 + 1504
2293 + 1504
2293 + 1504
2294 + 1504
2294 + 1504
2295 + 1504
2295 + 1504
2296 + 1504
2296 + 1504
2297 # 1504
2297 - 1504 83
2297 # 1504
2297 - 1504 82
2297 # 1504
2297 - 1504 82
2297 # 1504
2297 - 1504 81
2297 # 1504
2297 - 1504 81
2297 # 1504
2297 - 1504 80
2297 # 1504
2297 - 1504 79
2297 # 1504
2297 - 1504 79
2298 # 1504
2298 - 1504 79
2298 # 1504
2298 - 1504 79
2298 + 1504
2298 + 1504
2299 + 1504
2299 + 1504
2300 + 1504
2300 + 1504
2300 + 1504
2300 + 1504
2301 + 1504
2301 + 1504
2304 # 1504
2304 - 1504 84
2304 # 1504
2304 - 1504 84
2304 # 1504
2304 - 1504 83
2304 # 1504
2304 - 1504 82
2306 + 1504
2307 + 1504
2307 + 1504
2308 # 1504
2308 - 1504 86
2308 # 1504
2308 - 1504 85
2308 # 1504
2308 - 1504 85
2308 # 1504
2308 - 1504 84
2308 # 1504
2308 - 1504 84
2308 # 1504
2308 - 1504 83
2308 # 1504
2308 - 1504 83
2308 # 1504
2308 - 1504 82
2308 + 1504
2308 + 1504
2309 # 1504
2309 - 1504 82
2309 # 1504
2309 - 1504 82
2309 # 1504
2309 - 1504 81
2309 # 1504
2309 - 1504 81
2309 + 1504
2309 + 1504
2310 # 1504
2310 - 1504 81
2310 + 1504
2310 + 1504
2311 # 1504
2311 - 1504 82
2311 + 1504
2311 + 1504
2312 + 1504
2312 + 1504
2313 + 1504
2313 + 1504
2314 + 1504
2314 + 1504
2315 + 1504
2315 + 1504
2319 # 1504
2319 - 1504 89
2319 # 1504
2319 - 1504 89
2320 # 1504
2320 - 1504 89
2320 # 1504
2320 - 1504 89
2320 # 1504
2320 - 1504 88
2320 # 1504
2320 - 1504 88
2320 # 1504
2320 - 1504 87
2320 # 1504
2320 - 1504 87
2321 + 1504
2321 + 1504
2322 + 1504
2322 + 1504
2323 + 1504
2323 + 1504
2324 + 1504
2324 + 1504
2325 + 1504
2326 # 1504
2326 - 1504 92
2326 # 1504
2326 - 1504 91
2326 # 1504
2326 - 1504 91
2329 # 1504
2329 - 1504 93
2329 # 1504
2329 - 1504 93
2329 # 1504
2329 - 1504 92
2329 # 1504
2329 - 1504 92
2329 # 1504
2329 - 1504 91
2330 # 1504
2330 - 1504 92
2330 # 1504
2330 - 1504 91
2330 # 1504
2330 - 1504 91
2330 # 1504
2330 - 1504 90
2331 # 1504
2331 - 1504 91
2331 + 1504
2331 + 1504
2332 + 1504
2332 + 1504
2333 # 1504
2333 - 1504 92
2333 # 1504
2333 - 1504 92
2333 + 1504
2333 + 1504
2334 # 1504
2334 - 1504 92
2334 # 1504
2334 - 1504 92
2334 + 1504
2334 + 1504
2335 + 1504
2335 + 1504
2336 # 1504
2336 - 1504 93
2336 # 1504
2336 - 1504 93
2336 + 1504
2337 + 1504
2337 + 1504
2338 + 1504
2338 + 1504
2339 + 1504
2339 + 1504
2340 + 1504
2340 + 1504
2341 + 1504
2344 # 1504
2344 - 1504 100
2344 # 1504
2344 - 1504 100
2345 + 1504
2345 + 1504
2346 # 1504
2346 - 1504 101
2346 # 1504
2346 - 1504 101
2346 # 1504
2346 - 1504 100
2346 # 1504
2346 - 1504 100
2346 # 1504
2346 - 1504 99
2346 # 1504
2346 - 1504 99
2346 # 1504
2346 - 1504 98
2346 # 1504
2346 - 1504 98
2347 # 1504
2347 - 1504 90
2347 # 1504
2347 - 1504 90
2348 # 1504
2348 - 1504 90
2348 + 1504
2348 + 1504
2349 # 1504
2349 - 1504 91
2349 + 1504
2349 + 1504
2350 # 1504
2350 - 1504 91
2350 # 1504
2350 - 1504 91
2350 # 1504
2350 - 1504 90
2350 + 1504
2351 + 1504
2351 + 1504
2351 + 1504
2352 + 1504
2353 + 1504
2353 + 1504
2354 + 1504
2354 + 1504
2355 + 1504
2355 + 1504
2360 # 1504
2360 - 1504 100
2360 # 1504
2360 - 1504 99
2362 # 1504
2362 - 1504 101
2362 # 1504
2362 - 1504 100
2362 # 1504
2362 - 1504 100
2362 # 1504
2362 - 1504 99
2362 + 1504
2363 # 1504
2363 - 1504 100
2363 # 1504
2363 - 1504 99
2363 # 1504
2363 - 1504 99
2363 + 1504
2363 + 1504
2364 + 1504
2364 + 1504
2365 + 1504
2365 + 1504
2366 + 1504
2367 + 1504
2367 + 1504
2371 # 1504
2371 - 1504 106
2371 # 1504
2371 - 1504 106
2371 # 1504
2371 - 1504 105
2371 # 1504
2371 - 1504 105
2371 # 1504
2371 - 1504 104
2372 # 1504
2372 - 1504 105
2372 # 1504
2372 - 1504 105
2372 # 1504
2372 - 1504 104
2374 # 1504
2374 - 1504 106
2374 # 1504
2374 - 1504 105
2375 # 1504
2375 - 1504 106
2375 # 1504
2375 - 1504 105
2376 + 1504
2376 + 1504
2377 # 1504
2377 - 1504 107
2377 + 1504
2378 # 1504
2378 - 1504 107
2378 # 1504
2378 - 1504 107
2378 # 1504
2378 - 1504 107
2378 + 1504
2378 + 1504
2379 + 1504
2379 + 1504
2380 # 1504
2380 - 1504 108
2380 + 1504
2381 # 1504
2381 - 1504 109
2381 + 1504
2381 + 1504
2382 # 1504
2382 - 1504 109
2382 # 1504
2382 - 1504 109
2382 + 1504
2383 # 1504
2383 - 1504 109
2383 + 1504
2385 # 1504
2385 - 1504 111
2386 # 1504
2386 - 1504 111
2386 + 1504
2387 + 1504
2387 + 1504
2388 + 1504
2389 # 1504
2389 - 1504 114
2389 # 1504
2389 - 1504 113
2389 + 1504
2389 + 1504
2390 + 1504
2391 # 1504
2391 - 1504 115
2391 # 1504
2391 - 1504 109
2391 + 1504
2391 + 1504
2392 + 1504
2392 + 1504
2393 # 1504
2393 - 1504 111
2393 # 1504
2393 - 1504 110
2393 # 1504
2393 - 1504 110
2393 + 1504
2394 # 1504
2394 - 1504 111
2394 # 1504
2394 - 1504 110
2395 # 1504
2395 - 1504 111
2397 # 1504
2397 - 1504 112
2398 # 1504
2398 - 1504 113
2398 # 1504
2398 - 1504 112
2399 # 1504
2399 - 1504 113
2400 # 1504
2400 - 1504 113
2401 # 1504
2401 - 1504 114
2403 # 1504
2403 - 1504 115
2403 # 1504
2403 - 1504 115
2403 # 1504
2403 - 1504 114
2406 # 1504
2406 - 1504 117
2406 # 1504
2406 - 1504 116
2407 # 1504
2407 - 1504 117
2407 # 1504
2407 - 1504 116
2407 # 1504
2407 - 1504 116
2407 # 1504
2407 - 1504 115
2409 # 1504
2409 - 1504 117
2418 # 1504
2418 - 1504 125
2418 # 1504
2418 - 1504 125
2418 # 1504
2418 - 1504 124
2418 # 1504
2418 - 1504 124
2418 # 1504
2418 - 1504 123
2418 # 1504
2418 - 1504 123
2421 # 1504
2421 - 1504 125
2421 # 1504
2421 - 1504 125
2421 # 1504
2421 - 1504 123
2421 # 1504
2421 - 1504 123
2421 # 1504
2421 - 1504 122
2421 # 1504
2421 - 1504 122
2421 # 1504
2421 - 1504 121
2421 # 1504
2421 - 1504 121
2421 # 1504
2421 - 1504 121
2427 # 1504
2427 - 1504 127
2427 # 1504
2427 - 1504 126
2427 # 1504
2427 - 1504 126
2427 # 1504
2427 - 1504 121
2427 # 1504
2427 - 1504 120
2427 # 1504
2427 - 1504 120
2430 # 1504
2430 - 1504 122
2430 # 1504
2430 - 1504 122
2430 # 1504
2430 - 1504 121
2430 # 1504
2430 - 1504 121
2431 # 1504
2431 - 1504 121
2431 # 1504
2431 - 1504 121
2431 # 1504
2431 - 1504 120
2432 # 1504
2432 - 1504 121
2432 # 1504
2432 - 1504 120
2432 # 1504
2432 - 1504 120
2433 # 1504
2433 - 1504 120
2433 # 1504
2433 - 1504 120
2434 # 1504
2434 - 1504 120
2435 # 1504
2435 - 1504 121
2436 # 1504
2436 - 1504 121
2437 # 1504
2437 - 1504 122
2438 # 1504
2438 - 1504 117
2438 # 1504
2438 - 1504 117
2441 # 1504
2441 - 1504 119
2441 # 1504
2441 - 1504 119
2442 # 1504
2442 - 1504 119
2444 # 1504
2444 - 1504 121
2445 # 1504
2445 - 1504 121
2446 # 1504
2446 - 1504 122
2446 # 1504
2446 - 1504 121
2446 # 1504
2446 - 1504 115
2447 # 1504
2447 - 1504 116
2449 # 1504
2449 - 1504 117
2449 # 1504
2449 - 1504 117
2451 # 1504
2451 - 1504 118
2451 # 1504
2451 - 1504 118
2451 # 1504
2451 - 1504 117
2451 # 1504
2451 - 1504 117
2454 # 1504
2454 - 1504 119
2454 # 1504
2454 - 1504 119
2455 # 1504
2455 - 1504 119
2455 # 1504
2455 - 1504 118
2456 # 1504
2456 - 1504 119
2457 # 1504
2457 - 1504 119
2458 # 1504
2458 - 1504 120
2459 # 1504
2459 - 1504 120
2460 # 1504
2460 - 1504 121
2460 # 1504
2460 - 1504 120
2461 # 1504
2461 - 1504 121
2461 # 1504
2461 - 1504 120
2462 # 1504
2462 - 1504 117
2462 # 1504
2462 - 1504 117
2463 # 1504
2463 - 1504 115
2464 # 1504
2464 - 1504 116
2465 # 1504
2465 - 1504 116
2467 # 1504
2467 - 1504 118
2467 # 1504
2467 - 1504 117
2468 # 1504
2468 - 1504 117
2469 # 1504
2469 - 1504 118
2469 # 1504
2469 - 1504 118
2470 # 1504
2470 - 1504 118
2471 # 1504
2471 - 1504 118
2472 # 1504
2472 - 1504 119
2473 # 1504
2473 - 1504 119
2473 # 1504
2473 - 1504 119
2475 # 1504
2475 - 1504 120
2475 # 1504
2475 - 1504 120
2477 # 1504
2477 - 1504 115
2477 # 1504
2477 - 1504 114
2479 # 1504
2479 - 1504 116
2479 # 1504
2479 - 1504 115
2481 # 1504
2481 - 1504 117
2481 # 1504
2481 - 1504 116
2490 # 1504
2490 - 1504 125
2490 # 1504
2490 - 1504 124
2490 # 1504
2490 - 1504 123
2494 # 1504
2494 - 1504 127
2494 # 1504
2494 - 1504 118
2494 # 1504
2494 - 1504 118
2498 # 1504
2498 - 1504 121
2498 # 1504
2498 - 1504 120
2498 # 1504
2498 - 1504 120
2498 # 1504
2498 - 1504 119
2498 # 1504
2498 - 1504 119
2498 # 1504
2498 - 1504 118
2498 # 1504
2498 - 1504 117
2499 # 1504
2499 - 1504 118
2499 # 1504
2499 - 1504 117
2499 # 1504
2499 - 1504 116
2499 # 1504
2499 - 1504 113
2500 + 1504
2500 + 1504
2501 # 1504
2501 - 1504 114
2501 # 1504
2501 - 1504 114
2502 + 1504
2502 + 1504
2503 # 1504
2503 - 1504 115
2503 + 1504
2504 + 1504
2504 + 1504
2505 # 1504
2505 - 1504 116
2505 + 1504
2506 + 1504
2506 + 1504
2507 # 1504
2507 - 1504 118
2507 + 1504
2508 + 1504
2509 # 1504
2509 - 1504 119
2509 # 1504
2509 - 1504 118
2509 # 1504
2509 - 1504 118
2509 # 1504
2509 - 1504 117
2509 + 1504
2509 + 1504
2510 + 1504
2511 # 1504
2511 - 1504 119
2511 + 1504
2511 + 1504
2512 # 1504
2512 - 1504 119
2512 + 1504
2513 # 1504
2513 - 1504 13
2513 + 1504
2513 + 1504
2514 + 1504
2515 # 1504
2515 - 1504 15
2515 + 1504
2515 + 1504
2516 # 1504
2516 - 1504 14
2516 + 1504
2517 + 1504
2517 + 1504
2517 + 1504
2518 # 1504
2518 - 1504 16
2518 # 1504
2518 - 1504 15
2518 + 1504
2519 + 1504
2519 + 1504
2520 + 1504
2520 + 1504
2521 + 1504
2521 + 1504
2522 + 1504
2522 + 1504
2523 + 1504
2523 + 1504
2524 + 1504
2524 + 1504
2525 + 1504
2525 + 1504
2526 # 1504
2526 - 1504 22
2526 # 1504
2526 - 1504 22
2526 # 1504
2526 - 1504 21
2526 # 1504
2526 - 1504 20
2526 + 1504
2526 + 1504
2527 + 1504
2527 + 1504
2528 # 1504
2528 - 1504 22
2528 # 1504
2528 - 1504 21
2528 # 1504
2528 - 1504 20
2528 # 1504
2528 - 1504 19
2528 + 1504
2528 + 1504
2528 + 1504
2528 + 1504
2528 + 1504
2528 + 1504
2529 + 1504
2529 + 1504
2529 + 1504
2529 + 1504
2530 # 1504
2530 - 1504 21
2530 + 1504
2530 + 1504
2530 + 1504
2530 + 1504
2531 # 1504
2531 - 1504 21
2531 # 1504
2531 - 1504 20
2531 + 1504
2531 + 1504
2531 + 1504
2531 + 1504
2532 + 1504
2532 + 1504
2532 + 1504
2532 + 1504
2533 # 1504
2533 - 1504 22
2533 # 1504
2533 - 1504 21
2533 + 1504
2533 + 1504
2533 + 1504
2533 + 1504
2533 + 1504
2534 + 1504
2534 + 1504
2534 + 1504
2534 + 1504
2535 # 1504
2535 - 1504 22
2535 + 1504
2535 + 1504
2535 + 1504
2535 + 1504
2535 + 1504
2535 + 1504
2535 + 1504
2535 + 1504
2536 # 1504
2536 - 1504 23
2536 # 1504
2536 - 1504 22
2536 + 1504
2536 + 1504
2536 + 1504
2536 + 1504
2537 # 1504
2537 - 1504 22
2537 + 1504
2537 + 1504
2537 + 1504
2537 + 1504
2538 # 1504
2538 - 1504 23
2538 + 1504
2538 + 1504
2538 + 1504
2538 + 1504
2539 # 1504
2539 - 1504 23
2539 # 1504
2539 - 1504 22
2539 # 1504
2539 - 1504 22
2539 + 1504
2539 + 1504
2539 + 1504
2539 + 1504
2539 + 1504
2539 + 1504
2539 + 1504
2539 + 1504
2540 + 1504
2540 + 1504
2540 + 1504
2540 + 1504
2541 + 1504
2541 + 1504
2541 + 1504
2541 + 1504
2541 + 1504
2541 + 1504
2542 + 1504
2542 + 1504
2542 + 1504
2542 + 1504
2542 + 1504
2542 + 1504
2542 + 1504
2542 + 1504
2542 + 1504
2543 + 1504
2543 + 1504
2543 + 1504
2543 + 1504
2543 + 1504
2543 + 1504
2544 + 1504
2544 + 1504
2544 + 1504
2544 + 1504
2544 + 1504
2544 + 1504
2545 + 1504
2545 + 1504
2545 + 1504
2545 + 1504
2545 + 1504
2545 + 1504
2546 + 1504
2546 + 1504
2546 + 1504
2546 + 1504
2546 + 1504
2546 + 1504
2547 + 1504
2547 + 1504
2547 + 1504
2547 + 1504
2547 + 1504
2547 + 1504
2548 + 1504
2548 + 1504
2548 + 1504
2548 + 1504
2548 + 1504
2548 + 1504
2549 + 1504
2549 + 1504
2549 + 1504
2549 + 1504
2549 + 1504
2549 + 1504
2549 + 1504
2549 + 1504
2549 + 1504
2550 + 1504
2550 + 1504
2550 + 1504
2550 + 1504
2550 + 1504
2550 + 1504
2551 # 1504
2551 - 1504 34
2554 # 1504
2554 - 1504 36
2554 # 1504
2554 - 1504 35
2554 # 1504
2554 - 1504 35
2554 # 1504
2554 - 1504 34
2554 # 1504
2554 - 1504 34
2554 # 1504
2554 - 1504 33
2554 # 1504
2554 - 1504 33
2554 # 1504
2554 - 1504 32
2554 # 1504
2554 - 1504 32
2554 # 1504
2554 - 1504 31
2554 + 1504
2554 + 1504
2554 + 1504
2555 # 1504
2555 - 1504 32
2555 # 1504
2555 - 1504 31
2555 # 1504
2555 - 1504 31
2555 # 1504
2555 - 1504 30
2555 # 1504
2555 - 1504 30
2556 # 1504
2556 - 1504 30
2556 # 1504
2556 - 1504 30
2556 # 1504
2556 - 1504 29
2556 + 1504
2556 + 1504
2556 + 1504
2556 + 1504
2556 + 1504
2556 + 1504
2557 # 1504
2557 - 1504 30
2557 + 1504
2557 + 1504
2557 + 1504
2557 + 1504
2557 + 1504
2558 + 1504
2558 + 1504
2558 + 1504
2558 + 1504
2558 + 1504
2559 # 1504
2559 - 1504 31
2560 + 1504
2560 + 1504
2560 + 1504
2560 + 1504
2560 + 1504
2569 # 1504
2569 - 1504 41
2569 # 1504
2569 - 1504 41
2569 # 1504
2569 - 1504 41
2569 # 1504
2569 - 1504 41
2569 # 1504
2569 - 1504 41
2569 # 1504
2569 - 1504 40
2570 # 1504
2570 - 1504 41
2570 # 1504
2570 - 1504 41
2570 # 1504
2570 - 1504 41
2570 # 1504
2570 - 1504 40
2570 # 1504
2570 - 1504 40
2570 # 1504
2570 - 1504 40
2570 + 1504
2571 + 1504
2571 + 1504
2571 + 1504
2571 + 1504
2571 + 1504
2571 + 1504
2571 + 1504
2571 + 1504
2572 # 1504
2572 - 1504 42
2572 # 1504
2572 - 1504 41
2572 + 1504
2572 + 1504
2572 + 1504
2572 + 1504
2573 # 1504
2573 - 1504 42
2573 # 1504
2573 - 1504 42
2573 # 1504
2573 - 1504 42
2573 # 1504
2573 - 1504 41
2573 # 1504
2573 - 1504 41
2573 # 1504
2573 - 1504 41
2574 + 1504
2574 + 1504
2574 + 1504
2575 # 1504
2575 - 1504 43
2575 + 1504
2575 + 1504
2575 + 1504
2575 + 1504
2576 # 1504
2576 - 1504 43
2576 # 1504
2576 - 1504 43
2577 # 1504
2577 - 1504 44
2577 + 1504
2577 + 1504
2577 + 1504
2578 # 1504
2578 - 1504 45
2579 # 1504
2579 - 1504 46
2579 + 1504
2579 + 1504
2579 + 1504
2579 + 1504
2580 # 1504
2580 - 1504 46
2580 # 1504
2580 - 1504 46
2580 # 1504
2580 - 1504 46
2580 # 1504
2580 - 1504 46
2581 # 1504
2581 - 1504 46
2581 # 1504
2581 - 1504 46
2582 + 1504
2582 + 1504
2582 + 1504
2582 + 1504
2582 + 1504
2583 # 1504
2583 - 1504 48
2583 # 1504
2583 - 1504 48
2583 # 1504
2583 - 1504 48
2584 + 1504
2584 + 1504
2584 + 1504
2585 # 1504
2585 - 1504 50
2585 # 1504
2585 - 1504 50
2586 # 1504
2586 - 1504 51
2587 # 1504
2587 - 1504 51
2587 # 1504
2587 - 1504 51
2587 + 1504
2587 + 1504
2587 + 1504
2588 # 1504
2588 - 1504 52
2589 # 1504
2589 - 1504 53
2589 + 1504
2589 + 1504
2589 + 1504
2590 # 1504
2590 - 1504 53
2590 # 1504
2590 - 1504 53
2590 + 1504
2590 + 1504
2590 + 1504
2591 # 1504
2591 - 1504 54
2591 # 1504
2591 - 1504 54
2591 + 1504
2591 + 1504
2591 + 1504
2592 # 1504
2592 - 1504 54
2592 # 1504
2592 - 1504 54
2593 # 1504
2593 - 1504 55
2594 # 1504
2594 - 1504 56
2594 # 1504
2594 - 1504 55
2594 + 1504
2594 + 1504
2594 + 1504
2595 # 1504
2595 - 1504 56
2595 # 1504
2595 - 1504 56
2595 + 1504
2595 + 1504
2595 + 1504
2595 + 1504
2604 # 1504
2604 - 1504 65
2604 # 1504
2604 - 1504 65
2605 # 1504
2605 - 1504 66
2605 # 1504
2605 - 1504 66
2605 # 1504
2605 - 1504 66
2605 # 1504
2605 - 1504 65
2606 + 1504
2606 + 1504
2606 + 1504
2607 # 1504
2607 - 1504 67
2607 # 1504
2607 - 1504 67
2607 + 1504
2607 + 1504
2607 + 1504
2607 + 1504
2608 # 1504
2608 - 1504 68
2608 # 1504
2608 - 1504 67
2608 # 1504
2608 - 1504 67
2608 # 1504
2608 - 1504 67
2608 # 1504
2608 - 1504 67
2608 + 1504
2608 + 1504
2609 # 1504
2609 - 1504 68
2609 # 1504
2609 - 1504 68
2609 + 1504
2609 + 1504
2609 + 1504
2609 + 1504
2610 + 1504
2610 + 1504
2611 + 1504
2611 + 1504
2617 # 1504
2617 - 1504 75
2617 # 1504
2617 - 1504 75
2617 # 1504
2617 - 1504 75
2617 # 1504
2617 - 1504 75
2617 # 1504
2617 - 1504 75
2617 # 1504
2617 - 1504 75
2618 # 1504
2618 - 1504 76
2618 # 1504
2618 - 1504 76
2618 # 1504
2618 - 1504 76
2618 # 1504
2618 - 1504 75
2618 # 1504
2618 - 1504 75
2618 # 1504
2618 - 1504 75
2619 + 1504
2619 + 1504
2619 + 1504
2620 # 1504
2620 - 1504 77
2620 # 1504
2620 - 1504 77
2620 + 1504
2620 + 1504
2621 # 1504
2621 - 1504 78
2621 # 1504
2621 - 1504 77
2621 # 1504
2621 - 1504 77
2621 + 1504
2621 + 1504
2622 # 1504
2622 - 1504 78
2622 + 1504
2622 + 1504
2623 # 1504
2623 - 1504 79
2623 + 1504
2623 + 1504
2623 + 1504
2623 + 1504
2624 # 1504
2624 - 1504 80
2624 # 1504
2624 - 1504 80
2624 + 1504
2624 + 1504
2625 + 1504
2625 + 1504
2626 + 1504
2626 + 1504
2628 + 1504
2628 + 1504
2637 # 1504
2637 - 1504 92
2637 # 1504
2637 - 1504 92
2637 # 1504
2637 - 1504 92
2637 # 1504
2637 - 1504 92
2639 + 1504
2639 + 1504
2639 + 1504
2639 + 1504
2640 # 1504
2640 - 1504 95
2640 # 1504
2640 - 1504 95
2640 # 1504
2640 - 1504 94
2640 # 1504
2640 - 1504 94
2640 # 1504
2640 - 1504 94
2640 # 1504
2640 - 1504 94
2640 # 1504
2640 - 1504 94
2642 + 1504
2642 + 1504
2642 + 1504
2643 # 1504
2643 - 1504 97
2643 # 1504
2643 - 1504 96
2643 # 1504
2643 - 1504 96
2643 # 1504
2643 - 1504 96
2643 # 1504
2643 - 1504 96
2643 + 1504
2643 + 1504
2644 + 1504
2644 + 1504
2645 + 1504
2645 + 1504
2646 + 1504
2646 + 1504
2647 + 1504
2647 + 1504
2648 + 1504
2654 # 1504
2654 - 1504 107
2654 # 1504
2654 - 1504 107
2654 # 1504
2654 - 1504 106
2654 # 1504
2654 - 1504 106
2654 # 1504
2654 - 1504 106
2654 # 1504
2654 - 1504 106
2654 # 1504
2654 - 1504 106
2655 # 1504
2655 - 1504 107
2655 # 1504
2655 - 1504 106
2655 # 1504
2655 - 1504 106
2655 # 1504
2655 - 1504 106
2655 # 1504
2655 - 1504 106
2655 # 1504
2655 - 1504 106
2655 # 1504
2655 - 1504 106
2655 + 1504
2656 # 1504
2656 - 1504 107
2656 # 1504
2656 - 1504 107
2656 # 1504
2656 - 1504 107
2656 # 1504
2656 - 1504 106
2656 # 1504
2656 - 1504 106
2656 # 1504
2656 - 1504 106
2656 # 1504
2656 - 1504 106
2656 # 1504
2656 - 1504 106
2656 + 1504
2656 + 1504
2657 # 1504
2657 - 1504 107
2657 # 1504
2657 - 1504 103
2657 + 1504
2657 + 1504
2658 + 1504
2659 # 1504
2659 - 1504 105
2659 # 1504
2659 - 1504 105
2659 # 1504
2659 - 1504 103
2659 # 1504
2659 - 1504 103
2659 + 1504
2659 + 1504
2660 + 1504
2660 + 1504
2661 # 1504
2661 - 1504 105
2661 # 1504
2661 - 1504 105
2661 # 1504
2661 - 1504 105
2661 + 1504
2661 + 1504
2662 + 1504
2663 # 1504
2663 - 1504 107
2663 # 1504
2663 - 1504 106
2663 + 1504
2663 + 1504
2664 # 1504
2664 - 1504 107
2664 + 1504
2664 + 1504
2665 # 1504
2665 - 1504 108
2665 # 1504
2665 - 1504 108
2665 # 1504
2665 - 1504 108
2665 + 1504
2665 + 1504
2666 + 1504
2666 + 1504
2667 # 1504
2667 - 1504 109
2667 + 1504
2668 # 1504
2668 - 1504 110
2668 + 1504
2668 + 1504
2669 # 1504
2669 - 1504 111
2669 # 1504
2669 - 1504 111
2669 # 1504
2669 - 1504 111
2669 + 1504
2669 + 1504
2670 # 1504
2670 - 1504 110
2670 + 1504
2670 + 1504
2671 # 1504
2671 - 1504 111
2671 + 1504
2672 # 1504
2672 - 1504 112
2672 + 1504
2672 + 1504
2673 # 1504
2673 - 1504 113
2673 # 1504
2673 - 1504 113
2673 + 1504
2673 + 1504
2674 # 1504
2674 - 1504 104
2674 + 1504
2674 + 1504
2675 + 1504
2676 + 1504
2676 + 1504
2677 + 1504
2677 + 1504
2678 + 1504
2678 + 1504
2679 + 1504
2680 + 1504
2680 + 1504
2681 + 1504
2681 + 1504
2682 + 1504
2683 + 1504
2683 + 1504
2684 # 1504
2684 - 1504 113
2684 # 1504
2684 - 1504 113
2684 # 1504
2684 - 1504 113
2685 # 1504
2685 - 1504 114
2685 # 1504
2685 - 1504 114
2685 # 1504
2685 - 1504 114
2685 # 1504
2685 - 1504 114
2685 + 1504
2686 # 1504
2686 - 1504 115
2686 # 1504
2686 - 1504 114
2686 # 1504
2686 - 1504 114
2686 # 1504
2686 - 1504 114
2686 # 1504
2686 - 1504 114
2686 + 1504
2686 + 1504
2687 # 1504
2687 - 1504 113
2687 # 1504
2687 - 1504 113
2687 + 1504
2688 # 1504
2688 - 1504 114
2688 + 1504
2688 + 1504
2689 # 1504
2689 - 1504 114
2689 + 1504
2689 + 1504
2690 + 1504
2690 + 1504
2691 + 1504
2692 + 1504
2692 + 1504
2693 + 1504
2693 + 1504
2694 + 1504
2695 + 1504
2699 # 1504
2699 - 1504 124
2699 # 1504
2699 - 1504 124
2699 # 1504
2699 - 1504 124
2701 # 1504
2701 - 1504 124
2701 # 1504
2701 - 1504 124
2701 # 1504
2701 - 1504 124
2703 # 1504
2703 - 1504 124
2703 # 1504
2703 - 1504 124
2703 # 1504
2703 - 1504 124
2703 # 1504
2703 - 1504 124
2703 # 1504
2703 - 1504 121
2703 # 1504
2703 - 1504 121
2703 # 1504
2703 - 1504 121
2703 # 1504
2703 - 1504 121
2703 + 1504
2704 # 1504
2704 - 1504 122
2704 + 1504
2704 + 1504
2705 # 1504
2705 - 1504 121
2705 # 1504
2705 - 1504 121
2705 # 1504
2705 - 1504 121
2705 + 1504
2706 # 1504
2706 - 1504 119
2706 + 1504
2706 + 1504
2707 + 1504
2707 + 1504
2708 + 1504
2709 # 1504
2709 - 1504 122
2709 # 1504
2709 - 1504 122
2709 # 1504
2709 - 1504 120
2709 + 1504
2709 + 1504
2710 # 1504
2710 - 1504 121
2710 + 1504
2711 + 1504
2711 + 1504
2712 # 1504
2712 - 1504 123
2712 # 1504
2712 - 1504 122
2712 # 1504
2712 - 1504 122
2712 + 1504
2713 + 1504
2713 + 1504
2714 + 1504
2714 + 1504
2715 # 1504
2715 - 1504 125
2715 # 1504
2715 - 1504 124
2715 # 1504
2715 - 1504 124
2715 # 1504
2715 - 1504 124
2715 + 1504
2716 + 1504
2716 + 1504
2717 # 1504
2717 - 1504 123
2717 # 1504
2717 - 1504 123
2717 + 1504
2718 + 1504
2718 + 1504
2719 + 1504
2720 + 1504
2720 + 1504
2721 + 1504
2722 + 1504
2722 + 1504
2723 + 1504
2723 + 1504
2726 # 1504
2726 - 1504 132
2726 # 1504
2726 - 1504 131
2726 # 1504
2726 - 1504 131
2726 # 1504
2726 - 1504 131
2728 # 1504
2728 - 1504 133
2728 # 1504
2728 - 1504 122
2728 # 1504
2728 - 1504 122
2728 # 1504
2728 - 1504 122
2728 + 1504
2728 + 1504
2729 + 1504
2729 + 1504
2730 + 1504
2731 # 1504
2731 - 1504 124
2731 # 1504
2731 - 1504 124
2731 # 1504
2731 - 1504 124
2731 # 1504
2731 - 1504 124
2731 + 1504
2731 + 1504
2732 # 1504
2732 - 1504 124
2732 # 1504
2732 - 1504 124
2732 # 1504
2732 - 1504 123
2732 + 1504
2733 + 1504
2734 + 1504
2734 + 1504
2735 + 1504
2736 + 1504
2737 # 1504
2737 - 1504 128
2737 # 1504
2737 - 1504 128
2737 # 1504
2737 - 1504 128
2737 # 1504
2737 - 1504 127
2737 # 1504
2737 - 1504 127
2737 + 1504
2737 + 1504
2738 + 1504
2739 + 1504
2740 + 1504
2740 + 1504
2741 + 1504
2743 # 1504
2743 - 1504 132
2743 # 1504
2743 - 1504 132
2743 # 1504
2743 - 1504 124
2743 # 1504
2743 - 1504 124
2743 # 1504
2743 - 1504 124
2743 # 1504
2743 - 1504 123
2744 # 1504
2744 - 1504 124
2744 # 1504
2744 - 1504 123
2744 # 1504
2744 - 1504 123
2745 # 1504
2745 - 1504 123
2745 # 1504
2745 - 1504 123
2745 + 1504
2745 + 1504
2746 # 1504
2746 - 1504 123
2746 # 1504
2746 - 1504 123
2746 + 1504
2746 + 1504
2747 + 1504
2748 # 1504
2748 - 1504 125
2748 + 1504
2748 + 1504
2749 + 1504
2750 # 1504
2750 - 1504 127
2750 # 1504
2750 - 1504 126
2750 + 1504
2750 + 1504
2751 + 1504
2752 + 1504
2752 + 1504
2753 + 1504
2754 + 1504
2754 + 1504
2767 # 1504
2767 - 1504 143
2767 # 1504
2767 - 1504 142
2767 # 1504
2767 - 1504 142
2767 # 1504
2767 - 1504 141
2767 # 1504
2767 - 1504 141
2767 # 1504
2767 - 1504 139
2768 # 1504
2768 - 1504 140
2768 # 1504
2768 - 1504 129
2768 # 1504
2768 - 1504 129
2768 # 1504
2768 - 1504 129
2768 # 1504
2768 - 1504 129
2768 # 1504
2768 - 1504 126
2771 # 1504
2771 - 1504 129
2771 # 1504
2771 - 1504 129
2771 # 1504
2771 - 1504 128
2771 # 1504
2771 - 1504 128
2771 # 1504
2771 - 1504 127
2771 # 1504
2771 - 1504 127
2772 # 1504
2772 - 1504 127
2772 # 1504
2772 - 1504 127
2772 # 1504
2772 - 1504 126
2772 # 1504
2772 - 1504 126
2778 + 1504
2778 + 1504
2779 # 1504
2779 - 1504 132
2779 # 1504
2779 - 1504 132
2779 # 1504
2779 - 1504 131
2779 # 1504
2779 - 1504 124
2779 # 1504
2779 - 1504 123
2779 # 1504
2779 - 1504 123
2779 + 1504
2780 # 1504
2780 - 1504 123
2780 # 1504
2780 - 1504 123
2780 + 1504
2780 + 1504
2781 # 1504
2781 - 1504 123
2781 # 1504
2781 - 1504 122
2781 # 1504
2781 - 1504 122
2781 + 1504
2782 # 1504
2782 - 1504 122
2782 # 1504
2782 - 1504 122
2782 # 1504
2782 - 1504 121
2782 + 1504
2783 + 1504
2783 + 1504
2784 # 1504
2784 - 1504 123
2784 + 1504
2785 # 1504
2785 - 1504 123
2785 # 1504
2785 - 1504 122
2785 # 1504
2785 - 1504 122
2785 + 1504
2785 + 1504
2786 # 1504
2786 - 1504 122
2786 + 1504
2787 + 1504
2787 + 1504
2788 + 1504
2788 + 1504
2789 # 1504
2789 - 1504 125
2789 + 1504
2790 + 1504
2790 + 1504
2791 # 1504
2791 - 1504 126
2791 # 1504
2791 - 1504 126
2791 + 1504
2792 # 1504
2792 - 1504 126
2792 + 1504
2792 + 1504
2793 + 1504
2794 + 1504
2794 + 1504
2795 # 1504
2795 - 1504 129
2795 # 1504
2795 - 1504 128
2795 + 1504
2796 # 1504
2796 - 1504 128
2796 + 1504
2796 + 1504
2797 + 1504
2798 + 1504
2798 + 1504
2799 + 1504
2800 + 1504
2800 + 1504
2801 + 1504
2802 + 1504
2802 + 1504
2803 + 1504
2804 + 1504
2804 + 1504
2805 + 1504
2806 # 1504
2806 - 1504 138
2806 # 1504
2806 - 1504 137
2806 # 1504
2806 - 1504 137
2806 # 1504
2806 - 1504 136
2806 # 1504
2806 - 1504 136
2806 + 1504
2806 + 1504
2807 # 1504
2807 - 1504 136
2807 # 1504
2807 - 1504 135
2807 # 1504
2807 - 1504 135
2807 # 1504
2807 - 1504 134
2807 # 1504
2807 - 1504 134
2807 + 1504
2808 + 1504
2808 + 1504
2809 + 1504
2810 + 1504
2810 + 1504
2811 + 1504
2812 + 1504
2812 + 1504
2813 + 1504
2814 + 1504
2814 + 1504
2815 # 1504
2815 - 1504 141
2815 # 1504
2815 - 1504 141
2815 # 1504
2815 - 1504 140
2815 + 1504
2816 + 1504
2816 + 1504
2817 # 1504
2817 - 1504 141
2817 # 1504
2817 - 1504 141
2817 # 1504
2817 - 1504 140
2817 # 1504
2817 - 1504 140
2817 # 1504
2817 - 1504 139
2817 + 1504
2818 # 1504
2818 - 1504 140
2818 # 1504
2818 - 1504 139
2818 # 1504
2818 - 1504 138
2818 + 1504
2818 + 1504
2819 # 1504
2819 - 1504 139
2819 + 1504
2820 + 1504
2820 + 1504
2821 + 1504
2822 + 1504
2822 + 1504
2823 + 1504
2824 + 1504
2824 + 1504
2825 + 1504
2826 + 1504
2826 + 1504
2829 # 1504
2829 - 1504 148
2829 # 1504
2829 - 1504 148
2829 # 1504
2829 - 1504 147
2829 # 1504
2829 - 1504 146
2829 # 1504
2829 - 1504 146
2829 # 1504
2829 - 1504 144
2830 # 1504
2830 - 1504 144
2830 # 1504
2830 - 1504 144
2830 # 1504
2830 - 1504 143
2831 # 1504
2831 - 1504 143
2831 + 1504
2831 + 1504
2832 # 1504
2832 - 1504 144
2832 + 1504
2832 + 1504
2833 # 1504
2833 - 1504 144
2833 + 1504
2834 # 1504
2834 - 1504 145
2834 # 1504
2834 - 1504 144
2834 + 1504
2835 + 1504
2835 + 1504
2836 # 1504
2836 - 1504 146
2836 # 1504
2836 - 1504 145
2836 + 1504
2837 # 1504
2837 - 1504 145
2837 + 1504
2837 + 1504
2838 + 1504
2839 + 1504
2839 + 1504
2840 # 1504
2840 - 1504 148
2840 + 1504
2841 # 1504
2841 - 1504 148
2841 + 1504
2842 # 1504
2842 - 1504 149
2842 + 1504
2842 + 1504
2843 # 1504
2843 - 1504 149
2843 + 1504
2844 # 1504
2844 - 1504 149
2844 + 1504
2844 + 1504
2845 + 1504
2846 # 1504
2846 - 1504 143
2846 + 1504
2847 + 1504
2847 + 1504
2848 # 1504
2848 - 1504 144
2849 # 1504
2849 - 1504 145
2850 + 1504
2850 + 1504
2858 # 1504
2858 - 1504 153
2858 # 1504
2858 - 1504 152
2858 # 1504
2858 - 1504 152
2860 # 1504
2860 - 1504 153
2860 # 1504
2860 - 1504 153
2860 # 1504
2860 - 1504 152
2861 # 1504
2861 - 1504 152
2861 # 1504
2861 - 1504 152
2863 # 1504
2863 - 1504 153
2863 # 1504
2863 - 1504 152
2863 # 1504
2863 - 1504 152
2863 # 1504
2863 - 1504 151
2864 # 1504
2864 - 1504 151
2866 # 1504
2866 - 1504 153
2866 # 1504
2866 - 1504 152
2866 # 1504
2866 - 1504 152
2867 + 1504
2867 + 1504
2868 # 1504
2868 - 1504 153
2868 + 1504
2869 # 1504
2869 - 1504 153
2869 + 1504
2870 + 1504
2871 + 1504
2871 + 1504
2872 + 1504
2873 + 1504
2873 + 1504
2874 + 1504
2875 + 1504
2876 + 1504
2876 + 1504
2877 + 1504
2878 + 1504
2879 # 1504
2879 - 1504 163
2879 # 1504
2879 - 1504 162
2879 + 1504
2880 + 1504
2880 + 1504
2881 + 1504
2882 # 1504
2882 - 1504 164
2882 # 1504
2882 - 1504 164
2882 # 1504
2882 - 1504 163
2882 # 1504
2882 - 1504 162
2882 # 1504
2882 - 1504 162
2882 + 1504
2883 + 1504
2883 + 1504
2884 + 1504
2885 + 1504
2886 # 1504
2886 - 1504 165
2886 # 1504
2886 - 1504 164
2886 # 1504
2886 - 1504 164
2886 # 1504
2886 - 1504 163
2886 # 1504
2886 - 1504 163
2886 + 1504
2887 # 1504
2887 - 1504 159
2887 + 1504
2887 + 1504
2888 # 1504
2888 - 1504 160
2888 + 1504
2889 # 1504
2889 - 1504 160
2889 + 1504
2890 # 1504
2890 - 1504 161
2890 # 1504
2890 - 1504 160
2890 + 1504
2890 + 1504
2891 + 1504
2892 + 1504
2893 # 1504
2893 - 1504 162
2893 + 1504
2894 + 1504
2894 + 1504
2895 # 1504
2895 - 1504 164
2895 + 1504
2896 # 1504
2896 - 1504 164
2896 # 1504
2896 - 1504 163
2896 # 1504
2896 - 1504 162
2896 # 1504
2896 - 1504 162
2897 + 1504
2898 # 1504
2898 - 1504 163
2898 + 1504
2899 # 1504
2899 - 1504 163
2899 + 1504
2899 + 1504
2900 # 1504
2900 - 1504 163
2900 # 1504
2900 - 1504 163
2900 + 1504
2901 + 1504
2902 + 1504
2903 # 1504
2903 - 1504 165
2903 + 1504
2903 + 1504
2904 # 1504
2904 - 1504 165
2905 # 1504
2905 - 1504 165
2905 # 1504
2905 - 1504 165
2905 + 1504
2907 # 1504
2907 - 1504 166
2907 # 1504
2907 - 1504 162
2909 # 1504
2909 - 1504 164
2910 # 1504
2910 - 1504 164
2910 # 1504
2910 - 1504 164
2911 # 1504
2911 - 1504 164
2914 # 1504
2914 - 1504 166
2914 # 1504
2914 - 1504 166
2915 + 1504
2915 + 1504
2916 + 1504
2917 + 1504
2917 + 1504
2918 + 1504
2919 + 1504
2920 + 1504
2921 + 1504
2922 + 1504
2923 # 1504
2923 - 1504 174
2923 # 1504
2923 - 1504 173
2925 # 1504
2925 - 1504 175
2925 # 1504
2925 - 1504 174
2925 # 1504
2925 - 1504 173
2925 # 1504
2925 - 1504 173
2925 # 1504
2925 - 1504 172
2925 # 1504
2925 - 1504 171
2929 + 1504
2930 + 1504
2930 + 1504
2931 + 1504
2932 + 1504
2933 # 1504
2933 - 1504 179
2933 # 1504
2933 - 1504 155
2933 # 1504
2933 - 1504 155
2933 # 1504
2933 - 1504 154
2933 + 1504
2934 + 1504
2935 # 1504
2935 - 1504 155
2935 # 1504
2935 - 1504 155
2935 # 1504
2935 - 1504 154
2935 # 1504
2935 - 1504 153
2935 + 1504
2935 + 1504
2937 # 1504
2937 - 1504 154
2937 # 1504
2937 - 1504 154
2938 # 1504
2938 - 1504 154
2938 + 1504
2938 + 1504
2939 + 1504
2940 # 1504
2940 - 1504 155
2940 + 1504
2941 # 1504
2941 - 1504 156
2941 + 1504
2941 + 1504
2942 # 1504
2942 - 1504 156
2942 + 1504
2943 + 1504
2944 # 1504
2944 - 1504 157
2944 # 1504
2944 - 1504 157
2944 + 1504
2945 + 1504
2946 + 1504
2946 + 1504
2947 # 1504
2947 - 1504 159
2947 # 1504
2947 - 1504 159
2947 # 1504
2947 - 1504 158
2947 # 1504
2947 - 1504 157
2947 + 1504
2948 + 1504
2949 # 1504
2949 - 1504 159
2949 + 1504
2950 # 1504
2950 - 1504 159
2950 + 1504
2955 + 1504
2955 + 1504
2956 + 1504
2957 + 1504
2958 + 1504
2958 + 1504
2959 # 1504
2959 - 1504 167
2959 # 1504
2959 - 1504 167
2959 + 1504
2960 # 1504
2960 - 1504 167
2960 # 1504
2960 - 1504 166
2962 # 1504
2962 - 1504 168
2962 # 1504
2962 - 1504 167
2962 # 1504
2962 - 1504 166
2962 # 1504
2962 - 1504 166
2962 # 1504
2962 - 1504 165
2962 # 1504
2962 - 1504 164
2963 # 1504
2963 - 1504 165
2969 + 1504
2969 + 1504
2970 + 1504
2971 # 1504
2971 - 1504 172
2971 # 1504
2971 - 1504 171
2971 # 1504
2971 - 1504 171
2971 # 1504
2971 - 1504 170
2971 # 1504
2971 - 1504 169
2971 + 1504
2972 + 1504
2972 + 1504
2973 + 1504
2974 + 1504
2975 + 1504
2976 # 1504
2976 - 1504 174
2976 # 1504
2976 - 1504 173
2976 # 1504
2976 - 1504 172
2976 # 1504
2976 - 1504 172
2976 + 1504
2977 # 1504
2977 - 1504 172
2977 + 1504
2977 + 1504
2978 # 1504
2978 - 1504 172
2978 # 1504
2978 - 1504 172
2978 # 1504
2978 - 1504 171
2978 + 1504
2979 # 1504
2979 - 1504 171
2979 + 1504
2980 # 1504
2980 - 1504 172
2980 # 1504
2980 - 1504 171
2980 # 1504
2980 - 1504 170
2980 # 1504
2980 - 1504 170
2980 # 1504
2980 - 1504 169
2980 # 1504
2980 - 1504 168
2980 + 1504
2981 + 1504
2981 + 1504
2982 # 1504
2982 - 1504 170
2982 # 1504
2982 - 1504 169
2982 # 1504
2982 - 1504 168
2983 # 1504
2983 - 1504 169
2983 + 1504
2983 + 1504
2984 # 1504
2984 - 1504 169
2984 # 1504
2984 - 1504 168
2984 + 1504
2985 # 1504
2985 - 1504 169
2985 # 1504
2985 - 1504 168
2985 + 1504
2986 + 1504
2987 # 1504
2987 - 1504 169
2987 # 1504
2987 - 1504 169
2987 # 1504
2987 - 1504 168
2987 + 1504
2987 + 1504
2988 # 1504
2988 - 1504 168
2988 + 1504
2989 + 1504
2990 # 1504
2990 - 1504 170
2990 + 1504
2991 # 1504
2991 - 1504 170
2991 # 1504
2991 - 1504 169
2991 + 1504
2992 # 1504
2992 - 1504 170
2992 + 1504
2992 + 1504
2993 # 1504
2993 - 1504 170
2993 + 1504
2994 + 1504
2995 + 1504
2996 # 1504
2996 - 1504 172
2996 + 1504
2997 + 1504
2997 + 1504
2998 + 1504
2999 + 1504
3000 + 1504
3001 + 1504
3002 + 1504
3002 + 1504
3003 + 1504
3004 + 1504
3005 # 1504
3005 - 1504 181
3005 + 1504
3006 # 1504
3006 - 1504 181
3006 + 1504
3006 + 1504
3007 # 1504
3007 - 1504 181
3007 # 1504
3007 - 1504 181
3007 # 1504
3007 - 1504 176
3007 # 1504
3007 - 1504 176
3007 # 1504
3007 - 1504 175
3007 + 1504
3008 # 1504
3008 - 1504 176
3008 # 1504
3008 - 1504 175
3008 # 1504
3008 - 1504 174
3008 # 1504
3008 - 1504 173
3008 + 1504
3009 # 1504
3009 - 1504 174
3009 + 1504
3010 + 1504
3011 # 1504
3011 - 1504 175
3011 # 1504
3011 - 1504 174
3011 # 1504
3011 - 1504 174
3011 + 1504
3012 # 1504
3012 - 1504 174
3012 + 1504
3012 + 1504
3013 # 1504
3013 - 1504 174
3013 # 1504
3013 - 1504 174
3013 + 1504
3014 # 1504
3014 - 1504 174
3014 + 1504
3015 # 1504
3015 - 1504 174
3015 # 1504
3015 - 1504 173
3015 + 1504
3016 # 1504
3016 - 1504 174
3016 + 1504
3017 # 1504
3017 - 1504 174
3017 + 1504
3017 + 1504
3018 # 1504
3018 - 1504 174
3018 # 1504
3018 - 1504 174
3018 + 1504
3019 # 1504
3019 - 1504 174
3019 # 1504
3019 - 1504 173
3019 # 1504
3019 - 1504 172
3019 # 1504
3019 - 1504 172
3019 + 1504
3020 # 1504
3020 - 1504 170
3020 # 1504
3020 - 1504 170
3020 # 1504
3020 - 1504 153
3020 + 1504
3021 + 1504
3022 # 1504
3022 - 1504 155
3022 + 1504
3023 # 1504
3023 - 1504 155
3023 # 1504
3023 - 1504 154
3023 # 1504
3023 - 1504 153
3023 + 1504
3023 + 1504
3024 + 1504
3025 + 1504
3026 + 1504
3027 + 1504
3028 + 1504
3028 + 1504
3029 + 1504
3030 + 1504
3031 + 1504
3032 # 1504
3032 - 1504 161
3032 # 1504
3032 - 1504 161
3032 # 1504
3032 - 1504 160
3032 # 1504
3032 - 1504 159
3032 # 1504
3032 - 1504 159
3032 # 1504
3032 - 1504 158
3032 # 1504
3032 - 1504 157
3032 # 1504
3032 - 1504 156
3032 # 1504
3032 - 1504 156
3032 # 1504
3032 - 1504 155
3032 # 1504
3032 - 1504 154
3032 + 1504
3032 + 1504
3033 # 1504
3033 - 1504 154
3033 # 1504
3033 - 1504 153
3033 # 1504
3033 - 1504 153
3033 + 1504
3034 # 1504
3034 - 1504 153
3034 # 1504
3034 - 1504 152
3034 # 1504
3034 - 1504 151
3034 # 1504
3034 - 1504 151
3034 + 1504
3035 + 1504
3036 + 1504
3037 + 1504
3037 + 1504
3038 + 1504
3039 + 1504
3040 + 1504
3041 + 1504
3042 + 1504
3042 + 1504
3043 # 1504
3043 - 1504 159
3043 # 1504
3043 - 1504 158
3043 # 1504
3043 - 1504 157
3043 # 1504
3043 - 1504 156
3043 # 1504
3043 - 1504 156
3043 # 1504
3043 - 1504 155
3043 # 1504
3043 - 1504 154
3043 # 1504
3043 - 1504 153
3043 # 1504
3043 - 1504 153
3043 # 1504
3043 - 1504 152
3043 + 1504
3044 # 1504
3044 - 1504 152
3044 # 1504
3044 - 1504 151
3044 + 1504
3045 + 1504
3046 # 1504
3046 - 1504 152
3046 # 1504
3046 - 1504 152
3046 + 1504
3046 + 1504
3047 + 1504
3048 # 1504
3048 - 1504 153
3048 # 1504
3048 - 1504 151
3048 # 1504
3048 - 1504 150
3048 # 1504
3048 - 1504 149
3048 # 1504
3048 - 1504 149
3048 # 1504
3048 - 1504 148
3048 # 1504
3048 - 1504 147
3048 # 1504
3048 - 1504 146
3048 # 1504
3048 - 1504 145
3048 # 1504
3048 - 1504 145
3048 + 1504
3049 # 1504
3049 - 1504 144
3049 # 1504
3049 - 1504 134
3049 # 1504
3049 - 1504 134
3049 + 1504
3049 + 1504
3050 + 1504
3051 # 1504
3051 - 1504 135
3051 # 1504
3051 - 1504 134
3051 + 1504
3052 + 1504
3053 + 1504
3053 + 1504
3054 # 1504
3054 - 1504 137
3054 # 1504
3054 - 1504 136
3054 + 1504
3055 + 1504
3056 # 1504
3056 - 1504 137
3056 # 1504
3056 - 1504 136
3056 # 1504
3056 - 1504 135
3056 + 1504
3056 + 1504
3057 + 1504
3058 # 1504
3058 - 1504 136
3058 + 1504
3059 # 1504
3059 - 1504 130
3059 + 1504
3059 + 1504
3060 # 1504
3060 - 1504 130
3060 + 1504
3061 # 1504
3061 - 1504 131
3061 + 1504
3061 + 1504
3062 # 1504
3062 - 1504 131
3062 # 1504
3062 - 1504 130
3062 + 1504
3063 # 1504
3063 - 1504 130
3063 # 1504
3063 - 1504 129
3063 + 1504
3064 # 1504
3064 - 1504 129
3064 + 1504
3064 + 1504
3065 # 1504
3065 - 1504 130
3065 + 1504
3066 # 1504
3066 - 1504 128
3066 # 1504
3066 - 1504 128
3066 # 1504
3066 - 1504 127
3066 + 1504
3066 + 1504
3067 + 1504
3068 + 1504
3068 + 1504
3069 + 1504
3070 + 1504
3070 + 1504
3071 + 1504
3072 + 1504
3072 + 1504
3073 + 1504
3074 + 1504
3074 + 1504
3075 # 1504
3075 - 1504 135
3075 + 1504
3076 # 1504
3076 - 1504 135
3076 # 1504
3076 - 1504 135
3076 # 1504
3076 - 1504 134
3076 # 1504
3076 - 1504 133
3076 + 1504
3077 + 1504
3077 + 1504
3078 + 1504
3079 + 1504
3079 + 1504
3080 + 1504
3081 + 1504
3081 + 1504
3082 + 1504
3083 + 1504
3083 + 1504
3084 # 1504
3084 - 1504 140
3084 # 1504
3084 - 1504 139
3084 # 1504
3084 - 1504 138
3084 # 1504
3084 - 1504 138
3084 + 1504
3085 # 1504
3085 - 1504 138
3085 # 1504
3085 - 1504 137
3085 # 1504
3085 - 1504 136
3085 # 1504
3085 - 1504 135
3085 # 1504
3085 - 1504 130
3085 + 1504
3085 + 1504
3086 # 1504
3086 - 1504 131
3086 # 1504
3086 - 1504 130
3086 # 1504
3086 - 1504 129
3086 + 1504
3087 + 1504
3087 + 1504
3088 # 1504
3088 - 1504 130
3088 + 1504
3089 # 1504
3089 - 1504 131
3089 + 1504
3089 + 1504
3090 # 1504
3090 - 1504 131
3090 # 1504
3090 - 1504 121
3090 + 1504
3091 # 1504
3091 - 1504 122
3091 + 1504
3091 + 1504
3092 # 1504
3092 - 1504 122
3092 + 1504
3093 + 1504
3093 + 1504
3094 + 1504
3095 + 1504
3095 + 1504
3096 + 1504
3097 + 1504
3097 + 1504
3098 + 1504
3099 + 1504
3099 + 1504
3100 + 1504
3101 + 1504
3101 + 1504
3102 # 1504
3102 - 1504 131
3102 # 1504
3102 - 1504 130
3102 # 1504
3102 - 1504 130
3102 # 1504
3102 - 1504 129
3102 # 1504
3102 - 1504 128
3102 # 1504
3102 - 1504 127
3102 # 1504
3102 - 1504 126
3102 + 1504
3103 # 1504
3103 - 1504 126
3103 + 1504
3103 + 1504
3104 # 1504
3104 - 1504 127
3104 # 1504
3104 - 1504 126
3104 # 1504
3104 - 1504 125
3104 # 1504
3104 - 1504 124
3104 # 1504
3104 - 1504 123
3104 # 1504
3104 - 1504 123
3104 # 1504
3104 - 1504 121
3104 + 1504
3104 + 1504
3105 + 1504
3106 + 1504
3107 + 1504
3107 + 1504
3108 + 1504
3109 + 1504
3109 + 1504
3110 + 1504
3111 + 1504
3111 + 1504
3112 # 1504
3112 - 1504 129
3112 + 1504
3112 + 1504
3113 # 1504
3113 - 1504 129
3113 # 1504
3113 - 1504 128
3113 # 1504
3113 - 1504 127
3113 # 1504
3113 - 1504 126
3113 + 1504
3114 + 1504
3114 + 1504
3115 # 1504
3115 - 1504 128
3115 # 1504
3115 - 1504 127
3115 # 1504
3115 - 1504 126
3115 # 1504
3115 - 1504 125
3115 + 1504
3116 + 1504
3116 + 1504
3117 + 1504
3118 + 1504
3118 + 1504
3119 + 1504
3119 + 1504
3120 + 1504
3121 + 1504
3121 + 1504
3122 + 1504
3127 # 1504
3127 - 1504 136
3127 # 1504
3127 - 1504 135
3127 # 1504
3127 - 1504 135
3127 # 1504
3127 - 1504 134
3127 # 1504
3127 - 1504 133
3127 # 1504
3127 - 1504 132
3127 # 1504
3127 - 1504 131
3127 # 1504
3127 - 1504 130
3128 # 1504
3128 - 1504 131
3128 # 1504
3128 - 1504 130
3129 + 1504
3130 # 1504
3130 - 1504 131
3130 # 1504
3130 - 1504 130
3130 + 1504
3130 + 1504
3131 # 1504
3131 - 1504 130
3131 + 1504
3132 + 1504
3132 + 1504
3133 # 1504
3133 - 1504 131
3133 + 1504
3133 + 1504
3134 + 1504
3135 # 1504
3135 - 1504 133
3135 + 1504
3135 + 1504
3136 + 1504
3137 + 1504
3137 + 1504
3138 + 1504
3146 # 1504
3146 - 1504 143
3146 # 1504
3146 - 1504 142
3146 # 1504
3146 - 1504 141
3146 # 1504
3146 - 1504 140
3150 # 1504
3150 - 1504 144
3151 # 1504
3151 - 1504 144
3151 # 1504
3151 - 1504 143
3151 # 1504
3151 - 1504 142
3153 # 1504
3153 - 1504 143
3155 # 1504
3155 - 1504 144
3156 + 1504
3156 + 1504
3157 # 1504
3157 - 1504 145
3157 # 1504
3157 - 1504 145
3157 + 1504
3157 + 1504
3158 # 1504
3158 - 1504 145
3158 + 1504
3159 + 1504
3159 + 1504
3160 # 1504
3160 - 1504 146
3160 + 1504
3161 + 1504
3161 + 1504
3162 + 1504
3163 + 1504
3163 + 1504
3164 + 1504
3164 + 1504
3165 + 1504
3169 # 1504
3169 - 1504 154
3169 # 1504
3169 - 1504 153
3172 # 1504
3172 - 1504 155
3172 # 1504
3172 - 1504 155
3172 # 1504
3172 - 1504 154
3174 # 1504
3174 - 1504 155
3174 + 1504
3175 + 1504
3175 + 1504
3176 + 1504
3177 + 1504
3179 # 1504
3179 - 1504 159
3179 # 1504
3179 - 1504 158
3179 # 1504
3179 - 1504 157
3179 # 1504
3179 - 1504 156
3179 # 1504
3179 - 1504 156
3179 # 1504
3179 - 1504 155
3180 + 1504
3181 # 1504
3181 - 1504 156
3181 # 1504
3181 - 1504 155
3181 + 1504
3181 + 1504
3182 + 1504
3183 + 1504
3183 + 1504
3184 # 1504
3184 - 1504 157
3184 + 1504
3185 # 1504
3185 - 1504 157
3185 + 1504
3186 + 1504
3188 # 1504
3188 - 1504 160
3188 # 1504
3188 - 1504 159
3189 + 1504
3190 + 1504
3190 + 1504
3191 # 1504
3191 - 1504 161
3191 # 1504
3191 - 1504 160
3191 + 1504
3192 + 1504
3193 # 1504
3193 - 1504 161
3193 # 1504
3193 - 1504 161
3193 + 1504
3193 + 1504
3196 # 1504
3196 - 1504 163
3196 # 1504
3196 - 1504 162
3198 # 1504
3198 - 1504 163
3199 # 1504
3199 - 1504 163
3200 # 1504
3200 - 1504 163
3203 # 1504
3203 - 1504 166
3204 # 1504
3204 - 1504 166
3204 # 1504
3204 - 1504 165
3206 # 1504
3206 - 1504 166
3206 + 1504
3206 + 1504
3207 + 1504
3208 # 1504
3208 - 1504 167
3208 + 1504
3208 + 1504
3209 # 1504
3209 - 1504 167
3209 + 1504
3210 # 1504
3210 - 1504 168
3210 + 1504
3211 # 1504
3211 - 1504 168
3211 + 1504
3211 + 1504
3212 + 1504
3213 # 1504
3213 - 1504 169
3213 + 1504
3214 + 1504
3214 + 1504
3215 + 1504
3216 # 1504
3216 - 1504 171
3216 + 1504
3217 # 1504
3217 - 1504 171
3217 # 1504
3217 - 1504 171
3217 + 1504
3218 # 1504
3218 - 1504 171
3218 + 1504
3218 + 1504
3219 + 1504
3220 # 1504
3220 - 1504 172
3220 + 1504
3221 + 1504
3222 # 1504
3222 - 1504 173
3222 # 1504
3222 - 1504 173
3223 # 1504
3223 - 1504 173
3224 # 1504
3224 - 1504 173
3224 # 1504
3224 - 1504 172
3225 # 1504
3225 - 1504 172
3227 # 1504
3227 - 1504 174
3229 # 1504
3229 - 1504 175
3229 + 1504
3229 + 1504
3230 + 1504
3231 + 1504
3231 + 1504
3232 + 1504
3233 + 1504
3238 # 1504
3238 - 1504 183
3238 # 1504
3238 - 1504 182
3238 # 1504
3238 - 1504 182
3238 # 1504
3238 - 1504 181
3238 # 1504
3238 - 1504 180
3240 + 1504
3241 + 1504
3241 + 1504
3242 # 1504
3242 - 1504 183
3242 # 1504
3242 - 1504 183
3242 # 1504
3242 - 1504 182
3242 + 1504
3243 + 1504
3244 + 1504
3245 + 1504
3245 + 1504
3246 + 1504
3478 + 1504
3906 + 1504
4066 + 52
4741 + 1504
