# mahimahi mm-link (Uplink) [/home/lorenzo/Desktop/PPO-for-Beginners/src/traces/ATT-LTE-driving-2016.up] > /home/lorenzo/Desktop/PPO-for-Beginners/log/mahimahi/MahimahiTrace.att_lte_driving_2016.2023.05.25.20.53.00.up.log
# command line: 'mm-link' '/home/lorenzo/Desktop/PPO-for-Beginners/src/traces/ATT-LTE-driving-2016.up' '/home/lorenzo/Desktop/PPO-for-Beginners/src/traces/ATT-LTE-driving-2016.down' '--uplink-log=/home/lorenzo/Desktop/PPO-for-Beginners/log/mahimahi/MahimahiTrace.att_lte_driving_2016.2023.05.25.20.53.00.up.log' '--downlink-log=/home/lorenzo/Desktop/PPO-for-Beginners/log/mahimahi/MahimahiTrace.att_lte_driving_2016.2023.05.25.20.53.00.down.log' 'python3' '/home/lorenzo/Desktop/PPO-for-Beginners/src/iperf.py' '192.168.64.16' '86400' '/home/lorenzo/Desktop/PPO-for-Beginners/log/ppo/iperf/att.lte.driving.2016.2023.05.25.20.53.00.json' '/home/lorenzo/Desktop/PPO-for-Beginners/src/pid.txt'
# queue: infinite
# init timestamp: 1685040780448
# base timestamp: 469
469 # 1504
479 + 80
479 + 52
479 + 80
479 + 80
507 + 64
517 # 1504
517 - 80 38
517 - 52 38
517 - 80 38
517 - 80 38
517 - 64 10
524 + 56
524 + 93
526 # 1504
526 - 56 2
526 - 93 2
526 # 1504
527 # 1504
527 # 1504
527 # 1504
527 # 1504
528 + 56
529 # 1504
529 - 56 1
529 # 1504
529 # 1504
529 # 1504
530 # 1504
531 # 1504
531 # 1504
531 # 1504
532 # 1504
532 # 1504
532 # 1504
532 # 1504
533 # 1504
535 # 1504
535 # 1504
535 # 1504
536 # 1504
