# mahimahi mm-link (Downlink) [/home/lorenzo/Desktop/PPO-for-Beginners/src/traces/ATT-LTE-driving-2016.down] > /home/lorenzo/Desktop/PPO-for-Beginners/log/mahimahi/MahimahiTrace.att_lte_driving_2016.2023.05.25.20.24.27.down.log
# command line: 'mm-link' '/home/lorenzo/Desktop/PPO-for-Beginners/src/traces/ATT-LTE-driving-2016.up' '/home/lorenzo/Desktop/PPO-for-Beginners/src/traces/ATT-LTE-driving-2016.down' '--uplink-log=/home/lorenzo/Desktop/PPO-for-Beginners/log/mahimahi/MahimahiTrace.att_lte_driving_2016.2023.05.25.20.24.27.up.log' '--downlink-log=/home/lorenzo/Desktop/PPO-for-Beginners/log/mahimahi/MahimahiTrace.att_lte_driving_2016.2023.05.25.20.24.27.down.log' 'python3' '/home/lorenzo/Desktop/PPO-for-Beginners/src/iperf.py' '192.168.64.16' '86400' '/home/lorenzo/Desktop/PPO-for-Beginners/log/ppo/iperf/att.lte.driving.2016.2023.05.25.20.24.25.json' '/home/lorenzo/Desktop/PPO-for-Beginners/src/pid.txt'
# queue: infinite
# init timestamp: 1685039067174
# base timestamp: 208
208 # 1504
208 # 1504
208 # 1504
208 # 1504
208 # 1504
208 # 1504
208 # 1504
208 # 1504
208 # 1504
208 # 1504
208 # 1504
208 # 1504
208 # 1504
208 # 1504
208 # 1504
208 # 1504
208 # 1504
208 # 1504
208 # 1504
208 # 1504
208 # 1504
209 # 1504
209 # 1504
209 # 1504
209 # 1504
209 # 1504
209 # 1504
209 # 1504
209 # 1504
210 # 1504
210 # 1504
210 # 1504
210 # 1504
210 # 1504
210 # 1504
210 # 1504
210 # 1504
212 + 80
212 + 52
212 + 80
212 + 80
218 # 1504
218 - 80 6
218 - 52 6
218 - 80 6
218 - 80 6
218 # 1504
218 # 1504
218 # 1504
218 # 1504
219 # 1504
219 # 1504
219 # 1504
219 # 1504
219 # 1504
222 # 1504
223 # 1504
223 # 1504
224 # 1504
224 # 1504
224 # 1504
224 # 1504
224 # 1504
224 # 1504
224 # 1504
224 # 1504
224 # 1504
224 # 1504
224 # 1504
224 # 1504
224 # 1504
224 # 1504
224 # 1504
224 # 1504
224 # 1504
225 # 1504
225 # 1504
225 # 1504
225 # 1504
225 # 1504
226 # 1504
226 # 1504
226 # 1504
226 # 1504
227 # 1504
227 # 1504
227 # 1504
228 # 1504
228 # 1504
228 # 1504
228 # 1504
229 # 1504
229 # 1504
229 # 1504
230 # 1504
230 # 1504
230 # 1504
232 # 1504
232 # 1504
232 # 1504
233 # 1504
233 # 1504
233 # 1504
240 # 1504
240 # 1504
241 # 1504
241 # 1504
241 # 1504
243 # 1504
244 # 1504
244 # 1504
244 # 1504
244 # 1504
244 # 1504
246 # 1504
246 # 1504
246 # 1504
246 # 1504
246 # 1504
248 # 1504
248 # 1504
248 # 1504
250 # 1504
250 # 1504
250 # 1504
251 # 1504
252 # 1504
252 # 1504
254 # 1504
255 # 1504
255 # 1504
256 # 1504
257 # 1504
257 # 1504
257 # 1504
257 + 64
258 # 1504
258 - 64 1
258 # 1504
259 # 1504
260 # 1504
260 # 1504
260 # 1504
261 # 1504
261 # 1504
261 # 1504
261 # 1504
261 # 1504
263 # 1504
263 # 1504
264 # 1504
264 # 1504
264 # 1504
265 # 1504
265 # 1504
266 # 1504
266 # 1504
266 # 1504
266 # 1504
266 # 1504
266 # 1504
266 + 56
266 + 57
267 # 1504
267 - 56 1
267 - 57 1
267 # 1504
268 # 1504
268 # 1504
268 # 1504
268 + 56
269 # 1504
269 - 56 1
269 # 1504
269 # 1504
270 # 1504
271 # 1504
271 # 1504
271 + 56
271 + 57
272 # 1504
272 - 56 1
272 - 57 1
273 # 1504
273 # 1504
274 # 1504
274 # 1504
274 # 1504
274 # 1504
275 # 1504
275 + 64
276 # 1504
276 - 64 1
276 # 1504
277 # 1504
277 # 1504
277 + 56
278 # 1504
278 - 56 1
278 # 1504
278 + 57
279 # 1504
279 - 57 1
279 # 1504
280 + 57
281 # 1504
281 - 57 1
281 # 1504
282 # 1504
282 # 1504
282 # 1504
283 # 1504
283 # 1504
284 # 1504
284 # 1504
285 # 1504
285 # 1504
285 + 56
285 + 56
285 + 56
286 # 1504
286 - 56 1
286 - 56 1
286 - 56 1
286 # 1504
287 # 1504
287 # 1504
287 + 56
287 + 56
288 # 1504
288 - 56 1
288 - 56 1
288 # 1504
288 + 56
288 + 56
289 # 1504
289 - 56 1
289 - 56 1
289 # 1504
289 # 1504
289 # 1504
289 + 56
290 # 1504
290 - 56 1
290 # 1504
291 # 1504
291 + 56
291 + 56
292 # 1504
292 - 56 1
292 - 56 1
293 # 1504
293 # 1504
293 + 56
293 + 56
294 # 1504
294 - 56 1
294 - 56 1
294 # 1504
295 # 1504
295 # 1504
304 + 56
304 + 56
304 + 56
304 + 56
308 + 56
312 # 1504
312 - 56 8
312 - 56 8
312 - 56 8
312 - 56 8
312 - 56 4
312 # 1504
313 # 1504
313 # 1504
313 # 1504
313 # 1504
313 # 1504
313 # 1504
313 # 1504
313 # 1504
313 # 1504
313 # 1504
313 # 1504
313 # 1504
313 # 1504
313 # 1504
313 # 1504
313 # 1504
313 # 1504
313 # 1504
313 + 56
314 # 1504
314 - 56 1
314 # 1504
314 # 1504
314 # 1504
314 # 1504
314 # 1504
314 # 1504
314 # 1504
314 # 1504
314 # 1504
314 # 1504
314 # 1504
314 # 1504
315 # 1504
315 # 1504
315 + 56
316 # 1504
316 - 56 1
316 # 1504
316 # 1504
316 # 1504
316 + 56
316 + 56
316 + 56
316 + 56
317 # 1504
317 - 56 1
317 - 56 1
317 - 56 1
317 - 56 1
317 # 1504
318 # 1504
318 + 56
318 + 56
318 + 56
321 # 1504
321 - 56 3
321 - 56 3
321 - 56 3
324 # 1504
324 # 1504
325 # 1504
325 # 1504
325 # 1504
328 # 1504
328 # 1504
328 + 56
328 + 56
328 + 56
328 + 56
328 + 56
328 + 56
328 + 56
328 + 56
329 # 1504
329 - 56 1
329 - 56 1
329 - 56 1
329 - 56 1
329 - 56 1
329 - 56 1
329 - 56 1
329 - 56 1
329 # 1504
329 + 56
329 + 56
329 + 56
329 + 56
330 # 1504
330 - 56 1
330 - 56 1
330 - 56 1
330 - 56 1
330 # 1504
330 # 1504
330 + 56
331 # 1504
331 - 56 1
331 # 1504
332 # 1504
332 # 1504
332 # 1504
332 + 56
333 # 1504
333 - 56 1
333 # 1504
333 # 1504
336 # 1504
336 # 1504
336 # 1504
336 + 56
336 + 56
336 + 56
337 # 1504
337 - 56 1
337 - 56 1
337 - 56 1
337 # 1504
337 + 56
338 # 1504
338 - 56 1
338 # 1504
338 # 1504
338 # 1504
339 # 1504
340 # 1504
340 # 1504
340 # 1504
340 + 56
340 + 56
342 # 1504
342 - 56 2
342 - 56 2
343 # 1504
343 + 56
343 + 56
344 # 1504
344 - 56 1
344 - 56 1
344 # 1504
344 # 1504
345 # 1504
345 # 1504
345 # 1504
345 # 1504
346 # 1504
346 # 1504
347 # 1504
347 # 1504
348 # 1504
348 # 1504
348 # 1504
349 # 1504
350 # 1504
351 # 1504
351 # 1504
352 # 1504
352 # 1504
352 # 1504
353 # 1504
353 # 1504
353 # 1504
353 # 1504
353 + 56
353 + 56
353 + 56
353 + 56
354 # 1504
354 - 56 1
354 - 56 1
354 - 56 1
354 - 56 1
354 # 1504
354 # 1504
354 + 56
355 # 1504
355 - 56 1
355 # 1504
356 # 1504
356 # 1504
356 # 1504
356 + 56
357 # 1504
357 - 56 1
357 # 1504
358 # 1504
358 # 1504
359 + 56
360 # 1504
360 - 56 1
360 # 1504
360 # 1504
360 # 1504
360 # 1504
361 # 1504
361 # 1504
361 + 56
361 + 56
362 # 1504
362 - 56 1
362 - 56 1
362 # 1504
363 # 1504
363 # 1504
364 + 56
365 # 1504
365 - 56 1
365 # 1504
365 # 1504
365 # 1504
365 # 1504
367 # 1504
370 # 1504
370 # 1504
370 # 1504
370 # 1504
370 # 1504
370 # 1504
371 # 1504
371 # 1504
372 # 1504
372 # 1504
373 # 1504
373 # 1504
374 # 1504
374 # 1504
375 # 1504
375 # 1504
375 # 1504
375 # 1504
375 # 1504
375 + 56
375 + 56
376 # 1504
376 - 56 1
376 - 56 1
376 # 1504
376 # 1504
376 + 56
377 # 1504
377 - 56 1
377 + 56
378 # 1504
378 - 56 1
379 # 1504
379 # 1504
379 # 1504
379 + 56
380 # 1504
380 - 56 1
380 # 1504
380 # 1504
381 # 1504
381 # 1504
381 + 56
382 # 1504
382 - 56 1
382 # 1504
382 # 1504
383 # 1504
383 # 1504
383 # 1504
383 # 1504
383 + 56
384 # 1504
384 - 56 1
384 + 56
385 # 1504
385 - 56 1
385 # 1504
385 + 56
386 # 1504
386 - 56 1
387 # 1504
387 # 1504
388 # 1504
388 # 1504
388 # 1504
389 # 1504
389 # 1504
389 # 1504
389 # 1504
389 # 1504
397 # 1504
397 # 1504
397 + 56
398 # 1504
398 - 56 1
398 # 1504
398 # 1504
398 # 1504
398 # 1504
398 # 1504
398 # 1504
398 # 1504
398 # 1504
398 # 1504
398 # 1504
400 # 1504
400 + 56
401 # 1504
401 - 56 1
401 # 1504
401 # 1504
401 # 1504
401 # 1504
401 # 1504
401 # 1504
401 # 1504
401 # 1504
401 # 1504
401 # 1504
401 # 1504
401 # 1504
401 # 1504
401 # 1504
401 # 1504
401 # 1504
401 # 1504
401 # 1504
401 # 1504
401 + 56
402 # 1504
402 - 56 1
402 + 56
403 # 1504
403 - 56 1
403 # 1504
403 # 1504
404 + 56
404 + 56
406 + 56
408 + 56
408 + 56
409 + 56
412 # 1504
412 - 56 8
412 - 56 8
412 - 56 6
412 - 56 4
412 - 56 4
412 - 56 3
412 # 1504
412 # 1504
412 # 1504
412 # 1504
412 # 1504
412 # 1504
412 # 1504
412 # 1504
412 # 1504
412 # 1504
412 # 1504
412 # 1504
412 # 1504
412 + 56
413 # 1504
413 - 56 1
413 # 1504
413 # 1504
413 # 1504
413 # 1504
413 # 1504
413 # 1504
413 # 1504
413 # 1504
413 # 1504
413 # 1504
413 # 1504
413 # 1504
413 # 1504
413 # 1504
413 # 1504
413 # 1504
413 # 1504
415 # 1504
415 # 1504
415 + 56
416 # 1504
416 - 56 1
416 # 1504
416 # 1504
416 + 56
417 # 1504
417 - 56 1
417 # 1504
417 # 1504
417 # 1504
417 # 1504
417 # 1504
418 # 1504
418 # 1504
418 # 1504
418 + 56
419 # 1504
419 - 56 1
419 # 1504
419 # 1504
419 # 1504
420 + 56
420 + 56
420 + 56
420 + 56
420 + 56
420 + 80
422 + 56
422 + 56
423 + 56
424 + 56
424 + 56
425 + 56
425 + 56
426 + 56
426 + 56
428 # 1504
428 - 56 8
428 - 56 8
428 - 56 8
428 - 56 8
428 - 56 8
428 - 80 8
428 - 56 6
428 - 56 6
428 - 56 5
428 - 56 4
428 - 56 4
428 - 56 3
428 - 56 3
428 - 56 2
428 - 56 2
428 # 1504
428 # 1504
428 # 1504
428 + 56
428 + 56
428 + 56
429 # 1504
429 - 56 1
429 - 56 1
429 - 56 1
429 # 1504
429 # 1504
429 + 56
430 # 1504
430 - 56 1
430 # 1504
430 + 56
430 + 56
432 # 1504
432 - 56 2
432 - 56 2
432 # 1504
433 # 1504
433 # 1504
433 # 1504
433 # 1504
433 # 1504
433 # 1504
434 # 1504
434 # 1504
434 + 56
434 + 56
434 + 56
434 + 56
434 + 56
435 # 1504
435 - 56 1
435 - 56 1
435 - 56 1
435 - 56 1
435 - 56 1
435 # 1504
436 + 56
436 + 56
436 + 56
439 + 56
439 + 56
439 + 56
439 + 56
440 + 56
441 + 56
442 + 56
442 + 56
443 + 56
443 + 56
444 # 1504
444 - 56 8
444 - 56 8
444 - 56 8
444 - 56 5
444 - 56 5
444 - 56 5
444 - 56 5
444 - 56 4
444 - 56 3
444 - 56 2
444 - 56 2
444 - 56 1
444 - 56 1
444 # 1504
444 # 1504
444 # 1504
444 # 1504
444 # 1504
444 # 1504
444 # 1504
444 # 1504
444 # 1504
444 # 1504
444 # 1504
444 # 1504
444 # 1504
444 # 1504
444 + 56
444 + 56
444 + 56
444 + 56
446 # 1504
446 - 56 2
446 - 56 2
446 - 56 2
446 - 56 2
446 # 1504
446 # 1504
446 # 1504
446 + 56
447 # 1504
447 - 56 1
447 # 1504
447 # 1504
447 # 1504
447 # 1504
447 # 1504
447 # 1504
447 # 1504
447 # 1504
447 # 1504
447 # 1504
447 # 1504
447 # 1504
447 # 1504
447 # 1504
447 # 1504
447 + 56
448 + 56
448 + 56
449 # 1504
449 - 56 2
449 - 56 1
449 - 56 1
449 # 1504
449 # 1504
449 # 1504
450 # 1504
450 # 1504
450 # 1504
450 + 56
451 # 1504
451 - 56 1
451 # 1504
451 # 1504
451 # 1504
451 + 56
452 # 1504
452 - 56 1
453 # 1504
453 # 1504
453 # 1504
453 # 1504
454 # 1504
454 # 1504
454 # 1504
455 # 1504
455 # 1504
455 # 1504
455 # 1504
455 + 56
455 + 56
456 + 56
457 # 1504
457 - 56 2
457 - 56 2
457 - 56 1
457 # 1504
457 # 1504
457 # 1504
457 # 1504
457 # 1504
457 + 56
458 # 1504
458 - 56 1
458 # 1504
458 # 1504
458 + 56
459 # 1504
459 - 56 1
459 # 1504
459 + 56
460 # 1504
460 - 56 1
460 # 1504
460 # 1504
460 # 1504
460 # 1504
460 + 56
461 # 1504
461 - 56 1
461 # 1504
461 # 1504
462 # 1504
462 # 1504
462 # 1504
462 + 56
462 + 56
464 # 1504
464 - 56 2
464 - 56 2
464 # 1504
464 # 1504
464 # 1504
465 # 1504
465 # 1504
465 # 1504
465 + 56
468 + 56
470 # 1504
470 - 56 5
470 - 56 2
470 # 1504
470 # 1504
471 # 1504
471 # 1504
471 # 1504
472 # 1504
472 # 1504
472 # 1504
472 # 1504
472 # 1504
472 + 56
473 # 1504
473 - 56 1
478 # 1504
478 # 1504
478 # 1504
478 # 1504
478 # 1504
478 # 1504
479 # 1504
480 # 1504
480 # 1504
481 # 1504
481 # 1504
481 # 1504
481 + 56
483 + 56
485 # 1504
485 - 56 4
485 - 56 2
485 # 1504
486 # 1504
487 # 1504
487 # 1504
487 # 1504
487 # 1504
488 # 1504
488 # 1504
488 # 1504
488 # 1504
488 # 1504
490 + 56
492 # 1504
492 - 56 2
492 + 56
494 # 1504
494 - 56 2
494 # 1504
494 # 1504
494 # 1504
495 # 1504
495 # 1504
496 # 1504
496 # 1504
496 # 1504
496 # 1504
496 + 56
497 # 1504
497 - 56 1
497 # 1504
497 # 1504
498 # 1504
498 # 1504
498 # 1504
499 # 1504
499 # 1504
499 # 1504
500 # 1504
500 # 1504
500 # 1504
501 # 1504
501 + 56
506 # 1504
506 - 56 5
506 # 1504
506 # 1504
508 # 1504
508 # 1504
508 # 1504
508 # 1504
508 # 1504
508 # 1504
508 # 1504
508 + 56
509 # 1504
509 - 56 1
509 # 1504
509 # 1504
509 # 1504
510 # 1504
510 # 1504
515 # 1504
515 # 1504
515 # 1504
515 # 1504
516 # 1504
516 # 1504
521 # 1504
521 # 1504
521 # 1504
521 # 1504
521 # 1504
521 # 1504
521 # 1504
521 # 1504
521 # 1504
522 # 1504
522 # 1504
522 + 56
522 + 56
523 # 1504
523 - 56 1
523 - 56 1
523 # 1504
523 # 1504
523 # 1504
523 # 1504
524 # 1504
525 # 1504
525 # 1504
525 # 1504
525 # 1504
526 # 1504
526 # 1504
527 # 1504
527 # 1504
528 # 1504
528 # 1504
528 # 1504
529 # 1504
529 # 1504
529 # 1504
529 # 1504
529 # 1504
529 # 1504
529 # 1504
529 # 1504
530 # 1504
530 # 1504
530 # 1504
534 # 1504
534 # 1504
534 # 1504
535 # 1504
535 + 56
536 # 1504
536 - 56 1
536 # 1504
536 # 1504
538 + 56
540 # 1504
540 - 56 2
540 # 1504
540 # 1504
540 # 1504
541 # 1504
541 # 1504
541 # 1504
541 # 1504
541 # 1504
542 # 1504
542 # 1504
542 # 1504
542 # 1504
542 # 1504
543 # 1504
543 # 1504
544 # 1504
548 # 1504
548 # 1504
548 # 1504
548 # 1504
548 # 1504
548 # 1504
548 # 1504
548 # 1504
549 # 1504
549 # 1504
550 # 1504
550 # 1504
552 # 1504
552 # 1504
552 # 1504
552 # 1504
552 # 1504
552 # 1504
552 # 1504
552 # 1504
552 # 1504
554 # 1504
554 + 56
554 + 56
555 # 1504
555 - 56 1
555 - 56 1
555 # 1504
555 # 1504
556 # 1504
557 # 1504
557 # 1504
557 # 1504
558 # 1504
558 # 1504
558 # 1504
558 # 1504
558 + 56
559 # 1504
559 - 56 1
559 # 1504
559 # 1504
564 + 56
564 + 56
566 + 56
568 # 1504
568 - 56 4
568 - 56 4
568 - 56 2
568 # 1504
568 # 1504
568 # 1504
568 # 1504
568 # 1504
568 # 1504
568 # 1504
568 # 1504
568 # 1504
568 # 1504
568 # 1504
568 # 1504
569 # 1504
569 # 1504
569 # 1504
569 # 1504
569 # 1504
569 # 1504
569 # 1504
569 # 1504
569 # 1504
569 # 1504
569 # 1504
569 # 1504
569 # 1504
569 # 1504
569 # 1504
569 # 1504
569 # 1504
569 # 1504
569 # 1504
570 # 1504
574 + 56
576 # 1504
576 - 56 2
576 # 1504
576 # 1504
576 # 1504
577 # 1504
577 # 1504
577 # 1504
577 # 1504
577 # 1504
577 # 1504
577 # 1504
577 # 1504
577 # 1504
577 # 1504
577 # 1504
577 # 1504
577 # 1504
579 # 1504
579 # 1504
579 # 1504
579 # 1504
579 # 1504
579 + 56
580 # 1504
580 - 56 1
582 # 1504
582 # 1504
582 # 1504
582 # 1504
582 # 1504
582 # 1504
583 # 1504
583 # 1504
583 # 1504
583 # 1504
583 # 1504
583 # 1504
583 # 1504
583 # 1504
583 # 1504
584 # 1504
584 # 1504
584 # 1504
585 # 1504
585 # 1504
585 # 1504
585 # 1504
585 # 1504
585 # 1504
586 # 1504
586 # 1504
586 # 1504
587 # 1504
587 # 1504
588 # 1504
588 # 1504
588 # 1504
588 # 1504
589 # 1504
589 # 1504
589 # 1504
590 # 1504
590 # 1504
590 # 1504
590 # 1504
590 # 1504
591 # 1504
591 # 1504
592 + 56
592 + 56
593 # 1504
593 - 56 1
593 - 56 1
593 # 1504
593 # 1504
593 # 1504
593 # 1504
593 # 1504
593 # 1504
593 # 1504
593 # 1504
593 # 1504
595 # 1504
595 # 1504
595 # 1504
596 # 1504
596 # 1504
596 # 1504
596 # 1504
596 # 1504
596 # 1504
596 + 56
597 # 1504
597 - 56 1
597 # 1504
597 # 1504
597 # 1504
597 + 56
598 # 1504
598 - 56 1
598 # 1504
599 # 1504
600 # 1504
600 # 1504
600 # 1504
600 + 56
601 # 1504
601 - 56 1
601 # 1504
601 # 1504
601 # 1504
602 # 1504
602 # 1504
602 # 1504
602 # 1504
602 # 1504
602 # 1504
602 # 1504
602 # 1504
602 # 1504
603 + 56
605 # 1504
605 - 56 2
605 # 1504
605 # 1504
605 # 1504
605 # 1504
605 # 1504
605 # 1504
605 + 56
606 # 1504
606 - 56 1
607 # 1504
608 # 1504
608 # 1504
608 # 1504
608 # 1504
608 # 1504
608 # 1504
608 # 1504
608 + 56
610 # 1504
610 - 56 2
610 # 1504
610 # 1504
610 # 1504
610 # 1504
610 # 1504
610 + 56
611 # 1504
611 - 56 1
611 # 1504
611 # 1504
611 # 1504
611 # 1504
611 # 1504
611 # 1504
611 # 1504
611 # 1504
613 # 1504
613 # 1504
614 # 1504
614 # 1504
614 # 1504
614 # 1504
614 # 1504
614 # 1504
614 # 1504
614 # 1504
614 + 56
615 # 1504
615 - 56 1
615 # 1504
615 # 1504
616 # 1504
616 # 1504
616 # 1504
616 # 1504
616 # 1504
616 # 1504
616 # 1504
616 # 1504
616 # 1504
617 # 1504
617 + 56
617 + 56
618 # 1504
618 - 56 1
618 - 56 1
619 # 1504
619 # 1504
620 # 1504
620 # 1504
620 # 1504
620 # 1504
620 # 1504
620 # 1504
621 # 1504
621 # 1504
621 # 1504
621 # 1504
621 # 1504
621 # 1504
621 + 56
622 # 1504
622 - 56 1
623 # 1504
623 # 1504
623 # 1504
623 # 1504
624 # 1504
624 # 1504
624 # 1504
625 # 1504
625 # 1504
625 # 1504
625 # 1504
625 # 1504
625 + 56
626 # 1504
626 - 56 1
626 # 1504
626 # 1504
626 # 1504
626 + 56
627 # 1504
627 - 56 1
627 # 1504
627 # 1504
627 # 1504
628 # 1504
628 # 1504
628 # 1504
628 # 1504
628 # 1504
628 # 1504
628 # 1504
629 # 1504
629 # 1504
629 + 56
630 # 1504
630 - 56 1
630 # 1504
630 # 1504
630 # 1504
630 # 1504
631 # 1504
631 # 1504
631 # 1504
631 # 1504
632 # 1504
632 # 1504
632 # 1504
632 # 1504
633 # 1504
633 # 1504
633 # 1504
633 # 1504
634 # 1504
634 # 1504
634 # 1504
634 # 1504
634 # 1504
634 # 1504
634 # 1504
634 # 1504
635 # 1504
636 # 1504
636 # 1504
636 # 1504
636 # 1504
636 # 1504
636 # 1504
636 # 1504
636 # 1504
636 # 1504
639 # 1504
639 # 1504
640 # 1504
640 # 1504
640 # 1504
640 # 1504
640 # 1504
640 # 1504
640 # 1504
640 # 1504
642 + 56
642 + 56
644 + 56
648 # 1504
648 - 56 6
648 - 56 6
648 - 56 4
648 # 1504
648 # 1504
648 # 1504
648 # 1504
649 + 56
650 # 1504
650 - 56 1
650 # 1504
651 # 1504
651 # 1504
651 + 56
652 # 1504
652 - 56 1
652 # 1504
652 # 1504
652 # 1504
652 # 1504
652 # 1504
652 # 1504
652 # 1504
652 # 1504
654 # 1504
654 # 1504
654 # 1504
654 # 1504
654 # 1504
654 # 1504
654 # 1504
654 # 1504
654 # 1504
654 + 56
655 # 1504
655 - 56 1
655 # 1504
655 # 1504
655 # 1504
655 + 56
656 # 1504
656 - 56 1
656 # 1504
656 # 1504
656 # 1504
657 # 1504
657 # 1504
657 # 1504
657 # 1504
657 + 56
658 # 1504
658 - 56 1
658 # 1504
658 # 1504
659 # 1504
659 # 1504
659 # 1504
660 # 1504
660 # 1504
660 # 1504
660 # 1504
661 # 1504
661 # 1504
661 # 1504
661 # 1504
662 # 1504
662 # 1504
663 # 1504
663 # 1504
663 # 1504
664 # 1504
664 # 1504
664 # 1504
664 # 1504
665 # 1504
665 # 1504
665 # 1504
666 # 1504
666 # 1504
668 + 56
668 + 56
669 + 56
672 + 56
674 # 1504
674 - 56 6
674 - 56 6
674 - 56 5
674 - 56 2
675 # 1504
675 # 1504
675 # 1504
675 # 1504
676 # 1504
676 # 1504
676 # 1504
676 + 56
677 # 1504
677 - 56 1
677 # 1504
678 # 1504
678 # 1504
678 # 1504
678 # 1504
678 # 1504
678 # 1504
678 # 1504
678 # 1504
678 # 1504
678 # 1504
679 # 1504
679 # 1504
679 # 1504
679 # 1504
679 # 1504
680 + 56
681 # 1504
681 - 56 1
681 # 1504
683 # 1504
683 # 1504
683 # 1504
684 # 1504
684 # 1504
684 # 1504
685 # 1504
685 # 1504
685 # 1504
685 # 1504
686 # 1504
686 # 1504
686 # 1504
686 # 1504
686 # 1504
687 # 1504
687 # 1504
687 # 1504
688 # 1504
688 # 1504
688 # 1504
689 # 1504
689 # 1504
689 # 1504
690 # 1504
690 # 1504
690 # 1504
690 # 1504
691 # 1504
691 + 56
692 # 1504
692 - 56 1
693 # 1504
693 # 1504
693 # 1504
694 # 1504
694 # 1504
694 # 1504
694 # 1504
695 # 1504
695 # 1504
695 # 1504
695 + 56
696 # 1504
696 - 56 1
696 # 1504
696 # 1504
697 # 1504
697 # 1504
697 # 1504
698 # 1504
698 # 1504
698 # 1504
699 # 1504
699 # 1504
699 # 1504
700 # 1504
700 # 1504
700 # 1504
702 # 1504
702 # 1504
702 # 1504
702 # 1504
702 # 1504
702 # 1504
702 # 1504
703 # 1504
703 # 1504
703 # 1504
704 # 1504
704 # 1504
704 # 1504
705 # 1504
705 # 1504
705 # 1504
706 # 1504
706 # 1504
706 # 1504
706 # 1504
707 # 1504
707 # 1504
707 # 1504
708 # 1504
708 # 1504
708 # 1504
709 # 1504
709 # 1504
709 # 1504
709 # 1504
719 # 1504
719 # 1504
719 # 1504
719 # 1504
719 # 1504
719 # 1504
719 # 1504
719 # 1504
719 # 1504
719 # 1504
719 # 1504
719 # 1504
719 # 1504
719 # 1504
719 # 1504
719 # 1504
720 # 1504
720 # 1504
720 # 1504
725 # 1504
725 # 1504
725 # 1504
725 # 1504
725 # 1504
725 # 1504
725 # 1504
725 # 1504
725 # 1504
725 # 1504
725 # 1504
725 # 1504
725 # 1504
725 # 1504
725 # 1504
726 # 1504
726 # 1504
726 # 1504
726 # 1504
726 # 1504
727 # 1504
727 # 1504
727 # 1504
728 # 1504
728 # 1504
728 # 1504
729 # 1504
729 # 1504
729 # 1504
730 # 1504
731 # 1504
731 # 1504
731 # 1504
732 # 1504
733 # 1504
733 # 1504
733 # 1504
733 # 1504
733 # 1504
733 # 1504
734 # 1504
734 # 1504
734 # 1504
735 # 1504
735 # 1504
735 # 1504
736 # 1504
736 # 1504
736 # 1504
737 # 1504
737 # 1504
737 # 1504
737 + 56
738 # 1504
738 - 56 1
738 # 1504
739 # 1504
739 # 1504
739 # 1504
741 # 1504
741 # 1504
741 # 1504
741 # 1504
741 # 1504
741 # 1504
742 # 1504
742 # 1504
742 # 1504
743 # 1504
743 # 1504
743 # 1504
744 # 1504
744 # 1504
744 # 1504
745 # 1504
745 # 1504
745 # 1504
746 # 1504
746 # 1504
746 # 1504
747 # 1504
747 # 1504
747 # 1504
748 # 1504
748 # 1504
748 # 1504
748 # 1504
748 # 1504
749 # 1504
749 # 1504
749 # 1504
750 # 1504
750 # 1504
750 # 1504
751 # 1504
752 # 1504
752 # 1504
752 # 1504
753 # 1504
753 # 1504
753 # 1504
753 # 1504
753 # 1504
754 # 1504
755 # 1504
755 # 1504
755 # 1504
756 # 1504
756 # 1504
756 # 1504
756 # 1504
756 # 1504
756 # 1504
756 # 1504
757 # 1504
758 # 1504
759 # 1504
759 # 1504
760 # 1504
760 # 1504
760 # 1504
761 # 1504
761 # 1504
761 # 1504
762 # 1504
762 # 1504
762 # 1504
762 # 1504
763 # 1504
763 # 1504
763 # 1504
764 # 1504
764 # 1504
764 # 1504
765 # 1504
765 # 1504
765 # 1504
767 # 1504
767 # 1504
767 # 1504
768 # 1504
768 # 1504
768 # 1504
769 # 1504
769 # 1504
769 # 1504
769 # 1504
769 # 1504
769 # 1504
770 # 1504
770 # 1504
770 # 1504
771 # 1504
771 # 1504
771 # 1504
772 # 1504
772 # 1504
772 # 1504
772 # 1504
773 # 1504
774 # 1504
774 # 1504
775 # 1504
775 # 1504
775 # 1504
775 # 1504
775 # 1504
775 # 1504
775 # 1504
776 # 1504
776 # 1504
776 # 1504
777 # 1504
777 # 1504
777 # 1504
777 # 1504
778 # 1504
778 # 1504
779 # 1504
779 # 1504
779 # 1504
779 # 1504
779 # 1504
779 # 1504
779 # 1504
780 # 1504
780 # 1504
780 # 1504
780 # 1504
781 # 1504
781 # 1504
781 # 1504
781 # 1504
790 # 1504
790 # 1504
790 # 1504
790 # 1504
790 # 1504
790 # 1504
791 # 1504
791 # 1504
791 # 1504
791 # 1504
792 # 1504
792 # 1504
792 # 1504
792 # 1504
792 # 1504
802 # 1504
802 # 1504
802 # 1504
802 # 1504
802 # 1504
802 # 1504
802 # 1504
802 # 1504
802 # 1504
802 # 1504
802 # 1504
802 # 1504
803 # 1504
803 # 1504
803 # 1504
803 # 1504
803 # 1504
803 # 1504
803 # 1504
803 # 1504
803 # 1504
803 # 1504
803 # 1504
803 # 1504
803 # 1504
803 # 1504
803 # 1504
803 # 1504
803 # 1504
807 # 1504
807 # 1504
808 # 1504
808 # 1504
808 # 1504
808 # 1504
808 # 1504
808 # 1504
808 # 1504
808 # 1504
808 # 1504
808 # 1504
808 # 1504
808 # 1504
808 # 1504
808 # 1504
808 # 1504
808 # 1504
809 # 1504
809 # 1504
809 # 1504
825 # 1504
825 # 1504
825 # 1504
825 # 1504
825 # 1504
825 # 1504
825 # 1504
825 # 1504
825 # 1504
825 # 1504
825 # 1504
825 # 1504
825 # 1504
825 # 1504
826 # 1504
826 # 1504
826 # 1504
826 # 1504
826 # 1504
826 # 1504
826 # 1504
826 # 1504
826 # 1504
826 # 1504
826 # 1504
826 # 1504
826 # 1504
826 # 1504
826 # 1504
826 # 1504
826 # 1504
826 # 1504
826 # 1504
826 # 1504
826 # 1504
826 # 1504
826 # 1504
826 # 1504
826 # 1504
827 # 1504
827 # 1504
827 # 1504
827 # 1504
827 # 1504
827 # 1504
827 # 1504
827 # 1504
827 # 1504
827 # 1504
827 # 1504
827 # 1504
828 # 1504
828 # 1504
828 # 1504
829 # 1504
829 # 1504
829 # 1504
830 # 1504
830 # 1504
830 # 1504
830 # 1504
830 # 1504
830 # 1504
831 # 1504
832 # 1504
832 # 1504
832 # 1504
832 # 1504
833 # 1504
833 # 1504
833 # 1504
833 # 1504
833 # 1504
834 # 1504
835 # 1504
835 # 1504
835 # 1504
835 # 1504
836 # 1504
836 # 1504
836 # 1504
837 # 1504
837 # 1504
837 # 1504
837 # 1504
837 # 1504
837 # 1504
837 # 1504
838 # 1504
838 # 1504
838 # 1504
839 # 1504
840 # 1504
840 # 1504
840 # 1504
841 # 1504
842 # 1504
842 # 1504
842 # 1504
842 # 1504
842 # 1504
843 # 1504
843 # 1504
843 # 1504
843 # 1504
843 # 1504
843 # 1504
844 # 1504
845 # 1504
845 # 1504
845 # 1504
846 # 1504
847 # 1504
847 # 1504
847 # 1504
848 # 1504
848 # 1504
848 # 1504
848 # 1504
849 # 1504
849 # 1504
849 # 1504
849 # 1504
849 # 1504
849 # 1504
849 # 1504
849 # 1504
858 # 1504
858 # 1504
858 # 1504
858 # 1504
858 # 1504
859 # 1504
859 # 1504
859 # 1504
859 # 1504
859 # 1504
859 # 1504
859 # 1504
859 # 1504
861 # 1504
861 # 1504
861 # 1504
861 # 1504
861 # 1504
861 # 1504
862 # 1504
862 # 1504
862 # 1504
862 # 1504
862 # 1504
862 # 1504
862 # 1504
862 # 1504
862 # 1504
862 # 1504
862 # 1504
862 # 1504
862 # 1504
862 # 1504
862 # 1504
862 # 1504
862 # 1504
862 # 1504
862 # 1504
862 # 1504
862 # 1504
863 # 1504
863 # 1504
863 # 1504
863 # 1504
864 # 1504
864 # 1504
864 # 1504
865 # 1504
865 # 1504
865 # 1504
865 # 1504
865 # 1504
865 # 1504
865 # 1504
865 # 1504
866 # 1504
866 # 1504
866 # 1504
866 # 1504
883 # 1504
883 # 1504
883 # 1504
883 # 1504
883 # 1504
884 # 1504
884 # 1504
884 # 1504
884 # 1504
884 # 1504
884 # 1504
884 # 1504
884 # 1504
884 # 1504
884 # 1504
884 # 1504
884 # 1504
884 # 1504
884 # 1504
884 # 1504
884 # 1504
888 # 1504
888 # 1504
888 # 1504
888 # 1504
888 # 1504
888 # 1504
888 # 1504
888 # 1504
888 # 1504
888 # 1504
889 # 1504
894 # 1504
894 # 1504
894 # 1504
894 # 1504
894 # 1504
894 # 1504
894 # 1504
894 # 1504
894 # 1504
894 # 1504
894 # 1504
894 # 1504
894 # 1504
894 # 1504
894 # 1504
894 # 1504
894 # 1504
894 # 1504
894 # 1504
894 # 1504
894 # 1504
894 # 1504
895 # 1504
895 # 1504
902 # 1504
902 # 1504
902 # 1504
902 # 1504
903 # 1504
903 # 1504
903 # 1504
903 # 1504
903 # 1504
903 # 1504
903 # 1504
903 # 1504
903 # 1504
903 # 1504
903 # 1504
903 # 1504
903 # 1504
903 # 1504
903 # 1504
903 # 1504
903 # 1504
903 # 1504
903 # 1504
905 # 1504
905 # 1504
905 # 1504
905 # 1504
905 # 1504
906 # 1504
906 # 1504
906 # 1504
907 # 1504
907 # 1504
908 # 1504
908 # 1504
908 # 1504
909 # 1504
909 # 1504
910 # 1504
910 # 1504
911 # 1504
911 # 1504
912 # 1504
913 # 1504
913 # 1504
913 # 1504
913 # 1504
914 # 1504
914 # 1504
915 # 1504
916 # 1504
916 # 1504
917 # 1504
917 # 1504
918 # 1504
918 # 1504
919 # 1504
919 # 1504
920 # 1504
920 # 1504
920 # 1504
929 # 1504
929 # 1504
929 # 1504
929 # 1504
929 # 1504
929 # 1504
929 # 1504
929 # 1504
929 # 1504
929 # 1504
929 # 1504
929 # 1504
930 # 1504
930 # 1504
930 # 1504
936 # 1504
936 # 1504
936 # 1504
937 # 1504
937 # 1504
939 # 1504
939 # 1504
939 # 1504
939 # 1504
939 # 1504
939 # 1504
939 # 1504
939 # 1504
939 # 1504
939 # 1504
939 # 1504
939 # 1504
939 # 1504
940 # 1504
940 # 1504
941 # 1504
942 # 1504
942 # 1504
943 # 1504
945 # 1504
945 # 1504
946 # 1504
947 # 1504
947 # 1504
947 # 1504
948 # 1504
949 # 1504
949 # 1504
950 # 1504
950 # 1504
951 # 1504
952 # 1504
952 # 1504
954 # 1504
954 # 1504
954 # 1504
955 # 1504
956 # 1504
956 # 1504
957 # 1504
957 # 1504
958 # 1504
959 # 1504
959 # 1504
959 # 1504
962 # 1504
962 # 1504
963 # 1504
963 # 1504
964 # 1504
964 # 1504
965 # 1504
966 # 1504
966 # 1504
967 # 1504
967 # 1504
967 # 1504
968 # 1504
968 # 1504
969 # 1504
969 # 1504
979 # 1504
980 # 1504
980 # 1504
980 # 1504
980 # 1504
980 # 1504
980 # 1504
980 # 1504
981 # 1504
981 # 1504
981 # 1504
981 # 1504
981 # 1504
982 # 1504
983 # 1504
984 # 1504
985 # 1504
985 # 1504
986 # 1504
986 # 1504
987 # 1504
988 # 1504
988 # 1504
989 # 1504
990 # 1504
990 # 1504
991 # 1504
991 # 1504
993 # 1504
993 # 1504
994 # 1504
994 # 1504
994 # 1504
995 # 1504
995 # 1504
996 # 1504
996 # 1504
997 # 1504
997 # 1504
998 # 1504
998 # 1504
999 # 1504
999 # 1504
1000 # 1504
1000 # 1504
1009 # 1504
1009 # 1504
1009 # 1504
1009 # 1504
1009 # 1504
1009 # 1504
1009 # 1504
1009 # 1504
1010 # 1504
1010 # 1504
1010 # 1504
1010 # 1504
1010 # 1504
1010 # 1504
1010 # 1504
1010 # 1504
1010 # 1504
1010 # 1504
1010 # 1504
1010 # 1504
1010 # 1504
1010 # 1504
1010 # 1504
1011 # 1504
1012 # 1504
1013 # 1504
1014 # 1504
1015 # 1504
1015 # 1504
1016 # 1504
1016 # 1504
1016 # 1504
1016 # 1504
1017 # 1504
1017 # 1504
1018 # 1504
1018 # 1504
1019 # 1504
1019 # 1504
1020 # 1504
1020 # 1504
1022 # 1504
1022 # 1504
1023 # 1504
1023 # 1504
1024 # 1504
1024 # 1504
1025 # 1504
1025 # 1504
1025 # 1504
1025 # 1504
1026 # 1504
1026 # 1504
1027 # 1504
1027 # 1504
1028 # 1504
1028 # 1504
1029 # 1504
1029 # 1504
1029 # 1504
1030 # 1504
1030 # 1504
1039 # 1504
1039 # 1504
1039 # 1504
1040 # 1504
1049 # 1504
1049 # 1504
1049 # 1504
1049 # 1504
1049 # 1504
1049 # 1504
1049 # 1504
1049 # 1504
1049 # 1504
1049 # 1504
1049 # 1504
1049 # 1504
1050 # 1504
1051 # 1504
1051 # 1504
1051 # 1504
1051 # 1504
1054 # 1504
1054 # 1504
1055 # 1504
1055 # 1504
1055 # 1504
1055 # 1504
1055 # 1504
1056 # 1504
1056 # 1504
1056 # 1504
1057 # 1504
1057 # 1504
1057 # 1504
1057 # 1504
1058 # 1504
1059 # 1504
1059 # 1504
1061 # 1504
1062 # 1504
1062 # 1504
1063 # 1504
1063 # 1504
1064 # 1504
1065 # 1504
1065 # 1504
1066 # 1504
1067 # 1504
1067 # 1504
1068 # 1504
1070 # 1504
1070 # 1504
1070 # 1504
1071 # 1504
1072 # 1504
1073 # 1504
1074 # 1504
1074 # 1504
1075 # 1504
1077 # 1504
1077 # 1504
1077 # 1504
1078 # 1504
1079 # 1504
1080 # 1504
1080 # 1504
1081 # 1504
1082 # 1504
1082 # 1504
1083 # 1504
1083 # 1504
1084 # 1504
1085 # 1504
1086 # 1504
1086 # 1504
1088 # 1504
1088 # 1504
1088 # 1504
1089 # 1504
1089 # 1504
1090 # 1504
1091 # 1504
1092 # 1504
1092 # 1504
1093 # 1504
1093 # 1504
1093 # 1504
1095 # 1504
1096 # 1504
1096 # 1504
1097 # 1504
1097 # 1504
1098 # 1504
1100 # 1504
1100 # 1504
1100 # 1504
1101 # 1504
1101 # 1504
1102 # 1504
1102 # 1504
1104 # 1504
1104 # 1504
1104 # 1504
1105 # 1504
1105 # 1504
1107 # 1504
1107 # 1504
1107 # 1504
1108 # 1504
1108 # 1504
1109 # 1504
1109 # 1504
1109 # 1504
1111 # 1504
1111 # 1504
1112 # 1504
1112 # 1504
1113 # 1504
1114 # 1504
1115 # 1504
1115 # 1504
1116 # 1504
1116 # 1504
1117 # 1504
1117 # 1504
1118 # 1504
1119 # 1504
1119 # 1504
1120 # 1504
1120 # 1504
1122 # 1504
1122 # 1504
1122 # 1504
1123 # 1504
1123 # 1504
1124 # 1504
1124 # 1504
1125 # 1504
1125 # 1504
1125 # 1504
1126 # 1504
1127 # 1504
1127 # 1504
1128 # 1504
1128 # 1504
1129 # 1504
1129 # 1504
1129 # 1504
1130 # 1504
1130 # 1504
1132 # 1504
1133 # 1504
1133 # 1504
1134 # 1504
1134 # 1504
1134 # 1504
1135 # 1504
1135 # 1504
1136 # 1504
1136 # 1504
1139 # 1504
1139 # 1504
1140 # 1504
1141 # 1504
1141 # 1504
1141 # 1504
1141 # 1504
1142 # 1504
1142 # 1504
1143 # 1504
1143 # 1504
1145 # 1504
1145 # 1504
1145 # 1504
1145 # 1504
1145 # 1504
1146 # 1504
1146 # 1504
1148 # 1504
1148 # 1504
1148 # 1504
1148 # 1504
1149 # 1504
1149 # 1504
1150 # 1504
1150 # 1504
1150 # 1504
1151 # 1504
1152 # 1504
1152 # 1504
1152 # 1504
1152 # 1504
1152 # 1504
1153 # 1504
1153 # 1504
1153 # 1504
1154 # 1504
1154 # 1504
1155 # 1504
1155 # 1504
1155 # 1504
1163 # 1504
1163 # 1504
1163 # 1504
1163 # 1504
1163 # 1504
1163 # 1504
1163 # 1504
1163 # 1504
1163 # 1504
1163 # 1504
1164 # 1504
1164 # 1504
1164 # 1504
1164 # 1504
1164 # 1504
1164 # 1504
1164 # 1504
1164 # 1504
1164 # 1504
1164 # 1504
1165 # 1504
1165 # 1504
1165 # 1504
1165 # 1504
1165 # 1504
1166 # 1504
1167 # 1504
1167 # 1504
1167 # 1504
1168 # 1504
1168 # 1504
1168 # 1504
1168 # 1504
1168 # 1504
1169 # 1504
1169 # 1504
1169 # 1504
1170 # 1504
1170 # 1504
1171 # 1504
1179 # 1504
1180 # 1504
1181 # 1504
1181 # 1504
1181 # 1504
1181 # 1504
1182 # 1504
1182 # 1504
1182 # 1504
1182 # 1504
1183 # 1504
1183 # 1504
1183 # 1504
1183 # 1504
1183 # 1504
1183 # 1504
1183 # 1504
1184 # 1504
1184 # 1504
1187 # 1504
1187 # 1504
1187 # 1504
1187 # 1504
1187 # 1504
1187 # 1504
1187 # 1504
1187 # 1504
1187 # 1504
1187 # 1504
1188 # 1504
1188 # 1504
1188 # 1504
1189 # 1504
1189 # 1504
1190 # 1504
1190 # 1504
1190 # 1504
1191 # 1504
1191 # 1504
1193 # 1504
1193 # 1504
1201 # 1504
1201 # 1504
1203 # 1504
1203 # 1504
1204 # 1504
1204 # 1504
1204 # 1504
1205 # 1504
1205 # 1504
1205 # 1504
1205 # 1504
1205 # 1504
1205 # 1504
1208 # 1504
1208 # 1504
1208 # 1504
1208 # 1504
1208 # 1504
1208 # 1504
1208 # 1504
1208 # 1504
1209 # 1504
1209 # 1504
1209 # 1504
1210 # 1504
1210 # 1504
1210 # 1504
1212 # 1504
1212 # 1504
1213 # 1504
1214 # 1504
1214 # 1504
1215 # 1504
1215 # 1504
1216 # 1504
1216 # 1504
1216 # 1504
1217 # 1504
1217 # 1504
1218 # 1504
1218 # 1504
1220 # 1504
1220 # 1504
1222 # 1504
1222 # 1504
1223 # 1504
1223 # 1504
1224 # 1504
1224 # 1504
1225 # 1504
1225 # 1504
1226 # 1504
1226 # 1504
1228 # 1504
1229 # 1504
1229 # 1504
1230 # 1504
1230 # 1504
1230 # 1504
1230 # 1504
1231 # 1504
1231 # 1504
1232 # 1504
1232 # 1504
1233 # 1504
1233 # 1504
1234 # 1504
1235 # 1504
1236 # 1504
1237 # 1504
1237 # 1504
1237 # 1504
1237 # 1504
1238 # 1504
1238 # 1504
1239 # 1504
1239 # 1504
1240 # 1504
1240 # 1504
1241 # 1504
1241 # 1504
1242 # 1504
1242 # 1504
1242 # 1504
1243 # 1504
1245 # 1504
1245 # 1504
1246 # 1504
1246 # 1504
1247 # 1504
1247 # 1504
1248 # 1504
1248 # 1504
1248 # 1504
1249 # 1504
1249 # 1504
1250 # 1504
1250 # 1504
1251 # 1504
1251 # 1504
1251 # 1504
1253 # 1504
1253 # 1504
1254 # 1504
1254 # 1504
1255 # 1504
1255 # 1504
1256 # 1504
1256 # 1504
1257 # 1504
1257 # 1504
1257 # 1504
1257 # 1504
1258 # 1504
1258 # 1504
1259 # 1504
1260 # 1504
1261 # 1504
1261 # 1504
1262 # 1504
1262 # 1504
1262 # 1504
1263 # 1504
1265 # 1504
1265 # 1504
1265 # 1504
1265 # 1504
1266 # 1504
1267 # 1504
1267 # 1504
1267 # 1504
1267 # 1504
1269 # 1504
1269 # 1504
1270 # 1504
1270 # 1504
1270 # 1504
1271 # 1504
1271 # 1504
1271 # 1504
1271 # 1504
1271 # 1504
1272 # 1504
1272 # 1504
1272 # 1504
1273 # 1504
1274 # 1504
1275 # 1504
1276 # 1504
1276 # 1504
1277 # 1504
1277 # 1504
1277 # 1504
1277 # 1504
1277 # 1504
1278 # 1504
1278 # 1504
1279 # 1504
1279 # 1504
1281 # 1504
1281 # 1504
1281 # 1504
1282 # 1504
1282 # 1504
1282 # 1504
1282 # 1504
1283 # 1504
1283 # 1504
1284 # 1504
1284 # 1504
1284 # 1504
1285 # 1504
1286 # 1504
1287 # 1504
1287 # 1504
1287 # 1504
1288 # 1504
1288 # 1504
1288 # 1504
1288 # 1504
1288 # 1504
1289 # 1504
1289 # 1504
1290 # 1504
1290 # 1504
1290 # 1504
1291 # 1504
1293 # 1504
1293 # 1504
1293 # 1504
1293 # 1504
1302 # 1504
1302 # 1504
1302 # 1504
1302 # 1504
1302 # 1504
1303 # 1504
1303 # 1504
1303 # 1504
1303 # 1504
1303 # 1504
1303 # 1504
1303 # 1504
1303 # 1504
1303 # 1504
1303 # 1504
1303 # 1504
1303 # 1504
1303 # 1504
1303 # 1504
1303 # 1504
1303 # 1504
1312 # 1504
1312 # 1504
1313 # 1504
1323 # 1504
1323 # 1504
1323 # 1504
1323 # 1504
1323 # 1504
1323 # 1504
1323 # 1504
1323 # 1504
1323 # 1504
1323 # 1504
1323 # 1504
1323 # 1504
1323 # 1504
1323 # 1504
1324 # 1504
1324 # 1504
1324 # 1504
1324 # 1504
1324 # 1504
1324 # 1504
1324 # 1504
1324 # 1504
1324 # 1504
1325 # 1504
1325 # 1504
1325 # 1504
1326 # 1504
1326 # 1504
1327 # 1504
1327 # 1504
1328 # 1504
1329 # 1504
1329 # 1504
1329 # 1504
1329 # 1504
1329 # 1504
1330 # 1504
1330 # 1504
1331 # 1504
1331 # 1504
1332 # 1504
1332 # 1504
1333 # 1504
1333 # 1504
1334 # 1504
1334 # 1504
1334 # 1504
1335 # 1504
1335 # 1504
1336 # 1504
1336 # 1504
1336 # 1504
1336 # 1504
1336 # 1504
1337 # 1504
1338 # 1504
1339 # 1504
1339 # 1504
1340 # 1504
1340 # 1504
1340 # 1504
1341 # 1504
1341 # 1504
1342 # 1504
1342 # 1504
1342 # 1504
1343 # 1504
1343 # 1504
1344 # 1504
1344 # 1504
1344 # 1504
1344 # 1504
1344 # 1504
1346 # 1504
1346 # 1504
1346 # 1504
1346 # 1504
1347 # 1504
1348 # 1504
1349 # 1504
1350 # 1504
1350 # 1504
1351 # 1504
1351 # 1504
1351 # 1504
1352 # 1504
1352 # 1504
1353 # 1504
1353 # 1504
1353 # 1504
1353 # 1504
1355 # 1504
1355 # 1504
1356 # 1504
1356 # 1504
1356 # 1504
1357 # 1504
1357 # 1504
1358 # 1504
1358 # 1504
1360 # 1504
1360 # 1504
1360 # 1504
1361 # 1504
1361 # 1504
1361 # 1504
1361 # 1504
1362 # 1504
1362 # 1504
1363 # 1504
1363 # 1504
1363 # 1504
1364 # 1504
1364 # 1504
1365 # 1504
1365 # 1504
1365 # 1504
1366 # 1504
1366 # 1504
1375 # 1504
1375 # 1504
1375 # 1504
1375 # 1504
1375 # 1504
1375 # 1504
1375 # 1504
1375 # 1504
1375 # 1504
1375 # 1504
1375 # 1504
1375 # 1504
1375 # 1504
1375 # 1504
1375 # 1504
1375 # 1504
1375 # 1504
1392 # 1504
1392 # 1504
1392 # 1504
1393 # 1504
1393 # 1504
1393 # 1504
1393 # 1504
1393 # 1504
1393 # 1504
1393 # 1504
1393 # 1504
1393 # 1504
1393 # 1504
1393 # 1504
1393 # 1504
1393 # 1504
1393 # 1504
1393 # 1504
1393 # 1504
1393 # 1504
1393 # 1504
1393 # 1504
1397 # 1504
1397 # 1504
1397 # 1504
1397 # 1504
1398 # 1504
1398 # 1504
1398 # 1504
1398 # 1504
1398 # 1504
1399 # 1504
1399 # 1504
1400 # 1504
1400 # 1504
1400 # 1504
1401 # 1504
1401 # 1504
1402 # 1504
1402 # 1504
1403 # 1504
1403 # 1504
1405 # 1504
1405 # 1504
1406 # 1504
1406 # 1504
1406 # 1504
1406 # 1504
1406 # 1504
1407 # 1504
1407 # 1504
1407 # 1504
1408 # 1504
1409 # 1504
1410 # 1504
1410 # 1504
1410 # 1504
1410 # 1504
1410 # 1504
1418 # 1504
1418 # 1504
1418 # 1504
1421 # 1504
1421 # 1504
1421 # 1504
1421 # 1504
1421 # 1504
1422 # 1504
1422 # 1504
1422 # 1504
1423 # 1504
1423 # 1504
1423 # 1504
1423 # 1504
1423 # 1504
1423 # 1504
1423 # 1504
1423 # 1504
1424 # 1504
1424 # 1504
1424 # 1504
1424 # 1504
1424 # 1504
1425 # 1504
1425 # 1504
1427 # 1504
1427 # 1504
1427 # 1504
1428 # 1504
1428 # 1504
1428 # 1504
1428 # 1504
1428 # 1504
1430 # 1504
1430 # 1504
1430 # 1504
1430 # 1504
1432 # 1504
1433 # 1504
1433 # 1504
1433 # 1504
1433 # 1504
1434 # 1504
1434 # 1504
1435 # 1504
1435 # 1504
1437 # 1504
1437 # 1504
1437 # 1504
1437 # 1504
1437 # 1504
1446 # 1504
1446 # 1504
1446 # 1504
1446 # 1504
1446 # 1504
1446 # 1504
1446 # 1504
1449 # 1504
1449 # 1504
1450 # 1504
1450 # 1504
1450 # 1504
1451 # 1504
1451 # 1504
1452 # 1504
1452 # 1504
1452 # 1504
1453 # 1504
1453 # 1504
1454 # 1504
1454 # 1504
1454 # 1504
1456 # 1504
1456 # 1504
1461 # 1504
1461 # 1504
1461 # 1504
1461 # 1504
1461 # 1504
1461 # 1504
1461 # 1504
1462 # 1504
1462 # 1504
1462 # 1504
1462 # 1504
1463 # 1504
1463 # 1504
1464 # 1504
1464 # 1504
1464 # 1504
1464 # 1504
1465 # 1504
1465 # 1504
1467 # 1504
1467 # 1504
1468 # 1504
1468 # 1504
1469 # 1504
1469 # 1504
1469 # 1504
1469 # 1504
1470 # 1504
1470 # 1504
1480 # 1504
1480 # 1504
1482 # 1504
1482 # 1504
1482 # 1504
1482 # 1504
1483 # 1504
1483 # 1504
1483 # 1504
1483 # 1504
1486 # 1504
1486 # 1504
1486 # 1504
1487 # 1504
1487 # 1504
1487 # 1504
1487 # 1504
1487 # 1504
1487 # 1504
1496 # 1504
1496 # 1504
1496 # 1504
1496 # 1504
1496 # 1504
1496 # 1504
1496 # 1504
1496 # 1504
1497 # 1504
1497 # 1504
1497 # 1504
1497 # 1504
1498 # 1504
1499 # 1504
1499 # 1504
1499 # 1504
1499 # 1504
1508 # 1504
1508 # 1504
1508 # 1504
1508 # 1504
1508 # 1504
1508 # 1504
1508 # 1504
1508 # 1504
1509 # 1504
1510 # 1504
1510 # 1504
1511 # 1504
1511 # 1504
1511 # 1504
1516 # 1504
1516 # 1504
1516 # 1504
1516 # 1504
1518 # 1504
1519 # 1504
1521 # 1504
1521 # 1504
1522 # 1504
1522 # 1504
1522 # 1504
1523 # 1504
1524 # 1504
1524 # 1504
1526 # 1504
1526 # 1504
1526 # 1504
1527 # 1504
1528 # 1504
1528 # 1504
1529 # 1504
1538 # 1504
1538 # 1504
1538 # 1504
1538 # 1504
1538 # 1504
1538 # 1504
1539 # 1504
1539 # 1504
1539 # 1504
1539 # 1504
1539 # 1504
1539 # 1504
1539 # 1504
1540 # 1504
1540 # 1504
1542 # 1504
1543 # 1504
1544 # 1504
1544 # 1504
1544 # 1504
1547 # 1504
1547 # 1504
1548 # 1504
1549 # 1504
1549 # 1504
1549 # 1504
1559 # 1504
1559 # 1504
1559 # 1504
1561 # 1504
1563 # 1504
1563 # 1504
1563 # 1504
1564 # 1504
1564 # 1504
1564 # 1504
1566 # 1504
1566 # 1504
1566 # 1504
1566 # 1504
1567 # 1504
1568 # 1504
1569 # 1504
1569 # 1504
1570 # 1504
1570 # 1504
1572 # 1504
1573 # 1504
1573 # 1504
1574 # 1504
1575 # 1504
1576 # 1504
1576 # 1504
1576 # 1504
1578 # 1504
1579 # 1504
1580 # 1504
1580 # 1504
1580 # 1504
1582 # 1504
1582 # 1504
1583 # 1504
1584 # 1504
1585 # 1504
1585 # 1504
1585 # 1504
1587 # 1504
1588 # 1504
1589 # 1504
1589 # 1504
1589 # 1504
1590 # 1504
1590 # 1504
1592 # 1504
1594 # 1504
1594 # 1504
1594 # 1504
1604 # 1504
1604 # 1504
1604 # 1504
1604 # 1504
1604 # 1504
1604 # 1504
1604 # 1504
1604 # 1504
1604 # 1504
1604 # 1504
1606 # 1504
1606 # 1504
1606 # 1504
1607 # 1504
1608 # 1504
1617 # 1504
1617 # 1504
1617 # 1504
1617 # 1504
1617 # 1504
1617 # 1504
1617 # 1504
1617 # 1504
1617 # 1504
1617 # 1504
1618 # 1504
1619 # 1504
1619 # 1504
1620 # 1504
1621 # 1504
1621 # 1504
1621 # 1504
1623 # 1504
1624 # 1504
1624 # 1504
1625 # 1504
1626 # 1504
1626 # 1504
1626 # 1504
1628 # 1504
1629 # 1504
1630 # 1504
1630 # 1504
1630 # 1504
1632 # 1504
1632 # 1504
1634 # 1504
1634 # 1504
1635 # 1504
1635 # 1504
1637 # 1504
1637 # 1504
1638 # 1504
1639 # 1504
1639 # 1504
1641 # 1504
1641 # 1504
1642 # 1504
1651 # 1504
1653 # 1504
1653 # 1504
1653 # 1504
1653 # 1504
1653 # 1504
1653 # 1504
1653 # 1504
1653 # 1504
1653 # 1504
1654 # 1504
1654 # 1504
1655 # 1504
1657 # 1504
1658 # 1504
1658 # 1504
1658 # 1504
1660 # 1504
1661 # 1504
1661 # 1504
1663 # 1504
1663 # 1504
1672 # 1504
1672 # 1504
1672 # 1504
1672 # 1504
1672 # 1504
1672 # 1504
1673 # 1504
1677 # 1504
1677 # 1504
1677 # 1504
1677 # 1504
1678 # 1504
1678 # 1504
1679 # 1504
1679 # 1504
1679 # 1504
1680 # 1504
1681 # 1504
1683 # 1504
1683 # 1504
1685 # 1504
1685 # 1504
1688 # 1504
1688 # 1504
1689 # 1504
1690 # 1504
1690 # 1504
1693 # 1504
1694 # 1504
1695 # 1504
1696 # 1504
1696 # 1504
1697 # 1504
1697 # 1504
1699 # 1504
1700 # 1504
1700 # 1504
1709 # 1504
1709 # 1504
1709 # 1504
1709 # 1504
1709 # 1504
1709 # 1504
1709 # 1504
1709 # 1504
1709 # 1504
1710 # 1504
1710 # 1504
1710 # 1504
1711 # 1504
1713 # 1504
1715 # 1504
1715 # 1504
1715 # 1504
1716 # 1504
1718 # 1504
1719 # 1504
1721 # 1504
1721 # 1504
1722 # 1504
1723 # 1504
1723 # 1504
1726 # 1504
1726 # 1504
1727 # 1504
1728 # 1504
1728 # 1504
1730 # 1504
1733 # 1504
1733 # 1504
1733 # 1504
1734 # 1504
1735 # 1504
1736 # 1504
1737 # 1504
1737 # 1504
1737 # 1504
1739 # 1504
1740 # 1504
1741 # 1504
1742 # 1504
1743 + 56
1744 # 1504
1744 - 56 1
1744 # 1504
1744 # 1504
1745 # 1504
1746 # 1504
1747 # 1504
1748 # 1504
1748 # 1504
1748 # 1504
1750 # 1504
1751 # 1504
1752 # 1504
1752 # 1504
1754 # 1504
1754 # 1504
1756 # 1504
1757 # 1504
1757 # 1504
1759 # 1504
1759 # 1504
1759 # 1504
1760 # 1504
1761 # 1504
1763 # 1504
1763 # 1504
1764 # 1504
1765 # 1504
1765 # 1504
1765 # 1504
1767 # 1504
1769 # 1504
1770 # 1504
1770 # 1504
1770 # 1504
1770 # 1504
1772 # 1504
1772 # 1504
1775 # 1504
1776 # 1504
1777 # 1504
1777 # 1504
1777 # 1504
1778 # 1504
1778 + 56
1779 # 1504
1779 - 56 1
1780 # 1504
1780 # 1504
1780 + 56
1780 + 56
1780 + 56
1780 + 56
1781 + 56
1781 + 56
1782 # 1504
1782 - 56 2
1782 - 56 2
1782 - 56 2
1782 - 56 2
1782 - 56 1
1782 - 56 1
1782 + 56
1782 + 56
1783 # 1504
1783 - 56 1
1783 - 56 1
1783 # 1504
1783 # 1504
1783 + 56
1784 # 1504
1784 - 56 1
1785 # 1504
1785 # 1504
1785 + 56
1786 # 1504
1786 - 56 1
1787 # 1504
1788 # 1504
1788 # 1504
1790 # 1504
1790 # 1504
1791 # 1504
1791 # 1504
1792 # 1504
1793 # 1504
1794 # 1504
1794 # 1504
1794 + 56
1794 + 56
1794 + 56
1794 + 56
1795 # 1504
1795 - 56 1
1795 - 56 1
1795 - 56 1
1795 - 56 1
1795 # 1504
1795 # 1504
1796 + 56
1796 + 56
1797 # 1504
1797 - 56 1
1797 - 56 1
1797 + 56
1798 # 1504
1798 - 56 1
1799 # 1504
1800 # 1504
1800 # 1504
1801 # 1504
1801 # 1504
1801 # 1504
1802 # 1504
1804 # 1504
1804 + 56
1804 + 56
1805 # 1504
1805 - 56 1
1805 - 56 1
1805 # 1504
1806 # 1504
1806 + 56
1806 + 56
1807 # 1504
1807 - 56 1
1807 - 56 1
1808 # 1504
1808 # 1504
1808 + 56
1809 # 1504
1809 - 56 1
1810 # 1504
1810 # 1504
1812 # 1504
1813 # 1504
1814 # 1504
1814 # 1504
1814 # 1504
1815 # 1504
1816 # 1504
1817 # 1504
1817 # 1504
1818 + 56
1818 + 56
1819 # 1504
1819 - 56 1
1819 - 56 1
1820 # 1504
1820 + 68
1820 + 68
1820 + 56
1820 + 56
1820 + 56
1820 + 56
1821 # 1504
1821 - 68 1
1821 - 68 1
1821 - 56 1
1821 - 56 1
1821 - 56 1
1821 - 56 1
1821 # 1504
1821 # 1504
1822 # 1504
1822 + 56
1823 # 1504
1823 - 56 1
1823 + 56
1824 # 1504
1824 - 56 1
1824 # 1504
1824 + 56
1825 # 1504
1825 - 56 1
1825 + 56
1825 + 56
1827 # 1504
1827 - 56 2
1827 - 56 2
1827 # 1504
1827 # 1504
1827 + 56
1827 + 56
1828 # 1504
1828 - 56 1
1828 - 56 1
1828 + 56
1829 # 1504
1829 - 56 1
1829 # 1504
1830 # 1504
1830 + 56
1830 + 56
1830 + 56
1831 # 1504
1831 - 56 1
1831 - 56 1
1831 - 56 1
1831 # 1504
1832 # 1504
1833 + 56
1833 + 56
1835 + 56
1836 + 56
1841 # 1504
1841 - 56 8
1841 - 56 8
1841 - 56 6
1841 - 56 5
1842 # 1504
1842 # 1504
1842 # 1504
1845 # 1504
1845 # 1504
1846 + 56
1846 + 56
1847 # 1504
1847 - 56 1
1847 - 56 1
1847 # 1504
1847 # 1504
1848 # 1504
1848 # 1504
1848 # 1504
1848 # 1504
1848 + 56
1849 # 1504
1849 - 56 1
1849 # 1504
1849 # 1504
1850 + 56
1851 # 1504
1851 - 56 1
1853 # 1504
1853 + 56
1854 # 1504
1854 - 56 1
1855 # 1504
1855 # 1504
1855 + 56
1856 # 1504
1856 - 56 1
1856 # 1504
1856 + 56
1857 # 1504
1857 - 56 1
1857 # 1504
1858 # 1504
1858 + 56
1858 + 56
1859 # 1504
1859 - 56 1
1859 - 56 1
1860 + 56
1861 # 1504
1861 - 56 1
1862 # 1504
1862 # 1504
1862 # 1504
1863 # 1504
1864 # 1504
1865 # 1504
1865 # 1504
1866 # 1504
1868 # 1504
1869 # 1504
1869 # 1504
1869 # 1504
1870 # 1504
1870 # 1504
1870 + 56
1870 + 56
1871 # 1504
1871 - 56 1
1871 - 56 1
1872 # 1504
1873 # 1504
1873 # 1504
1873 + 56
1874 # 1504
1874 - 56 1
1874 # 1504
1875 + 56
1876 # 1504
1876 - 56 1
1876 # 1504
1877 # 1504
1878 # 1504
1879 # 1504
1879 # 1504
1879 # 1504
1881 # 1504
1882 # 1504
1882 # 1504
1883 # 1504
1884 # 1504
1885 # 1504
1885 # 1504
1885 + 56
1886 # 1504
1886 - 56 1
1886 # 1504
1886 + 56
1886 + 56
1887 # 1504
1887 - 56 1
1887 - 56 1
1887 # 1504
1889 # 1504
1890 # 1504
1890 # 1504
1890 + 56
1892 # 1504
1892 - 56 2
1892 # 1504
1892 + 56
1893 # 1504
1893 - 56 1
1893 # 1504
1893 + 56
1893 + 56
1894 # 1504
1894 - 56 1
1894 - 56 1
1895 # 1504
1895 # 1504
1895 + 56
1895 + 56
1895 + 56
1896 + 56
1897 # 1504
1897 - 56 2
1897 - 56 2
1897 - 56 2
1897 - 56 1
1897 + 56
1898 # 1504
1898 - 56 1
1898 # 1504
1899 # 1504
1899 # 1504
1899 + 56
1899 + 56
1900 # 1504
1900 - 56 1
1900 - 56 1
1900 # 1504
1900 + 56
1901 # 1504
1901 - 56 1
1901 + 56
1902 # 1504
1902 - 56 1
1902 + 56
1902 + 56
1903 + 56
1903 + 56
1904 # 1504
1904 - 56 2
1904 - 56 2
1904 - 56 1
1904 - 56 1
1904 # 1504
1904 + 56
1905 # 1504
1905 - 56 1
1905 # 1504
1905 # 1504
1906 # 1504
1906 + 56
1906 + 56
1907 # 1504
1907 - 56 1
1907 - 56 1
1907 + 56
1908 # 1504
1908 - 56 1
1908 # 1504
1908 + 56
1909 # 1504
1909 - 56 1
1910 # 1504
1912 # 1504
1912 # 1504
1912 # 1504
1913 # 1504
1914 # 1504
1914 # 1504
1915 # 1504
1916 # 1504
1916 # 1504
1916 + 56
1916 + 56
1916 + 56
1917 # 1504
1917 - 56 1
1917 - 56 1
1917 - 56 1
1919 # 1504
1919 # 1504
1919 # 1504
1920 # 1504
1921 # 1504
1921 # 1504
1922 # 1504
1923 # 1504
1923 # 1504
1924 # 1504
1924 # 1504
1924 # 1504
1925 # 1504
1926 + 56
1926 + 56
1926 + 56
1927 # 1504
1927 - 56 1
1927 - 56 1
1927 - 56 1
1927 # 1504
1928 # 1504
1928 + 56
1928 + 56
1928 + 56
1928 + 56
1928 + 56
1928 + 56
1928 + 56
1928 + 56
1928 + 56
1928 + 56
1928 + 56
1928 + 56
1928 + 56
1928 + 56
1929 # 1504
1929 - 56 1
1929 - 56 1
1929 - 56 1
1929 - 56 1
1929 - 56 1
1929 - 56 1
1929 - 56 1
1929 - 56 1
1929 - 56 1
1929 - 56 1
1929 - 56 1
1929 - 56 1
1929 - 56 1
1929 - 56 1
1929 # 1504
1929 + 56
1929 + 56
1929 + 56
1929 + 56
1929 + 56
1929 + 56
1930 # 1504
1930 - 56 1
1930 - 56 1
1930 - 56 1
1930 - 56 1
1930 - 56 1
1930 - 56 1
1930 # 1504
1931 # 1504
1931 # 1504
1931 # 1504
1931 + 56
1932 # 1504
1932 - 56 1
1934 # 1504
1936 # 1504
1936 # 1504
1937 # 1504
1937 # 1504
1938 # 1504
1938 # 1504
1938 + 56
1938 + 56
1938 + 56
1938 + 56
1938 + 56
1938 + 56
1938 + 56
1939 # 1504
1939 - 56 1
1939 - 56 1
1939 - 56 1
1939 - 56 1
1939 - 56 1
1939 - 56 1
1939 - 56 1
1940 # 1504
1940 # 1504
1940 + 56
1940 + 56
1940 + 56
1940 + 56
1940 + 56
1940 + 56
1941 # 1504
1941 - 56 1
1941 - 56 1
1941 - 56 1
1941 - 56 1
1941 - 56 1
1941 - 56 1
1941 # 1504
1947 # 1504
1947 # 1504
1948 # 1504
1948 # 1504
1949 + 56
1949 + 56
1949 + 56
1949 + 56
1949 + 56
1949 + 56
1949 + 56
1952 + 56
1952 + 56
1952 + 56
1952 + 56
1952 + 56
1952 + 56
1952 + 56
1952 + 56
1952 + 56
1952 + 56
1954 + 56
1954 + 56
1954 + 56
1955 # 1504
1955 - 56 6
1955 - 56 6
1955 - 56 6
1955 - 56 6
1955 - 56 6
1955 - 56 6
1955 - 56 6
1955 - 56 3
1955 - 56 3
1955 - 56 3
1955 - 56 3
1955 - 56 3
1955 - 56 3
1955 - 56 3
1955 - 56 3
1955 - 56 3
1955 - 56 3
1955 - 56 1
1955 - 56 1
1955 - 56 1
1955 # 1504
1955 # 1504
1955 # 1504
1955 + 56
1955 + 56
1956 # 1504
1956 - 56 1
1956 - 56 1
1957 # 1504
1957 # 1504
1957 + 56
1958 # 1504
1958 - 56 1
1958 + 56
1958 + 56
1959 # 1504
1959 - 56 1
1959 - 56 1
1959 # 1504
1959 + 56
1959 + 56
1960 + 56
1960 + 56
1960 + 56
1962 # 1504
1962 - 56 3
1962 - 56 3
1962 - 56 2
1962 - 56 2
1962 - 56 2
1962 # 1504
1962 # 1504
1963 # 1504
1963 # 1504
1963 + 56
1964 # 1504
1964 - 56 1
1964 # 1504
1965 # 1504
1965 # 1504
1966 # 1504
1967 # 1504
1967 # 1504
1967 # 1504
1967 # 1504
1967 + 56
1967 + 56
1968 # 1504
1968 - 56 1
1968 - 56 1
1968 + 56
1968 + 56
1968 + 56
1968 + 56
1968 + 56
1968 + 56
1968 + 56
1970 # 1504
1970 - 56 2
1970 - 56 2
1970 - 56 2
1970 - 56 2
1970 - 56 2
1970 - 56 2
1970 - 56 2
1970 # 1504
1971 # 1504
1971 + 56
1971 + 56
1971 + 56
1971 + 56
1971 + 56
1972 # 1504
1972 - 56 1
1972 - 56 1
1972 - 56 1
1972 - 56 1
1972 - 56 1
1972 # 1504
1973 # 1504
1973 # 1504
1974 # 1504
1974 # 1504
1974 # 1504
1974 + 56
1974 + 56
1974 + 56
1974 + 56
1974 + 56
1975 # 1504
1975 - 56 1
1975 - 56 1
1975 - 56 1
1975 - 56 1
1975 - 56 1
1976 # 1504
1976 + 56
1977 + 56
1978 # 1504
1978 - 56 2
1978 - 56 1
1978 # 1504
1979 + 56
1979 + 56
1979 + 56
1979 + 56
1979 + 56
1980 # 1504
1980 - 56 1
1980 - 56 1
1980 - 56 1
1980 - 56 1
1980 - 56 1
1980 # 1504
1980 + 56
1980 + 56
1981 # 1504
1981 - 56 1
1981 - 56 1
1981 # 1504
1981 # 1504
1981 + 56
1981 + 56
1982 # 1504
1982 - 56 1
1982 - 56 1
1982 # 1504
1983 # 1504
1983 # 1504
1983 + 56
1983 + 56
1983 + 56
1983 + 56
1983 + 56
1985 # 1504
1985 - 56 2
1985 - 56 2
1985 - 56 2
1985 - 56 2
1985 - 56 2
1985 # 1504
1985 + 56
1986 # 1504
1986 - 56 1
1986 + 56
1987 # 1504
1987 - 56 1
1987 # 1504
1987 # 1504
1987 + 56
1987 + 56
1989 + 56
1989 + 56
1989 + 56
1989 + 56
1989 + 56
1989 + 56
1991 + 56
1991 + 56
1993 + 56
1994 + 56
1994 + 56
1994 + 56
1995 + 56
1996 # 1504
1996 - 56 9
1996 - 56 9
1996 - 56 7
1996 - 56 7
1996 - 56 7
1996 - 56 7
1996 - 56 7
1996 - 56 7
1996 - 56 5
1996 - 56 5
1996 - 56 3
1996 - 56 2
1996 - 56 2
1996 - 56 2
1996 - 56 1
1996 # 1504
1997 # 1504
1997 # 1504
1998 # 1504
1999 # 1504
1999 # 1504
1999 # 1504
1999 # 1504
1999 # 1504
1999 # 1504
1999 # 1504
2000 # 1504
2001 # 1504
2001 # 1504
2003 # 1504
2003 # 1504
2003 # 1504
2003 + 56
2003 + 56
2003 + 56
2004 # 1504
2004 - 56 1
2004 - 56 1
2004 - 56 1
2004 # 1504
2005 # 1504
2005 # 1504
2005 + 56
2005 + 56
2005 + 56
2005 + 56
2005 + 56
2005 + 56
2005 + 56
2005 + 56
2005 + 56
2006 # 1504
2006 - 56 1
2006 - 56 1
2006 - 56 1
2006 - 56 1
2006 - 56 1
2006 - 56 1
2006 - 56 1
2006 - 56 1
2006 - 56 1
2007 # 1504
2007 # 1504
2007 + 56
2007 + 56
2007 + 56
2007 + 56
2007 + 56
2008 # 1504
2008 - 56 1
2008 - 56 1
2008 - 56 1
2008 - 56 1
2008 - 56 1
2008 # 1504
2008 # 1504
2008 # 1504
2009 # 1504
2010 + 56
2011 # 1504
2011 - 56 1
2011 # 1504
2011 + 56
2012 # 1504
2012 - 56 1
2012 # 1504
2013 # 1504
2014 # 1504
2014 # 1504
2015 # 1504
2015 # 1504
2015 # 1504
2015 + 56
2016 # 1504
2016 - 56 1
2016 # 1504
2017 + 56
2017 + 56
2019 # 1504
2019 - 56 2
2019 - 56 2
2019 # 1504
2020 # 1504
2020 + 56
2021 # 1504
2021 - 56 1
2021 # 1504
2022 # 1504
2022 # 1504
2022 # 1504
2022 # 1504
2023 # 1504
2023 # 1504
2024 # 1504
2024 # 1504
2025 + 56
2026 # 1504
2026 - 56 1
2026 # 1504
2029 + 56
2029 + 56
2034 # 1504
2034 - 56 5
2034 - 56 5
2034 # 1504
2034 # 1504
2034 # 1504
2034 # 1504
2034 # 1504
2034 # 1504
2034 # 1504
2034 # 1504
2034 # 1504
2034 # 1504
2034 # 1504
2034 # 1504
2034 # 1504
2034 # 1504
2035 # 1504
2035 # 1504
2036 # 1504
2036 # 1504
2037 # 1504
2037 # 1504
2038 # 1504
2039 # 1504
2039 # 1504
2039 + 56
2039 + 56
2044 + 56
2044 + 56
2044 + 56
2044 + 56
2047 + 56
2047 + 56
2048 # 1504
2048 - 56 9
2048 - 56 9
2048 - 56 4
2048 - 56 4
2048 - 56 4
2048 - 56 4
2048 - 56 1
2048 - 56 1
2048 # 1504
2048 # 1504
2048 # 1504
2048 # 1504
2048 # 1504
2050 # 1504
2050 # 1504
2050 # 1504
2050 # 1504
2050 # 1504
2051 # 1504
2051 # 1504
2051 # 1504
2051 # 1504
2051 + 56
2052 # 1504
2052 - 56 1
2052 # 1504
2052 # 1504
2052 # 1504
2052 # 1504
2052 # 1504
2053 # 1504
2053 # 1504
2054 # 1504
2060 + 56
2060 + 56
2061 + 56
2061 + 56
2061 + 56
2063 # 1504
2063 - 56 3
2063 - 56 3
2063 - 56 2
2063 - 56 2
2063 - 56 2
2063 # 1504
2063 # 1504
2063 # 1504
2063 # 1504
2063 + 56
2064 # 1504
2064 - 56 1
2064 + 56
2064 + 56
2066 # 1504
2066 - 56 2
2066 - 56 2
2066 + 56
2067 # 1504
2067 - 56 1
2067 # 1504
2067 # 1504
2067 # 1504
2067 # 1504
2067 # 1504
2067 # 1504
2067 + 56
2068 # 1504
2068 - 56 1
2068 # 1504
2068 # 1504
2068 # 1504
2068 # 1504
2068 + 56
2068 + 56
2069 + 56
2070 + 56
2071 + 56
2073 + 56
2076 + 56
2076 + 56
2076 + 56
2077 # 1504
2077 - 56 9
2077 - 56 9
2077 - 56 8
2077 - 56 7
2077 - 56 6
2077 - 56 4
2077 - 56 1
2077 - 56 1
2077 - 56 1
2077 # 1504
2077 # 1504
2077 # 1504
2077 # 1504
2077 # 1504
2077 # 1504
2077 + 56
2078 # 1504
2078 - 56 1
2078 # 1504
2078 # 1504
2078 # 1504
2078 # 1504
2078 # 1504
2078 # 1504
2078 # 1504
2078 + 56
2078 + 56
2078 + 56
2079 # 1504
2079 - 56 1
2079 - 56 1
2079 - 56 1
2080 # 1504
2080 # 1504
2080 + 56
2080 + 56
2081 + 56
2082 + 56
2082 + 56
2084 + 56
2085 + 56
2088 # 1504
2088 - 56 8
2088 - 56 8
2088 - 56 7
2088 - 56 6
2088 - 56 6
2088 - 56 4
2088 - 56 3
2089 # 1504
2089 # 1504
2089 # 1504
2089 # 1504
2089 # 1504
2089 # 1504
2089 # 1504
2089 # 1504
2089 # 1504
2089 # 1504
2089 # 1504
2089 # 1504
2089 # 1504
2090 # 1504
2090 # 1504
2091 # 1504
2092 # 1504
2092 # 1504
2093 # 1504
2093 # 1504
2093 # 1504
2095 + 56
2095 + 56
2095 + 56
2098 + 56
2098 + 56
2098 + 56
2098 + 56
2098 + 56
2098 + 56
2098 + 56
2101 + 56
2101 + 56
2101 + 56
2101 + 56
2101 + 56
2102 + 56
2102 + 56
2103 # 1504
2103 - 56 8
2103 - 56 8
2103 - 56 8
2103 - 56 5
2103 - 56 5
2103 - 56 5
2103 - 56 5
2103 - 56 5
2103 - 56 5
2103 - 56 5
2103 - 56 2
2103 - 56 2
2103 - 56 2
2103 - 56 2
2103 - 56 2
2103 - 56 1
2103 - 56 1
2103 # 1504
2103 # 1504
2103 # 1504
2103 # 1504
2103 # 1504
2103 # 1504
2103 # 1504
2103 # 1504
2103 + 56
2103 + 56
2103 + 56
2103 + 56
2104 + 56
2104 + 56
2106 + 56
2106 + 56
2106 + 56
2107 + 56
2107 + 56
2107 + 56
2108 # 1504
2108 - 56 5
2108 - 56 5
2108 - 56 5
2108 - 56 5
2108 - 56 4
2108 - 56 4
2108 - 56 2
2108 - 56 2
2108 - 56 2
2108 - 56 1
2108 - 56 1
2108 - 56 1
2108 # 1504
2108 # 1504
2108 # 1504
2108 # 1504
2108 # 1504
2108 # 1504
2108 # 1504
2108 # 1504
2108 # 1504
2109 # 1504
2109 # 1504
2109 # 1504
2109 # 1504
2109 + 56
2109 + 56
2109 + 56
2110 # 1504
2110 - 56 1
2110 - 56 1
2110 - 56 1
2110 + 56
2111 # 1504
2111 - 56 1
2111 # 1504
2112 # 1504
2112 # 1504
2112 + 56
2112 + 56
2112 + 56
2114 # 1504
2114 - 56 2
2114 - 56 2
2114 - 56 2
2114 + 56
2114 + 56
2114 + 56
2114 + 56
2114 + 56
2122 # 1504
2122 - 56 8
2122 - 56 8
2122 - 56 8
2122 - 56 8
2122 - 56 8
2122 # 1504
2122 # 1504
2122 # 1504
2122 # 1504
2122 # 1504
2122 # 1504
2125 + 56
2125 + 56
2125 + 56
2125 + 56
2126 # 1504
2126 - 56 1
2126 - 56 1
2126 - 56 1
2126 - 56 1
2126 # 1504
2126 # 1504
2126 # 1504
2126 # 1504
2126 + 56
2126 + 56
2129 # 1504
2129 - 56 3
2129 - 56 3
2129 # 1504
2131 # 1504
2131 # 1504
2131 # 1504
2131 + 56
2131 + 56
2131 + 56
2131 + 56
2131 + 56
2132 # 1504
2132 - 56 1
2132 - 56 1
2132 - 56 1
2132 - 56 1
2132 - 56 1
2132 # 1504
2132 + 56
2132 + 56
2132 + 56
2132 + 56
2132 + 56
2132 + 56
2132 + 56
2133 + 56
2133 + 56
2133 + 56
2133 + 56
2135 # 1504
2135 - 56 3
2135 - 56 3
2135 - 56 3
2135 - 56 3
2135 - 56 3
2135 - 56 3
2135 - 56 3
2135 - 56 2
2135 - 56 2
2135 - 56 2
2135 - 56 2
2135 # 1504
2135 # 1504
2135 # 1504
2135 # 1504
2135 # 1504
2135 # 1504
2135 + 56
2135 + 56
2136 + 56
2139 + 56
2139 + 56
2139 + 56
2139 + 56
2139 + 56
2141 # 1504
2141 - 56 6
2141 - 56 6
2141 - 56 5
2141 - 56 2
2141 - 56 2
2141 - 56 2
2141 - 56 2
2141 - 56 2
2141 # 1504
2141 # 1504
2141 # 1504
2141 # 1504
2141 + 56
2141 + 56
2142 # 1504
2142 - 56 1
2142 - 56 1
2142 + 56
2142 + 56
2143 + 56
2144 + 56
2144 + 56
2145 + 56
2145 + 56
2146 + 56
2147 # 1504
2147 - 56 5
2147 - 56 5
2147 - 56 4
2147 - 56 3
2147 - 56 3
2147 - 56 2
2147 - 56 2
2147 - 56 1
2147 # 1504
2147 # 1504
2147 # 1504
2147 # 1504
2147 # 1504
2147 # 1504
2147 # 1504
2147 # 1504
2147 # 1504
2147 + 56
2147 + 56
2148 # 1504
2148 - 56 1
2148 - 56 1
2148 # 1504
2148 # 1504
2148 + 56
2149 # 1504
2149 - 56 1
2150 # 1504
2150 # 1504
2150 # 1504
2151 # 1504
2153 # 1504
2153 # 1504
2159 + 56
2159 + 56
2159 + 56
2159 + 56
2159 + 56
2159 + 56
2159 + 56
2159 + 56
2161 # 1504
2161 - 56 2
2161 - 56 2
2161 - 56 2
2161 - 56 2
2161 - 56 2
2161 - 56 2
2161 - 56 2
2161 - 56 2
2161 # 1504
2161 # 1504
2162 + 56
2162 + 56
2162 + 56
2162 + 56
2162 + 56
2162 + 56
2162 + 56
2162 + 56
2162 + 56
2162 + 56
2163 + 56
2164 # 1504
2164 - 56 2
2164 - 56 2
2164 - 56 2
2164 - 56 2
2164 - 56 2
2164 - 56 2
2164 - 56 2
2164 - 56 2
2164 - 56 2
2164 - 56 2
2164 - 56 1
2164 # 1504
2164 # 1504
2164 + 56
2164 + 56
2165 + 56
2165 + 56
2166 # 1504
2166 - 56 2
2166 - 56 2
2166 - 56 1
2166 - 56 1
2166 # 1504
2166 # 1504
2166 # 1504
2166 # 1504
2166 # 1504
2166 # 1504
2166 # 1504
2166 # 1504
2166 + 56
2166 + 56
2167 # 1504
2167 - 56 1
2167 - 56 1
2167 # 1504
2176 # 1504
2176 # 1504
2176 # 1504
2176 # 1504
2176 # 1504
2176 # 1504
2176 # 1504
2176 # 1504
2176 # 1504
2176 # 1504
2176 + 56
2176 + 56
2176 + 56
2176 + 56
2177 # 1504
2177 - 56 1
2177 - 56 1
2177 - 56 1
2177 - 56 1
2177 # 1504
2177 # 1504
2177 # 1504
2177 # 1504
2178 # 1504
2179 # 1504
2179 # 1504
2179 # 1504
2180 + 56
2180 + 56
2181 # 1504
2181 - 56 1
2181 - 56 1
2181 # 1504
2182 # 1504
2182 + 56
2182 + 56
2182 + 56
2182 + 56
2182 + 56
2182 + 56
2182 + 56
2182 + 56
2183 # 1504
2183 - 56 1
2183 - 56 1
2183 - 56 1
2183 - 56 1
2183 - 56 1
2183 - 56 1
2183 - 56 1
2183 - 56 1
2183 + 56
2184 # 1504
2184 - 56 1
2184 # 1504
2184 + 56
2184 + 56
2184 + 56
2184 + 56
2185 # 1504
2185 - 56 1
2185 - 56 1
2185 - 56 1
2185 - 56 1
2185 + 56
2186 # 1504
2186 - 56 1
2186 # 1504
2187 # 1504
2187 + 56
2188 # 1504
2188 - 56 1
2188 # 1504
2188 + 56
2188 + 56
2188 + 56
2188 + 56
2190 # 1504
2190 - 56 2
2190 - 56 2
2190 - 56 2
2190 - 56 2
2190 + 56
2190 + 56
2190 + 56
2191 # 1504
2191 - 56 1
2191 - 56 1
2191 - 56 1
2191 # 1504
2192 + 56
2192 + 56
2192 + 56
2193 + 56
2193 + 56
2195 + 56
2196 + 56
2196 + 56
2196 + 56
2199 # 1504
2199 - 56 7
2199 - 56 7
2199 - 56 7
2199 - 56 6
2199 - 56 6
2199 - 56 4
2199 - 56 3
2199 - 56 3
2199 - 56 3
2200 + 56
2200 + 56
2200 + 56
2200 + 56
2200 + 56
2201 # 1504
2201 - 56 1
2201 - 56 1
2201 - 56 1
2201 - 56 1
2201 - 56 1
2201 # 1504
2201 + 56
2201 + 56
2202 # 1504
2202 - 56 1
2202 - 56 1
2202 # 1504
2202 # 1504
2202 # 1504
2202 # 1504
2202 # 1504
2202 # 1504
2202 + 56
2202 + 56
2203 + 56
2203 + 56
2204 + 56
2204 + 56
2204 + 56
2206 # 1504
2206 - 56 4
2206 - 56 4
2206 - 56 3
2206 - 56 3
2206 - 56 2
2206 - 56 2
2206 - 56 2
2206 + 56
2206 + 56
2207 + 56
2207 + 56
2207 + 56
2208 + 56
2211 # 1504
2211 - 56 5
2211 - 56 5
2211 - 56 4
2211 - 56 4
2211 - 56 4
2211 - 56 3
2211 # 1504
2211 # 1504
2211 # 1504
2211 # 1504
2211 # 1504
2211 # 1504
2211 # 1504
2211 # 1504
2211 # 1504
2212 # 1504
2212 # 1504
2213 # 1504
2214 # 1504
2215 # 1504
2215 # 1504
2215 # 1504
2217 # 1504
2217 # 1504
2218 # 1504
2218 + 56
2218 + 56
2218 + 56
2218 + 56
2218 + 56
2219 # 1504
2219 - 56 1
2219 - 56 1
2219 - 56 1
2219 - 56 1
2219 - 56 1
2220 # 1504
2220 # 1504
2223 + 56
2223 + 56
2223 + 56
2223 + 56
2223 + 56
2223 + 56
2223 + 56
2223 + 56
2224 + 56
2224 + 56
2224 + 56
2224 + 56
2224 + 56
2224 + 56
2224 + 56
2224 + 56
2224 + 56
2224 + 56
2225 + 56
2225 + 56
2226 + 56
2226 + 56
2229 # 1504
2229 - 56 6
2229 - 56 6
2229 - 56 6
2229 - 56 6
2229 - 56 6
2229 - 56 6
2229 - 56 6
2229 - 56 6
2229 - 56 5
2229 - 56 5
2229 - 56 5
2229 - 56 5
2229 - 56 5
2229 - 56 5
2229 - 56 5
2229 - 56 5
2229 - 56 5
2229 - 56 5
2229 - 56 4
2229 - 56 4
2229 - 56 3
2229 - 56 3
2229 # 1504
2229 # 1504
2229 # 1504
2229 # 1504
2230 # 1504
2232 # 1504
2234 # 1504
2234 # 1504
2234 # 1504
2234 # 1504
2234 # 1504
2234 # 1504
2234 # 1504
2235 # 1504
2235 # 1504
2235 + 56
2235 + 56
2235 + 56
2235 + 56
2236 + 56
2236 + 56
2236 + 56
2238 # 1504
2238 - 56 3
2238 - 56 3
2238 - 56 3
2238 - 56 3
2238 - 56 2
2238 - 56 2
2238 - 56 2
2239 # 1504
2239 # 1504
2239 # 1504
2239 + 56
2239 + 56
2239 + 56
2239 + 56
2239 + 56
2239 + 56
2239 + 56
2239 + 56
2239 + 56
2239 + 56
2239 + 56
2240 # 1504
2240 - 56 1
2240 - 56 1
2240 - 56 1
2240 - 56 1
2240 - 56 1
2240 - 56 1
2240 - 56 1
2240 - 56 1
2240 - 56 1
2240 - 56 1
2240 - 56 1
2241 # 1504
2241 # 1504
2242 # 1504
2243 # 1504
2245 # 1504
2248 + 56
2248 + 56
2248 + 56
2248 + 56
2248 + 56
2248 + 56
2248 + 56
2248 + 56
2249 + 56
2249 + 56
2254 # 1504
2254 - 56 6
2254 - 56 6
2254 - 56 6
2254 - 56 6
2254 - 56 6
2254 - 56 6
2254 - 56 6
2254 - 56 6
2254 - 56 5
2254 - 56 5
2254 # 1504
2254 # 1504
2254 + 56
2254 + 56
2254 + 56
2254 + 56
2254 + 56
2255 # 1504
2255 - 56 1
2255 - 56 1
2255 - 56 1
2255 - 56 1
2255 - 56 1
2255 + 56
2256 # 1504
2256 - 56 1
2256 # 1504
2256 # 1504
2256 # 1504
2256 # 1504
2256 # 1504
2256 # 1504
2257 # 1504
2258 # 1504
2258 # 1504
2258 # 1504
2259 + 56
2259 + 56
2259 + 56
2259 + 56
2259 + 56
2259 + 56
2259 + 56
2259 + 56
2259 + 56
2260 # 1504
2260 - 56 1
2260 - 56 1
2260 - 56 1
2260 - 56 1
2260 - 56 1
2260 - 56 1
2260 - 56 1
2260 - 56 1
2260 - 56 1
2260 + 56
2260 + 56
2260 + 56
2260 + 56
2261 # 1504
2261 - 56 1
2261 - 56 1
2261 - 56 1
2261 - 56 1
2261 + 56
2262 # 1504
2262 - 56 1
2262 # 1504
2263 # 1504
2263 # 1504
2264 # 1504
2266 # 1504
2267 # 1504
2267 # 1504
2268 # 1504
2269 # 1504
2270 # 1504
2270 # 1504
2270 + 56
2270 + 56
2270 + 56
2270 + 56
2270 + 56
2270 + 56
2270 + 56
2270 + 56
2271 # 1504
2271 - 56 1
2271 - 56 1
2271 - 56 1
2271 - 56 1
2271 - 56 1
2271 - 56 1
2271 - 56 1
2271 - 56 1
2271 + 56
2271 + 56
2272 # 1504
2272 - 56 1
2272 - 56 1
2274 # 1504
2275 # 1504
2275 # 1504
2276 # 1504
2276 # 1504
2277 # 1504
2277 # 1504
2277 + 56
2277 + 56
2277 + 56
2277 + 56
2278 # 1504
2278 - 56 1
2278 - 56 1
2278 - 56 1
2278 - 56 1
2279 # 1504
2281 # 1504
2281 # 1504
2281 + 56
2281 + 56
2281 + 56
2281 + 56
2281 + 56
2281 + 56
2281 + 56
2281 + 56
2282 # 1504
2282 - 56 1
2282 - 56 1
2282 - 56 1
2282 - 56 1
2282 - 56 1
2282 - 56 1
2282 - 56 1
2282 - 56 1
2282 + 56
2282 + 56
2282 + 56
2282 + 56
2283 # 1504
2283 - 56 1
2283 - 56 1
2283 - 56 1
2283 - 56 1
2283 # 1504
2283 # 1504
2283 + 56
2284 # 1504
2284 - 56 1
2284 + 56
2285 # 1504
2285 - 56 1
2286 # 1504
2286 # 1504
2287 # 1504
2289 # 1504
2289 # 1504
2289 # 1504
2290 # 1504
2291 # 1504
2291 # 1504
2292 # 1504
2292 + 56
2292 + 56
2293 # 1504
2293 - 56 1
2293 - 56 1
2293 + 56
2293 + 56
2293 + 56
2293 + 56
2293 + 56
2293 + 56
2294 # 1504
2294 - 56 1
2294 - 56 1
2294 - 56 1
2294 - 56 1
2294 - 56 1
2294 - 56 1
2294 # 1504
2295 # 1504
2295 # 1504
2299 + 56
2299 + 56
2299 + 56
2303 + 56
2303 + 56
2303 + 56
2303 + 56
2303 + 56
2303 + 56
2303 + 56
2303 + 56
2303 + 56
2304 # 1504
2304 - 56 5
2304 - 56 5
2304 - 56 5
2304 - 56 1
2304 - 56 1
2304 - 56 1
2304 - 56 1
2304 - 56 1
2304 - 56 1
2304 - 56 1
2304 - 56 1
2304 - 56 1
2304 # 1504
2304 # 1504
2304 # 1504
2304 # 1504
2304 # 1504
2304 # 1504
2304 # 1504
2304 + 56
2305 # 1504
2305 - 56 1
2305 # 1504
2305 # 1504
2305 # 1504
2306 + 56
2306 + 56
2307 # 1504
2307 - 56 1
2307 - 56 1
2307 # 1504
2307 + 56
2307 + 56
2308 # 1504
2308 - 56 1
2308 - 56 1
2309 # 1504
2309 # 1504
2309 + 56
2309 + 56
2310 # 1504
2310 - 56 1
2310 - 56 1
2311 # 1504
2312 # 1504
2312 # 1504
2312 # 1504
2316 # 1504
2317 # 1504
2317 # 1504
2317 # 1504
2317 + 56
2317 + 56
2318 # 1504
2318 - 56 1
2318 - 56 1
2319 # 1504
2319 + 56
2319 + 56
2319 + 56
2319 + 56
2319 + 56
2319 + 56
2319 + 56
2319 + 56
2320 # 1504
2320 - 56 1
2320 - 56 1
2320 - 56 1
2320 - 56 1
2320 - 56 1
2320 - 56 1
2320 - 56 1
2320 - 56 1
2320 # 1504
2320 + 56
2320 + 56
2321 # 1504
2321 - 56 1
2321 - 56 1
2321 + 56
2323 # 1504
2323 - 56 2
2323 + 56
2323 + 56
2324 # 1504
2324 - 56 1
2324 - 56 1
2324 # 1504
2325 # 1504
2325 # 1504
2326 # 1504
2326 # 1504
2327 # 1504
2328 # 1504
2329 # 1504
2329 # 1504
2330 # 1504
2332 # 1504
2333 # 1504
2333 # 1504
2333 # 1504
2334 # 1504
2334 + 56
2335 # 1504
2335 - 56 1
2335 # 1504
2335 + 56
2336 # 1504
2336 - 56 1
2336 + 56
2337 # 1504
2337 - 56 1
2337 # 1504
2338 # 1504
2338 # 1504
2340 # 1504
2345 + 56
2348 + 56
2349 # 1504
2349 - 56 4
2349 - 56 1
2349 # 1504
2349 # 1504
2350 # 1504
2350 # 1504
2350 # 1504
2350 # 1504
2350 # 1504
2350 # 1504
2350 # 1504
2350 # 1504
2350 # 1504
2350 # 1504
2351 + 56
2351 + 56
2354 + 56
2355 + 56
2358 + 56
2359 # 1504
2359 - 56 8
2359 - 56 8
2359 - 56 5
2359 - 56 4
2359 - 56 1
2360 # 1504
2360 # 1504
2360 # 1504
2360 # 1504
2360 # 1504
2360 # 1504
2360 # 1504
2361 # 1504
2361 # 1504
2361 # 1504
2361 # 1504
2362 + 56
2364 + 56
2366 + 56
2366 + 56
2367 + 56
2371 + 56
2371 + 56
2373 + 56
2377 + 56
2377 + 56
2379 + 56
2380 + 56
2391 + 56
2391 + 56
2395 + 56
2402 + 56
2404 + 56
2405 + 56
2406 + 56
2408 + 56
2410 + 56
2411 + 56
2414 + 56
2418 + 56
2419 + 56
2419 + 56
2423 + 56
2424 + 56
2424 + 56
2428 + 56
2430 + 56
2432 + 56
2433 + 56
2434 + 56
2436 + 56
2437 + 56
2440 + 56
2441 + 56
2442 + 56
2444 + 56
2446 + 56
2448 + 56
2451 + 56
2452 + 56
2455 + 56
2464 + 56
2464 + 56
2468 + 56
2472 + 56
2472 + 56
2473 # 1504
2473 - 56 111
2473 - 56 109
2473 - 56 107
2473 - 56 107
2473 - 56 106
2473 - 56 102
2473 - 56 102
2473 - 56 100
2473 - 56 96
2473 - 56 96
2473 - 56 94
2473 - 56 93
2473 - 56 82
2473 - 56 82
2473 - 56 78
2473 - 56 71
2473 - 56 69
2473 - 56 68
2473 - 56 67
2473 - 56 65
2473 - 56 63
2473 - 56 62
2473 - 56 59
2473 - 56 55
2473 - 56 54
2473 - 56 54
2473 # 1504
2473 - 56 50
2473 - 56 49
2473 - 56 49
2473 - 56 45
2473 - 56 43
2473 - 56 41
2473 - 56 40
2473 - 56 39
2473 - 56 37
2473 - 56 36
2473 - 56 33
2473 - 56 32
2473 - 56 31
2473 - 56 29
2473 - 56 27
2473 - 56 25
2473 - 56 22
2473 - 56 21
2473 - 56 18
2473 - 56 9
2473 - 56 9
2473 - 56 5
2473 - 56 1
2473 - 56 1
2474 # 1504
2474 # 1504
2474 # 1504
2474 # 1504
2474 # 1504
2474 # 1504
2474 + 56
2476 + 56
2478 # 1504
2478 - 56 4
2478 - 56 2
2479 # 1504
2480 # 1504
2480 + 56
2482 + 56
2485 # 1504
2485 - 56 5
2485 - 56 3
2485 + 56
2486 # 1504
2486 - 56 1
2486 # 1504
2486 # 1504
2488 + 56
2490 # 1504
2490 - 56 2
2491 # 1504
2491 # 1504
2491 # 1504
2491 # 1504
2491 # 1504
2491 + 56
2499 + 56
2499 + 56
2500 # 1504
2500 - 56 9
2500 - 56 1
2500 - 56 1
2500 # 1504
2500 # 1504
2500 # 1504
2500 # 1504
2501 # 1504
2501 # 1504
2501 # 1504
2501 + 56
2502 # 1504
2502 - 56 1
2504 # 1504
2504 # 1504
2504 + 56
2506 + 56
2508 + 56
2509 + 56
2511 + 56
2512 + 56
2514 # 1504
2514 - 56 10
2514 - 56 8
2514 - 56 6
2514 - 56 5
2514 - 56 3
2514 - 56 2
2514 # 1504
2514 # 1504
2514 # 1504
2514 # 1504
2514 # 1504
2514 # 1504
2514 # 1504
2514 # 1504
2515 # 1504
2517 # 1504
2518 # 1504
2518 # 1504
2519 # 1504
2520 # 1504
2523 # 1504
2524 # 1504
2524 # 1504
2525 # 1504
2527 # 1504
2527 + 56
2527 + 56
2527 + 56
2528 + 56
2529 # 1504
2529 - 56 2
2529 - 56 2
2529 - 56 2
2529 - 56 1
2529 # 1504
2529 # 1504
2529 + 56
2530 # 1504
2530 - 56 1
2530 # 1504
2531 # 1504
2532 # 1504
2532 + 56
2533 # 1504
2533 - 56 1
2534 # 1504
2535 # 1504
2536 # 1504
2536 # 1504
2538 # 1504
2539 # 1504
2540 # 1504
2540 # 1504
2542 # 1504
2542 + 56
2543 # 1504
2543 - 56 1
2543 + 56
2544 # 1504
2544 - 56 1
2544 # 1504
2545 # 1504
2545 + 56
2546 # 1504
2546 - 56 1
2546 # 1504
2546 + 56
2547 # 1504
2547 - 56 1
2549 # 1504
2549 + 56
2550 # 1504
2550 - 56 1
2550 + 56
2551 # 1504
2551 - 56 1
2551 # 1504
2551 + 56
2552 # 1504
2552 - 56 1
2552 + 56
2553 + 56
2553 + 56
2553 + 56
2553 + 56
2554 # 1504
2554 - 56 2
2554 - 56 1
2554 - 56 1
2554 - 56 1
2554 - 56 1
2554 # 1504
2554 + 56
2554 + 56
2555 # 1504
2555 - 56 1
2555 - 56 1
2555 # 1504
2556 # 1504
2556 + 56
2556 + 56
2556 + 56
2557 # 1504
2557 - 56 1
2557 - 56 1
2557 - 56 1
2558 + 56
2558 + 56
2559 # 1504
2559 - 56 1
2559 - 56 1
2559 + 56
2560 # 1504
2560 - 56 1
2560 # 1504
2560 # 1504
2560 + 56
2560 + 56
2561 + 56
2562 # 1504
2562 - 56 2
2562 - 56 2
2562 - 56 1
2562 + 56
2563 # 1504
2563 - 56 1
2563 + 56
2563 + 56
2564 # 1504
2564 - 56 1
2564 - 56 1
2564 + 56
2564 + 56
2565 # 1504
2565 - 56 1
2565 - 56 1
2565 + 56
2565 + 56
2566 + 56
2567 # 1504
2567 - 56 2
2567 - 56 2
2567 - 56 1
2567 # 1504
2567 # 1504
2567 + 56
2567 + 56
2568 # 1504
2568 - 56 1
2568 - 56 1
2568 + 56
2568 + 56
2569 # 1504
2569 - 56 1
2569 - 56 1
2570 # 1504
2572 # 1504
2572 # 1504
2573 # 1504
2574 # 1504
2574 # 1504
2576 # 1504
2576 # 1504
2577 # 1504
2577 # 1504
2577 + 56
2577 + 56
2578 + 56
2578 + 56
2578 + 56
2578 + 56
2579 # 1504
2579 - 56 2
2579 - 56 2
2579 - 56 1
2579 - 56 1
2579 - 56 1
2579 - 56 1
2580 + 56
2580 + 56
2581 # 1504
2581 - 56 1
2581 - 56 1
2581 # 1504
2581 + 56
2581 + 56
2581 + 56
2581 + 56
2581 + 56
2582 # 1504
2582 - 56 1
2582 - 56 1
2582 - 56 1
2582 - 56 1
2582 - 56 1
2582 # 1504
2582 + 56
2582 + 56
2583 # 1504
2583 - 56 1
2583 - 56 1
2584 # 1504
2585 # 1504
2586 # 1504
2586 # 1504
2586 # 1504
2588 # 1504
2589 # 1504
2589 # 1504
2590 # 1504
2590 + 56
2590 + 56
2590 + 56
2590 + 56
2590 + 56
2590 + 56
2591 + 56
2591 + 56
2591 + 56
2591 + 56
2591 + 56
2591 + 56
2592 # 1504
2592 - 56 2
2592 - 56 2
2592 - 56 2
2592 - 56 2
2592 - 56 2
2592 - 56 2
2592 - 56 1
2592 - 56 1
2592 - 56 1
2592 - 56 1
2592 - 56 1
2592 - 56 1
2592 # 1504
2593 # 1504
2593 + 56
2593 + 56
2594 + 56
2594 + 56
2594 + 56
2595 # 1504
2595 - 56 2
2595 - 56 2
2595 - 56 1
2595 - 56 1
2595 - 56 1
2595 + 56
2596 # 1504
2596 - 56 1
2596 # 1504
2596 + 56
2597 # 1504
2597 - 56 1
2597 + 56
2597 + 56
2601 # 1504
2601 - 56 4
2601 - 56 4
2601 # 1504
2601 # 1504
2601 # 1504
2601 # 1504
2603 # 1504
2604 # 1504
2607 # 1504
2608 # 1504
2608 # 1504
2608 # 1504
2609 # 1504
2610 # 1504
2610 + 56
2610 + 56
2610 + 56
2610 + 56
2611 # 1504
2611 - 56 1
2611 - 56 1
2611 - 56 1
2611 - 56 1
2611 # 1504
2612 # 1504
2613 + 56
2613 + 56
2613 + 56
2613 + 56
2613 + 56
2613 + 56
2613 + 56
2614 # 1504
2614 - 56 1
2614 - 56 1
2614 - 56 1
2614 - 56 1
2614 - 56 1
2614 - 56 1
2614 - 56 1
2614 # 1504
2615 # 1504
2615 # 1504
2616 # 1504
2616 + 56
2616 + 56
2616 + 56
2616 + 56
2616 + 56
2617 # 1504
2617 - 56 1
2617 - 56 1
2617 - 56 1
2617 - 56 1
2617 - 56 1
2618 # 1504
2619 # 1504
2620 # 1504
2620 # 1504
2621 # 1504
2622 # 1504
2622 # 1504
2622 # 1504
2624 # 1504
2625 # 1504
2625 # 1504
2626 # 1504
2626 # 1504
2627 + 56
2627 + 56
2627 + 56
2627 + 56
2627 + 56
2627 + 56
2627 + 56
2628 # 1504
2628 - 56 1
2628 - 56 1
2628 - 56 1
2628 - 56 1
2628 - 56 1
2628 - 56 1
2628 - 56 1
2628 # 1504
2628 + 56
2628 + 56
2628 + 56
2628 + 56
2628 + 56
2628 + 56
2628 + 56
2629 # 1504
2629 - 56 1
2629 - 56 1
2629 - 56 1
2629 - 56 1
2629 - 56 1
2629 - 56 1
2629 - 56 1
2629 # 1504
2629 + 56
2629 + 56
2629 + 56
2629 + 56
2629 + 56
2629 + 56
2629 + 56
2629 + 56
2630 # 1504
2630 - 56 1
2630 - 56 1
2630 - 56 1
2630 - 56 1
2630 - 56 1
2630 - 56 1
2630 - 56 1
2630 - 56 1
2630 # 1504
2630 + 56
2630 + 56
2632 # 1504
2632 - 56 2
2632 - 56 2
2632 # 1504
2632 + 56
2632 + 56
2632 + 56
2632 + 56
2634 # 1504
2634 - 56 2
2634 - 56 2
2634 - 56 2
2634 - 56 2
2634 + 56
2634 + 56
2634 + 56
2636 # 1504
2636 - 56 2
2636 - 56 2
2636 - 56 2
2636 # 1504
2636 + 56
2636 + 56
2637 # 1504
2637 - 56 1
2637 - 56 1
2637 + 56
2638 # 1504
2638 - 56 1
2638 + 56
2638 + 56
2638 + 56
2639 # 1504
2639 - 56 1
2639 - 56 1
2639 - 56 1
2640 # 1504
2640 # 1504
2640 # 1504
2640 + 56
2641 # 1504
2641 - 56 1
2641 + 56
2642 + 56
2642 + 56
2642 + 56
2643 # 1504
2643 - 56 2
2643 - 56 1
2643 - 56 1
2643 - 56 1
2643 # 1504
2643 # 1504
2643 + 56
2644 # 1504
2644 - 56 1
2644 # 1504
2644 + 56
2645 # 1504
2645 - 56 1
2645 + 56
2646 + 56
2646 + 56
2647 + 56
2648 # 1504
2648 - 56 3
2648 - 56 2
2648 - 56 2
2648 - 56 1
2648 # 1504
2648 # 1504
2649 # 1504
2650 # 1504
2650 # 1504
2652 # 1504
2652 # 1504
2653 # 1504
2654 # 1504
2654 # 1504
2655 # 1504
2657 # 1504
2657 # 1504
2657 # 1504
2657 + 56
2657 + 56
2657 + 56
2658 # 1504
2658 - 56 1
2658 - 56 1
2658 - 56 1
2658 + 56
2658 + 56
2658 + 56
2658 + 56
2659 # 1504
2659 - 56 1
2659 - 56 1
2659 - 56 1
2659 - 56 1
2659 # 1504
2659 + 56
2659 + 56
2659 + 56
2659 + 56
2659 + 56
2660 # 1504
2660 - 56 1
2660 - 56 1
2660 - 56 1
2660 - 56 1
2660 - 56 1
2660 + 56
2660 + 56
2661 # 1504
2661 - 56 1
2661 - 56 1
2661 + 56
2662 # 1504
2662 - 56 1
2662 # 1504
2662 + 56
2663 # 1504
2663 - 56 1
2664 # 1504
2664 # 1504
2665 # 1504
2665 # 1504
2665 # 1504
2667 # 1504
2672 + 56
2672 + 56
2672 + 56
2674 + 56
2674 + 56
2674 + 56
2676 # 1504
2676 - 56 4
2676 - 56 4
2676 - 56 4
2676 - 56 2
2676 - 56 2
2676 - 56 2
2676 # 1504
2676 + 56
2676 + 56
2676 + 56
2676 + 56
2676 + 56
2676 + 56
2676 + 56
2676 + 56
2677 # 1504
2677 - 56 1
2677 - 56 1
2677 - 56 1
2677 - 56 1
2677 - 56 1
2677 - 56 1
2677 - 56 1
2677 - 56 1
2677 # 1504
2677 # 1504
2677 + 56
2678 + 56
2678 + 56
2678 + 56
2679 # 1504
2679 - 56 2
2679 - 56 1
2679 - 56 1
2679 - 56 1
2679 # 1504
2679 # 1504
2679 # 1504
2679 # 1504
2679 # 1504
2679 + 56
2680 # 1504
2680 - 56 1
2680 # 1504
2680 # 1504
2680 # 1504
2681 # 1504
2682 # 1504
2682 + 56
2682 + 56
2682 + 56
2683 + 56
2684 # 1504
2684 - 56 2
2684 - 56 2
2684 - 56 2
2684 - 56 1
2684 # 1504
2685 # 1504
2685 # 1504
2685 + 56
2685 + 56
2685 + 56
2686 # 1504
2686 - 56 1
2686 - 56 1
2686 - 56 1
2686 # 1504
2687 # 1504
2687 # 1504
2688 + 56
2688 + 56
2688 + 56
2688 + 56
2689 # 1504
2689 - 56 1
2689 - 56 1
2689 - 56 1
2689 - 56 1
2690 # 1504
2690 # 1504
2690 + 56
2690 + 56
2692 # 1504
2692 - 56 2
2692 - 56 2
2693 # 1504
2693 # 1504
2693 # 1504
2694 # 1504
2695 # 1504
2697 # 1504
2697 # 1504
2697 # 1504
2698 # 1504
2698 # 1504
2698 # 1504
2699 # 1504
2699 + 56
2699 + 56
2699 + 56
2699 + 56
2701 # 1504
2701 - 56 2
2701 - 56 2
2701 - 56 2
2701 - 56 2
2701 # 1504
2701 + 56
2701 + 56
2701 + 56
2701 + 56
2702 # 1504
2702 - 56 1
2702 - 56 1
2702 - 56 1
2702 - 56 1
2703 # 1504
2704 # 1504
2704 # 1504
2704 + 56
2704 + 56
2704 + 56
2704 + 56
2705 + 56
2705 + 56
2705 + 56
2706 # 1504
2706 - 56 2
2706 - 56 2
2706 - 56 2
2706 - 56 2
2706 - 56 1
2706 - 56 1
2706 - 56 1
2706 # 1504
2706 # 1504
2709 # 1504
2709 # 1504
2709 # 1504
2709 # 1504
2710 + 56
2710 + 56
2710 + 56
2710 + 56
2710 + 56
2712 # 1504
2712 - 56 2
2712 - 56 2
2712 - 56 2
2712 - 56 2
2712 - 56 2
2712 # 1504
2712 # 1504
2712 # 1504
2713 # 1504
2713 # 1504
2713 # 1504
2715 # 1504
2715 # 1504
2716 # 1504
2716 # 1504
2716 # 1504
2716 + 56
2716 + 56
2716 + 56
2716 + 56
2716 + 56
2716 + 56
2717 # 1504
2717 - 56 1
2717 - 56 1
2717 - 56 1
2717 - 56 1
2717 - 56 1
2717 - 56 1
2717 + 56
2717 + 56
2718 # 1504
2718 - 56 1
2718 - 56 1
2718 # 1504
2718 + 56
2719 + 56
2720 # 1504
2720 - 56 2
2720 - 56 1
2721 # 1504
2721 # 1504
2721 + 56
2722 # 1504
2722 - 56 1
2723 # 1504
2723 # 1504
2723 + 56
2724 # 1504
2724 - 56 1
2724 # 1504
2724 # 1504
2725 # 1504
2725 # 1504
2734 # 1504
2734 # 1504
2734 # 1504
2734 # 1504
2734 # 1504
2734 # 1504
2734 # 1504
2735 # 1504
2735 # 1504
2735 # 1504
2736 # 1504
2736 # 1504
2736 # 1504
2737 # 1504
2738 # 1504
2738 # 1504
2739 # 1504
2740 # 1504
2740 # 1504
2740 + 56
2741 # 1504
2741 - 56 1
2741 # 1504
2741 + 56
2744 + 56
2745 + 56
2750 # 1504
2750 - 56 9
2750 - 56 6
2750 - 56 5
2751 # 1504
2751 # 1504
2751 # 1504
2751 # 1504
2751 # 1504
2751 # 1504
2751 # 1504
2751 # 1504
2751 # 1504
2751 # 1504
2752 # 1504
2752 # 1504
2752 # 1504
2752 + 56
2753 # 1504
2753 - 56 1
2753 # 1504
2753 + 56
2754 # 1504
2754 - 56 1
2754 # 1504
2754 # 1504
2754 + 56
2755 + 56
2756 # 1504
2756 - 56 2
2756 - 56 1
2756 # 1504
2757 # 1504
2758 # 1504
2758 # 1504
2758 # 1504
2758 + 56
2758 + 56
2760 # 1504
2760 - 56 2
2760 - 56 2
2760 # 1504
2761 # 1504
2761 # 1504
2762 + 56
2764 + 56
2768 + 56
2769 + 56
2770 # 1504
2770 - 56 8
2770 - 56 6
2770 - 56 2
2770 - 56 1
2770 # 1504
2770 # 1504
2770 # 1504
2771 # 1504
2773 # 1504
2773 # 1504
2773 # 1504
2773 # 1504
2773 # 1504
2773 # 1504
2773 # 1504
2774 # 1504
2774 # 1504
2774 # 1504
2774 # 1504
2775 # 1504
2776 # 1504
2777 # 1504
2778 # 1504
2778 # 1504
2778 # 1504
2779 # 1504
2779 # 1504
2780 # 1504
2780 # 1504
2780 + 56
2781 # 1504
2781 - 56 1
2781 + 56
2783 # 1504
2783 - 56 2
2783 # 1504
2783 # 1504
2785 # 1504
2785 # 1504
2785 # 1504
2786 # 1504
2786 # 1504
2787 # 1504
2787 # 1504
2788 # 1504
2788 # 1504
2788 + 56
2789 # 1504
2789 - 56 1
2789 # 1504
2789 # 1504
2790 + 56
2791 # 1504
2791 - 56 1
2791 # 1504
2792 # 1504
2792 + 56
2800 # 1504
2800 - 56 8
2800 # 1504
2800 # 1504
2800 # 1504
2801 # 1504
2801 # 1504
2801 # 1504
2801 # 1504
2802 # 1504
2802 # 1504
2802 + 56
2802 + 56
2803 # 1504
2803 - 56 1
2803 - 56 1
2803 # 1504
2803 # 1504
2803 + 56
2804 # 1504
2804 - 56 1
2804 # 1504
2805 + 56
2806 # 1504
2806 - 56 1
2806 # 1504
2807 # 1504
2807 # 1504
2807 # 1504
2807 + 56
2808 # 1504
2808 - 56 1
2808 # 1504
2809 # 1504
2809 + 56
2810 # 1504
2810 - 56 1
2810 + 56
2811 # 1504
2811 - 56 1
2813 # 1504
2813 # 1504
2813 # 1504
2813 # 1504
2814 + 56
2815 # 1504
2815 - 56 1
2815 # 1504
2816 # 1504
2816 # 1504
2816 + 56
2817 # 1504
2817 - 56 1
2817 # 1504
2819 # 1504
2819 # 1504
2819 # 1504
2819 + 56
2820 # 1504
2820 - 56 1
2821 # 1504
2821 # 1504
2822 + 56
2823 # 1504
2823 - 56 1
2830 # 1504
2830 # 1504
2830 # 1504
2830 # 1504
2830 # 1504
2830 # 1504
2830 # 1504
2831 # 1504
2831 # 1504
2831 # 1504
2831 # 1504
2831 # 1504
2831 # 1504
2831 # 1504
2832 + 56
2833 + 56
2835 + 56
2837 + 56
2839 + 56
2840 # 1504
2840 - 56 8
2840 - 56 7
2840 - 56 5
2840 - 56 3
2840 - 56 1
2842 + 56
2844 # 1504
2844 - 56 2
2844 # 1504
2844 # 1504
2844 # 1504
2844 # 1504
2844 # 1504
2846 # 1504
2846 # 1504
2846 # 1504
2848 # 1504
2848 # 1504
2849 # 1504
2849 # 1504
2850 # 1504
2850 # 1504
2850 # 1504
2851 # 1504
2851 # 1504
2852 + 56
2853 # 1504
2853 - 56 1
2854 # 1504
2854 # 1504
2855 # 1504
2855 # 1504
2855 # 1504
2855 + 56
2856 # 1504
2856 - 56 1
2857 # 1504
2858 # 1504
2858 # 1504
2859 # 1504
2859 + 56
2860 # 1504
2860 - 56 1
2861 # 1504
2861 + 56
2862 # 1504
2862 - 56 1
2862 # 1504
2862 # 1504
2863 # 1504
2863 # 1504
2863 + 56
2864 # 1504
2864 - 56 1
2864 # 1504
2866 # 1504
2866 # 1504
2866 # 1504
2867 # 1504
2867 # 1504
2867 + 56
2868 # 1504
2868 - 56 1
2868 # 1504
2869 # 1504
2869 + 56
2869 + 56
2870 # 1504
2870 - 56 1
2870 - 56 1
2870 # 1504
2871 # 1504
2871 # 1504
2871 # 1504
2872 # 1504
2872 + 56
2873 # 1504
2873 - 56 1
2873 # 1504
2873 + 56
2874 # 1504
2874 - 56 1
2874 # 1504
2875 # 1504
2876 # 1504
2876 # 1504
2877 # 1504
2877 # 1504
2877 # 1504
2877 + 56
2878 # 1504
2878 - 56 1
2878 # 1504
2878 + 56
2880 + 56
2883 + 56
2885 + 56
2887 + 56
2888 # 1504
2888 - 56 10
2888 - 56 8
2888 - 56 5
2888 - 56 3
2888 - 56 1
2888 # 1504
2889 # 1504
2889 # 1504
2890 # 1504
2890 # 1504
2890 # 1504
2890 # 1504
2890 # 1504
2890 # 1504
2890 # 1504
2890 # 1504
2890 # 1504
2890 # 1504
2890 # 1504
2890 # 1504
2891 # 1504
2897 + 56
2899 + 56
2901 # 1504
2901 - 56 4
2901 - 56 2
2901 # 1504
2901 # 1504
2901 # 1504
2901 # 1504
2901 # 1504
2901 # 1504
2901 # 1504
2901 # 1504
2901 # 1504
2901 # 1504
2901 # 1504
2901 # 1504
2901 # 1504
2902 # 1504
2906 + 56
2909 + 56
2910 + 56
2911 # 1504
2911 - 56 5
2911 - 56 2
2911 - 56 1
2911 # 1504
2911 # 1504
2911 # 1504
2911 # 1504
2911 # 1504
2911 # 1504
2911 # 1504
2911 # 1504
2911 # 1504
2911 # 1504
2911 # 1504
2911 # 1504
2911 # 1504
2911 # 1504
2913 # 1504
2913 # 1504
2913 + 56
2914 # 1504
2914 - 56 1
2914 # 1504
2915 + 56
2916 # 1504
2916 - 56 1
2917 # 1504
2917 # 1504
2917 + 56
2918 # 1504
2918 - 56 1
2920 + 56
2923 + 56
2928 # 1504
2928 - 56 8
2928 - 56 5
2928 # 1504
2928 # 1504
2928 # 1504
2928 # 1504
2928 # 1504
2928 # 1504
2928 # 1504
2931 # 1504
2932 # 1504
2932 # 1504
2932 + 56
2933 + 56
2935 + 56
2941 # 1504
2941 - 56 9
2941 - 56 8
2941 - 56 6
2941 # 1504
2941 # 1504
2941 # 1504
2941 # 1504
2941 # 1504
2941 # 1504
2942 # 1504
2942 # 1504
2942 # 1504
2942 # 1504
2942 # 1504
2942 # 1504
2942 # 1504
2944 # 1504
2944 # 1504
2944 + 56
2944 + 56
2946 # 1504
2946 - 56 2
2946 - 56 2
2946 # 1504
2946 # 1504
2947 # 1504
2948 # 1504
2949 + 56
2951 + 56
2951 + 56
2953 + 56
2953 + 56
2955 + 56
2956 # 1504
2956 - 56 7
2956 - 56 5
2956 - 56 5
2956 - 56 3
2956 - 56 3
2956 - 56 1
2956 # 1504
2956 # 1504
2956 # 1504
2956 # 1504
2956 # 1504
2956 # 1504
2957 + 56
2958 + 56
2960 + 56
2960 + 56
2961 # 1504
2961 - 56 4
2961 - 56 3
2961 - 56 1
2961 - 56 1
2962 # 1504
2962 # 1504
2962 # 1504
2963 + 56
2964 # 1504
2964 - 56 1
2964 + 56
2965 # 1504
2965 - 56 1
2965 # 1504
2966 + 56
2974 # 1504
2974 - 56 8
2974 # 1504
2974 # 1504
2974 # 1504
2974 # 1504
2974 # 1504
2974 # 1504
2974 # 1504
2974 # 1504
2975 # 1504
2975 # 1504
2976 # 1504
2976 # 1504
2977 # 1504
2977 # 1504
2978 # 1504
2978 # 1504
2978 + 56
2979 # 1504
2979 - 56 1
2979 # 1504
2980 # 1504
2980 + 56
2981 + 56
2982 # 1504
2982 - 56 2
2982 - 56 1
2983 # 1504
2984 # 1504
2984 # 1504
2984 # 1504
2984 # 1504
2984 + 56
2984 + 56
2985 # 1504
2985 - 56 1
2985 - 56 1
2986 # 1504
2986 # 1504
2986 + 56
2987 # 1504
2987 - 56 1
2987 + 56
2988 + 56
2989 # 1504
2989 - 56 2
2989 - 56 1
2989 # 1504
2990 # 1504
2990 # 1504
2990 + 56
2991 + 56
2992 + 56
2993 + 56
2996 + 56
2996 + 56
2999 # 1504
2999 - 56 9
2999 - 56 8
2999 - 56 7
2999 - 56 6
2999 - 56 3
2999 - 56 3
2999 # 1504
2999 # 1504
3000 # 1504
3000 # 1504
3000 # 1504
3000 # 1504
3000 # 1504
3000 # 1504
3000 # 1504
3001 # 1504
3005 + 56
3005 + 56
3006 + 56
3007 + 56
3011 # 1504
3011 - 56 6
3011 - 56 6
3011 - 56 5
3011 - 56 4
3011 # 1504
3011 # 1504
3011 # 1504
3011 # 1504
3011 # 1504
3011 # 1504
3011 # 1504
3011 # 1504
3011 # 1504
3011 # 1504
3016 + 56
3018 + 56
3019 + 56
3020 # 1504
3020 - 56 4
3020 - 56 2
3020 - 56 1
3020 # 1504
3020 # 1504
3021 # 1504
3021 # 1504
3021 # 1504
3021 # 1504
3021 + 56
3022 + 56
3025 + 56
3026 # 1504
3026 - 56 5
3026 - 56 4
3026 - 56 1
3026 # 1504
3026 # 1504
3026 # 1504
3026 # 1504
3027 # 1504
3027 + 56
3028 # 1504
3028 - 56 1
3028 # 1504
3028 # 1504
3029 # 1504
3029 + 56
3030 # 1504
3030 - 56 1
3030 # 1504
3032 + 56
3034 # 1504
3034 - 56 2
3034 + 56
3035 # 1504
3035 - 56 1
3035 + 56
3036 # 1504
3036 - 56 1
3036 # 1504
3036 # 1504
3036 + 56
3037 # 1504
3037 - 56 1
3038 # 1504
3038 + 56
3039 # 1504
3039 - 56 1
3039 + 56
3049 + 56
3049 + 56
3053 # 1504
3053 - 56 14
3053 - 56 4
3053 - 56 4
3053 # 1504
3053 # 1504
3054 # 1504
3054 # 1504
3057 # 1504
3057 + 56
3059 + 56
3059 + 56
3062 + 56
3063 + 56
3065 + 56
3067 # 1504
3067 - 56 10
3067 - 56 8
3067 - 56 8
3067 - 56 5
3067 - 56 4
3067 - 56 2
3067 # 1504
3067 # 1504
3067 # 1504
3067 # 1504
3067 # 1504
3068 # 1504
3068 # 1504
3068 # 1504
3068 # 1504
3068 # 1504
3069 # 1504
3071 # 1504
3071 # 1504
3071 # 1504
3075 + 56
3077 + 56
3077 + 56
3080 # 1504
3080 - 56 5
3080 - 56 3
3080 - 56 3
3080 # 1504
3080 # 1504
3080 # 1504
3080 # 1504
3080 # 1504
3080 # 1504
3080 # 1504
3080 # 1504
3080 # 1504
3082 # 1504
3082 # 1504
3082 # 1504
3083 # 1504
3083 # 1504
3084 # 1504
3085 # 1504
3085 # 1504
3086 # 1504
3086 + 56
3086 + 56
3087 # 1504
3087 - 56 1
3087 - 56 1
3088 + 56
3089 # 1504
3089 - 56 1
3089 # 1504
3098 # 1504
3099 # 1504
3099 # 1504
3099 # 1504
3099 # 1504
3099 # 1504
3099 # 1504
3099 # 1504
3099 # 1504
3099 # 1504
3100 # 1504
3100 # 1504
3101 # 1504
3101 + 56
3102 # 1504
3102 - 56 1
3102 # 1504
3103 + 56
3104 # 1504
3104 - 56 1
3104 # 1504
3105 # 1504
3105 # 1504
3105 # 1504
3106 + 56
3107 # 1504
3107 - 56 1
3108 # 1504
3108 # 1504
3109 # 1504
3110 # 1504
3110 # 1504
3112 # 1504
3113 # 1504
3113 # 1504
3115 # 1504
3116 # 1504
3116 # 1504
3118 # 1504
3119 # 1504
3119 # 1504
3119 + 56
3119 + 56
3124 + 56
3126 + 56
3128 # 1504
3128 - 56 9
3128 - 56 9
3128 - 56 4
3128 - 56 2
3128 # 1504
3128 # 1504
3129 # 1504
3130 # 1504
3130 # 1504
3130 # 1504
3130 # 1504
3130 + 56
3131 + 56
3133 # 1504
3133 - 56 3
3133 - 56 2
3133 # 1504
3133 # 1504
3133 # 1504
3134 # 1504
3142 + 56
3143 # 1504
3143 - 56 1
3143 # 1504
3143 # 1504
3143 # 1504
3143 # 1504
3143 # 1504
3146 + 56
3146 + 56
3147 # 1504
3147 - 56 1
3147 - 56 1
3147 # 1504
3149 # 1504
3150 # 1504
3152 + 56
3152 + 56
3153 # 1504
3153 - 56 1
3153 - 56 1
3153 # 1504
3153 # 1504
3154 # 1504
3154 + 56
3156 # 1504
3156 - 56 2
3156 # 1504
3158 + 56
3162 # 1504
3162 - 56 4
3162 # 1504
3162 # 1504
3162 # 1504
3162 # 1504
3162 + 56
3164 # 1504
3164 - 56 2
3164 # 1504
3164 # 1504
3164 + 56
3166 # 1504
3166 - 56 2
3166 + 56
3169 + 56
3173 + 56
3176 + 56
3177 + 56
3179 # 1504
3179 - 56 13
3179 - 56 10
3179 - 56 6
3179 - 56 3
3179 - 56 2
3181 + 56
3182 # 1504
3182 - 56 1
3182 # 1504
3182 # 1504
3182 # 1504
3182 # 1504
3182 # 1504
3183 + 56
3184 # 1504
3184 - 56 1
3185 # 1504
3185 # 1504
3186 # 1504
3186 # 1504
3186 + 56
3187 # 1504
3187 - 56 1
3188 # 1504
3188 # 1504
3190 # 1504
3190 + 56
3191 # 1504
3191 - 56 1
3191 + 56
3192 # 1504
3192 - 56 1
3195 + 56
3197 + 56
3197 + 56
3200 + 56
3201 # 1504
3201 - 56 6
3201 - 56 4
3201 - 56 4
3201 - 56 1
3201 # 1504
3201 # 1504
3201 # 1504
3201 # 1504
3201 # 1504
3201 # 1504
3201 # 1504
3201 # 1504
3202 # 1504
3202 # 1504
3204 # 1504
3205 # 1504
3206 # 1504
3207 # 1504
3207 # 1504
3207 # 1504
3209 # 1504
3210 # 1504
3210 # 1504
3211 + 56
3211 + 56
3213 # 1504
3213 - 56 2
3213 - 56 2
3214 # 1504
3214 # 1504
3215 # 1504
3215 + 56
3216 # 1504
3216 - 56 1
3216 # 1504
3217 # 1504
3219 # 1504
3220 # 1504
3221 # 1504
3221 # 1504
3222 # 1504
3224 # 1504
3241 # 1504
3241 # 1504
3241 # 1504
3241 # 1504
3241 # 1504
3241 # 1504
3241 # 1504
3241 # 1504
3241 # 1504
3242 # 1504
3242 # 1504
3242 # 1504
3242 # 1504
3242 # 1504
3242 # 1504
3242 # 1504
3243 # 1504
3243 # 1504
3243 # 1504
3243 # 1504
3244 # 1504
3244 # 1504
3253 # 1504
3254 # 1504
3255 # 1504
3255 # 1504
3255 # 1504
3255 # 1504
3255 # 1504
3256 # 1504
3258 # 1504
3259 # 1504
3260 # 1504
3260 # 1504
3261 # 1504
3263 # 1504
3263 # 1504
3264 # 1504
3265 # 1504
3265 # 1504
3267 # 1504
3268 # 1504
3268 # 1504
3269 # 1504
3270 # 1504
3270 # 1504
3271 # 1504
3275 # 1504
3284 # 1504
3284 # 1504
3284 # 1504
3284 # 1504
3284 # 1504
3284 # 1504
3284 # 1504
3284 # 1504
3284 # 1504
3292 # 1504
3292 # 1504
3296 # 1504
3296 # 1504
3296 # 1504
3296 # 1504
3297 # 1504
3297 # 1504
3298 # 1504
3299 # 1504
3300 # 1504
3300 # 1504
3303 # 1504
3304 # 1504
3305 # 1504
3305 # 1504
3306 # 1504
3308 # 1504
3310 # 1504
3310 # 1504
3310 # 1504
3320 # 1504
3320 # 1504
3323 # 1504
3323 # 1504
3323 # 1504
3323 # 1504
3327 # 1504
3327 # 1504
3327 # 1504
3327 # 1504
3327 # 1504
3327 # 1504
3327 # 1504
3336 # 1504
3337 # 1504
3337 # 1504
3338 # 1504
3338 # 1504
3338 # 1504
3339 # 1504
3339 # 1504
3339 # 1504
3342 # 1504
3342 # 1504
3344 # 1504
3345 # 1504
3346 # 1504
3346 # 1504
3347 # 1504
3348 # 1504
3351 # 1504
3352 # 1504
3353 # 1504
3354 # 1504
3355 # 1504
3356 # 1504
3356 # 1504
3360 # 1504
3360 # 1504
3360 # 1504
3362 # 1504
3362 # 1504
3363 # 1504
3365 # 1504
3365 # 1504
3366 # 1504
3366 # 1504
3368 # 1504
3369 # 1504
3369 # 1504
3371 # 1504
3372 # 1504
3373 # 1504
3374 # 1504
3375 # 1504
3375 # 1504
3377 # 1504
3378 # 1504
3379 # 1504
3379 # 1504
3381 # 1504
3381 # 1504
3382 # 1504
3383 # 1504
3386 # 1504
3386 # 1504
3386 # 1504
3386 # 1504
3387 # 1504
3388 # 1504
3389 # 1504
3390 # 1504
3390 # 1504
3392 # 1504
3393 # 1504
3394 # 1504
3394 # 1504
3395 # 1504
3397 # 1504
3398 # 1504
3398 # 1504
3399 # 1504
3400 # 1504
3402 # 1504
3402 # 1504
3403 # 1504
3404 # 1504
3406 # 1504
3407 # 1504
3407 # 1504
3408 # 1504
3408 # 1504
3410 # 1504
3410 # 1504
3411 # 1504
3411 # 1504
3413 # 1504
3413 # 1504
3413 # 1504
3414 # 1504
3416 # 1504
3416 # 1504
3416 # 1504
3425 # 1504
3425 # 1504
3427 # 1504
3436 # 1504
3436 # 1504
3436 # 1504
3436 # 1504
3436 # 1504
3436 # 1504
3436 # 1504
3436 # 1504
3436 # 1504
3436 # 1504
3436 # 1504
3436 # 1504
3436 # 1504
3443 # 1504
3443 # 1504
3443 # 1504
3443 # 1504
3443 # 1504
3444 # 1504
3444 # 1504
3444 # 1504
3452 # 1504
3452 # 1504
3452 # 1504
3452 # 1504
3452 # 1504
3452 # 1504
3452 # 1504
3452 # 1504
3452 # 1504
3453 # 1504
3454 # 1504
3455 # 1504
3456 # 1504
3457 # 1504
3458 # 1504
3460 # 1504
3460 # 1504
3461 # 1504
3462 # 1504
3463 # 1504
3464 # 1504
3465 # 1504
3466 # 1504
3467 # 1504
3467 # 1504
3469 # 1504
3470 # 1504
3471 # 1504
3471 # 1504
3472 # 1504
3472 # 1504
3473 # 1504
3474 # 1504
3476 # 1504
3477 # 1504
3479 # 1504
3479 # 1504
3480 # 1504
3482 # 1504
3485 # 1504
3486 # 1504
3487 # 1504
3488 # 1504
3488 # 1504
3491 # 1504
3492 # 1504
3494 # 1504
3495 # 1504
3496 # 1504
3496 # 1504
3497 # 1504
3499 # 1504
3500 # 1504
3501 # 1504
3503 # 1504
3503 # 1504
3504 # 1504
3505 # 1504
3506 # 1504
3515 # 1504
3515 # 1504
3515 # 1504
3518 # 1504
3518 # 1504
3519 # 1504
3519 # 1504
3520 # 1504
3521 # 1504
3521 # 1504
3521 # 1504
3521 # 1504
3523 # 1504
3525 # 1504
3526 # 1504
3527 # 1504
3528 # 1504
3529 # 1504
3530 # 1504
3531 # 1504
3533 # 1504
3534 # 1504
3535 # 1504
3535 # 1504
3535 # 1504
3545 # 1504
3545 # 1504
3545 # 1504
3545 # 1504
3545 # 1504
3545 # 1504
3546 # 1504
3546 # 1504
3546 # 1504
3547 # 1504
3548 # 1504
3549 # 1504
3550 # 1504
3551 # 1504
3551 # 1504
3561 # 1504
3561 # 1504
3561 # 1504
3564 # 1504
3564 # 1504
3564 # 1504
3564 # 1504
3564 # 1504
3564 # 1504
3565 # 1504
3565 # 1504
3573 # 1504
3573 # 1504
3573 # 1504
3573 # 1504
3573 # 1504
3575 # 1504
3575 # 1504
3576 # 1504
3577 # 1504
3579 # 1504
3580 # 1504
3581 # 1504
3583 # 1504
3584 # 1504
3584 # 1504
3585 # 1504
3586 # 1504
3588 # 1504
3589 # 1504
3590 # 1504
3590 # 1504
3590 # 1504
3592 # 1504
3592 # 1504
3595 # 1504
3596 # 1504
3597 # 1504
3598 # 1504
3598 # 1504
3608 # 1504
3610 # 1504
3610 # 1504
3610 # 1504
3612 # 1504
3613 # 1504
3613 # 1504
3613 # 1504
3615 # 1504
3615 # 1504
3615 # 1504
3615 # 1504
3615 # 1504
3616 # 1504
3616 # 1504
3620 # 1504
3621 # 1504
3622 # 1504
3622 # 1504
3623 # 1504
3624 # 1504
3625 # 1504
3626 # 1504
3627 # 1504
3630 # 1504
3631 # 1504
3631 # 1504
3632 # 1504
3633 # 1504
3634 # 1504
3635 # 1504
3644 # 1504
3644 # 1504
3647 # 1504
3648 # 1504
3648 # 1504
3648 # 1504
3648 # 1504
3649 # 1504
3651 # 1504
3653 # 1504
3655 # 1504
3656 # 1504
3657 # 1504
3658 # 1504
3661 # 1504
3661 # 1504
3662 # 1504
3663 # 1504
3664 # 1504
3665 # 1504
3666 # 1504
3666 # 1504
3668 # 1504
3669 # 1504
3677 # 1504
3678 # 1504
3681 # 1504
3681 # 1504
3681 # 1504
3684 # 1504
3684 # 1504
3684 # 1504
3684 # 1504
3685 # 1504
3686 # 1504
3687 # 1504
3688 # 1504
3689 # 1504
3691 # 1504
3694 # 1504
3695 # 1504
3696 # 1504
3698 # 1504
3699 # 1504
3700 # 1504
3702 # 1504
3703 # 1504
3704 # 1504
3711 # 1504
3711 # 1504
3711 # 1504
3711 # 1504
3711 # 1504
3712 # 1504
3712 # 1504
3714 # 1504
3715 # 1504
3716 # 1504
3717 # 1504
3720 # 1504
3720 # 1504
3720 # 1504
3721 # 1504
3723 # 1504
3723 # 1504
3733 # 1504
3733 # 1504
3733 # 1504
3733 # 1504
3733 # 1504
3733 # 1504
3734 # 1504
3734 # 1504
3734 # 1504
3735 # 1504
3737 # 1504
3738 # 1504
3739 # 1504
3740 # 1504
3740 # 1504
3741 # 1504
3742 # 1504
3742 # 1504
3743 # 1504
3745 # 1504
3754 # 1504
3755 # 1504
3755 # 1504
3756 # 1504
3757 # 1504
3758 # 1504
3758 # 1504
3760 # 1504
3768 # 1504
3768 # 1504
3768 # 1504
3768 # 1504
3768 # 1504
3768 # 1504
3769 # 1504
3770 # 1504
3774 # 1504
3775 # 1504
3775 # 1504
3777 # 1504
3777 # 1504
3779 # 1504
3788 # 1504
3788 # 1504
3788 # 1504
3788 # 1504
3788 # 1504
3788 # 1504
3788 # 1504
3788 # 1504
3789 # 1504
3791 # 1504
3792 # 1504
3793 # 1504
3796 # 1504
3799 # 1504
3800 # 1504
3801 # 1504
3801 # 1504
3803 # 1504
3804 # 1504
3807 # 1504
3808 # 1504
3809 # 1504
3810 # 1504
3811 # 1504
3811 # 1504
3813 # 1504
3814 # 1504
3817 # 1504
3818 # 1504
3819 # 1504
3820 # 1504
3821 # 1504
3824 # 1504
3825 # 1504
3826 # 1504
3826 # 1504
3827 # 1504
3829 # 1504
3830 # 1504
3832 # 1504
3833 # 1504
3833 # 1504
3834 # 1504
3835 # 1504
3836 # 1504
3837 # 1504
3838 # 1504
3840 # 1504
3840 # 1504
3843 # 1504
3845 # 1504
3847 # 1504
3848 # 1504
3848 # 1504
3850 # 1504
3851 # 1504
3853 # 1504
3861 # 1504
3861 # 1504
3861 # 1504
3861 # 1504
3861 # 1504
3867 # 1504
3867 # 1504
3868 # 1504
3869 # 1504
3869 # 1504
3869 # 1504
3869 # 1504
3869 # 1504
3871 # 1504
3873 # 1504
3874 # 1504
3875 # 1504
3876 # 1504
3877 # 1504
3878 # 1504
3880 # 1504
3881 # 1504
3882 # 1504
3884 # 1504
3885 # 1504
3886 # 1504
3887 # 1504
3888 # 1504
3889 # 1504
3890 # 1504
3891 # 1504
3892 # 1504
3893 # 1504
3893 # 1504
3894 # 1504
3895 # 1504
3896 # 1504
3897 # 1504
3897 # 1504
3898 # 1504
3899 # 1504
3901 # 1504
3902 # 1504
3903 # 1504
3911 # 1504
3911 # 1504
3913 # 1504
3913 # 1504
3913 # 1504
3913 # 1504
4001 # 1504
4003 # 1504
4003 # 1504
4003 # 1504
4004 # 1504
4006 # 1504
4006 # 1504
4008 # 1504
4008 # 1504
4008 # 1504
4009 # 1504
4010 # 1504
4011 # 1504
4011 # 1504
4011 # 1504
4013 # 1504
4014 # 1504
4014 # 1504
4015 # 1504
4016 # 1504
4024 # 1504
4024 # 1504
4024 # 1504
4024 # 1504
4027 # 1504
4027 # 1504
4027 # 1504
4027 # 1504
4027 # 1504
4034 # 1504
4034 # 1504
4038 # 1504
4038 # 1504
4038 # 1504
4038 # 1504
4038 # 1504
4038 # 1504
4038 # 1504
4038 # 1504
4049 # 1504
4049 # 1504
4050 # 1504
4050 # 1504
4050 # 1504
4050 # 1504
4050 # 1504
4050 # 1504
4050 # 1504
4050 # 1504
4050 # 1504
4051 # 1504
4052 # 1504
4053 # 1504
4054 # 1504
4055 # 1504
4055 # 1504
4056 # 1504
4057 # 1504
4058 # 1504
4059 # 1504
4061 # 1504
4062 # 1504
4062 # 1504
4063 # 1504
4064 # 1504
4065 # 1504
4066 # 1504
4067 # 1504
4069 # 1504
4079 # 1504
4079 # 1504
4079 # 1504
4079 # 1504
4081 # 1504
4081 # 1504
4081 # 1504
4081 # 1504
4081 # 1504
4082 # 1504
4083 # 1504
4084 # 1504
4086 # 1504
4086 # 1504
4086 # 1504
4087 # 1504
4088 # 1504
4089 # 1504
4090 # 1504
4091 # 1504
4092 # 1504
4092 # 1504
4094 # 1504
4094 # 1504
4095 # 1504
4096 # 1504
4097 # 1504
4098 # 1504
4099 # 1504
4099 # 1504
4108 # 1504
4108 # 1504
4109 # 1504
4110 # 1504
4114 # 1504
4114 # 1504
4114 # 1504
4114 # 1504
4114 # 1504
4114 # 1504
4114 # 1504
4123 # 1504
4123 # 1504
4123 # 1504
4123 # 1504
4123 # 1504
4124 # 1504
4124 # 1504
4124 # 1504
4125 # 1504
4133 # 1504
4133 # 1504
4133 # 1504
4133 # 1504
4133 # 1504
4134 # 1504
4134 # 1504
4134 # 1504
4134 # 1504
4134 # 1504
4135 # 1504
4136 # 1504
4137 # 1504
4138 # 1504
4139 # 1504
4140 # 1504
4141 # 1504
4141 # 1504
4151 # 1504
4152 # 1504
4152 # 1504
4152 # 1504
4152 # 1504
4152 # 1504
4152 # 1504
4152 # 1504
4153 # 1504
4154 # 1504
4156 # 1504
4157 # 1504
4158 # 1504
4159 # 1504
4160 # 1504
4169 # 1504
4169 # 1504
4169 # 1504
4169 # 1504
4169 # 1504
4169 # 1504
4169 # 1504
4170 # 1504
4170 # 1504
4170 # 1504
4170 # 1504
4171 # 1504
4172 # 1504
4173 # 1504
4174 # 1504
4176 # 1504
4176 # 1504
4177 # 1504
4178 # 1504
4179 # 1504
4180 # 1504
4181 # 1504
4182 # 1504
4183 # 1504
4184 # 1504
4184 # 1504
4184 # 1504
4186 # 1504
4187 # 1504
4188 # 1504
4188 # 1504
4189 # 1504
4190 # 1504
4200 # 1504
4201 # 1504
4201 # 1504
4201 # 1504
4201 # 1504
4201 # 1504
4201 # 1504
4201 # 1504
4201 # 1504
4201 # 1504
4202 # 1504
4203 # 1504
4204 # 1504
4206 # 1504
4207 # 1504
4207 # 1504
4207 # 1504
4208 # 1504
4209 # 1504
4210 # 1504
4211 # 1504
4212 # 1504
4214 # 1504
4215 # 1504
4215 # 1504
4215 # 1504
4216 # 1504
4217 # 1504
4218 # 1504
4219 # 1504
4220 # 1504
4220 # 1504
4221 # 1504
4221 # 1504
4223 # 1504
4224 # 1504
4224 # 1504
4225 # 1504
4226 # 1504
4227 # 1504
4228 # 1504
4229 # 1504
4229 # 1504
4229 # 1504
4229 + 52
4230 # 1504
4230 - 52 1
4232 # 1504
4232 # 1504
4236 # 1504
4236 # 1504
4237 # 1504
4245 # 1504
4245 # 1504
4247 # 1504
4247 # 1504
4247 # 1504
4247 # 1504
4248 # 1504
4248 # 1504
4248 # 1504
4248 # 1504
4248 # 1504
4248 # 1504
4249 # 1504
4250 # 1504
4252 # 1504
4252 # 1504
4253 # 1504
4253 # 1504
4254 # 1504
4255 # 1504
4256 # 1504
4256 # 1504
4257 # 1504
4258 # 1504
4259 # 1504
4261 # 1504
4261 # 1504
4261 # 1504
4262 # 1504
4263 # 1504
4264 # 1504
4264 # 1504
4265 # 1504
4266 # 1504
4267 # 1504
4267 # 1504
4268 # 1504
4268 # 1504
4269 # 1504
4279 # 1504
4279 # 1504
4279 # 1504
4279 # 1504
4279 # 1504
4279 # 1504
4279 # 1504
4279 # 1504
4279 # 1504
4280 # 1504
4280 # 1504
4282 # 1504
4283 # 1504
4283 # 1504
4290 # 1504
4290 # 1504
4290 # 1504
4290 # 1504
4290 # 1504
4290 # 1504
4291 # 1504
4291 # 1504
4291 # 1504
4291 # 1504
4294 # 1504
4294 # 1504
4295 # 1504
4295 # 1504
4296 # 1504
4297 # 1504
4297 # 1504
4298 # 1504
4299 # 1504
4299 # 1504
4300 # 1504
4301 # 1504
4301 # 1504
4303 # 1504
4303 # 1504
4310 # 1504
4310 # 1504
4310 # 1504
4310 # 1504
4311 # 1504
4311 # 1504
4311 # 1504
4311 # 1504
4311 # 1504
4311 # 1504
4311 # 1504
4311 # 1504
4311 # 1504
4312 # 1504
4312 # 1504
4313 # 1504
4314 # 1504
4315 # 1504
4315 # 1504
4316 # 1504
4317 # 1504
4317 # 1504
4317 # 1504
4318 # 1504
4321 # 1504
4321 # 1504
4322 # 1504
4322 # 1504
4323 # 1504
4323 # 1504
4324 # 1504
4325 # 1504
4325 # 1504
4325 # 1504
4325 # 1504
4326 # 1504
4327 # 1504
4328 # 1504
4328 # 1504
4329 # 1504
4329 # 1504
4331 # 1504
4331 # 1504
4332 # 1504
4333 # 1504
4333 # 1504
4333 # 1504
4334 # 1504
4334 # 1504
4335 # 1504
4335 # 1504
4336 # 1504
4336 # 1504
4337 # 1504
4338 # 1504
4339 # 1504
4340 # 1504
4341 # 1504
4341 # 1504
4341 # 1504
4341 # 1504
4342 # 1504
4343 # 1504
4343 # 1504
4344 # 1504
4344 # 1504
4345 # 1504
4346 # 1504
4346 # 1504
4347 # 1504
4348 # 1504
4349 # 1504
4349 # 1504
4349 # 1504
4350 # 1504
4350 # 1504
4351 # 1504
4351 # 1504
4352 # 1504
4354 # 1504
4354 # 1504
4354 # 1504
4354 # 1504
4355 # 1504
4356 # 1504
4356 # 1504
4357 # 1504
4357 # 1504
4357 # 1504
4358 # 1504
4358 # 1504
4359 # 1504
4359 # 1504
4361 # 1504
4362 # 1504
4362 # 1504
4363 # 1504
4364 # 1504
4365 # 1504
4366 # 1504
4366 # 1504
4366 # 1504
4366 # 1504
4367 # 1504
4367 # 1504
4368 # 1504
4370 # 1504
4370 # 1504
4370 # 1504
4370 # 1504
4371 # 1504
4372 # 1504
4372 # 1504
4373 # 1504
4373 # 1504
4374 # 1504
4376 # 1504
4376 # 1504
4376 # 1504
4376 # 1504
4385 # 1504
4385 # 1504
4385 # 1504
4385 # 1504
4385 # 1504
4385 # 1504
4385 # 1504
4385 # 1504
4390 # 1504
4390 # 1504
4390 # 1504
4390 # 1504
4390 # 1504
4390 # 1504
4390 # 1504
4390 # 1504
4390 # 1504
4390 # 1504
4390 # 1504
4390 # 1504
4390 # 1504
4390 # 1504
4391 # 1504
4393 # 1504
4395 # 1504
4395 # 1504
4395 # 1504
4395 # 1504
4396 # 1504
4407 # 1504
4407 # 1504
4407 # 1504
4409 # 1504
4409 # 1504
4409 # 1504
4409 # 1504
4410 # 1504
4410 # 1504
4411 # 1504
4412 # 1504
4413 # 1504
4414 # 1504
4414 # 1504
4414 # 1504
4415 # 1504
4415 # 1504
4415 # 1504
4415 # 1504
4416 # 1504
4417 # 1504
4417 # 1504
4419 # 1504
4419 # 1504
4419 # 1504
4420 # 1504
4420 # 1504
4421 # 1504
4422 # 1504
4422 # 1504
4423 # 1504
4424 # 1504
4425 # 1504
4426 # 1504
4426 # 1504
4426 # 1504
4427 # 1504
4427 # 1504
4428 # 1504
4429 # 1504
4429 # 1504
4430 # 1504
4430 # 1504
4430 # 1504
4432 # 1504
4432 # 1504
4433 # 1504
4434 # 1504
4434 # 1504
4435 # 1504
4436 # 1504
4436 # 1504
4437 # 1504
4437 # 1504
4438 # 1504
4438 # 1504
4438 # 1504
4448 # 1504
4448 # 1504
4448 # 1504
4448 # 1504
4448 # 1504
4448 # 1504
4448 # 1504
4448 # 1504
4448 # 1504
4448 # 1504
4448 # 1504
4448 # 1504
4448 # 1504
4457 # 1504
4502 # 1504
4502 # 1504
4502 # 1504
4502 # 1504
4502 # 1504
4502 # 1504
4502 # 1504
4502 # 1504
4502 # 1504
4502 # 1504
4502 # 1504
4502 # 1504
4502 # 1504
4502 # 1504
4502 # 1504
4502 # 1504
4502 # 1504
4503 # 1504
4503 # 1504
4503 # 1504
4503 # 1504
4503 # 1504
4503 # 1504
4503 # 1504
4503 # 1504
4503 # 1504
4503 # 1504
4503 # 1504
4503 # 1504
4503 # 1504
4503 # 1504
4503 # 1504
4503 # 1504
4503 # 1504
4503 # 1504
4503 # 1504
4503 # 1504
4503 # 1504
4503 # 1504
4503 # 1504
4503 # 1504
4503 # 1504
4503 # 1504
4503 # 1504
4504 # 1504
4504 # 1504
4504 # 1504
4504 # 1504
4504 # 1504
4504 # 1504
4504 # 1504
4504 # 1504
4504 # 1504
4504 # 1504
4504 # 1504
4504 # 1504
4504 # 1504
4504 # 1504
4504 # 1504
4505 # 1504
4505 # 1504
4505 # 1504
4507 # 1504
4508 # 1504
4509 # 1504
4509 # 1504
4510 # 1504
4512 # 1504
4512 # 1504
4512 # 1504
4514 # 1504
4522 # 1504
4523 # 1504
4523 # 1504
4523 # 1504
4523 # 1504
4523 # 1504
4523 # 1504
4523 # 1504
4523 # 1504
4523 # 1504
4523 # 1504
4523 # 1504
4525 # 1504
4526 # 1504
4526 # 1504
4527 # 1504
4529 # 1504
4529 # 1504
4538 # 1504
4539 # 1504
4539 # 1504
4539 # 1504
4541 # 1504
4541 # 1504
4541 # 1504
4541 # 1504
4541 # 1504
4541 # 1504
4541 # 1504
4541 # 1504
4542 # 1504
4543 # 1504
4544 # 1504
4545 # 1504
4545 # 1504
4545 # 1504
4546 # 1504
4547 # 1504
4556 # 1504
4556 # 1504
4556 # 1504
4556 # 1504
4556 # 1504
4556 # 1504
4556 # 1504
4561 # 1504
4561 # 1504
4561 # 1504
4561 # 1504
4561 # 1504
4561 # 1504
4561 # 1504
4561 # 1504
4571 # 1504
4571 # 1504
4571 # 1504
4571 # 1504
4572 # 1504
4572 # 1504
4572 # 1504
4572 # 1504
4577 # 1504
4577 # 1504
4577 # 1504
4577 # 1504
4577 # 1504
4578 # 1504
4578 # 1504
4579 # 1504
4589 # 1504
4590 # 1504
4590 # 1504
4590 # 1504
4590 # 1504
4592 # 1504
4593 # 1504
4594 # 1504
4596 # 1504
4596 # 1504
4596 # 1504
4597 # 1504
4598 # 1504
4600 # 1504
4600 # 1504
4601 # 1504
4603 # 1504
4604 # 1504
4605 # 1504
4606 # 1504
4607 # 1504
4607 # 1504
4609 # 1504
4610 # 1504
4610 # 1504
4610 # 1504
