# mahimahi mm-link (Uplink) [/home/lorenzo/Desktop/PPO-for-Beginners/src/traces/ATT-LTE-driving-2016.up] > /home/lorenzo/Desktop/PPO-for-Beginners/log/mahimahi/MahimahiTrace.att_lte_driving_2016.2023.05.26.06.46.25.up.log
# command line: 'mm-link' '/home/lorenzo/Desktop/PPO-for-Beginners/src/traces/ATT-LTE-driving-2016.up' '/home/lorenzo/Desktop/PPO-for-Beginners/src/traces/ATT-LTE-driving-2016.down' '--uplink-log=/home/lorenzo/Desktop/PPO-for-Beginners/log/mahimahi/MahimahiTrace.att_lte_driving_2016.2023.05.26.06.46.25.up.log' '--downlink-log=/home/lorenzo/Desktop/PPO-for-Beginners/log/mahimahi/MahimahiTrace.att_lte_driving_2016.2023.05.26.06.46.25.down.log' 'python3' '/home/lorenzo/Desktop/PPO-for-Beginners/src/iperf.py' '192.168.64.16' '86400' '/home/lorenzo/Desktop/PPO-for-Beginners/log/ppo/iperf/att.lte.driving.2016.2023.05.26.06.46.25.json' '/home/lorenzo/Desktop/PPO-for-Beginners/src/pid.txt'
# queue: infinite
# init timestamp: 1685076385660
# base timestamp: 423
423 # 1504
426 + 80
426 + 52
426 + 80
433 + 44
456 + 64
471 # 1504
471 - 80 45
471 - 52 45
471 - 80 45
471 - 44 38
471 - 64 15
474 + 56
474 + 93
480 # 1504
480 - 56 6
480 - 93 6
480 # 1504
481 # 1504
481 # 1504
481 # 1504
481 # 1504
483 # 1504
483 # 1504
483 # 1504
483 # 1504
483 + 56
483 + 60
484 # 1504
484 - 56 1
484 - 60 1
485 # 1504
485 # 1504
485 # 1504
485 + 159
486 # 1504
486 - 159 1
486 # 1504
486 # 1504
486 # 1504
487 # 1504
488 + 56
488 + 64
489 # 1504
489 - 56 1
489 - 64 1
489 # 1504
489 # 1504
490 # 1504
490 + 56
490 + 93
492 # 1504
492 - 56 2
492 - 93 2
494 # 1504
494 # 1504
494 # 1504
494 + 56
495 # 1504
495 - 56 1
495 # 1504
497 # 1504
497 + 56
497 + 1504
497 + 1504
497 + 1504
497 + 1504
499 # 1504
499 - 56 2
500 # 1504
500 - 1504 3
500 # 1504
500 - 1504 3
501 + 1504
501 + 1504
501 + 1504
501 + 1504
502 # 1504
502 - 1504 5
502 # 1504
502 - 1504 5
503 # 1504
503 - 1504 2
503 # 1504
503 - 1504 2
504 # 1504
504 - 1504 3
504 + 1504
504 + 1504
505 + 1504
505 + 1504
505 + 1504
505 + 1504
505 + 1504
505 + 1504
505 + 1504
505 + 1504
506 # 1504
506 - 1504 5
506 # 1504
506 - 1504 2
507 # 1504
507 - 1504 3
508 # 1504
508 - 1504 3
508 + 1504
508 + 1504
509 + 1504
509 + 1504
509 + 1504
509 + 1504
509 + 1504
509 + 1504
518 # 1504
518 - 1504 13
518 # 1504
518 - 1504 13
518 # 1504
518 - 1504 13
518 # 1504
518 - 1504 13
519 # 1504
519 - 1504 14
522 # 1504
522 - 1504 17
522 # 1504
522 - 1504 17
522 # 1504
522 - 1504 14
522 # 1504
522 - 1504 14
522 # 1504
522 - 1504 13
522 # 1504
522 - 1504 13
523 # 1504
523 - 1504 14
523 # 1504
523 - 1504 14
523 # 1504
523 - 1504 14
523 # 1504
523 - 1504 14
524 # 1504
525 # 1504
525 # 1504
525 # 1504
526 # 1504
528 # 1504
528 # 1504
528 + 1504
528 + 1504
528 + 1504
528 + 1504
528 + 1504
529 + 1504
529 + 1504
529 + 1504
530 # 1504
530 - 1504 2
530 + 1504
530 + 1504
530 + 1504
530 + 1504
530 + 1504
530 + 1504
531 # 1504
531 - 1504 3
531 # 1504
531 - 1504 3
531 # 1504
531 - 1504 3
531 # 1504
531 - 1504 3
531 + 1504
531 + 1504
531 + 1504
532 + 1504
532 + 1504
532 + 1504
533 # 1504
533 - 1504 4
533 # 1504
533 - 1504 4
533 # 1504
533 - 1504 4
533 + 1504
533 + 1504
533 + 1504
533 + 1504
533 + 1504
533 + 1504
533 + 1504
533 + 1504
533 + 1504
533 + 1504
534 + 1504
534 + 1504
534 + 1504
534 + 1504
534 + 1504
534 + 1504
536 + 1504
536 + 1504
536 + 1504
536 + 1504
536 + 1504
536 + 1504
536 + 1504
536 + 1504
536 + 1504
536 + 1504
540 + 80
543 # 1504
543 - 1504 13
543 # 1504
543 - 1504 13
543 # 1504
543 - 1504 13
543 # 1504
543 - 1504 13
543 # 1504
543 - 1504 13
543 # 1504
543 - 1504 13
543 # 1504
543 - 1504 12
543 # 1504
543 - 1504 12
543 + 44
544 # 1504
544 - 1504 13
544 # 1504
544 - 1504 12
544 # 1504
544 - 1504 12
544 # 1504
544 - 1504 12
544 + 1504
544 + 1504
545 # 1504
545 - 1504 12
545 + 1504
545 + 1504
545 + 1504
545 + 1504
545 + 1504
545 + 1504
545 + 1504
545 + 1504
545 + 1504
545 + 1504
545 + 1504
546 + 1504
546 + 1504
546 + 1504
546 + 1504
546 + 1504
546 + 1504
546 + 1504
547 # 1504
547 - 1504 14
547 + 1504
547 + 1504
547 + 1504
547 + 1504
547 + 1504
547 + 1504
551 # 1504
551 - 1504 18
551 # 1504
551 - 1504 18
551 # 1504
551 - 1504 18
552 # 1504
552 - 1504 19
553 + 1504
553 + 1504
554 # 1504
554 - 1504 21
554 # 1504
554 - 1504 21
555 + 1504
555 + 1504
555 + 1504
557 # 1504
557 - 1504 24
557 # 1504
557 - 1504 24
559 + 1504
559 + 1504
559 + 1504
566 # 1504
566 - 1504 32
566 # 1504
566 - 1504 32
566 # 1504
566 - 1504 32
566 # 1504
566 - 1504 32
566 # 1504
566 - 1504 32
566 # 1504
566 - 1504 32
566 # 1504
566 - 1504 30
567 # 1504
567 - 1504 31
568 # 1504
568 - 1504 32
568 # 1504
568 - 1504 32
568 # 1504
568 - 1504 32
568 # 1504
568 - 1504 32
568 + 1504
568 + 1504
568 + 1504
568 + 1504
569 # 1504
569 - 1504 33
569 # 1504
569 - 1504 33
569 + 1504
569 + 1504
570 # 1504
570 - 1504 34
570 + 1504
570 + 1504
571 # 1504
571 - 1504 35
571 + 1504
571 + 1504
572 + 1504
572 + 1504
572 + 1504
572 + 1504
573 # 1504
573 - 80 33
573 - 44 30
573 + 1504
573 + 1504
574 # 1504
574 - 1504 30
574 # 1504
574 - 1504 30
576 # 1504
576 - 1504 31
576 # 1504
576 - 1504 31
576 # 1504
576 - 1504 31
576 + 1504
576 + 1504
577 + 1504
577 + 1504
577 + 1504
577 + 1504
579 # 1504
579 - 1504 34
579 # 1504
579 - 1504 34
580 # 1504
580 - 1504 35
582 + 1504
582 + 1504
589 # 1504
589 - 1504 44
589 # 1504
589 - 1504 44
589 # 1504
589 - 1504 44
589 # 1504
589 - 1504 44
589 # 1504
589 - 1504 44
589 # 1504
589 - 1504 43
589 # 1504
589 - 1504 43
590 # 1504
590 - 1504 44
590 + 1504
590 + 1504
591 # 1504
591 - 1504 45
591 # 1504
591 - 1504 45
591 # 1504
591 - 1504 45
591 # 1504
591 - 1504 45
591 # 1504
591 - 1504 44
591 # 1504
591 - 1504 44
591 + 1504
592 # 1504
592 - 1504 45
592 # 1504
592 - 1504 45
592 + 1504
592 + 1504
593 # 1504
593 - 1504 46
593 + 1504
593 + 1504
594 # 1504
594 - 1504 47
594 + 1504
595 + 1504
595 + 1504
596 # 1504
596 - 1504 43
596 # 1504
596 - 1504 43
596 + 1504
597 # 1504
597 - 1504 42
597 + 1504
597 + 1504
598 # 1504
598 - 1504 43
598 + 1504
599 # 1504
599 - 1504 44
599 # 1504
599 - 1504 40
599 + 1504
599 + 1504
600 # 1504
600 - 1504 41
600 # 1504
600 - 1504 41
600 + 1504
601 + 1504
602 + 1504
602 + 1504
603 + 1504
603 + 80
604 + 1504
604 + 1504
605 + 1504
606 + 1504
606 + 1504
607 + 1504
608 + 1504
611 # 1504
611 - 1504 43
611 # 1504
611 - 1504 43
611 # 1504
611 - 1504 43
611 # 1504
611 - 1504 43
611 # 1504
611 - 1504 42
611 # 1504
611 - 1504 42
611 # 1504
611 - 1504 41
611 # 1504
611 - 1504 41
611 # 1504
611 - 1504 40
611 # 1504
611 - 1504 40
611 # 1504
611 - 1504 39
611 # 1504
611 - 1504 39
611 # 1504
611 - 1504 39
611 # 1504
611 - 1504 39
612 # 1504
612 - 1504 39
613 + 1504
613 + 1504
614 # 1504
614 - 1504 41
614 + 1504
614 + 1504
615 # 1504
615 - 1504 39
615 + 1504
616 # 1504
616 - 1504 40
616 # 1504
616 - 1504 39
616 + 1504
616 + 1504
617 # 1504
617 - 1504 40
617 # 1504
617 - 1504 40
617 + 1504
618 # 1504
618 - 1504 41
618 + 1504
619 # 1504
619 - 1504 37
619 # 1504
619 - 1504 37
619 # 1504
619 - 1504 29
619 + 1504
619 + 1504
620 + 1504
621 # 1504
621 - 1504 31
621 # 1504
621 - 1504 30
621 + 1504
621 + 1504
622 # 1504
622 - 1504 30
622 + 1504
623 # 1504
623 - 1504 31
623 # 1504
623 - 1504 30
623 # 1504
623 - 1504 30
623 + 1504
623 + 1504
624 # 1504
624 - 1504 30
624 # 1504
624 - 1504 29
624 + 1504
625 # 1504
625 - 1504 30
625 + 1504
625 + 1504
626 + 1504
627 # 1504
627 - 1504 31
627 + 1504
627 + 1504
628 + 1504
628 + 1504
629 + 1504
630 # 1504
630 - 1504 33
630 # 1504
630 - 1504 33
630 # 1504
630 - 1504 32
630 # 1504
630 - 1504 31
630 # 1504
630 - 1504 31
630 + 1504
630 + 1504
631 # 1504
631 - 1504 31
631 # 1504
631 - 1504 30
631 + 1504
631 + 1504
632 # 1504
632 - 1504 30
632 + 1504
632 + 1504
633 # 1504
633 - 1504 31
633 + 1504
633 + 1504
634 + 1504
634 + 1504
635 # 1504
635 - 1504 32
635 - 80 32
635 # 1504
635 - 1504 31
635 # 1504
635 - 1504 31
635 # 1504
635 - 1504 30
635 # 1504
635 - 1504 29
635 + 1504
635 + 1504
636 + 1504
636 + 1504
637 # 1504
637 - 1504 31
637 # 1504
637 - 1504 30
637 + 1504
638 # 1504
638 - 1504 30
638 + 1504
638 + 1504
639 # 1504
639 - 1504 26
639 # 1504
639 - 1504 26
639 + 1504
639 + 1504
639 + 1504
640 # 1504
640 - 1504 26
640 # 1504
640 - 1504 26
640 + 1504
641 # 1504
641 - 1504 26
641 # 1504
641 - 1504 25
641 + 1504
643 # 1504
643 - 1504 27
643 # 1504
643 - 1504 26
643 # 1504
643 - 1504 25
643 + 1504
643 + 1504
643 + 1504
644 # 1504
644 - 1504 25
644 + 1504
644 + 1504
645 # 1504
645 - 1504 26
645 # 1504
645 - 1504 25
645 + 1504
645 + 1504
646 + 1504
646 + 1504
647 + 1504
647 + 1504
648 + 1504
648 + 1504
648 + 1504
648 + 1504
649 # 1504
649 - 1504 28
649 # 1504
649 - 1504 28
649 # 1504
649 - 1504 27
649 # 1504
649 - 1504 26
649 # 1504
649 - 1504 26
649 + 1504
649 + 1504
650 + 1504
650 + 1504
651 # 1504
651 - 1504 27
651 # 1504
651 - 1504 26
651 # 1504
651 - 1504 26
651 + 1504
651 + 1504
652 + 1504
652 + 1504
653 # 1504
653 - 1504 27
653 # 1504
653 - 1504 26
653 # 1504
653 - 1504 26
653 + 1504
653 + 1504
654 # 1504
654 - 1504 26
655 # 1504
655 - 1504 27
656 # 1504
656 - 1504 27
657 # 1504
657 - 1504 27
657 # 1504
657 - 1504 27
658 # 1504
658 - 1504 27
658 # 1504
658 - 1504 27
659 # 1504
659 - 1504 27
659 # 1504
659 - 1504 27
659 # 1504
659 - 1504 26
659 # 1504
659 - 1504 26
659 + 1504
660 + 1504
660 + 1504
660 + 1504
661 # 1504
661 - 1504 27
661 # 1504
661 - 1504 27
661 + 1504
661 + 1504
662 # 1504
662 - 1504 27
662 # 1504
662 - 1504 27
662 + 1504
662 + 1504
663 # 1504
663 - 1504 27
663 # 1504
663 - 1504 27
663 # 1504
663 - 1504 26
663 + 1504
663 + 1504
663 + 1504
663 + 1504
664 + 1504
664 + 1504
665 # 1504
665 - 1504 27
665 # 1504
665 - 1504 27
665 # 1504
665 - 1504 26
665 + 1504
665 + 1504
666 # 1504
666 - 1504 27
666 # 1504
666 - 1504 27
666 # 1504
666 - 1504 26
666 + 1504
666 + 1504
667 + 1504
667 + 1504
667 + 1504
667 + 1504
668 # 1504
668 - 1504 27
668 + 1504
668 + 1504
669 + 1504
669 + 1504
670 # 1504
670 - 1504 27
670 # 1504
670 - 1504 27
670 # 1504
670 - 1504 27
670 # 1504
670 - 1504 26
670 + 1504
670 + 1504
671 # 1504
671 - 1504 27
671 # 1504
671 - 1504 26
671 + 1504
671 + 1504
671 + 1504
671 + 1504
672 # 1504
672 - 1504 27
672 # 1504
672 - 1504 26
672 + 1504
672 + 1504
673 # 1504
673 - 1504 27
673 # 1504
673 - 1504 26
673 + 1504
673 + 1504
674 # 1504
674 - 1504 27
674 + 1504
674 + 1504
675 # 1504
675 - 1504 27
675 # 1504
675 - 1504 27
675 # 1504
675 - 1504 27
675 + 1504
675 + 1504
675 + 1504
675 + 1504
676 # 1504
676 - 1504 28
676 + 1504
676 + 1504
677 # 1504
677 - 1504 28
677 # 1504
677 - 1504 28
677 # 1504
677 - 1504 27
677 + 1504
677 + 1504
678 + 1504
679 + 1504
679 + 1504
679 + 1504
679 + 1504
680 # 1504
680 - 1504 30
680 # 1504
680 - 1504 29
680 # 1504
680 - 1504 29
680 # 1504
680 - 1504 28
680 # 1504
680 - 1504 28
682 # 1504
682 - 1504 29
682 # 1504
682 - 1504 29
682 # 1504
682 - 1504 23
685 + 1504
685 + 1504
686 + 1504
686 + 1504
687 # 1504
687 - 1504 27
687 # 1504
687 - 1504 27
687 + 1504
687 + 1504
695 # 1504
695 - 1504 35
695 # 1504
695 - 1504 34
695 # 1504
695 - 1504 34
695 # 1504
695 - 1504 33
695 # 1504
695 - 1504 33
697 + 1504
697 + 1504
697 + 1504
697 + 1504
697 + 1504
697 + 1504
698 # 1504
698 - 1504 35
698 # 1504
698 - 1504 35
698 # 1504
698 - 1504 35
698 # 1504
698 - 1504 35
705 # 1504
705 - 1504 41
705 # 1504
705 - 1504 41
707 # 1504
707 - 1504 42
707 # 1504
707 - 1504 42
709 # 1504
709 - 1504 43
709 + 1504
709 + 1504
709 + 1504
709 + 1504
709 + 1504
711 # 1504
711 - 1504 45
711 + 1504
711 + 1504
711 + 1504
712 + 1504
712 + 1504
712 + 1504
713 + 1504
714 # 1504
714 - 1504 47
716 # 1504
716 - 1504 49
720 # 1504
720 - 1504 53
720 + 1504
720 + 1504
720 + 1504
721 + 1504
721 + 1504
722 + 1504
723 # 1504
723 - 1504 56
723 + 1504
724 # 1504
724 - 1504 56
724 + 1504
725 + 1504
734 # 1504
734 - 1504 66
736 # 1504
736 - 1504 67
736 # 1504
736 - 1504 67
737 # 1504
737 - 1504 67
738 + 1504
738 + 1504
739 + 1504
739 + 1504
748 # 1504
748 - 1504 78
750 # 1504
750 - 1504 79
750 + 1504
751 + 1504
753 # 1504
753 - 1504 82
753 # 1504
753 - 1504 82
755 + 1504
756 + 1504
764 # 1504
764 - 1504 93
765 + 1504
768 # 1504
768 - 1504 96
768 # 1504
768 - 1504 96
768 # 1504
768 - 1504 95
769 # 1504
769 - 1504 96
771 + 1504
771 + 1504
772 + 1504
773 # 1504
773 - 1504 99
773 # 1504
773 - 1504 99
773 + 1504
774 + 1504
776 # 1504
776 - 1504 101
776 + 1504
777 + 1504
779 # 1504
779 - 1504 104
779 # 1504
779 - 1504 104
779 # 1504
779 - 1504 104
780 # 1504
780 - 1504 104
781 # 1504
781 - 1504 105
783 # 1504
783 - 1504 106
783 + 1504
784 + 1504
785 + 1504
786 # 1504
786 - 1504 109
787 + 1504
788 + 1504
789 # 1504
789 - 1504 111
789 + 1504
791 # 1504
791 - 1504 112
791 + 1504
792 + 1504
793 # 1504
793 - 1504 114
793 + 1504
794 # 1504
794 - 1504 115
795 + 1504
796 + 1504
798 + 1504
805 # 1504
805 - 1504 126
807 # 1504
807 - 1504 122
807 # 1504
807 - 1504 122
808 + 1504
809 + 1504
810 + 1504
811 # 1504
811 - 1504 125
811 # 1504
811 - 1504 125
812 # 1504
812 - 1504 125
812 # 1504
812 - 1504 125
812 + 1504
813 # 1504
813 - 1504 116
813 + 1504
815 # 1504
815 - 1504 118
815 + 1504
816 # 1504
816 - 1504 119
816 + 1504
818 # 1504
818 - 1504 121
818 + 1504
820 # 1504
820 - 1504 123
820 # 1504
820 - 1504 123
820 # 1504
820 - 1504 111
820 + 1504
821 # 1504
821 - 1504 112
821 + 1504
823 # 1504
823 - 1504 114
823 # 1504
823 - 1504 114
823 + 1504
825 # 1504
825 - 1504 116
825 + 1504
826 + 1504
828 + 1504
829 # 1504
829 - 1504 118
829 # 1504
829 - 1504 118
829 # 1504
829 - 1504 118
829 # 1504
829 - 1504 117
830 + 1504
831 # 1504
831 - 1504 119
831 + 1504
832 # 1504
832 - 1504 120
832 # 1504
832 - 1504 119
832 # 1504
832 - 1504 112
833 + 1504
834 # 1504
834 - 1504 114
834 + 1504
836 # 1504
836 - 1504 116
836 + 1504
837 + 1504
839 # 1504
839 - 1504 118
839 # 1504
839 - 1504 118
839 # 1504
839 - 1504 117
839 + 1504
840 # 1504
840 - 1504 117
841 # 1504
841 - 1504 117
841 + 1504
842 + 1504
843 # 1504
843 - 1504 118
844 # 1504
844 - 1504 106
844 + 1504
845 + 1504
847 + 1504
848 + 1504
850 + 1504
851 + 1504
853 + 1504
854 # 1504
854 - 1504 116
854 + 1504
856 + 1504
857 # 1504
857 - 1504 118
857 # 1504
857 - 1504 118
857 # 1504
857 - 1504 107
857 + 1504
859 # 1504
859 - 1504 108
859 # 1504
859 - 1504 104
859 # 1504
859 - 1504 103
859 + 1504
860 + 1504
861 # 1504
861 - 1504 96
862 + 1504
864 # 1504
864 - 1504 93
864 + 1504
865 # 1504
865 - 1504 94
865 + 1504
866 # 1504
866 - 1504 94
866 + 1504
868 # 1504
868 - 1504 95
868 + 1504
869 # 1504
869 - 1504 95
869 # 1504
869 - 1504 93
869 + 1504
870 # 1504
870 - 1504 93
871 + 1504
872 # 1504
872 - 1504 89
872 # 1504
872 - 1504 88
872 # 1504
872 - 1504 87
872 + 1504
873 # 1504
873 - 1504 86
873 + 1504
875 + 1504
876 + 1504
877 + 1504
878 + 1504
879 + 1504
881 + 1504
882 + 1504
883 # 1504
883 - 1504 95
883 # 1504
883 - 1504 94
883 # 1504
883 - 1504 92
883 # 1504
883 - 1504 91
883 # 1504
883 - 1504 90
883 + 1504
884 # 1504
884 - 1504 89
884 # 1504
884 - 1504 88
884 # 1504
884 - 1504 86
884 + 1504
885 # 1504
885 - 1504 77
886 + 1504
887 # 1504
887 - 1504 78
887 + 1504
888 + 1504
889 # 1504
889 - 1504 79
889 + 1504
891 # 1504
891 - 1504 79
891 + 1504
892 # 1504
892 - 1504 79
892 + 1504
893 + 1504
894 + 1504
895 # 1504
895 - 1504 80
895 + 1504
897 + 1504
898 + 1504
899 + 1504
900 + 1504
901 + 1504
902 + 1504
904 + 1504
905 # 1504
905 - 1504 89
905 # 1504
905 - 1504 87
905 # 1504
905 - 1504 85
905 + 1504
906 # 1504
906 - 1504 85
906 # 1504
906 - 1504 83
906 + 1504
907 # 1504
907 - 1504 82
907 + 1504
908 + 1504
910 # 1504
910 - 1504 84
910 + 1504
910 + 1504
911 # 1504
911 - 1504 83
912 + 1504
913 + 1504
914 + 1504
915 + 1504
953 + 1504
1134 + 1504
1436 + 1504
1953 # 1504
1953 - 1504 1123
1979 + 1504
1980 + 1504
1980 + 1504
1982 + 1504
1983 + 1504
1993 # 1504
1993 - 1504 1162
1993 + 1504
1993 + 1504
1993 + 1504
1994 + 1504
1995 # 1504
1995 - 1504 1162
1995 # 1504
1995 - 1504 1161
1995 # 1504
1995 - 1504 1159
1995 # 1504
1995 - 1504 1158
1995 + 1504
1996 # 1504
1996 - 1504 1157
1996 # 1504
1996 - 1504 1155
1997 # 1504
1997 - 1504 1155
1997 # 1504
1997 - 1504 1153
1997 + 1504
1998 # 1504
1998 - 1504 1153
1999 # 1504
1999 - 1504 1152
2001 + 1504
2005 + 1504
2008 # 1504
2008 - 1504 1160
2008 # 1504
2008 - 1504 1158
2008 # 1504
2008 - 1504 1157
2008 # 1504
2008 - 1504 1155
2010 + 1504
2011 # 1504
2011 - 1504 1157
2011 # 1504
2011 - 1504 1155
2011 # 1504
2011 - 1504 1154
2011 # 1504
2011 - 1504 1152
2011 # 1504
2011 - 1504 1151
2011 # 1504
2011 - 1504 1149
2011 # 1504
2011 - 1504 1147
2011 # 1504
2011 - 1504 1146
2012 # 1504
2012 - 1504 1146
2012 # 1504
2012 - 1504 1144
2012 # 1504
2012 - 1504 1143
2015 + 1504
2019 # 1504
2019 - 1504 1148
2019 # 1504
2019 - 1504 1147
2019 # 1504
2019 - 1504 1146
2019 # 1504
2019 - 1504 1144
2019 # 1504
2019 - 1504 1143
2019 # 1504
2019 - 1504 1142
2019 # 1504
2019 - 1504 1141
2020 + 1504
2021 # 1504
2021 - 1504 1142
2021 # 1504
2021 - 1504 1140
2021 # 1504
2021 - 1504 1139
2021 # 1504
2021 - 1504 1138
2021 # 1504
2021 - 1504 1137
2021 # 1504
2021 - 1504 1135
2021 # 1504
2021 - 1504 1134
2021 # 1504
2021 - 1504 1133
2022 # 1504
2022 - 1504 1133
2023 # 1504
2023 - 1504 1132
2026 + 1504
2032 + 1504
2033 # 1504
2033 - 1504 1141
2033 # 1504
2033 - 1504 1140
2033 # 1504
2033 - 1504 1139
2033 # 1504
2033 - 1504 1138
2033 # 1504
2033 - 1504 1136
2033 # 1504
2033 - 1504 1135
2035 # 1504
2035 - 1504 1136
2035 # 1504
2035 - 1504 1135
2035 # 1504
2035 - 1504 1134
2035 # 1504
2035 - 1504 1133
2035 # 1504
2035 - 1504 1131
2035 # 1504
2035 - 1504 1130
2035 # 1504
2035 - 1504 1129
2037 # 1504
2037 - 1504 1130
2037 + 1504
2038 # 1504
2038 - 1504 1130
2039 # 1504
2039 - 1504 1129
2040 # 1504
2040 - 1504 1130
2040 # 1504
2040 - 1504 1128
2042 # 1504
2042 - 1504 1129
2042 # 1504
2042 - 1504 1128
2043 # 1504
2043 - 1504 1128
2043 + 1504
2045 # 1504
2045 - 1504 1092
2045 # 1504
2045 - 1504 911
2045 # 1504
2045 - 1504 609
2046 # 1504
2046 - 1504 67
2048 # 1504
2048 - 1504 68
2048 # 1504
2048 - 1504 68
2048 # 1504
2048 - 1504 66
2049 # 1504
2049 - 1504 66
2049 + 1504
2050 # 1504
2050 - 1504 57
2050 # 1504
2050 - 1504 57
2051 # 1504
2051 - 1504 58
2051 # 1504
2051 - 1504 57
2053 + 1504
2058 + 1504
2060 + 1504
2061 # 1504
2061 - 1504 66
2061 # 1504
2061 - 1504 64
2061 # 1504
2061 - 1504 60
2061 # 1504
2061 - 1504 56
2061 # 1504
2061 - 1504 51
2061 # 1504
2061 - 1504 46
2062 + 1504
2063 # 1504
2063 - 1504 43
2063 # 1504
2063 - 1504 37
2063 # 1504
2063 - 1504 31
2063 # 1504
2063 - 1504 26
2063 # 1504
2063 - 1504 20
2063 # 1504
2063 - 1504 14
2063 # 1504
2063 - 1504 10
2063 # 1504
2063 - 1504 5
2064 # 1504
2064 - 1504 4
2064 + 1504
2065 # 1504
2065 - 1504 3
2065 + 1504
2066 + 1504
2066 + 1504
2067 # 1504
2067 - 1504 3
2067 + 1504
2068 # 1504
2068 - 1504 3
2068 + 1504
2069 # 1504
2069 - 1504 3
2069 + 1504
2069 + 1504
2070 # 1504
2070 - 1504 4
2070 # 1504
2070 - 1504 3
2070 + 1504
2071 # 1504
2071 - 1504 3
2071 + 1504
2071 + 1504
2071 + 1504
2072 # 1504
2072 - 1504 3
2072 + 1504
2072 + 1504
2072 + 1504
2073 # 1504
2073 - 1504 4
2073 # 1504
2073 - 1504 3
2073 # 1504
2073 - 1504 2
2073 + 1504
2073 + 1504
2074 + 1504
2074 + 1504
2075 # 1504
2075 - 1504 4
2075 # 1504
2075 - 1504 4
2075 + 1504
2075 + 1504
2076 # 1504
2076 - 1504 4
2076 + 1504
2076 + 1504
2077 + 1504
2077 + 1504
2077 + 1504
2078 + 1504
2078 + 1504
2078 + 1504
2079 + 1504
2079 + 1504
2079 + 1504
2080 + 1504
2080 + 1504
2080 + 1504
2080 + 1504
2080 + 1504
2080 + 1504
2081 + 1504
2082 + 1504
2082 + 1504
2082 + 1504
2082 + 1504
2082 + 1504
2083 + 1504
2083 + 1504
2083 + 1504
2084 + 1504
2084 + 1504
2084 + 1504
2085 # 1504
2085 - 1504 13
2085 # 1504
2085 - 1504 13
2085 # 1504
2085 - 1504 12
2085 # 1504
2085 - 1504 12
2085 # 1504
2085 - 1504 11
2085 # 1504
2085 - 1504 11
2085 + 1504
2085 + 1504
2085 + 1504
2086 + 1504
2086 + 1504
2086 + 1504
2087 # 1504
2087 - 1504 12
2087 # 1504
2087 - 1504 12
2087 # 1504
2087 - 1504 11
2087 # 1504
2087 - 1504 11
2087 # 1504
2087 - 1504 10
2087 # 1504
2087 - 1504 10
2087 + 1504
2087 + 1504
2088 # 1504
2088 - 1504 11
2088 # 1504
2088 - 1504 10
2088 # 1504
2088 - 1504 10
2088 + 1504
2088 + 1504
2088 + 1504
2088 + 1504
2088 + 1504
2088 + 1504
2088 + 1504
2089 + 1504
2089 + 1504
2089 + 1504
2089 + 1504
2089 + 1504
2089 + 1504
2090 # 1504
2090 - 1504 12
2090 # 1504
2090 - 1504 11
2090 + 1504
2090 + 1504
2090 + 1504
2090 + 1504
2090 + 1504
2090 + 1504
2090 + 1504
2090 + 1504
2091 # 1504
2091 - 1504 12
2091 + 1504
2091 + 1504
2091 + 1504
2091 + 1504
2091 + 1504
2091 + 1504
2091 + 1504
2091 + 1504
2091 + 1504
2091 + 1504
2092 + 1504
2093 + 1504
2093 + 1504
2093 + 1504
2093 + 1504
2093 + 1504
2093 + 1504
2093 + 1504
2093 + 1504
2093 + 1504
2093 + 1504
2093 + 1504
2093 + 1504
2093 + 1504
2093 + 1504
2094 + 1504
2094 + 1504
2094 + 1504
2094 + 1504
2094 + 1504
2094 + 1504
2094 + 1504
2095 + 1504
2095 + 1504
2095 + 1504
2095 + 1504
2095 + 1504
2095 + 1504
2095 + 1504
2096 + 1504
2096 + 1504
2096 + 1504
2096 + 1504
2096 + 1504
2096 + 1504
2096 + 1504
2097 + 1504
2097 + 1504
2097 + 1504
2097 + 1504
2097 + 1504
2097 + 1504
2097 + 1504
2098 + 1504
2098 + 1504
2098 + 1504
2098 + 1504
2098 + 1504
2098 + 1504
2098 + 1504
2099 + 1504
2099 + 1504
2099 + 1504
2099 + 1504
2099 + 1504
2099 + 1504
2099 + 1504
2100 # 1504
2100 - 1504 21
2100 # 1504
2100 - 1504 20
2100 + 1504
2100 + 1504
2100 + 1504
2100 + 1504
2100 + 1504
2100 + 1504
2100 + 1504
2101 # 1504
2101 - 1504 21
2101 # 1504
2101 - 1504 21
2101 # 1504
2101 - 1504 21
2101 # 1504
2101 - 1504 21
2101 + 1504
2101 + 1504
2101 + 1504
2101 + 1504
2101 + 1504
2101 + 1504
2101 + 1504
2101 + 1504
2101 + 1504
2101 + 1504
2102 + 1504
2102 + 1504
2102 + 1504
2102 + 1504
2102 + 1504
2102 + 1504
2102 + 1504
2104 # 1504
2104 - 1504 24
2104 # 1504
2104 - 1504 23
2104 # 1504
2104 - 1504 22
2104 # 1504
2104 - 1504 22
2104 # 1504
2104 - 1504 22
2104 # 1504
2104 - 1504 22
2104 + 1504
2104 + 1504
2104 + 1504
2104 + 1504
2104 + 1504
2104 + 1504
2104 + 1504
2104 + 1504
2104 + 1504
2104 + 1504
2104 + 1504
2104 + 1504
2104 + 1504
2104 + 1504
2105 # 1504
2105 - 1504 23
2105 # 1504
2105 - 1504 22
2105 # 1504
2105 - 1504 22
2105 # 1504
2105 - 1504 22
2105 + 1504
2105 + 1504
2105 + 1504
2105 + 1504
2105 + 1504
2105 + 1504
2105 + 1504
2106 + 1504
2106 + 1504
2106 + 1504
2106 + 1504
2106 + 1504
2106 + 1504
2106 + 1504
2107 # 1504
2107 - 1504 23
2107 + 1504
2107 + 1504
2107 + 1504
2107 + 1504
2107 + 1504
2107 + 1504
2107 + 1504
2107 + 1504
2107 + 1504
2107 + 1504
2108 # 1504
2108 - 1504 24
2108 # 1504
2108 - 1504 24
2110 # 1504
2110 - 1504 25
2110 # 1504
2110 - 1504 25
2110 # 1504
2110 - 1504 25
2110 + 1504
2110 + 1504
2110 + 1504
2110 + 1504
2110 + 1504
2110 + 1504
2111 # 1504
2111 - 1504 25
2112 # 1504
2112 - 1504 26
2112 + 1504
2112 + 1504
2113 + 1504
2114 # 1504
2114 - 1504 28
2114 # 1504
2114 - 1504 27
2114 + 1504
2114 + 1504
2114 + 1504
2114 + 1504
2115 # 1504
2115 - 1504 28
2115 + 1504
2116 # 1504
2116 - 1504 28
2117 # 1504
2117 - 1504 29
2117 # 1504
2117 - 1504 29
2117 + 1504
2117 + 1504
2118 # 1504
2118 - 1504 30
2118 # 1504
2118 - 1504 30
2119 # 1504
2119 - 1504 31
2119 + 1504
2121 # 1504
2121 - 1504 33
2121 # 1504
2121 - 1504 32
2121 + 1504
2121 + 1504
2121 + 1504
2122 # 1504
2122 - 1504 33
2122 + 1504
2122 + 1504
2122 + 1504
2123 # 1504
2123 - 1504 34
2123 + 1504
2124 + 1504
2125 + 1504
2129 # 1504
2129 - 1504 40
2129 # 1504
2129 - 1504 40
2129 # 1504
2129 - 1504 40
2131 + 1504
2140 # 1504
2140 - 1504 50
2140 # 1504
2140 - 1504 50
2140 # 1504
2140 - 1504 50
2142 + 1504
2142 + 1504
2142 + 1504
2143 # 1504
2143 - 1504 53
2143 # 1504
2143 - 1504 53
2143 # 1504
2143 - 1504 53
2143 # 1504
2143 - 1504 53
2143 # 1504
2143 - 1504 53
2143 # 1504
2143 - 1504 52
2143 # 1504
2143 - 1504 52
2143 # 1504
2143 - 1504 52
2143 # 1504
2143 - 1504 52
2143 # 1504
2143 - 1504 52
2143 # 1504
2143 - 1504 52
2143 # 1504
2143 - 1504 52
2143 # 1504
2143 - 1504 52
2143 # 1504
2143 - 1504 52
2144 # 1504
2144 - 1504 53
2144 # 1504
2144 - 1504 52
2144 # 1504
2144 - 1504 51
2144 # 1504
2144 - 1504 51
2144 # 1504
2144 - 1504 51
2144 # 1504
2144 - 1504 51
2146 # 1504
2146 - 1504 53
2147 + 1504
2147 + 1504
2147 + 1504
2147 + 1504
2147 + 1504
2147 + 1504
2147 + 1504
2148 + 1504
2148 + 1504
2149 + 1504
2149 + 1504
2149 + 1504
2149 + 1504
2149 + 1504
2150 + 1504
2150 + 1504
2150 + 1504
2151 + 1504
2151 + 1504
2151 + 1504
2152 + 1504
2152 + 1504
2152 + 1504
2153 # 1504
2153 - 1504 60
2153 # 1504
2153 - 1504 60
2153 # 1504
2153 - 1504 60
2153 # 1504
2153 - 1504 60
2153 # 1504
2153 - 1504 60
2153 # 1504
2153 - 1504 60
2153 # 1504
2153 - 1504 60
2154 # 1504
2154 - 1504 61
2154 # 1504
2154 - 1504 61
2154 # 1504
2154 - 1504 60
2155 # 1504
2155 - 1504 61
2155 # 1504
2155 - 1504 61
2155 # 1504
2155 - 1504 61
2155 + 1504
2155 + 1504
2155 + 1504
2156 + 1504
2156 + 1504
2156 + 1504
2157 + 1504
2157 + 1504
2157 + 1504
2158 + 1504
2158 + 1504
2158 + 1504
2159 + 1504
2159 + 1504
2159 + 1504
2164 # 1504
2164 - 1504 70
2164 # 1504
2164 - 1504 70
2164 # 1504
2164 - 1504 70
2164 # 1504
2164 - 1504 69
2164 # 1504
2164 - 1504 69
2164 # 1504
2164 - 1504 69
2164 # 1504
2164 - 1504 69
2166 # 1504
2166 - 1504 71
2166 # 1504
2166 - 1504 71
2166 # 1504
2166 - 1504 71
2166 # 1504
2166 - 1504 70
2166 # 1504
2166 - 1504 70
2166 # 1504
2166 - 1504 70
2166 # 1504
2166 - 1504 70
2167 # 1504
2167 - 1504 71
2167 # 1504
2167 - 1504 71
2167 # 1504
2167 - 1504 71
2169 # 1504
2169 - 1504 72
2169 # 1504
2169 - 1504 72
2169 # 1504
2169 - 1504 72
2170 # 1504
2170 - 1504 73
2170 # 1504
2170 - 1504 73
2170 + 1504
2170 + 1504
2170 + 1504
2171 + 1504
2171 + 1504
2171 + 1504
2171 + 1504
2172 # 1504
2172 - 1504 75
2172 + 1504
2172 + 1504
2173 # 1504
2173 - 1504 76
2173 # 1504
2173 - 1504 75
2173 + 1504
2173 + 1504
2174 # 1504
2174 - 1504 76
2174 # 1504
2174 - 1504 76
2174 + 1504
2174 + 1504
2174 + 1504
2174 + 1504
2175 # 1504
2175 - 1504 77
2175 # 1504
2175 - 1504 77
2175 # 1504
2175 - 1504 77
2175 + 1504
2175 + 1504
2176 + 1504
2176 + 1504
2177 + 1504
2177 + 1504
2177 + 1504
2177 + 1504
2178 # 1504
2178 - 1504 80
2178 + 1504
2178 + 1504
2179 + 1504
2179 + 1504
2179 + 1504
2179 + 1504
2180 + 1504
2180 + 1504
2181 # 1504
2181 - 1504 82
2181 # 1504
2181 - 1504 82
2181 + 1504
2181 + 1504
2182 + 1504
2182 + 1504
2183 # 1504
2183 - 1504 84
2183 # 1504
2183 - 1504 84
2183 # 1504
2183 - 1504 84
2183 # 1504
2183 - 1504 84
2183 # 1504
2183 - 1504 84
2183 # 1504
2183 - 1504 83
2183 # 1504
2183 - 1504 83
2185 + 1504
2185 + 1504
2185 + 1504
2186 # 1504
2186 - 1504 86
2186 # 1504
2186 - 1504 86
2186 # 1504
2186 - 1504 86
2186 # 1504
2186 - 1504 86
2186 # 1504
2186 - 1504 86
2186 + 1504
2186 + 1504
2187 + 1504
2187 + 1504
2188 # 1504
2188 - 1504 87
2188 # 1504
2188 - 1504 87
2188 # 1504
2188 - 1504 87
2188 + 1504
2188 + 1504
2189 # 1504
2189 - 1504 88
2189 # 1504
2189 - 1504 88
2189 + 1504
2189 + 1504
2189 + 1504
2189 + 1504
2190 + 1504
2190 + 1504
2191 # 1504
2191 - 1504 90
2191 + 1504
2191 + 1504
2192 # 1504
2192 - 1504 91
2193 + 1504
2193 + 1504
2194 # 1504
2194 - 1504 93
2194 # 1504
2194 - 1504 93
2194 # 1504
2194 - 1504 93
2194 # 1504
2194 - 1504 92
2194 # 1504
2194 - 1504 92
2195 # 1504
2195 - 1504 93
2195 # 1504
2195 - 1504 93
2195 + 1504
2196 # 1504
2196 - 1504 94
2196 # 1504
2196 - 1504 94
2196 + 1504
2196 + 1504
2196 + 1504
2197 # 1504
2197 - 1504 95
2197 # 1504
2197 - 1504 93
2197 + 1504
2197 + 1504
2198 # 1504
2198 - 1504 94
2198 # 1504
2198 - 1504 94
2198 # 1504
2198 - 1504 94
2198 + 1504
2198 + 1504
2199 + 1504
2199 + 1504
2200 # 1504
2200 - 1504 96
2200 + 1504
2200 + 1504
2200 + 1504
2200 + 1504
2201 # 1504
2201 - 1504 97
2202 # 1504
2202 - 1504 98
2202 # 1504
2202 - 1504 98
2202 + 1504
2202 + 1504
2204 # 1504
2204 - 1504 100
2204 # 1504
2204 - 1504 100
2204 # 1504
2204 - 1504 100
2204 # 1504
2204 - 1504 100
2204 # 1504
2204 - 1504 100
2204 # 1504
2204 - 1504 100
2205 # 1504
2205 - 1504 100
2205 # 1504
2205 - 1504 100
2208 # 1504
2208 - 1504 103
2209 # 1504
2209 - 1504 104
2209 # 1504
2209 - 1504 104
2209 # 1504
2209 - 1504 104
2210 # 1504
2210 - 1504 105
2211 + 1504
2211 + 1504
2211 + 1504
2212 + 1504
2212 + 1504
2213 + 1504
2214 + 1504
2214 + 1504
2214 + 1504
2215 + 1504
2216 + 1504
2216 + 1504
2217 + 1504
2217 + 1504
2218 # 1504
2218 - 1504 112
2218 # 1504
2218 - 1504 112
2218 # 1504
2218 - 1504 112
2218 + 1504
2218 + 1504
2219 + 1504
2220 # 1504
2220 - 1504 114
2220 # 1504
2220 - 1504 114
2220 # 1504
2220 - 1504 114
2220 # 1504
2220 - 1504 114
2220 # 1504
2220 - 1504 113
2220 # 1504
2220 - 1504 113
2220 # 1504
2220 - 1504 113
2220 # 1504
2220 - 1504 113
2220 # 1504
2220 - 1504 113
2220 + 1504
2220 + 1504
2221 + 1504
2221 + 1504
2222 # 1504
2222 - 1504 115
2222 # 1504
2222 - 1504 115
2222 # 1504
2222 - 1504 115
2222 # 1504
2222 - 1504 115
2222 # 1504
2222 - 1504 115
2222 + 1504
2222 + 1504
2223 + 1504
2223 + 1504
2224 + 1504
2224 + 1504
2225 # 1504
2225 - 1504 115
2225 + 1504
2225 + 1504
2226 # 1504
2226 - 1504 116
2226 + 1504
2226 + 1504
2227 + 1504
2228 + 1504
2228 + 1504
2229 # 1504
2229 - 1504 119
2229 + 1504
2229 + 1504
2230 + 1504
2230 + 1504
2232 # 1504
2232 - 1504 122
2232 # 1504
2232 - 1504 122
2235 # 1504
2235 - 1504 125
2239 # 1504
2239 - 1504 127
2239 + 1504
2239 + 1504
2241 + 1504
2241 + 1504
2242 + 1504
2243 # 1504
2243 - 1504 131
2243 # 1504
2243 - 1504 130
2250 + 1504
2250 + 1504
2253 # 1504
2253 - 1504 139
2253 # 1504
2253 - 1504 139
2258 # 1504
2258 - 1504 144
2259 # 1504
2259 - 1504 145
2259 # 1504
2259 - 1504 144
2259 # 1504
2259 - 1504 142
2261 # 1504
2261 - 1504 144
2261 # 1504
2261 - 1504 142
2264 + 1504
2264 + 1504
2265 + 1504
2265 + 1504
2266 # 1504
2266 - 1504 145
2266 + 1504
2266 + 1504
2267 + 1504
2268 + 1504
2275 # 1504
2275 - 1504 154
2275 # 1504
2275 - 1504 154
2276 # 1504
2276 - 1504 154
2276 # 1504
2276 - 1504 154
2276 # 1504
2276 - 1504 154
2278 # 1504
2278 - 1504 155
2278 # 1504
2278 - 1504 154
2278 + 1504
2278 + 1504
2279 # 1504
2279 - 1504 154
2279 + 1504
2280 + 1504
2280 + 1504
2281 # 1504
2281 - 1504 150
2281 + 1504
2282 # 1504
2282 - 1504 140
2282 + 1504
2282 + 1504
2283 # 1504
2283 - 1504 141
2283 # 1504
2283 - 1504 141
2283 + 1504
2284 # 1504
2284 - 1504 137
2284 + 1504
2284 + 1504
2285 # 1504
2285 - 1504 138
2286 # 1504
2286 - 1504 139
2288 # 1504
2288 - 1504 141
2290 # 1504
2290 - 1504 143
2291 # 1504
2291 - 1504 144
2291 # 1504
2291 - 1504 144
2292 # 1504
2292 - 1504 144
2292 + 1504
2292 + 1504
2293 # 1504
2293 - 1504 145
2293 # 1504
2293 - 1504 144
2293 # 1504
2293 - 1504 144
2293 + 1504
2293 + 1504
2294 + 1504
2295 # 1504
2295 - 1504 146
2295 # 1504
2295 - 1504 146
2295 + 1504
2296 # 1504
2296 - 1504 147
2296 + 1504
2296 + 1504
2297 # 1504
2297 - 1504 147
2297 # 1504
2297 - 1504 147
2297 + 1504
2298 + 1504
2298 + 1504
2299 # 1504
2299 - 1504 149
2299 + 1504
2300 # 1504
2300 - 1504 149
2300 + 1504
2300 + 1504
2304 + 1504
2304 + 1504
2305 + 1504
2306 + 1504
2306 + 1504
2307 + 1504
2308 + 1504
2310 # 1504
2310 - 1504 159
2310 # 1504
2310 - 1504 159
2310 # 1504
2310 - 1504 158
2313 # 1504
2313 - 1504 161
2313 # 1504
2313 - 1504 161
2313 # 1504
2313 - 1504 158
2313 # 1504
2313 - 1504 158
2313 # 1504
2313 - 1504 158
2313 # 1504
2313 - 1504 157
2313 # 1504
2313 - 1504 157
2315 # 1504
2315 - 1504 159
2315 # 1504
2315 - 1504 158
2315 # 1504
2315 - 1504 158
2315 # 1504
2315 - 1504 158
2315 # 1504
2315 - 1504 157
2317 # 1504
2317 - 1504 159
2317 # 1504
2317 - 1504 159
2318 # 1504
2318 - 1504 159
2318 # 1504
2318 - 1504 159
2318 # 1504
2318 - 1504 159
2319 # 1504
2319 - 1504 149
2319 # 1504
2319 - 1504 149
2319 + 1504
2319 + 1504
2320 + 1504
2320 + 1504
2321 # 1504
2321 - 1504 151
2321 # 1504
2321 - 1504 150
2321 # 1504
2321 - 1504 150
2321 + 1504
2322 # 1504
2322 - 1504 151
2322 # 1504
2322 - 1504 151
2322 # 1504
2322 - 1504 150
2322 + 1504
2323 + 1504
2323 + 1504
2324 # 1504
2324 - 1504 152
2324 # 1504
2324 - 1504 151
2324 # 1504
2324 - 1504 151
2324 + 1504
2325 # 1504
2325 - 1504 151
2325 + 1504
2326 + 1504
2326 + 1504
2327 # 1504
2327 - 1504 153
2327 # 1504
2327 - 1504 153
2327 # 1504
2327 - 1504 153
2327 + 1504
2328 + 1504
2329 # 1504
2329 - 1504 154
2329 # 1504
2329 - 1504 154
2329 # 1504
2329 - 1504 153
2329 # 1504
2329 - 1504 153
2329 # 1504
2329 - 1504 152
2329 + 1504
2329 + 1504
2330 + 1504
2331 + 1504
2331 + 1504
2332 + 1504
2333 + 1504
2334 + 1504
2334 + 1504
2335 + 1504
2336 + 1504
2337 + 1504
2337 + 1504
2338 + 1504
2340 # 1504
2340 - 1504 163
2340 # 1504
2340 - 1504 163
2340 # 1504
2340 - 1504 163
2340 # 1504
2340 - 1504 162
2340 + 1504
2340 + 1504
2340 + 1504
2341 # 1504
2341 - 1504 163
2341 # 1504
2341 - 1504 162
2341 + 1504
2342 + 1504
2342 + 1504
2343 + 1504
2344 + 1504
2345 # 1504
2345 - 1504 166
2345 # 1504
2345 - 1504 166
2345 # 1504
2345 - 1504 166
2345 # 1504
2345 - 1504 165
2345 # 1504
2345 - 1504 165
2345 + 1504
2345 + 1504
2346 + 1504
2347 # 1504
2347 - 1504 166
2347 # 1504
2347 - 1504 166
2347 # 1504
2347 - 1504 165
2347 # 1504
2347 - 1504 165
2347 # 1504
2347 - 1504 162
2347 # 1504
2347 - 1504 162
2347 # 1504
2347 - 1504 162
2347 + 1504
2348 # 1504
2348 - 1504 162
2348 # 1504
2348 - 1504 162
2348 # 1504
2348 - 1504 161
2348 # 1504
2348 - 1504 161
2348 + 1504
2348 + 1504
2349 + 1504
2350 # 1504
2350 - 1504 162
2350 # 1504
2350 - 1504 162
2350 + 1504
2351 # 1504
2351 - 1504 162
2351 + 1504
2351 + 1504
2352 + 1504
2353 # 1504
2353 - 1504 164
2353 # 1504
2353 - 1504 164
2353 # 1504
2353 - 1504 164
2353 + 1504
2354 # 1504
2354 - 1504 164
2354 # 1504
2354 - 1504 164
2354 + 1504
2354 + 1504
2355 # 1504
2355 - 1504 164
2355 # 1504
2355 - 1504 164
2355 + 1504
2356 + 1504
2357 # 1504
2357 - 1504 164
2357 # 1504
2357 - 1504 164
2357 + 1504
2357 + 1504
2358 # 1504
2358 - 1504 163
2358 + 1504
2359 # 1504
2359 - 1504 163
2359 # 1504
2359 - 1504 163
2359 + 1504
2360 # 1504
2360 - 1504 164
2360 # 1504
2360 - 1504 163
2360 + 1504
2360 + 1504
2361 # 1504
2361 - 1504 164
2361 + 1504
2362 # 1504
2362 - 1504 164
2362 # 1504
2362 - 1504 164
2362 + 1504
2363 # 1504
2363 - 1504 164
2363 + 1504
2363 + 1504
2364 + 1504
2365 + 1504
2366 + 1504
2366 + 1504
2367 + 1504
2368 + 1504
2369 + 1504
2370 + 1504
2370 + 1504
2371 + 1504
2372 + 1504
2373 # 1504
2373 - 1504 174
2373 # 1504
2373 - 1504 173
2373 # 1504
2373 - 1504 173
2373 # 1504
2373 - 1504 173
2373 # 1504
2373 - 1504 173
2373 # 1504
2373 - 1504 171
2373 # 1504
2373 - 1504 171
2373 # 1504
2373 - 1504 162
2373 + 1504
2373 + 1504
2374 + 1504
2375 + 1504
2376 # 1504
2376 - 1504 165
2376 # 1504
2376 - 1504 165
2376 # 1504
2376 - 1504 164
2376 # 1504
2376 - 1504 164
2376 # 1504
2376 - 1504 163
2376 # 1504
2376 - 1504 162
2376 # 1504
2376 - 1504 162
2376 # 1504
2376 - 1504 162
2376 # 1504
2376 - 1504 161
2376 # 1504
2376 - 1504 160
2376 + 1504
2376 + 1504
2377 + 1504
2378 # 1504
2378 - 1504 162
2378 + 1504
2379 # 1504
2379 - 1504 162
2379 # 1504
2379 - 1504 162
2379 + 1504
2380 # 1504
2380 - 1504 162
2380 # 1504
2380 - 1504 162
2380 + 1504
2380 + 1504
2381 # 1504
2381 - 1504 162
2381 # 1504
2381 - 1504 161
2381 + 1504
2382 + 1504
2383 + 1504
2383 + 1504
2384 + 1504
2385 + 1504
2386 + 1504
2386 + 1504
2387 + 1504
2388 + 1504
2389 + 1504
2390 + 1504
2390 + 1504
2391 # 1504
2391 - 1504 171
2391 # 1504
2391 - 1504 170
2391 # 1504
2391 - 1504 170
2391 # 1504
2391 - 1504 169
2391 + 1504
2392 + 1504
2393 + 1504
2393 + 1504
2394 + 1504
2395 # 1504
2395 - 1504 173
2395 # 1504
2395 - 1504 172
2395 + 1504
2396 # 1504
2396 - 1504 173
2396 + 1504
2396 + 1504
2397 # 1504
2397 - 1504 173
2397 # 1504
2397 - 1504 173
2397 # 1504
2397 - 1504 172
2397 # 1504
2397 - 1504 172
2397 # 1504
2397 - 1504 171
2397 # 1504
2397 - 1504 171
2397 # 1504
2397 - 1504 170
2397 + 1504
2398 # 1504
2398 - 1504 170
2398 + 1504
2399 # 1504
2399 - 1504 171
2399 # 1504
2399 - 1504 170
2399 # 1504
2399 - 1504 170
2399 # 1504
2399 - 1504 169
2399 + 1504
2400 # 1504
2400 - 1504 170
2400 + 1504
2400 + 1504
2401 + 1504
2402 # 1504
2402 - 1504 163
2402 + 1504
2403 # 1504
2403 - 1504 164
2403 # 1504
2403 - 1504 162
2403 # 1504
2403 - 1504 162
2403 # 1504
2403 - 1504 161
2403 + 1504
2403 + 1504
2404 + 1504
2405 # 1504
2405 - 1504 155
2405 # 1504
2405 - 1504 155
2405 # 1504
2405 - 1504 141
2405 + 1504
2406 + 1504
2407 # 1504
2407 - 1504 143
2407 # 1504
2407 - 1504 142
2407 # 1504
2407 - 1504 142
2407 + 1504
2407 + 1504
2408 # 1504
2408 - 1504 142
2408 # 1504
2408 - 1504 142
2408 + 1504
2409 + 1504
2410 # 1504
2410 - 1504 143
2410 + 1504
2410 + 1504
2411 # 1504
2411 - 1504 143
2411 # 1504
2411 - 1504 133
2411 # 1504
2411 - 1504 133
2411 + 1504
2412 + 1504
2413 + 1504
2414 # 1504
2414 - 1504 135
2414 # 1504
2414 - 1504 134
2414 # 1504
2414 - 1504 134
2414 # 1504
2414 - 1504 133
2414 # 1504
2414 - 1504 132
2414 + 1504
2414 + 1504
2415 + 1504
2416 # 1504
2416 - 1504 134
2416 # 1504
2416 - 1504 133
2416 + 1504
2416 + 1504
2417 # 1504
2417 - 1504 133
2417 # 1504
2417 - 1504 133
2417 + 1504
2418 # 1504
2418 - 1504 126
2418 # 1504
2418 - 1504 126
2418 + 1504
2419 # 1504
2419 - 1504 126
2419 # 1504
2419 - 1504 126
2419 # 1504
2419 - 1504 125
2419 + 1504
2420 + 1504
2420 + 1504
2421 # 1504
2421 - 1504 126
2421 # 1504
2421 - 1504 125
2421 + 1504
2421 + 1504
2422 # 1504
2422 - 1504 126
2422 # 1504
2422 - 1504 125
2422 # 1504
2422 - 1504 124
2422 + 1504
2423 # 1504
2423 - 1504 125
2423 + 1504
2423 + 1504
2424 + 1504
2425 + 1504
2425 + 1504
2426 + 1504
2427 + 1504
2427 + 1504
2428 + 1504
2429 + 1504
2429 + 1504
2430 + 1504
2431 + 1504
2431 + 1504
2432 + 1504
2433 # 1504
2433 - 1504 134
2433 # 1504
2433 - 1504 133
2433 # 1504
2433 - 1504 133
2433 # 1504
2433 - 1504 129
2433 # 1504
2433 - 1504 129
2433 + 1504
2433 + 1504
2434 + 1504
2434 + 1504
2435 + 1504
2436 + 1504
2436 + 1504
2437 + 1504
2438 # 1504
2438 - 1504 133
2438 # 1504
2438 - 1504 132
2438 # 1504
2438 - 1504 132
2438 # 1504
2438 - 1504 131
2438 # 1504
2438 - 1504 130
2438 # 1504
2438 - 1504 119
2438 # 1504
2438 - 1504 119
2438 # 1504
2438 - 1504 118
2438 + 1504
2438 + 1504
2439 # 1504
2439 - 1504 119
2439 # 1504
2439 - 1504 118
2439 # 1504
2439 - 1504 117
2439 # 1504
2439 - 1504 116
2439 # 1504
2439 - 1504 116
2439 # 1504
2439 - 1504 115
2439 # 1504
2439 - 1504 114
2439 # 1504
2439 - 1504 113
2439 # 1504
2439 - 1504 113
2439 # 1504
2439 - 1504 112
2439 + 1504
2439 + 1504
2440 # 1504
2440 - 1504 112
2440 # 1504
2440 - 1504 111
2440 + 1504
2441 # 1504
2441 - 1504 112
2441 # 1504
2441 - 1504 111
2441 + 1504
2441 + 1504
2442 + 1504
2443 + 1504
2443 + 1504
2444 + 1504
2445 + 1504
2445 + 1504
2446 + 1504
2446 + 1504
2447 + 1504
2448 + 1504
2448 + 1504
2449 + 1504
2449 + 1504
2450 # 1504
2450 - 1504 119
2450 # 1504
2450 - 1504 119
2450 # 1504
2450 - 1504 118
2450 # 1504
2450 - 1504 117
2450 + 1504
2450 + 1504
2451 # 1504
2451 - 1504 117
2451 # 1504
2451 - 1504 117
2451 # 1504
2451 - 1504 116
2451 + 1504
2452 + 1504
2453 + 1504
2453 + 1504
2453 + 1504
2454 # 1504
2454 - 1504 118
2454 # 1504
2454 - 1504 117
2454 # 1504
2454 - 1504 117
2454 # 1504
2454 - 1504 116
2454 # 1504
2454 - 1504 114
2454 # 1504
2454 - 1504 114
2454 # 1504
2454 - 1504 114
2454 # 1504
2454 - 1504 113
2454 # 1504
2454 - 1504 112
2454 # 1504
2454 - 1504 112
2454 # 1504
2454 - 1504 111
2454 + 1504
2455 + 1504
2455 + 1504
2456 + 1504
2456 + 1504
2457 + 1504
2458 + 1504
2458 + 1504
2459 + 1504
2459 + 1504
2460 + 1504
2460 + 1504
2461 + 1504
2462 + 1504
2462 + 1504
2463 # 1504
2463 - 1504 119
2463 # 1504
2463 - 1504 118
2463 # 1504
2463 - 1504 118
2463 # 1504
2463 - 1504 117
2463 # 1504
2463 - 1504 116
2463 # 1504
2463 - 1504 115
2463 # 1504
2463 - 1504 115
2463 # 1504
2463 - 1504 114
2463 + 1504
2463 + 1504
2464 # 1504
2464 - 1504 114
2464 # 1504
2464 - 1504 113
2464 + 1504
2464 + 1504
2465 + 1504
2466 + 1504
2466 + 1504
2467 + 1504
2467 + 1504
2468 + 1504
2468 + 1504
2469 # 1504
2469 - 1504 118
2469 # 1504
2469 - 1504 117
2469 # 1504
2469 - 1504 116
2469 # 1504
2469 - 1504 115
2469 # 1504
2469 - 1504 115
2469 + 1504
2470 # 1504
2470 - 1504 115
2470 + 1504
2470 + 1504
2471 + 1504
2471 + 1504
2472 + 1504
2472 + 1504
2473 + 1504
2473 + 1504
2474 # 1504
2474 - 1504 118
2474 # 1504
2474 - 1504 117
2474 # 1504
2474 - 1504 117
2474 # 1504
2474 - 1504 116
2474 # 1504
2474 - 1504 115
2474 # 1504
2474 - 1504 114
2474 # 1504
2474 - 1504 114
2474 # 1504
2474 - 1504 113
2474 # 1504
2474 - 1504 112
2474 + 1504
2475 # 1504
2475 - 1504 112
2475 # 1504
2475 - 1504 112
2475 # 1504
2475 - 1504 111
2475 # 1504
2475 - 1504 110
2475 + 1504
2475 + 1504
2476 # 1504
2476 - 1504 110
2476 + 1504
2476 + 1504
2477 + 1504
2477 + 1504
2478 + 1504
2478 + 1504
2479 + 1504
2480 + 1504
2480 + 1504
2481 + 1504
2481 + 1504
2482 + 1504
2482 + 1504
2483 + 1504
2483 + 1504
2484 + 1504
2484 + 1504
2485 # 1504
2485 - 1504 119
2485 # 1504
2485 - 1504 118
2485 # 1504
2485 - 1504 117
2485 # 1504
2485 - 1504 116
2485 # 1504
2485 - 1504 115
2485 # 1504
2485 - 1504 115
2485 # 1504
2485 - 1504 114
2485 # 1504
2485 - 1504 113
2485 + 1504
2486 # 1504
2486 - 1504 113
2486 # 1504
2486 - 1504 113
2486 + 1504
2486 + 1504
2487 + 1504
2487 + 1504
2488 + 1504
2488 + 1504
2489 + 1504
2489 + 1504
2490 + 1504
2490 + 1504
2491 + 1504
2492 # 1504
2492 - 1504 118
2492 # 1504
2492 - 1504 117
2492 # 1504
2492 - 1504 116
2492 # 1504
2492 - 1504 116
2492 + 1504
2492 + 1504
2493 + 1504
2493 + 1504
2494 + 1504
2494 + 1504
2495 + 1504
2495 + 1504
2496 # 1504
2496 - 1504 119
2496 # 1504
2496 - 1504 118
2496 # 1504
2496 - 1504 117
2496 # 1504
2496 - 1504 116
2496 # 1504
2496 - 1504 116
2496 # 1504
2496 - 1504 115
2496 # 1504
2496 - 1504 114
2496 # 1504
2496 - 1504 113
2497 # 1504
2497 - 1504 114
2497 # 1504
2497 - 1504 113
2497 # 1504
2497 - 1504 112
2497 # 1504
2497 - 1504 111
2498 # 1504
2498 - 1504 112
2498 + 1504
2498 + 1504
2499 # 1504
2499 - 1504 112
2499 + 1504
2499 + 1504
2500 + 1504
2500 + 1504
2501 + 1504
2501 + 1504
2502 + 1504
2502 + 1504
2503 + 1504
2503 + 1504
2504 + 1504
2504 + 1504
2505 + 1504
2507 # 1504
2507 - 1504 119
2507 # 1504
2507 - 1504 118
2508 # 1504
2508 - 1504 118
2508 # 1504
2508 - 1504 118
2508 # 1504
2508 - 1504 117
2508 # 1504
2508 - 1504 116
2508 # 1504
2508 - 1504 115
2508 # 1504
2508 - 1504 115
2508 + 1504
2509 + 1504
2510 + 1504
2510 + 1504
2510 + 1504
2511 + 1504
2511 + 1504
2512 + 1504
2514 # 1504
2514 - 1504 120
2514 # 1504
2514 - 1504 119
2514 # 1504
2514 - 1504 118
2517 # 1504
2517 - 1504 121
2517 # 1504
2517 - 1504 120
2517 # 1504
2517 - 1504 119
2517 # 1504
2517 - 1504 118
2517 # 1504
2517 - 1504 117
2518 # 1504
2518 - 1504 118
2518 # 1504
2518 - 1504 117
2518 # 1504
2518 - 1504 116
2518 # 1504
2518 - 1504 115
2519 # 1504
2519 - 1504 116
2519 + 1504
2519 + 1504
2520 + 1504
2520 + 1504
2521 # 1504
2521 - 1504 117
2521 # 1504
2521 - 1504 116
2521 + 1504
2522 # 1504
2522 - 1504 116
2522 # 1504
2522 - 1504 115
2522 + 1504
2522 + 1504
2523 + 1504
2523 + 1504
2524 # 1504
2524 - 1504 117
2524 # 1504
2524 - 1504 116
2524 + 1504
2524 + 1504
2525 + 1504
2525 + 1504
2526 + 1504
2526 + 1504
2527 + 1504
2527 + 1504
2528 + 1504
2528 + 1504
2532 # 1504
2532 - 1504 123
2532 # 1504
2532 - 1504 122
2534 # 1504
2534 - 1504 124
2534 # 1504
2534 - 1504 123
2534 # 1504
2534 - 1504 122
2534 # 1504
2534 - 1504 121
2534 # 1504
2534 - 1504 120
2534 # 1504
2534 - 1504 120
2534 # 1504
2534 - 1504 119
2534 # 1504
2534 - 1504 118
2535 # 1504
2535 - 1504 119
2535 # 1504
2535 - 1504 118
2535 + 1504
2535 + 1504
2536 # 1504
2536 - 1504 118
2536 + 1504
2536 + 1504
2537 # 1504
2537 - 1504 118
2537 + 1504
2537 + 1504
2538 # 1504
2538 - 1504 118
2538 # 1504
2538 - 1504 118
2538 # 1504
2538 - 1504 117
2538 + 1504
2539 + 1504
2539 + 1504
2540 + 1504
2540 + 1504
2541 + 1504
2541 + 1504
2542 + 1504
2542 + 1504
2543 + 1504
2543 + 1504
2544 + 1504
2544 + 1504
2548 # 1504
2548 - 1504 127
2548 # 1504
2548 - 1504 126
2550 # 1504
2550 - 1504 127
2550 # 1504
2550 - 1504 127
2550 # 1504
2550 - 1504 126
2550 # 1504
2550 - 1504 125
2550 + 1504
2550 + 1504
2551 # 1504
2551 - 1504 126
2551 # 1504
2551 - 1504 125
2551 # 1504
2551 - 1504 124
2551 + 1504
2551 + 1504
2552 + 1504
2552 + 1504
2553 + 1504
2554 + 1504
2554 + 1504
2555 + 1504
2559 # 1504
2559 - 1504 132
2559 # 1504
2559 - 1504 131
2559 # 1504
2559 - 1504 130
2559 # 1504
2559 - 1504 130
2559 # 1504
2559 - 1504 129
2560 # 1504
2560 - 1504 129
2560 # 1504
2560 - 1504 129
2560 # 1504
2560 - 1504 128
2562 # 1504
2562 - 1504 129
2562 # 1504
2562 - 1504 129
2563 # 1504
2563 - 1504 129
2563 # 1504
2563 - 1504 129
2564 + 1504
2564 + 1504
2565 # 1504
2565 - 1504 130
2565 + 1504
2565 + 1504
2566 # 1504
2566 - 1504 130
2566 # 1504
2566 - 1504 130
2566 # 1504
2566 - 1504 129
2566 + 1504
2566 + 1504
2567 + 1504
2567 + 1504
2568 # 1504
2568 - 1504 130
2568 + 1504
2569 # 1504
2569 - 1504 131
2569 + 1504
2569 + 1504
2570 # 1504
2570 - 1504 131
2570 # 1504
2570 - 1504 131
2570 + 1504
2571 # 1504
2571 - 1504 131
2573 # 1504
2573 - 1504 132
2574 # 1504
2574 - 1504 133
2575 + 1504
2575 + 1504
2575 + 1504
2576 + 1504
2577 # 1504
2577 - 1504 135
2577 # 1504
2577 - 1504 134
2577 + 1504
2577 + 1504
2578 + 1504
2578 + 1504
2579 # 1504
2579 - 1504 136
2579 # 1504
2579 - 1504 135
2579 + 1504
2580 + 1504
2580 + 1504
2581 # 1504
2581 - 1504 136
2581 # 1504
2581 - 1504 136
2581 # 1504
2581 - 1504 135
2582 # 1504
2582 - 1504 136
2582 # 1504
2582 - 1504 135
2583 # 1504
2583 - 1504 135
2585 # 1504
2585 - 1504 137
2586 # 1504
2586 - 1504 137
2586 # 1504
2586 - 1504 137
2587 # 1504
2587 - 1504 137
2588 # 1504
2588 - 1504 138
2589 # 1504
2589 - 1504 138
2591 # 1504
2591 - 1504 139
2591 # 1504
2591 - 1504 138
2591 # 1504
2591 - 1504 138
2594 # 1504
2594 - 1504 141
2594 # 1504
2594 - 1504 140
2595 # 1504
2595 - 1504 140
2595 # 1504
2595 - 1504 140
2595 # 1504
2595 - 1504 139
2595 # 1504
2595 - 1504 139
2597 # 1504
2597 - 1504 140
2606 # 1504
2606 - 1504 148
2606 # 1504
2606 - 1504 148
2606 # 1504
2606 - 1504 147
2606 # 1504
2606 - 1504 147
2606 # 1504
2606 - 1504 146
2606 # 1504
2606 - 1504 146
2609 # 1504
2609 - 1504 148
2609 # 1504
2609 - 1504 147
2609 # 1504
2609 - 1504 147
2609 # 1504
2609 - 1504 146
2609 # 1504
2609 - 1504 146
2609 # 1504
2609 - 1504 145
2609 # 1504
2609 - 1504 145
2609 # 1504
2609 - 1504 144
2609 # 1504
2609 - 1504 143
2615 # 1504
2615 - 1504 149
2615 # 1504
2615 - 1504 148
2615 # 1504
2615 - 1504 148
2615 # 1504
2615 - 1504 147
2615 # 1504
2615 - 1504 147
2615 # 1504
2615 - 1504 146
2618 # 1504
2618 - 1504 148
2618 # 1504
2618 - 1504 148
2618 # 1504
2618 - 1504 147
2618 # 1504
2618 - 1504 147
2619 # 1504
2619 - 1504 147
2619 # 1504
2619 - 1504 147
2619 # 1504
2619 - 1504 146
2620 # 1504
2620 - 1504 147
2620 # 1504
2620 - 1504 146
2620 # 1504
2620 - 1504 145
2621 # 1504
2621 - 1504 146
2621 # 1504
2621 - 1504 145
2622 # 1504
2622 - 1504 146
2623 # 1504
2623 - 1504 146
2624 # 1504
2624 - 1504 147
2625 # 1504
2625 - 1504 147
2626 # 1504
2626 - 1504 148
2626 # 1504
2626 - 1504 147
2629 # 1504
2629 - 1504 149
2629 # 1504
2629 - 1504 149
2630 # 1504
2630 - 1504 149
2632 # 1504
2632 - 1504 151
2633 # 1504
2633 - 1504 151
2634 # 1504
2634 - 1504 152
2634 # 1504
2634 - 1504 151
2634 # 1504
2634 - 1504 151
2635 # 1504
2635 - 1504 151
2637 # 1504
2637 - 1504 153
2637 # 1504
2637 - 1504 152
2639 # 1504
2639 - 1504 153
2639 # 1504
2639 - 1504 153
2639 # 1504
2639 - 1504 152
2639 # 1504
2639 - 1504 152
2642 # 1504
2642 - 1504 154
2642 # 1504
2642 - 1504 154
2643 # 1504
2643 - 1504 154
2643 # 1504
2643 - 1504 154
2644 # 1504
2644 - 1504 154
2645 # 1504
2645 - 1504 155
2646 # 1504
2646 - 1504 155
2647 # 1504
2647 - 1504 155
2648 # 1504
2648 - 1504 156
2648 # 1504
2648 - 1504 155
2649 # 1504
2649 - 1504 156
2649 # 1504
2649 - 1504 155
2650 # 1504
2650 - 1504 156
2650 # 1504
2650 - 1504 155
2651 # 1504
2651 - 1504 156
2652 # 1504
2652 - 1504 154
2653 # 1504
2653 - 1504 155
2655 # 1504
2655 - 1504 156
2655 # 1504
2655 - 1504 156
2656 # 1504
2656 - 1504 156
2657 # 1504
2657 - 1504 157
2657 # 1504
2657 - 1504 156
2658 # 1504
2658 - 1504 157
2659 # 1504
2659 - 1504 157
2660 # 1504
2660 - 1504 158
2661 # 1504
2661 - 1504 158
2661 # 1504
2661 - 1504 158
2663 # 1504
2663 - 1504 159
2663 # 1504
2663 - 1504 159
2665 # 1504
2665 - 1504 160
2665 # 1504
2665 - 1504 157
2667 # 1504
2667 - 1504 158
2667 # 1504
2667 - 1504 157
2669 # 1504
2669 - 1504 159
2669 # 1504
2669 - 1504 159
2678 # 1504
2678 - 1504 167
2678 # 1504
2678 - 1504 167
2678 # 1504
2678 - 1504 166
2682 # 1504
2682 - 1504 163
2682 # 1504
2682 - 1504 163
2682 # 1504
2682 - 1504 162
2686 # 1504
2686 - 1504 166
2686 # 1504
2686 - 1504 165
2686 # 1504
2686 - 1504 164
2686 # 1504
2686 - 1504 164
2686 # 1504
2686 - 1504 163
2686 # 1504
2686 - 1504 163
2686 # 1504
2686 - 1504 162
2687 # 1504
2687 - 1504 163
2687 # 1504
2687 - 1504 162
2687 # 1504
2687 - 1504 162
2687 # 1504
2687 - 1504 161
2688 + 1504
2688 + 1504
2689 # 1504
2689 - 1504 163
2689 # 1504
2689 - 1504 162
2689 + 1504
2690 + 1504
2691 # 1504
2691 - 1504 164
2691 + 1504
2691 + 1504
2692 + 1504
2693 # 1504
2693 - 1504 165
2693 + 1504
2694 + 1504
2694 + 1504
2695 # 1504
2695 - 1504 167
2695 + 1504
2696 + 1504
2697 # 1504
2697 - 1504 162
2697 # 1504
2697 - 1504 162
2697 # 1504
2697 - 1504 161
2697 # 1504
2697 - 1504 161
2697 + 1504
2697 + 1504
2698 + 1504
2699 # 1504
2699 - 1504 162
2699 + 1504
2700 # 1504
2700 - 1504 163
2700 + 1504
2700 + 1504
2701 # 1504
2701 - 1504 163
2701 + 1504
2702 + 1504
2703 # 1504
2703 - 1504 164
2703 + 1504
2703 + 1504
2704 # 1504
2704 - 1504 165
2704 + 1504
2705 + 1504
2706 # 1504
2706 - 1504 166
2706 # 1504
2706 - 1504 166
2706 + 1504
2706 + 1504
2707 + 1504
2708 + 1504
2708 + 1504
2709 + 1504
2710 + 1504
2711 + 1504
2711 + 1504
2712 + 1504
2713 + 1504
2714 # 1504
2714 - 1504 173
2714 # 1504
2714 - 1504 173
2714 # 1504
2714 - 1504 172
2714 # 1504
2714 - 1504 172
2714 + 1504
2714 + 1504
2715 + 1504
2716 # 1504
2716 - 1504 173
2716 # 1504
2716 - 1504 173
2716 # 1504
2716 - 1504 172
2716 # 1504
2716 - 1504 172
2716 + 1504
2716 + 1504
2717 + 1504
2718 # 1504
2718 - 1504 168
2718 + 1504
2719 # 1504
2719 - 1504 169
2719 # 1504
2719 - 1504 168
2719 + 1504
2719 + 1504
2720 + 1504
2721 # 1504
2721 - 1504 170
2721 # 1504
2721 - 1504 169
2721 + 1504
2722 + 1504
2722 + 1504
2723 # 1504
2723 - 1504 171
2723 + 1504
2724 # 1504
2724 - 1504 171
2724 # 1504
2724 - 1504 170
2724 + 1504
2724 + 1504
2725 # 1504
2725 - 1504 171
2725 + 1504
2726 # 1504
2726 - 1504 171
2726 + 1504
2727 # 1504
2727 - 1504 163
2727 # 1504
2727 - 1504 163
2727 # 1504
2727 - 1504 162
2727 + 1504
2727 + 1504
2728 + 1504
2729 + 1504
2730 + 1504
2730 + 1504
2731 + 1504
2732 + 1504
2733 + 1504
2733 + 1504
2734 + 1504
2735 + 1504
2736 + 1504
2736 + 1504
2737 + 1504
2738 + 1504
2738 + 1504
2739 # 1504
2739 - 1504 174
2739 + 1504
2740 + 1504
2741 + 1504
2741 + 1504
2742 # 1504
2742 - 1504 176
2742 # 1504
2742 - 1504 176
2742 # 1504
2742 - 1504 175
2742 # 1504
2742 - 1504 175
2742 # 1504
2742 - 1504 174
2742 # 1504
2742 - 1504 173
2742 # 1504
2742 - 1504 173
2742 # 1504
2742 - 1504 172
2742 # 1504
2742 - 1504 167
2742 # 1504
2742 - 1504 167
2742 + 1504
2743 # 1504
2743 - 1504 168
2743 # 1504
2743 - 1504 167
2743 # 1504
2743 - 1504 166
2743 # 1504
2743 - 1504 166
2743 # 1504
2743 - 1504 165
2743 + 1504
2744 # 1504
2744 - 1504 166
2744 # 1504
2744 - 1504 165
2744 # 1504
2744 - 1504 164
2744 + 1504
2744 + 1504
2745 # 1504
2745 - 1504 165
2745 + 1504
2746 + 1504
2746 + 1504
2747 # 1504
2747 - 1504 59
2747 + 1504
2748 + 1504
2749 + 1504
2749 + 1504
2750 + 1504
2751 + 1504
2752 + 1504
2752 + 1504
2753 + 1504
2754 + 1504
2754 + 1504
2755 + 1504
2756 + 1504
2757 # 1504
2757 - 1504 69
2757 # 1504
2757 - 1504 68
2757 # 1504
2757 - 1504 67
2757 # 1504
2757 - 1504 66
2757 # 1504
2757 - 1504 66
2757 # 1504
2757 - 1504 65
2757 + 1504
2757 + 1504
2758 # 1504
2758 - 1504 65
2758 # 1504
2758 - 1504 64
2758 # 1504
2758 - 1504 64
2758 # 1504
2758 - 1504 63
2758 # 1504
2758 - 1504 62
2758 # 1504
2758 - 1504 61
2758 + 1504
2759 + 1504
2759 + 1504
2760 # 1504
2760 - 1504 63
2760 # 1504
2760 - 1504 62
2760 + 1504
2761 # 1504
2761 - 1504 62
2761 # 1504
2761 - 1504 61
2761 # 1504
2761 - 1504 61
2761 # 1504
2761 - 1504 60
2761 # 1504
2761 - 1504 59
2761 # 1504
2761 - 1504 58
2761 + 1504
2761 + 1504
2762 + 1504
2762 + 1504
2763 # 1504
2763 - 1504 60
2763 + 1504
2763 + 1504
2764 # 1504
2764 - 1504 60
2764 # 1504
2764 - 1504 59
2764 + 1504
2764 + 1504
2765 # 1504
2765 - 1504 59
2765 + 1504
2766 # 1504
2766 - 1504 60
2766 + 1504
2766 + 1504
2767 # 1504
2767 - 1504 60
2767 + 1504
2767 + 1504
2767 + 1504
2767 + 1504
2768 # 1504
2768 - 1504 60
2768 # 1504
2768 - 1504 60
2768 # 1504
2768 - 1504 59
2768 # 1504
2768 - 1504 58
2768 + 1504
2768 + 1504
2769 # 1504
2769 - 1504 58
2769 # 1504
2769 - 1504 58
2769 + 1504
2769 + 1504
2770 + 1504
2770 + 1504
2771 # 1504
2771 - 1504 59
2771 # 1504
2771 - 1504 58
2771 # 1504
2771 - 1504 57
2771 + 1504
2771 + 1504
2772 + 1504
2772 + 1504
2773 # 1504
2773 - 1504 59
2773 # 1504
2773 - 1504 58
2773 + 1504
2773 + 1504
2773 + 1504
2773 + 1504
2774 # 1504
2774 - 1504 58
2774 + 1504
2774 + 1504
2775 # 1504
2775 - 1504 59
2775 # 1504
2775 - 1504 58
2775 + 1504
2775 + 1504
2776 # 1504
2776 - 1504 58
2776 + 1504
2776 + 1504
2776 + 1504
2776 + 1504
2777 # 1504
2777 - 1504 58
2777 + 1504
2777 + 1504
2778 # 1504
2778 - 1504 59
2778 # 1504
2778 - 1504 58
2778 + 1504
2778 + 1504
2779 # 1504
2779 - 1504 58
2779 # 1504
2779 - 1504 57
2779 + 1504
2779 + 1504
2779 + 1504
2779 + 1504
2780 # 1504
2780 - 1504 58
2780 # 1504
2780 - 1504 57
2780 + 1504
2780 + 1504
2780 + 1504
2781 # 1504
2781 - 1504 57
2781 + 1504
2781 + 1504
2781 + 1504
2781 + 1504
2782 # 1504
2782 - 1504 58
2782 # 1504
2782 - 1504 57
2782 + 1504
2782 + 1504
2782 + 1504
2783 # 1504
2783 - 1504 57
2783 # 1504
2783 - 1504 56
2783 + 1504
2783 + 1504
2783 + 1504
2784 + 1504
2784 + 1504
2784 + 1504
2785 + 1504
2785 + 1504
2785 + 1504
2786 + 1504
2786 + 1504
2786 + 1504
2786 + 1504
2786 + 1504
2787 + 1504
2787 + 1504
2787 + 1504
2787 + 1504
2788 + 1504
2788 + 1504
2788 + 1504
2789 + 1504
2789 + 1504
2789 + 1504
2790 + 1504
2790 + 1504
2790 + 1504
2791 + 1504
2791 + 1504
2791 + 1504
2792 # 1504
2792 - 1504 65
2792 # 1504
2792 - 1504 64
2792 + 1504
2792 + 1504
2792 + 1504
2793 # 1504
2793 - 1504 64
2793 # 1504
2793 - 1504 63
2793 # 1504
2793 - 1504 63
2793 # 1504
2793 - 1504 62
2793 + 1504
2793 + 1504
2793 + 1504
2793 + 1504
2793 + 1504
2793 + 1504
2794 + 1504
2794 + 1504
2794 + 1504
2795 # 1504
2795 - 1504 63
2795 # 1504
2795 - 1504 62
2795 + 1504
2795 + 1504
2795 + 1504
2796 # 1504
2796 - 1504 63
2796 # 1504
2796 - 1504 62
2796 # 1504
2796 - 1504 61
2796 # 1504
2796 - 1504 60
2796 # 1504
2796 - 1504 60
2796 + 1504
2796 + 1504
2796 + 1504
2797 # 1504
2797 - 1504 60
2797 # 1504
2797 - 1504 59
2797 + 1504
2797 + 1504
2797 + 1504
2798 + 1504
2798 + 1504
2798 + 1504
2799 + 1504
2799 + 1504
2799 + 1504
2799 + 1504
2799 + 1504
2799 + 1504
2800 + 1504
2800 + 1504
2800 + 1504
2801 + 1504
2801 + 1504
2801 + 1504
2802 + 1504
2802 + 1504
2802 + 1504
2803 + 1504
2803 + 1504
2803 + 1504
2804 + 1504
2804 + 1504
2804 + 1504
2804 + 1504
2804 + 1504
2804 + 1504
2805 # 1504
2805 - 1504 67
2805 # 1504
2805 - 1504 66
2805 # 1504
2805 - 1504 65
2805 # 1504
2805 - 1504 64
2805 # 1504
2805 - 1504 64
2805 # 1504
2805 - 1504 63
2805 + 1504
2805 + 1504
2805 + 1504
2806 # 1504
2806 - 1504 63
2806 # 1504
2806 - 1504 62
2806 # 1504
2806 - 1504 62
2806 # 1504
2806 - 1504 61
2806 # 1504
2806 - 1504 60
2806 # 1504
2806 - 1504 60
2806 + 1504
2806 + 1504
2806 + 1504
2807 + 1504
2807 + 1504
2807 + 1504
2808 # 1504
2808 - 1504 61
2808 # 1504
2808 - 1504 60
2808 + 1504
2808 + 1504
2808 + 1504
2809 # 1504
2809 - 1504 60
2809 # 1504
2809 - 1504 60
2809 # 1504
2809 - 1504 59
2809 + 1504
2809 + 1504
2809 + 1504
2809 + 1504
2809 + 1504
2809 + 1504
2810 # 1504
2810 - 1504 59
2810 + 1504
2810 + 1504
2810 + 1504
2811 # 1504
2811 - 1504 59
2811 + 1504
2811 + 1504
2811 + 1504
2812 # 1504
2812 - 1504 60
2812 # 1504
2812 - 1504 59
2812 + 1504
2812 + 1504
2812 + 1504
2813 + 1504
2813 + 1504
2813 + 1504
2813 + 1504
2813 + 1504
2813 + 1504
2814 + 1504
2814 + 1504
2814 + 1504
2815 + 1504
2815 + 1504
2815 + 1504
2816 + 1504
2816 + 1504
2816 + 1504
2817 + 1504
2817 + 1504
2817 + 1504
2818 + 1504
2818 + 1504
2818 + 1504
2818 + 1504
2818 + 1504
2818 + 1504
2819 + 1504
2819 + 1504
2819 + 1504
2825 # 1504
2825 - 1504 71
2825 # 1504
2825 - 1504 71
2825 # 1504
2825 - 1504 70
2825 # 1504
2825 - 1504 69
2827 + 1504
2827 + 1504
2827 + 1504
2828 # 1504
2828 - 1504 71
2828 # 1504
2828 - 1504 71
2828 # 1504
2828 - 1504 70
2828 # 1504
2828 - 1504 69
2828 # 1504
2828 - 1504 69
2828 # 1504
2828 - 1504 68
2828 # 1504
2828 - 1504 67
2828 + 1504
2828 + 1504
2828 + 1504
2829 + 1504
2829 + 1504
2829 + 1504
2829 + 1504
2829 + 1504
2829 + 1504
2831 # 1504
2831 - 1504 70
2831 # 1504
2831 - 1504 69
2831 # 1504
2831 - 1504 69
2831 # 1504
2831 - 1504 68
2831 # 1504
2831 - 1504 68
2833 + 1504
2833 + 1504
2833 + 1504
2833 + 1504
2833 + 1504
2833 + 1504
2842 # 1504
2842 - 1504 78
2842 # 1504
2842 - 1504 78
2842 # 1504
2842 - 1504 77
2842 # 1504
2842 - 1504 76
2842 # 1504
2842 - 1504 76
2842 # 1504
2842 - 1504 75
2842 # 1504
2842 - 1504 75
2843 # 1504
2843 - 1504 76
2843 # 1504
2843 - 1504 76
2843 # 1504
2843 - 1504 75
2843 # 1504
2843 - 1504 75
2843 # 1504
2843 - 1504 74
2843 # 1504
2843 - 1504 74
2843 # 1504
2843 - 1504 73
2844 # 1504
2844 - 1504 74
2844 # 1504
2844 - 1504 73
2844 # 1504
2844 - 1504 73
2844 # 1504
2844 - 1504 72
2844 # 1504
2844 - 1504 72
2844 # 1504
2844 - 1504 71
2844 # 1504
2844 - 1504 71
2844 # 1504
2844 - 1504 71
2845 # 1504
2845 - 1504 72
2845 # 1504
2845 - 1504 71
2847 # 1504
2847 - 1504 73
2847 # 1504
2847 - 1504 72
2847 # 1504
2847 - 1504 72
2847 # 1504
2847 - 1504 71
2847 + 1504
2847 + 1504
2847 + 1504
2848 + 1504
2848 + 1504
2848 + 1504
2849 # 1504
2849 - 1504 73
2849 # 1504
2849 - 1504 73
2849 # 1504
2849 - 1504 73
2849 + 1504
2849 + 1504
2849 + 1504
2850 + 1504
2850 + 1504
2850 + 1504
2850 + 1504
2850 + 1504
2850 + 1504
2851 # 1504
2851 - 1504 74
2851 # 1504
2851 - 1504 74
2851 + 1504
2851 + 1504
2851 + 1504
2852 # 1504
2852 - 1504 74
2852 + 1504
2852 + 1504
2852 + 1504
2853 # 1504
2853 - 1504 75
2853 # 1504
2853 - 1504 74
2853 # 1504
2853 - 1504 74
2853 + 1504
2853 + 1504
2853 + 1504
2854 + 1504
2854 + 1504
2854 + 1504
2855 # 1504
2855 - 1504 76
2855 + 1504
2855 + 1504
2855 + 1504
2856 # 1504
2856 - 1504 77
2856 + 1504
2856 + 1504
2856 + 1504
2857 # 1504
2857 - 1504 77
2857 # 1504
2857 - 1504 77
2857 # 1504
2857 - 1504 77
2857 + 1504
2857 + 1504
2857 + 1504
2858 # 1504
2858 - 1504 77
2858 + 1504
2858 + 1504
2858 + 1504
2859 # 1504
2859 - 1504 78
2859 + 1504
2859 + 1504
2859 + 1504
2860 # 1504
2860 - 1504 79
2860 + 1504
2860 + 1504
2860 + 1504
2861 # 1504
2861 - 1504 80
2861 # 1504
2861 - 1504 79
2862 # 1504
2862 - 1504 80
2863 + 1504
2863 + 1504
2863 + 1504
2864 + 1504
2864 + 1504
2864 + 1504
2872 # 1504
2872 - 1504 90
2872 # 1504
2872 - 1504 89
2872 # 1504
2872 - 1504 89
2873 # 1504
2873 - 1504 90
2873 # 1504
2873 - 1504 89
2873 # 1504
2873 - 1504 89
2873 # 1504
2873 - 1504 89
2874 # 1504
2874 - 1504 89
2874 # 1504
2874 - 1504 89
2874 # 1504
2874 - 1504 89
2874 # 1504
2874 - 1504 88
2874 # 1504
2874 - 1504 88
2874 + 1504
2874 + 1504
2874 + 1504
2874 + 1504
2874 + 1504
2874 + 1504
2875 # 1504
2875 - 1504 89
2875 # 1504
2875 - 1504 89
2875 + 1504
2875 + 1504
2876 # 1504
2876 - 1504 90
2876 + 1504
2876 + 1504
2877 # 1504
2877 - 1504 90
2877 + 1504
2877 + 1504
2878 + 1504
2878 + 1504
2878 + 1504
2878 + 1504
2887 # 1504
2887 - 1504 100
2887 # 1504
2887 - 1504 100
2887 # 1504
2887 - 1504 100
2889 # 1504
2889 - 1504 101
2889 # 1504
2889 - 1504 101
2889 # 1504
2889 - 1504 101
2891 # 1504
2891 - 1504 102
2891 # 1504
2891 - 1504 102
2891 # 1504
2891 - 1504 102
2891 # 1504
2891 - 1504 101
2891 # 1504
2891 - 1504 101
2891 # 1504
2891 - 1504 101
2891 # 1504
2891 - 1504 100
2891 # 1504
2891 - 1504 100
2891 + 1504
2891 + 1504
2892 # 1504
2892 - 1504 101
2892 + 1504
2892 + 1504
2892 + 1504
2892 + 1504
2893 # 1504
2893 - 1504 101
2893 # 1504
2893 - 1504 101
2893 # 1504
2893 - 1504 101
2893 + 1504
2893 + 1504
2894 # 1504
2894 - 1504 101
2894 + 1504
2894 + 1504
2895 + 1504
2895 + 1504
2895 + 1504
2895 + 1504
2896 + 1504
2896 + 1504
2897 # 1504
2897 - 1504 104
2897 # 1504
2897 - 1504 104
2897 # 1504
2897 - 1504 104
2897 + 1504
2897 + 1504
2898 # 1504
2898 - 1504 105
2898 + 1504
2898 + 1504
2899 + 1504
2899 + 1504
2900 # 1504
2900 - 1504 107
2900 # 1504
2900 - 1504 106
2900 # 1504
2900 - 1504 106
2900 + 1504
2900 + 1504
2901 + 1504
2901 + 1504
2901 + 1504
2901 + 1504
2903 # 1504
2903 - 1504 109
2903 # 1504
2903 - 1504 108
2903 # 1504
2903 - 1504 108
2903 # 1504
2903 - 1504 108
2905 # 1504
2905 - 1504 109
2905 # 1504
2905 - 1504 109
2905 + 1504
2905 + 1504
2905 + 1504
2905 + 1504
2907 + 1504
2907 + 1504
2914 # 1504
2914 - 1504 118
2914 # 1504
2914 - 1504 117
2914 # 1504
2914 - 1504 117
2914 # 1504
2914 - 1504 117
2916 # 1504
2916 - 1504 118
2916 # 1504
2916 - 1504 118
2916 # 1504
2916 - 1504 118
2916 # 1504
2916 - 1504 117
2917 + 1504
2917 + 1504
2917 + 1504
2917 + 1504
2918 + 1504
2918 + 1504
2919 # 1504
2919 - 1504 120
2919 # 1504
2919 - 1504 120
2919 # 1504
2919 - 1504 120
2919 # 1504
2919 - 1504 120
2919 + 1504
2919 + 1504
2920 # 1504
2920 - 1504 121
2920 # 1504
2920 - 1504 120
2920 # 1504
2920 - 1504 120
2921 + 1504
2922 + 1504
2922 + 1504
2922 + 1504
2923 + 1504
2923 + 1504
2923 + 1504
2924 + 1504
2924 + 1504
2925 # 1504
2925 - 1504 125
2925 # 1504
2925 - 1504 124
2925 # 1504
2925 - 1504 124
2925 # 1504
2925 - 1504 124
2925 # 1504
2925 - 1504 123
2928 + 1504
2928 + 1504
2928 + 1504
2928 + 1504
2931 # 1504
2931 - 1504 129
2931 # 1504
2931 - 1504 129
2931 # 1504
2931 - 1504 128
2931 # 1504
2931 - 1504 128
2931 # 1504
2931 - 1504 128
2931 # 1504
2931 - 1504 127
2932 # 1504
2932 - 1504 128
2932 # 1504
2932 - 1504 128
2932 # 1504
2932 - 1504 128
2933 # 1504
2933 - 1504 129
2933 # 1504
2933 - 1504 129
2934 # 1504
2934 - 1504 129
2934 # 1504
2934 - 1504 129
2934 + 1504
2934 + 1504
2934 + 1504
2934 + 1504
2935 + 1504
2935 + 1504
2936 # 1504
2936 - 1504 131
2936 + 1504
2936 + 1504
2937 + 1504
2937 + 1504
2938 # 1504
2938 - 1504 132
2938 # 1504
2938 - 1504 132
2938 + 1504
2938 + 1504
2939 + 1504
2939 + 1504
2940 + 1504
2940 + 1504
2955 # 1504
2955 - 1504 149
2955 # 1504
2955 - 1504 148
2955 # 1504
2955 - 1504 148
2955 # 1504
2955 - 1504 148
2955 # 1504
2955 - 1504 147
2955 # 1504
2955 - 1504 147
2956 # 1504
2956 - 1504 148
2956 # 1504
2956 - 1504 147
2956 # 1504
2956 - 1504 147
2956 # 1504
2956 - 1504 147
2956 # 1504
2956 - 1504 147
2956 # 1504
2956 - 1504 147
2959 # 1504
2959 - 1504 150
2959 # 1504
2959 - 1504 149
2959 # 1504
2959 - 1504 149
2959 # 1504
2959 - 1504 149
2959 # 1504
2959 - 1504 148
2959 # 1504
2959 - 1504 148
2960 # 1504
2960 - 1504 149
2960 # 1504
2960 - 1504 148
2960 # 1504
2960 - 1504 148
2960 # 1504
2960 - 1504 148
2966 + 1504
2966 + 1504
2967 # 1504
2967 - 1504 154
2967 # 1504
2967 - 1504 154
2967 # 1504
2967 - 1504 154
2967 # 1504
2967 - 1504 154
2967 # 1504
2967 - 1504 154
2967 # 1504
2967 - 1504 154
2967 + 1504
2967 + 1504
2968 # 1504
2968 - 1504 154
2968 # 1504
2968 - 1504 154
2968 + 1504
2969 # 1504
2969 - 1504 155
2969 # 1504
2969 - 1504 154
2969 # 1504
2969 - 1504 154
2969 + 1504
2969 + 1504
2970 # 1504
2970 - 1504 155
2970 # 1504
2970 - 1504 154
2970 # 1504
2970 - 1504 154
2970 + 1504
2970 + 1504
2971 + 1504
2971 + 1504
2972 # 1504
2972 - 1504 156
2972 + 1504
2972 + 1504
2973 # 1504
2973 - 1504 156
2973 # 1504
2973 - 1504 156
2973 # 1504
2973 - 1504 156
2973 + 1504
2974 # 1504
2974 - 1504 156
2974 + 1504
2974 + 1504
2975 + 1504
2975 + 1504
2976 + 1504
2977 # 1504
2977 - 1504 159
2977 + 1504
2977 + 1504
2978 + 1504
2978 + 1504
2979 # 1504
2979 - 1504 161
2979 # 1504
2979 - 1504 161
2979 + 1504
2979 + 1504
2980 # 1504
2980 - 1504 162
2980 + 1504
2981 + 1504
2981 + 1504
2982 + 1504
2982 + 1504
2983 # 1504
2983 - 1504 165
2983 # 1504
2983 - 1504 164
2983 + 1504
2984 # 1504
2984 - 1504 165
2984 + 1504
2984 + 1504
2985 + 1504
2985 + 1504
2986 + 1504
2987 + 1504
2987 + 1504
2988 + 1504
2988 + 1504
2989 + 1504
2990 + 1504
2990 + 1504
2991 + 1504
2992 + 1504
2992 + 1504
2993 + 1504
2993 + 1504
2994 # 1504
2994 - 1504 175
2994 # 1504
2994 - 1504 167
2994 # 1504
2994 - 1504 167
2994 # 1504
2994 - 1504 167
2994 # 1504
2994 - 1504 166
2994 + 1504
2995 # 1504
2995 - 1504 167
2995 # 1504
2995 - 1504 167
2995 # 1504
2995 - 1504 166
2995 # 1504
2995 - 1504 166
2995 # 1504
2995 - 1504 166
2995 + 1504
2995 + 1504
2996 + 1504
2996 + 1504
2997 + 1504
2998 + 1504
2998 + 1504
2999 + 1504
3000 + 1504
3000 + 1504
3001 + 1504
3002 + 1504
3002 + 1504
3003 # 1504
3003 - 1504 174
3003 # 1504
3003 - 1504 174
3003 # 1504
3003 - 1504 174
3003 + 1504
3004 + 1504
3005 # 1504
3005 - 1504 172
3005 # 1504
3005 - 1504 172
3005 # 1504
3005 - 1504 172
3005 # 1504
3005 - 1504 172
3005 # 1504
3005 - 1504 172
3005 + 1504
3005 + 1504
3006 # 1504
3006 - 1504 173
3006 # 1504
3006 - 1504 159
3006 # 1504
3006 - 1504 159
3006 + 1504
3006 + 1504
3007 # 1504
3007 - 1504 160
3007 + 1504
3008 + 1504
3008 + 1504
3009 + 1504
3010 + 1504
3010 + 1504
3017 # 1504
3017 - 1504 169
3017 # 1504
3017 - 1504 169
3017 # 1504
3017 - 1504 169
3017 # 1504
3017 - 1504 168
3017 # 1504
3017 - 1504 168
3017 # 1504
3017 - 1504 168
3018 # 1504
3018 - 1504 168
3018 # 1504
3018 - 1504 168
3018 # 1504
3018 - 1504 168
3019 # 1504
3019 - 1504 169
3020 # 1504
3020 - 1504 170
3021 # 1504
3021 - 1504 171
3022 # 1504
3022 - 1504 171
3022 # 1504
3022 - 1504 171
3022 + 1504
3022 + 1504
3023 + 1504
3023 + 1504
3024 # 1504
3024 - 1504 173
3024 # 1504
3024 - 1504 172
3024 + 1504
3025 # 1504
3025 - 1504 173
3025 + 1504
3025 + 1504
3026 + 1504
3027 + 1504
3027 + 1504
3028 # 1504
3028 - 1504 176
3028 + 1504
3029 # 1504
3029 - 1504 176
3029 + 1504
3029 + 1504
3030 # 1504
3030 - 1504 177
3030 + 1504
3031 # 1504
3031 - 1504 178
3031 + 1504
3031 + 1504
3032 # 1504
3032 - 1504 178
3032 + 1504
3033 + 1504
3033 + 1504
3034 # 1504
3034 - 1504 180
3034 + 1504
3035 + 1504
3035 + 1504
3036 # 1504
3036 - 1504 182
3036 + 1504
3037 # 1504
3037 - 1504 182
3037 + 1504
3038 + 1504
3039 + 1504
3046 # 1504
3046 - 1504 191
3046 # 1504
3046 - 1504 191
3046 # 1504
3046 - 1504 190
3048 # 1504
3048 - 1504 192
3048 # 1504
3048 - 1504 192
3048 # 1504
3048 - 1504 191
3049 # 1504
3049 - 1504 192
3049 # 1504
3049 - 1504 192
3051 # 1504
3051 - 1504 193
3051 # 1504
3051 - 1504 193
3051 # 1504
3051 - 1504 193
3051 # 1504
3051 - 1504 192
3052 # 1504
3052 - 1504 193
3054 # 1504
3054 - 1504 195
3054 # 1504
3054 - 1504 194
3054 # 1504
3054 - 1504 194
3055 + 1504
3055 + 1504
3056 # 1504
3056 - 1504 196
3056 + 1504
3056 + 1504
3057 # 1504
3057 - 1504 194
3057 + 1504
3058 + 1504
3059 + 1504
3059 + 1504
3060 + 1504
3061 + 1504
3062 + 1504
3062 + 1504
3063 + 1504
3064 + 1504
3065 + 1504
3065 + 1504
3066 + 1504
3067 # 1504
3067 - 1504 204
3067 # 1504
3067 - 1504 204
3067 + 1504
3068 + 1504
3068 + 1504
3069 + 1504
3070 # 1504
3070 - 1504 206
3070 # 1504
3070 - 1504 206
3070 # 1504
3070 - 1504 206
3070 # 1504
3070 - 1504 196
3070 # 1504
3070 - 1504 196
3070 + 1504
3071 + 1504
3071 + 1504
3072 + 1504
3073 + 1504
3074 # 1504
3074 - 1504 200
3074 # 1504
3074 - 1504 200
3074 # 1504
3074 - 1504 200
3074 # 1504
3074 - 1504 200
3074 # 1504
3074 - 1504 199
3074 + 1504
3074 + 1504
3075 # 1504
3075 - 1504 200
3075 + 1504
3076 # 1504
3076 - 1504 200
3076 + 1504
3077 # 1504
3077 - 1504 201
3077 + 1504
3078 # 1504
3078 - 1504 201
3078 # 1504
3078 - 1504 201
3078 + 1504
3078 + 1504
3079 + 1504
3080 + 1504
3081 # 1504
3081 - 1504 203
3081 + 1504
3081 + 1504
3082 + 1504
3083 # 1504
3083 - 1504 205
3083 + 1504
3084 # 1504
3084 - 1504 206
3084 # 1504
3084 - 1504 206
3084 # 1504
3084 - 1504 193
3084 # 1504
3084 - 1504 193
3085 + 1504
3086 # 1504
3086 - 1504 194
3086 + 1504
3087 # 1504
3087 - 1504 195
3087 + 1504
3087 + 1504
3088 # 1504
3088 - 1504 196
3088 # 1504
3088 - 1504 196
3088 + 1504
3089 + 1504
3090 + 1504
3090 + 1504
3091 # 1504
3091 - 1504 198
3091 + 1504
3092 # 1504
3092 - 1504 199
3092 + 1504
3093 # 1504
3093 - 1504 199
3093 # 1504
3093 - 1504 199
3093 + 1504
3094 + 1504
3095 # 1504
3095 - 1504 200
3095 # 1504
3095 - 1504 200
3097 # 1504
3097 - 1504 202
3098 # 1504
3098 - 1504 203
3098 # 1504
3098 - 1504 202
3099 # 1504
3099 - 1504 203
3102 # 1504
3102 - 1504 205
3102 # 1504
3102 - 1504 205
3103 + 1504
3103 + 1504
3104 + 1504
3105 + 1504
3106 + 1504
3107 + 1504
3107 + 1504
3108 + 1504
3109 + 1504
3110 + 1504
3111 # 1504
3111 - 1504 213
3111 # 1504
3111 - 1504 213
3113 # 1504
3113 - 1504 214
3113 # 1504
3113 - 1504 214
3113 # 1504
3113 - 1504 213
3113 # 1504
3113 - 1504 213
3113 # 1504
3113 - 1504 212
3113 # 1504
3113 - 1504 212
3117 + 1504
3117 + 1504
3118 + 1504
3119 + 1504
3120 + 1504
3121 # 1504
3121 - 1504 220
3121 # 1504
3121 - 1504 220
3121 # 1504
3121 - 1504 216
3121 # 1504
3121 - 1504 216
3121 + 1504
3121 + 1504
3122 + 1504
3123 # 1504
3123 - 1504 218
3123 # 1504
3123 - 1504 218
3123 # 1504
3123 - 1504 216
3123 # 1504
3123 - 1504 216
3123 + 1504
3125 # 1504
3125 - 1504 208
3125 # 1504
3125 - 1504 208
3126 # 1504
3126 - 1504 209
3126 + 1504
3127 + 1504
3128 # 1504
3128 - 1504 211
3128 + 1504
3128 + 1504
3129 # 1504
3129 - 1504 211
3129 + 1504
3130 # 1504
3130 - 1504 212
3130 + 1504
3131 + 1504
3132 # 1504
3132 - 1504 213
3132 # 1504
3132 - 1504 213
3132 + 1504
3133 + 1504
3133 + 1504
3134 + 1504
3135 # 1504
3135 - 1504 214
3135 # 1504
3135 - 1504 213
3135 # 1504
3135 - 1504 213
3135 # 1504
3135 - 1504 213
3135 + 1504
3136 + 1504
3137 # 1504
3137 - 1504 214
3137 + 1504
3137 + 1504
3138 # 1504
3138 - 1504 215
3138 + 1504
3145 + 1504
3145 + 1504
3146 + 1504
3147 # 1504
3147 - 1504 224
3147 # 1504
3147 - 1504 223
3147 + 1504
3147 + 1504
3148 # 1504
3148 - 1504 224
3148 # 1504
3148 - 1504 220
3148 + 1504
3149 + 1504
3150 # 1504
3150 - 1504 222
3150 # 1504
3150 - 1504 222
3150 # 1504
3150 - 1504 222
3150 # 1504
3150 - 1504 216
3150 # 1504
3150 - 1504 216
3150 # 1504
3150 - 1504 216
3151 # 1504
3151 - 1504 217
3158 + 1504
3158 + 1504
3159 # 1504
3159 - 1504 224
3159 # 1504
3159 - 1504 224
3159 # 1504
3159 - 1504 223
3159 # 1504
3159 - 1504 223
3159 # 1504
3159 - 1504 222
3159 + 1504
3160 + 1504
3161 + 1504
3162 + 1504
3163 + 1504
3163 + 1504
3164 # 1504
3164 - 1504 227
3164 # 1504
3164 - 1504 226
3164 # 1504
3164 - 1504 226
3164 # 1504
3164 - 1504 225
3164 + 1504
3165 # 1504
3165 - 1504 226
3165 + 1504
3166 # 1504
3166 - 1504 226
3166 # 1504
3166 - 1504 226
3166 # 1504
3166 - 1504 200
3166 + 1504
3167 # 1504
3167 - 1504 201
3167 + 1504
3168 # 1504
3168 - 1504 201
3168 # 1504
3168 - 1504 201
3168 # 1504
3168 - 1504 200
3168 # 1504
3168 - 1504 199
3168 # 1504
3168 - 1504 199
3168 # 1504
3168 - 1504 198
3168 + 1504
3169 + 1504
3169 + 1504
3170 # 1504
3170 - 1504 200
3170 # 1504
3170 - 1504 199
3170 # 1504
3170 - 1504 199
3170 + 1504
3171 # 1504
3171 - 1504 199
3171 + 1504
3172 # 1504
3172 - 1504 200
3172 # 1504
3172 - 1504 199
3172 + 1504
3173 # 1504
3173 - 1504 199
3173 # 1504
3173 - 1504 199
3173 + 1504
3174 + 1504
3174 + 1504
3175 # 1504
3175 - 1504 200
3175 # 1504
3175 - 1504 200
3175 # 1504
3175 - 1504 199
3175 + 1504
3176 # 1504
3176 - 1504 199
3176 + 1504
3177 + 1504
3178 # 1504
3178 - 1504 201
3178 + 1504
3179 # 1504
3179 - 1504 201
3179 # 1504
3179 - 1504 201
3179 + 1504
3179 + 1504
3180 # 1504
3180 - 1504 201
3180 + 1504
3181 # 1504
3181 - 1504 202
3181 + 1504
3182 + 1504
3183 + 1504
3183 + 1504
3184 # 1504
3184 - 1504 204
3184 + 1504
3185 + 1504
3186 + 1504
3187 + 1504
3187 + 1504
3188 + 1504
3189 + 1504
3190 + 1504
3191 + 1504
3191 + 1504
3192 + 1504
3193 # 1504
3193 - 1504 212
3193 + 1504
3194 # 1504
3194 - 1504 213
3194 + 1504
3195 # 1504
3195 - 1504 213
3195 # 1504
3195 - 1504 213
3195 # 1504
3195 - 1504 212
3195 # 1504
3195 - 1504 211
3195 # 1504
3195 - 1504 211
3195 + 1504
3195 + 1504
3196 # 1504
3196 - 1504 211
3196 # 1504
3196 - 1504 211
3196 # 1504
3196 - 1504 210
3196 # 1504
3196 - 1504 209
3196 + 1504
3197 # 1504
3197 - 1504 210
3197 + 1504
3198 + 1504
3199 # 1504
3199 - 1504 211
3199 # 1504
3199 - 1504 211
3199 # 1504
3199 - 1504 210
3199 + 1504
3199 + 1504
3200 # 1504
3200 - 1504 210
3200 + 1504
3201 # 1504
3201 - 1504 211
3201 # 1504
3201 - 1504 210
3201 + 1504
3202 # 1504
3202 - 1504 210
3202 + 1504
3203 # 1504
3203 - 1504 211
3203 # 1504
3203 - 1504 210
3203 + 1504
3204 # 1504
3204 - 1504 211
3204 + 1504
3204 + 1504
3205 # 1504
3205 - 1504 211
3205 + 1504
3206 # 1504
3206 - 1504 211
3206 # 1504
3206 - 1504 211
3206 + 1504
3207 # 1504
3207 - 1504 211
3207 # 1504
3207 - 1504 211
3207 # 1504
3207 - 1504 210
3207 # 1504
3207 - 1504 209
3207 + 1504
3208 # 1504
3208 - 1504 210
3208 # 1504
3208 - 1504 209
3208 # 1504
3208 - 1504 208
3208 + 1504
3208 + 1504
3209 + 1504
3210 # 1504
3210 - 1504 210
3210 + 1504
3211 # 1504
3211 - 1504 210
3211 # 1504
3211 - 1504 209
3211 # 1504
3211 - 1504 209
3211 + 1504
3212 + 1504
3212 + 1504
3213 + 1504
3214 + 1504
3215 + 1504
3216 + 1504
3216 + 1504
3217 + 1504
3218 + 1504
3219 + 1504
3220 # 1504
3220 - 1504 217
3220 # 1504
3220 - 1504 216
3220 # 1504
3220 - 1504 215
3220 # 1504
3220 - 1504 215
3220 # 1504
3220 - 1504 214
3220 # 1504
3220 - 1504 214
3220 # 1504
3220 - 1504 213
3220 # 1504
3220 - 1504 212
3220 # 1504
3220 - 1504 212
3220 # 1504
3220 - 1504 211
3220 # 1504
3220 - 1504 210
3220 + 1504
3220 + 1504
3221 # 1504
3221 - 1504 211
3221 # 1504
3221 - 1504 199
3221 # 1504
3221 - 1504 199
3221 + 1504
3222 # 1504
3222 - 1504 199
3222 # 1504
3222 - 1504 199
3222 # 1504
3222 - 1504 198
3222 # 1504
3222 - 1504 197
3222 + 1504
3223 + 1504
3224 + 1504
3225 + 1504
3225 + 1504
3226 + 1504
3227 + 1504
3228 + 1504
3229 + 1504
3229 + 1504
3230 + 1504
3231 # 1504
3231 - 1504 206
3231 # 1504
3231 - 1504 205
3231 # 1504
3231 - 1504 204
3231 # 1504
3231 - 1504 204
3231 # 1504
3231 - 1504 203
3231 # 1504
3231 - 1504 202
3231 # 1504
3231 - 1504 202
3231 # 1504
3231 - 1504 201
3231 # 1504
3231 - 1504 200
3231 # 1504
3231 - 1504 200
3231 + 1504
3232 # 1504
3232 - 1504 200
3232 # 1504
3232 - 1504 199
3232 + 1504
3233 + 1504
3233 + 1504
3234 # 1504
3234 - 1504 201
3234 # 1504
3234 - 1504 200
3234 + 1504
3235 + 1504
3236 # 1504
3236 - 1504 201
3236 # 1504
3236 - 1504 201
3236 # 1504
3236 - 1504 200
3236 # 1504
3236 - 1504 199
3236 # 1504
3236 - 1504 198
3236 # 1504
3236 - 1504 197
3236 # 1504
3236 - 1504 181
3236 # 1504
3236 - 1504 181
3236 # 1504
3236 - 1504 180
3236 # 1504
3236 - 1504 180
3236 + 1504
3237 # 1504
3237 - 1504 180
3237 # 1504
3237 - 1504 179
3237 # 1504
3237 - 1504 178
3237 + 1504
3237 + 1504
3238 + 1504
3239 # 1504
3239 - 1504 180
3239 # 1504
3239 - 1504 179
3239 + 1504
3240 + 1504
3241 + 1504
3241 + 1504
3242 # 1504
3242 - 1504 181
3242 # 1504
3242 - 1504 180
3242 + 1504
3243 + 1504
3244 # 1504
3244 - 1504 182
3244 # 1504
3244 - 1504 181
3244 # 1504
3244 - 1504 180
3244 + 1504
3244 + 1504
3245 + 1504
3246 # 1504
3246 - 1504 181
3246 + 1504
3247 # 1504
3247 - 1504 182
3247 + 1504
3247 + 1504
3248 # 1504
3248 - 1504 182
3248 + 1504
3249 # 1504
3249 - 1504 182
3249 + 1504
3250 # 1504
3250 - 1504 182
3250 # 1504
3250 - 1504 182
3250 + 1504
3250 + 1504
3251 # 1504
3251 - 1504 182
3251 # 1504
3251 - 1504 181
3251 + 1504
3252 # 1504
3252 - 1504 181
3252 + 1504
3253 # 1504
3253 - 1504 182
3253 + 1504
3253 + 1504
3254 # 1504
3254 - 1504 182
3254 # 1504
3254 - 1504 181
3254 # 1504
3254 - 1504 180
3254 + 1504
3255 + 1504
3255 + 1504
3256 + 1504
3257 + 1504
3258 + 1504
3258 + 1504
3259 + 1504
3260 + 1504
3260 + 1504
3261 + 1504
3262 + 1504
3262 + 1504
3263 # 1504
3263 - 1504 189
3263 + 1504
3264 # 1504
3264 - 1504 189
3264 # 1504
3264 - 1504 188
3264 # 1504
3264 - 1504 187
3264 # 1504
3264 - 1504 186
3264 + 1504
3265 + 1504
3265 + 1504
3266 + 1504
3267 + 1504
3267 + 1504
3268 + 1504
3269 + 1504
3270 + 1504
3270 + 1504
3271 + 1504
3272 # 1504
3272 - 1504 194
3272 # 1504
3272 - 1504 193
3272 # 1504
3272 - 1504 192
3272 # 1504
3272 - 1504 191
3272 + 1504
3272 + 1504
3273 # 1504
3273 - 1504 192
3273 # 1504
3273 - 1504 191
3273 # 1504
3273 - 1504 190
3273 # 1504
3273 - 1504 188
3273 # 1504
3273 - 1504 187
3273 + 1504
3274 # 1504
3274 - 1504 187
3274 # 1504
3274 - 1504 187
3274 # 1504
3274 - 1504 186
3274 + 1504
3275 + 1504
3275 + 1504
3276 # 1504
3276 - 1504 187
3276 + 1504
3277 # 1504
3277 - 1504 187
3277 + 1504
3277 + 1504
3278 # 1504
3278 - 1504 188
3278 # 1504
3278 - 1504 187
3278 + 1504
3279 # 1504
3279 - 1504 187
3279 + 1504
3280 # 1504
3280 - 1504 187
3280 + 1504
3280 + 1504
3281 + 1504
3282 + 1504
3283 + 1504
3283 + 1504
3284 + 1504
3285 + 1504
3285 + 1504
3286 + 1504
3287 + 1504
3288 + 1504
3288 + 1504
3289 + 1504
3290 # 1504
3290 - 1504 196
3290 # 1504
3290 - 1504 187
3290 # 1504
3290 - 1504 187
3290 # 1504
3290 - 1504 186
3290 # 1504
3290 - 1504 185
3290 # 1504
3290 - 1504 184
3290 # 1504
3290 - 1504 183
3290 + 1504
3290 + 1504
3291 # 1504
3291 - 1504 184
3291 + 1504
3292 # 1504
3292 - 1504 184
3292 # 1504
3292 - 1504 183
3292 # 1504
3292 - 1504 182
3292 # 1504
3292 - 1504 175
3292 # 1504
3292 - 1504 175
3292 # 1504
3292 - 1504 174
3292 # 1504
3292 - 1504 173
3292 + 1504
3293 + 1504
3293 + 1504
3294 + 1504
3295 + 1504
3295 + 1504
3296 + 1504
3297 + 1504
3298 + 1504
3298 + 1504
3299 + 1504
3300 # 1504
3300 - 1504 180
3300 + 1504
3301 # 1504
3301 - 1504 180
3301 # 1504
3301 - 1504 180
3301 # 1504
3301 - 1504 179
3301 # 1504
3301 - 1504 178
3301 + 1504
3301 + 1504
3302 + 1504
3303 # 1504
3303 - 1504 177
3303 # 1504
3303 - 1504 176
3303 # 1504
3303 - 1504 175
3303 # 1504
3303 - 1504 175
3303 + 1504
3303 + 1504
3304 + 1504
3305 + 1504
3305 + 1504
3306 + 1504
3307 + 1504
3308 + 1504
3308 + 1504
3309 + 1504
3310 + 1504
3310 + 1504
3311 + 1504
3312 + 1504
3312 + 1504
3313 + 1504
3314 + 1504
3315 # 1504
3315 - 1504 186
3315 # 1504
3315 - 1504 185
3315 # 1504
3315 - 1504 184
3315 # 1504
3315 - 1504 183
3315 # 1504
3315 - 1504 182
3315 # 1504
3315 - 1504 182
3315 # 1504
3315 - 1504 181
3315 # 1504
3315 - 1504 180
3315 + 1504
3315 + 1504
3316 # 1504
3316 - 1504 180
3316 # 1504
3316 - 1504 179
3316 + 1504
3317 + 1504
3317 + 1504
3318 # 1504
3318 - 1504 181
3318 # 1504
3318 - 1504 180
3318 + 1504
3319 # 1504
3319 - 1504 174
3319 + 1504
3319 + 1504
3320 + 1504
3321 # 1504
3321 - 1504 176
3321 + 1504
3321 + 1504
3322 + 1504
3323 # 1504
3323 - 1504 177
3323 + 1504
3323 + 1504
3324 + 1504
3325 + 1504
3334 # 1504
3334 - 1504 187
3334 # 1504
3334 - 1504 187
3334 # 1504
3334 - 1504 186
3334 # 1504
3334 - 1504 185
3338 # 1504
3338 - 1504 180
3339 # 1504
3339 - 1504 181
3339 # 1504
3339 - 1504 180
3339 # 1504
3339 - 1504 179
3341 # 1504
3341 - 1504 180
3343 # 1504
3343 - 1504 181
3343 + 1504
3344 + 1504
3344 + 1504
3345 # 1504
3345 - 1504 182
3345 # 1504
3345 - 1504 182
3345 + 1504
3346 # 1504
3346 - 1504 182
3346 + 1504
3347 + 1504
3347 + 1504
3348 # 1504
3348 - 1504 183
3348 + 1504
3349 + 1504
3349 + 1504
3350 + 1504
3351 + 1504
3351 + 1504
3352 + 1504
3353 + 1504
3353 + 1504
3357 # 1504
3357 - 1504 191
3357 # 1504
3357 - 1504 190
3360 # 1504
3360 - 1504 192
3360 # 1504
3360 - 1504 191
3360 # 1504
3360 - 1504 191
3362 # 1504
3362 - 1504 192
3362 + 1504
3363 + 1504
3363 + 1504
3364 + 1504
3365 + 1504
3367 # 1504
3367 - 1504 196
3367 # 1504
3367 - 1504 195
3367 # 1504
3367 - 1504 194
3367 # 1504
3367 - 1504 193
3367 # 1504
3367 - 1504 193
3367 # 1504
3367 - 1504 192
3369 # 1504
3369 - 1504 193
3369 # 1504
3369 - 1504 192
3369 + 1504
3369 + 1504
3370 + 1504
3370 + 1504
3371 + 1504
3372 # 1504
3372 - 1504 194
3372 + 1504
3372 + 1504
3373 # 1504
3373 - 1504 194
3373 + 1504
3374 + 1504
3375 + 1504
3376 # 1504
3376 - 1504 197
3376 # 1504
3376 - 1504 196
3377 + 1504
3377 + 1504
3378 + 1504
3379 # 1504
3379 - 1504 198
3379 # 1504
3379 - 1504 197
3379 + 1504
3381 # 1504
3381 - 1504 198
3381 # 1504
3381 - 1504 198
3381 + 1504
3382 + 1504
3384 # 1504
3384 - 1504 200
3384 # 1504
3384 - 1504 199
3386 # 1504
3386 - 1504 200
3387 # 1504
3387 - 1504 200
3388 # 1504
3388 - 1504 201
3391 # 1504
3391 - 1504 203
3392 # 1504
3392 - 1504 203
3392 # 1504
3392 - 1504 202
3394 # 1504
3394 - 1504 203
3395 + 1504
3395 + 1504
3396 # 1504
3396 - 1504 205
3396 + 1504
3396 + 1504
3397 # 1504
3397 - 1504 205
3397 + 1504
3398 # 1504
3398 - 1504 205
3398 + 1504
3399 # 1504
3399 - 1504 205
3399 + 1504
3399 + 1504
3400 + 1504
3401 # 1504
3401 - 1504 206
3401 + 1504
3402 + 1504
3402 + 1504
3403 + 1504
3404 # 1504
3404 - 1504 209
3404 + 1504
3405 # 1504
3405 - 1504 209
3405 # 1504
3405 - 1504 208
3405 + 1504
3405 + 1504
3406 # 1504
3406 - 1504 208
3406 + 1504
3407 + 1504
3408 # 1504
3408 - 1504 209
3408 + 1504
3408 + 1504
3409 + 1504
3410 # 1504
3410 - 1504 211
3410 # 1504
3410 - 1504 210
3411 # 1504
3411 - 1504 210
3412 # 1504
3412 - 1504 210
3412 # 1504
3412 - 1504 209
3413 # 1504
3413 - 1504 209
3415 # 1504
3415 - 1504 211
3416 + 1504
3416 + 1504
3417 # 1504
3417 - 1504 212
3417 + 1504
3418 + 1504
3418 + 1504
3419 + 1504
3420 + 1504
3421 + 1504
3426 # 1504
3426 - 1504 220
3426 # 1504
3426 - 1504 219
3426 # 1504
3426 - 1504 218
3426 # 1504
3426 - 1504 218
3426 # 1504
3426 - 1504 217
3428 + 1504
3429 + 1504
3429 + 1504
3430 # 1504
3430 - 1504 220
3430 # 1504
3430 - 1504 219
3430 # 1504
3430 - 1504 218
3430 + 1504
3431 + 1504
3432 + 1504
3433 + 1504
3433 + 1504
3434 + 1504
3435 + 1504
