# mahimahi mm-link (Downlink) [/home/lorenzo/Desktop/PPO-for-Beginners/src/traces/ATT-LTE-driving-2016.down] > /home/lorenzo/Desktop/PPO-for-Beginners/log/mahimahi/MahimahiTrace.att_lte_driving_2016.2023.05.26.06.46.25.down.log
# command line: 'mm-link' '/home/lorenzo/Desktop/PPO-for-Beginners/src/traces/ATT-LTE-driving-2016.up' '/home/lorenzo/Desktop/PPO-for-Beginners/src/traces/ATT-LTE-driving-2016.down' '--uplink-log=/home/lorenzo/Desktop/PPO-for-Beginners/log/mahimahi/MahimahiTrace.att_lte_driving_2016.2023.05.26.06.46.25.up.log' '--downlink-log=/home/lorenzo/Desktop/PPO-for-Beginners/log/mahimahi/MahimahiTrace.att_lte_driving_2016.2023.05.26.06.46.25.down.log' 'python3' '/home/lorenzo/Desktop/PPO-for-Beginners/src/iperf.py' '192.168.64.16' '86400' '/home/lorenzo/Desktop/PPO-for-Beginners/log/ppo/iperf/att.lte.driving.2016.2023.05.26.06.46.25.json' '/home/lorenzo/Desktop/PPO-for-Beginners/src/pid.txt'
# queue: infinite
# init timestamp: 1685076385660
# base timestamp: 423
423 # 1504
423 # 1504
423 # 1504
423 # 1504
423 # 1504
423 # 1504
423 # 1504
423 # 1504
423 # 1504
423 # 1504
423 # 1504
423 # 1504
423 # 1504
423 # 1504
423 # 1504
423 # 1504
423 # 1504
423 # 1504
423 # 1504
423 # 1504
423 # 1504
424 # 1504
424 # 1504
424 # 1504
424 # 1504
424 # 1504
424 # 1504
424 # 1504
424 # 1504
425 # 1504
425 # 1504
425 # 1504
425 # 1504
425 # 1504
425 # 1504
425 # 1504
425 # 1504
430 + 80
430 + 52
430 + 80
430 + 56
430 + 80
433 # 1504
433 - 80 3
433 - 52 3
433 - 80 3
433 - 56 3
433 - 80 3
433 # 1504
433 # 1504
433 # 1504
433 # 1504
434 # 1504
434 # 1504
434 # 1504
434 # 1504
434 # 1504
437 # 1504
438 # 1504
438 # 1504
439 # 1504
439 # 1504
439 # 1504
439 # 1504
439 # 1504
439 # 1504
439 # 1504
439 # 1504
439 # 1504
439 # 1504
439 # 1504
439 # 1504
439 # 1504
439 # 1504
439 # 1504
439 # 1504
439 # 1504
440 # 1504
440 # 1504
440 # 1504
440 # 1504
440 # 1504
441 # 1504
441 # 1504
441 # 1504
441 # 1504
442 # 1504
442 # 1504
442 # 1504
443 # 1504
443 # 1504
443 # 1504
443 # 1504
444 # 1504
444 # 1504
444 # 1504
445 # 1504
445 # 1504
445 # 1504
447 # 1504
447 # 1504
447 # 1504
448 # 1504
448 # 1504
448 # 1504
455 # 1504
455 # 1504
456 # 1504
456 # 1504
456 # 1504
458 # 1504
459 # 1504
459 # 1504
459 # 1504
459 # 1504
459 # 1504
461 # 1504
461 # 1504
461 # 1504
461 # 1504
461 # 1504
463 # 1504
463 # 1504
463 # 1504
465 # 1504
465 # 1504
465 # 1504
466 # 1504
467 # 1504
467 # 1504
469 # 1504
470 # 1504
470 # 1504
471 # 1504
472 # 1504
472 # 1504
472 # 1504
473 # 1504
473 # 1504
473 + 64
474 # 1504
474 - 64 1
475 # 1504
475 # 1504
475 # 1504
476 # 1504
476 # 1504
476 # 1504
476 # 1504
476 # 1504
478 # 1504
478 # 1504
479 # 1504
479 # 1504
479 # 1504
480 # 1504
480 # 1504
481 # 1504
481 # 1504
481 # 1504
481 # 1504
481 # 1504
481 # 1504
481 + 56
481 + 57
482 # 1504
482 - 56 1
482 - 57 1
482 # 1504
483 # 1504
483 # 1504
483 # 1504
484 # 1504
484 # 1504
484 # 1504
484 + 56
485 # 1504
485 - 56 1
486 # 1504
486 # 1504
487 # 1504
487 + 56
487 + 57
488 # 1504
488 - 56 1
488 - 57 1
488 # 1504
489 # 1504
489 # 1504
489 # 1504
489 # 1504
489 + 64
490 # 1504
490 - 64 1
491 # 1504
491 # 1504
492 # 1504
492 # 1504
493 # 1504
493 # 1504
493 + 56
493 + 57
494 # 1504
494 - 56 1
494 - 57 1
494 # 1504
496 # 1504
496 # 1504
496 + 57
497 # 1504
497 - 57 1
497 # 1504
497 # 1504
498 # 1504
498 # 1504
499 # 1504
499 # 1504
500 # 1504
500 # 1504
500 + 56
500 + 56
501 # 1504
501 - 56 1
501 - 56 1
501 # 1504
502 # 1504
502 # 1504
503 # 1504
503 # 1504
503 + 56
503 + 56
504 # 1504
504 - 56 1
504 - 56 1
504 # 1504
504 # 1504
504 # 1504
504 + 56
504 + 56
504 + 56
505 # 1504
505 - 56 1
505 - 56 1
505 - 56 1
505 # 1504
506 # 1504
506 + 56
506 + 56
507 # 1504
507 - 56 1
507 - 56 1
508 # 1504
508 # 1504
508 + 56
508 + 56
509 # 1504
509 - 56 1
509 - 56 1
509 # 1504
510 # 1504
510 # 1504
520 + 56
520 + 56
520 + 56
520 + 56
523 + 56
523 + 56
523 + 56
527 # 1504
527 - 56 7
527 - 56 7
527 - 56 7
527 - 56 7
527 - 56 4
527 - 56 4
527 - 56 4
527 # 1504
528 # 1504
528 # 1504
528 # 1504
528 # 1504
528 # 1504
528 # 1504
528 # 1504
528 # 1504
528 # 1504
528 # 1504
528 # 1504
528 # 1504
528 # 1504
528 # 1504
528 # 1504
528 # 1504
528 # 1504
528 # 1504
529 # 1504
529 # 1504
529 # 1504
529 # 1504
529 # 1504
529 # 1504
529 # 1504
529 # 1504
529 # 1504
529 # 1504
529 # 1504
529 # 1504
529 # 1504
530 # 1504
530 # 1504
531 # 1504
531 # 1504
531 # 1504
531 # 1504
531 + 56
531 + 56
531 + 56
531 + 56
532 # 1504
532 - 56 1
532 - 56 1
532 - 56 1
532 - 56 1
532 # 1504
533 # 1504
533 + 56
533 + 56
533 + 56
536 # 1504
536 - 56 3
536 - 56 3
536 - 56 3
539 # 1504
539 # 1504
540 # 1504
540 # 1504
540 # 1504
540 + 56
543 # 1504
543 - 56 3
543 # 1504
543 + 56
543 + 56
544 # 1504
544 - 56 1
544 - 56 1
544 # 1504
544 + 56
544 + 56
544 + 56
544 + 56
544 + 56
544 + 56
544 + 56
544 + 56
544 + 56
544 + 56
545 # 1504
545 - 56 1
545 - 56 1
545 - 56 1
545 - 56 1
545 - 56 1
545 - 56 1
545 - 56 1
545 - 56 1
545 - 56 1
545 - 56 1
545 # 1504
545 # 1504
545 + 56
546 # 1504
546 - 56 1
546 # 1504
547 # 1504
547 # 1504
547 # 1504
547 + 56
548 # 1504
548 - 56 1
548 # 1504
548 # 1504
551 # 1504
551 # 1504
551 # 1504
552 # 1504
552 # 1504
552 + 56
552 + 56
552 + 56
553 # 1504
553 - 56 1
553 - 56 1
553 - 56 1
553 # 1504
553 # 1504
553 # 1504
554 # 1504
554 + 56
555 # 1504
555 - 56 1
555 # 1504
555 # 1504
557 # 1504
558 # 1504
558 + 56
559 # 1504
559 - 56 1
559 # 1504
559 # 1504
560 # 1504
560 # 1504
560 # 1504
560 # 1504
561 # 1504
561 # 1504
562 # 1504
562 # 1504
563 # 1504
563 # 1504
563 # 1504
564 # 1504
565 # 1504
566 # 1504
566 # 1504
567 # 1504
567 # 1504
567 # 1504
567 + 56
567 + 56
568 # 1504
568 - 56 1
568 - 56 1
568 # 1504
568 # 1504
568 # 1504
568 + 56
568 + 56
569 # 1504
569 - 56 1
569 - 56 1
569 # 1504
569 # 1504
569 + 56
570 # 1504
570 - 56 1
570 # 1504
570 + 56
571 # 1504
571 - 56 1
571 # 1504
571 # 1504
572 # 1504
572 # 1504
573 # 1504
573 # 1504
574 + 56
575 # 1504
575 - 56 1
575 # 1504
575 # 1504
575 # 1504
575 # 1504
576 # 1504
576 # 1504
576 + 56
576 + 56
577 # 1504
577 - 56 1
577 - 56 1
577 # 1504
578 # 1504
578 # 1504
580 # 1504
580 # 1504
580 # 1504
580 # 1504
580 # 1504
580 + 56
582 # 1504
582 - 56 2
585 # 1504
585 # 1504
585 # 1504
585 # 1504
585 # 1504
585 # 1504
586 # 1504
586 # 1504
587 # 1504
587 # 1504
588 # 1504
588 # 1504
589 # 1504
589 # 1504
589 + 56
589 + 56
590 # 1504
590 - 56 1
590 - 56 1
590 # 1504
590 # 1504
590 # 1504
590 # 1504
590 + 56
591 # 1504
591 - 56 1
591 # 1504
591 # 1504
591 + 56
591 + 56
591 + 56
591 + 56
591 + 56
591 + 56
592 # 1504
592 - 56 1
592 - 56 1
592 - 56 1
592 - 56 1
592 - 56 1
592 - 56 1
592 + 56
592 + 56
593 # 1504
593 - 56 1
593 - 56 1
593 + 56
594 # 1504
594 - 56 1
594 # 1504
594 # 1504
595 # 1504
595 # 1504
595 # 1504
596 # 1504
596 # 1504
596 + 56
597 # 1504
597 - 56 1
597 # 1504
597 # 1504
597 + 56
598 # 1504
598 - 56 1
598 # 1504
598 # 1504
598 # 1504
599 # 1504
599 + 56
600 # 1504
600 - 56 1
600 # 1504
600 + 56
601 # 1504
601 - 56 1
602 # 1504
602 # 1504
603 # 1504
603 # 1504
603 # 1504
604 # 1504
604 # 1504
604 # 1504
604 # 1504
604 # 1504
611 + 56
611 + 56
612 # 1504
612 - 56 1
612 - 56 1
612 # 1504
613 # 1504
613 # 1504
613 # 1504
613 # 1504
613 # 1504
613 # 1504
613 # 1504
613 # 1504
613 # 1504
613 # 1504
613 # 1504
614 + 56
615 # 1504
615 - 56 1
616 # 1504
616 # 1504
616 # 1504
616 # 1504
616 # 1504
616 # 1504
616 # 1504
616 # 1504
616 # 1504
616 # 1504
616 # 1504
616 # 1504
616 # 1504
616 # 1504
616 # 1504
616 # 1504
616 # 1504
616 # 1504
616 # 1504
616 # 1504
616 + 56
617 # 1504
617 - 56 1
617 + 56
618 # 1504
618 - 56 1
618 # 1504
618 # 1504
618 + 56
619 + 56
621 + 56
623 + 56
623 + 56
624 + 56
625 + 56
627 # 1504
627 - 56 9
627 - 56 8
627 - 56 6
627 - 56 4
627 - 56 4
627 - 56 3
627 - 56 2
627 # 1504
627 # 1504
627 # 1504
627 # 1504
627 # 1504
627 # 1504
627 # 1504
627 # 1504
627 # 1504
627 # 1504
627 # 1504
627 # 1504
627 # 1504
627 + 56
628 # 1504
628 - 56 1
628 # 1504
628 # 1504
628 # 1504
628 # 1504
628 # 1504
628 # 1504
628 # 1504
628 # 1504
628 # 1504
628 # 1504
628 # 1504
628 # 1504
628 # 1504
628 # 1504
628 # 1504
628 # 1504
628 # 1504
630 # 1504
630 # 1504
630 + 56
630 + 56
630 + 56
630 + 56
630 + 56
631 # 1504
631 - 56 1
631 - 56 1
631 - 56 1
631 - 56 1
631 - 56 1
631 # 1504
631 # 1504
631 + 56
631 + 56
632 # 1504
632 - 56 1
632 - 56 1
632 # 1504
632 # 1504
632 # 1504
632 # 1504
632 # 1504
632 + 56
633 # 1504
633 - 56 1
633 # 1504
633 # 1504
633 + 56
634 # 1504
634 - 56 1
634 # 1504
634 # 1504
634 # 1504
635 + 56
635 + 56
635 + 56
635 + 56
635 + 56
637 + 56
637 + 56
638 + 56
639 + 56
639 + 56
640 + 56
640 + 56
641 + 56
641 + 56
643 # 1504
643 - 56 8
643 - 56 8
643 - 56 8
643 - 56 8
643 - 56 8
643 - 56 6
643 - 56 6
643 - 56 5
643 - 56 4
643 - 56 4
643 - 56 3
643 - 56 3
643 - 56 2
643 - 56 2
643 # 1504
643 # 1504
643 # 1504
643 + 56
643 + 56
643 + 56
644 # 1504
644 - 56 1
644 - 56 1
644 - 56 1
644 # 1504
644 # 1504
644 + 56
645 # 1504
645 - 56 1
645 # 1504
645 + 56
645 + 56
647 # 1504
647 - 56 2
647 - 56 2
647 # 1504
648 # 1504
648 # 1504
648 # 1504
648 # 1504
648 # 1504
648 # 1504
649 # 1504
649 # 1504
649 + 56
649 + 56
649 + 56
649 + 56
649 + 56
650 # 1504
650 - 56 1
650 - 56 1
650 - 56 1
650 - 56 1
650 - 56 1
650 # 1504
651 + 56
651 + 56
651 + 56
653 + 56
653 + 56
653 + 56
654 + 56
655 + 56
656 + 56
657 + 56
657 + 56
658 + 56
658 + 56
659 # 1504
659 - 56 8
659 - 56 8
659 - 56 8
659 - 56 6
659 - 56 6
659 - 56 6
659 - 56 5
659 - 56 4
659 - 56 3
659 - 56 2
659 - 56 2
659 - 56 1
659 - 56 1
659 # 1504
659 # 1504
659 # 1504
659 # 1504
659 # 1504
659 # 1504
659 # 1504
659 # 1504
659 # 1504
659 # 1504
659 # 1504
659 # 1504
659 # 1504
659 # 1504
659 + 56
659 + 56
660 + 56
660 + 56
661 # 1504
661 - 56 2
661 - 56 2
661 - 56 1
661 - 56 1
661 # 1504
661 # 1504
661 # 1504
661 + 56
661 + 56
662 # 1504
662 - 56 1
662 - 56 1
662 # 1504
662 # 1504
662 # 1504
662 # 1504
662 # 1504
662 # 1504
662 # 1504
662 # 1504
662 # 1504
662 # 1504
662 # 1504
662 # 1504
662 # 1504
662 # 1504
662 # 1504
662 + 56
662 + 56
663 + 56
663 + 56
663 + 56
664 # 1504
664 - 56 2
664 - 56 2
664 - 56 1
664 - 56 1
664 - 56 1
664 # 1504
664 # 1504
664 # 1504
665 # 1504
665 # 1504
665 # 1504
665 + 56
665 + 56
665 + 56
666 # 1504
666 - 56 1
666 - 56 1
666 - 56 1
666 # 1504
666 # 1504
666 # 1504
666 + 56
666 + 56
666 + 56
667 # 1504
667 - 56 1
667 - 56 1
667 - 56 1
668 # 1504
668 # 1504
668 # 1504
668 # 1504
668 + 56
669 # 1504
669 - 56 1
669 # 1504
669 # 1504
670 # 1504
670 # 1504
670 # 1504
670 # 1504
670 + 56
670 + 56
670 + 56
670 + 56
671 + 56
671 + 56
671 + 80
672 # 1504
672 - 56 2
672 - 56 2
672 - 56 2
672 - 56 2
672 - 56 1
672 - 56 1
672 - 80 1
672 # 1504
672 # 1504
672 # 1504
672 # 1504
672 # 1504
672 + 56
672 + 56
673 # 1504
673 - 56 1
673 - 56 1
673 # 1504
673 # 1504
673 + 56
673 + 56
674 # 1504
674 - 56 1
674 - 56 1
674 # 1504
674 + 56
675 # 1504
675 - 56 1
675 # 1504
675 # 1504
675 # 1504
675 # 1504
675 + 56
675 + 56
675 + 56
676 # 1504
676 - 56 1
676 - 56 1
676 - 56 1
676 # 1504
676 # 1504
676 + 56
677 # 1504
677 - 56 1
677 # 1504
677 # 1504
677 + 56
677 + 56
677 + 56
679 # 1504
679 - 56 2
679 - 56 2
679 - 56 2
679 # 1504
679 # 1504
679 # 1504
680 # 1504
680 # 1504
680 # 1504
681 + 56
681 + 56
681 + 56
681 + 56
681 + 56
682 + 56
682 + 56
682 + 56
685 # 1504
685 - 56 4
685 - 56 4
685 - 56 4
685 - 56 4
685 - 56 4
685 - 56 3
685 - 56 3
685 - 56 3
685 # 1504
685 # 1504
686 # 1504
686 # 1504
686 # 1504
687 # 1504
687 # 1504
687 # 1504
687 # 1504
687 # 1504
687 + 56
687 + 56
688 # 1504
688 - 56 1
688 - 56 1
693 # 1504
693 # 1504
693 # 1504
693 # 1504
693 # 1504
693 # 1504
694 # 1504
695 # 1504
695 # 1504
696 # 1504
696 # 1504
696 # 1504
697 + 56
697 + 56
697 + 56
697 + 56
697 + 56
700 # 1504
700 - 56 3
700 - 56 3
700 - 56 3
700 - 56 3
700 - 56 3
700 # 1504
701 # 1504
702 # 1504
702 # 1504
702 # 1504
702 # 1504
703 # 1504
703 # 1504
703 # 1504
703 # 1504
703 # 1504
703 + 56
703 + 56
703 + 56
703 + 56
707 # 1504
707 - 56 4
707 - 56 4
707 - 56 4
707 - 56 4
709 # 1504
709 # 1504
709 # 1504
709 # 1504
709 + 56
709 + 56
709 + 56
709 + 56
709 + 56
710 # 1504
710 - 56 1
710 - 56 1
710 - 56 1
710 - 56 1
710 - 56 1
710 # 1504
711 # 1504
711 # 1504
711 # 1504
711 # 1504
711 + 56
712 # 1504
712 - 56 1
712 # 1504
712 # 1504
713 # 1504
713 # 1504
713 # 1504
714 # 1504
714 # 1504
714 # 1504
715 # 1504
715 # 1504
715 # 1504
716 # 1504
719 + 56
719 + 56
720 + 56
721 # 1504
721 - 56 2
721 - 56 2
721 - 56 1
721 # 1504
721 # 1504
723 # 1504
723 # 1504
723 # 1504
723 # 1504
723 # 1504
723 # 1504
723 # 1504
723 + 56
724 # 1504
724 - 56 1
724 # 1504
724 # 1504
724 # 1504
724 + 56
725 # 1504
725 - 56 1
725 # 1504
730 # 1504
730 # 1504
730 # 1504
730 # 1504
731 # 1504
731 # 1504
736 # 1504
736 # 1504
736 # 1504
736 # 1504
736 # 1504
736 # 1504
736 # 1504
736 # 1504
736 # 1504
736 + 56
736 + 56
736 + 56
737 # 1504
737 - 56 1
737 - 56 1
737 - 56 1
737 # 1504
737 + 56
738 # 1504
738 - 56 1
738 # 1504
738 # 1504
738 # 1504
738 # 1504
739 # 1504
740 # 1504
740 # 1504
740 # 1504
740 # 1504
741 # 1504
741 # 1504
742 # 1504
742 # 1504
743 # 1504
743 # 1504
743 # 1504
744 # 1504
744 # 1504
744 # 1504
744 # 1504
744 # 1504
744 # 1504
744 # 1504
744 # 1504
745 # 1504
745 # 1504
745 # 1504
749 # 1504
749 # 1504
749 # 1504
749 + 56
750 # 1504
750 - 56 1
750 + 56
751 # 1504
751 - 56 1
751 # 1504
751 # 1504
753 + 56
753 + 56
755 # 1504
755 - 56 2
755 - 56 2
755 # 1504
755 # 1504
755 # 1504
756 # 1504
756 # 1504
756 # 1504
756 # 1504
756 # 1504
757 # 1504
757 # 1504
757 # 1504
757 # 1504
757 # 1504
758 # 1504
758 # 1504
759 # 1504
763 # 1504
763 # 1504
763 # 1504
763 # 1504
763 # 1504
763 # 1504
763 # 1504
763 # 1504
764 # 1504
764 # 1504
764 + 56
765 # 1504
765 - 56 1
765 # 1504
767 # 1504
767 # 1504
767 # 1504
767 # 1504
767 # 1504
767 # 1504
767 # 1504
767 # 1504
767 # 1504
769 # 1504
769 + 56
769 + 56
769 + 56
769 + 56
770 # 1504
770 - 56 1
770 - 56 1
770 - 56 1
770 - 56 1
770 # 1504
770 # 1504
771 # 1504
772 # 1504
772 # 1504
772 # 1504
773 # 1504
773 # 1504
773 # 1504
773 # 1504
773 + 56
773 + 56
774 # 1504
774 - 56 1
774 - 56 1
774 # 1504
774 # 1504
776 + 56
779 + 56
779 + 56
779 + 56
780 + 56
781 + 56
783 # 1504
783 - 56 7
783 - 56 4
783 - 56 4
783 - 56 4
783 - 56 3
783 - 56 2
783 # 1504
783 # 1504
783 # 1504
783 # 1504
783 # 1504
783 # 1504
783 # 1504
783 # 1504
783 # 1504
783 # 1504
783 # 1504
783 # 1504
783 + 56
784 # 1504
784 - 56 1
784 # 1504
784 # 1504
784 # 1504
784 # 1504
784 # 1504
784 # 1504
784 # 1504
784 # 1504
784 # 1504
784 # 1504
784 # 1504
784 # 1504
784 # 1504
784 # 1504
784 # 1504
784 # 1504
784 # 1504
784 # 1504
785 # 1504
786 + 56
789 + 56
791 # 1504
791 - 56 5
791 - 56 2
791 # 1504
791 # 1504
791 # 1504
791 + 56
792 # 1504
792 - 56 1
792 # 1504
792 # 1504
792 # 1504
792 # 1504
792 # 1504
792 # 1504
792 # 1504
792 # 1504
792 # 1504
792 # 1504
792 # 1504
792 # 1504
793 + 56
794 # 1504
794 - 56 1
794 # 1504
794 # 1504
794 # 1504
794 # 1504
795 # 1504
795 + 56
797 # 1504
797 - 56 2
797 # 1504
797 # 1504
797 # 1504
797 # 1504
797 # 1504
798 # 1504
798 # 1504
798 # 1504
798 # 1504
798 # 1504
798 # 1504
798 # 1504
798 # 1504
798 # 1504
799 # 1504
799 # 1504
799 # 1504
800 # 1504
800 # 1504
800 # 1504
800 # 1504
800 # 1504
800 # 1504
801 # 1504
801 # 1504
801 # 1504
802 # 1504
802 # 1504
803 # 1504
803 # 1504
803 # 1504
803 # 1504
804 # 1504
804 # 1504
804 # 1504
805 # 1504
805 # 1504
805 # 1504
805 # 1504
805 # 1504
806 # 1504
806 # 1504
806 + 56
807 + 56
807 + 56
808 # 1504
808 - 56 2
808 - 56 1
808 - 56 1
808 # 1504
808 # 1504
808 # 1504
808 # 1504
808 # 1504
808 # 1504
808 # 1504
808 # 1504
808 # 1504
810 # 1504
810 # 1504
810 # 1504
811 # 1504
811 # 1504
811 # 1504
811 # 1504
811 # 1504
811 # 1504
811 + 56
812 # 1504
812 - 56 1
812 # 1504
812 # 1504
812 # 1504
812 + 56
812 + 56
812 + 56
813 # 1504
813 - 56 1
813 - 56 1
813 - 56 1
813 # 1504
813 + 56
814 # 1504
814 - 56 1
815 # 1504
815 # 1504
815 # 1504
815 + 56
816 # 1504
816 - 56 1
816 # 1504
816 # 1504
816 # 1504
816 + 56
817 # 1504
817 - 56 1
817 # 1504
817 # 1504
817 # 1504
817 # 1504
817 # 1504
817 # 1504
817 # 1504
817 # 1504
818 + 56
820 # 1504
820 - 56 2
820 # 1504
820 # 1504
820 # 1504
820 # 1504
820 # 1504
820 # 1504
820 + 56
820 + 56
820 + 56
821 # 1504
821 - 56 1
821 - 56 1
821 - 56 1
821 + 56
822 # 1504
822 - 56 1
823 # 1504
823 # 1504
823 # 1504
823 # 1504
823 # 1504
823 # 1504
823 # 1504
823 + 56
823 + 56
825 # 1504
825 - 56 2
825 - 56 2
825 # 1504
825 # 1504
825 # 1504
825 # 1504
825 # 1504
825 + 56
826 # 1504
826 - 56 1
826 # 1504
826 # 1504
826 # 1504
826 # 1504
826 # 1504
826 # 1504
826 # 1504
826 # 1504
828 # 1504
828 # 1504
829 # 1504
829 # 1504
829 # 1504
829 # 1504
829 # 1504
829 # 1504
829 # 1504
829 # 1504
829 + 56
829 + 56
829 + 56
829 + 56
830 # 1504
830 - 56 1
830 - 56 1
830 - 56 1
830 - 56 1
830 # 1504
830 # 1504
831 # 1504
831 # 1504
831 # 1504
831 # 1504
831 # 1504
831 # 1504
831 # 1504
831 # 1504
831 # 1504
831 + 56
832 # 1504
832 - 56 1
832 + 56
832 + 56
832 + 56
833 # 1504
833 - 56 1
833 - 56 1
833 - 56 1
834 # 1504
834 # 1504
834 + 56
835 # 1504
835 - 56 1
835 # 1504
835 # 1504
835 # 1504
835 # 1504
835 # 1504
836 # 1504
836 # 1504
836 # 1504
836 # 1504
836 # 1504
836 # 1504
836 + 56
837 # 1504
837 - 56 1
838 # 1504
838 # 1504
838 # 1504
838 # 1504
839 # 1504
839 # 1504
839 # 1504
839 + 56
839 + 56
839 + 56
840 # 1504
840 - 56 1
840 - 56 1
840 - 56 1
840 # 1504
840 # 1504
840 # 1504
840 # 1504
840 + 56
841 # 1504
841 - 56 1
841 # 1504
841 # 1504
841 # 1504
841 + 56
842 # 1504
842 - 56 1
842 # 1504
842 # 1504
842 # 1504
843 # 1504
843 # 1504
843 # 1504
843 # 1504
843 # 1504
843 # 1504
843 # 1504
843 + 56
844 # 1504
844 - 56 1
844 # 1504
844 + 56
845 # 1504
845 - 56 1
845 # 1504
845 # 1504
845 # 1504
845 # 1504
846 # 1504
846 # 1504
846 # 1504
846 # 1504
847 # 1504
847 # 1504
847 # 1504
847 # 1504
848 # 1504
848 # 1504
848 # 1504
848 # 1504
849 # 1504
849 # 1504
849 # 1504
849 # 1504
849 # 1504
849 # 1504
849 # 1504
849 # 1504
850 # 1504
851 # 1504
851 # 1504
851 # 1504
851 # 1504
851 # 1504
851 # 1504
851 # 1504
851 # 1504
851 # 1504
854 # 1504
854 # 1504
854 + 56
855 # 1504
855 - 56 1
855 # 1504
855 # 1504
855 # 1504
855 # 1504
855 # 1504
855 # 1504
855 # 1504
857 + 56
857 + 56
857 + 56
859 + 56
859 + 56
859 + 56
862 + 56
863 # 1504
863 - 56 6
863 - 56 6
863 - 56 6
863 - 56 4
863 - 56 4
863 - 56 4
863 - 56 1
863 # 1504
863 # 1504
863 # 1504
863 # 1504
864 + 56
865 # 1504
865 - 56 1
865 # 1504
865 + 56
866 # 1504
866 - 56 1
866 # 1504
866 + 56
867 # 1504
867 - 56 1
867 # 1504
867 # 1504
867 # 1504
867 # 1504
867 # 1504
867 # 1504
867 # 1504
867 # 1504
868 + 56
869 # 1504
869 - 56 1
869 # 1504
869 # 1504
869 # 1504
869 # 1504
869 # 1504
869 # 1504
869 # 1504
869 # 1504
869 + 56
869 + 56
870 # 1504
870 - 56 1
870 - 56 1
870 # 1504
870 # 1504
870 # 1504
871 # 1504
871 # 1504
871 # 1504
871 # 1504
871 + 56
872 # 1504
872 - 56 1
872 # 1504
872 # 1504
872 # 1504
872 + 56
872 + 56
872 + 56
873 # 1504
873 - 56 1
873 - 56 1
873 - 56 1
873 # 1504
873 # 1504
873 + 56
874 # 1504
874 - 56 1
874 # 1504
874 # 1504
875 # 1504
875 # 1504
875 # 1504
875 # 1504
876 # 1504
876 # 1504
876 # 1504
876 # 1504
877 # 1504
877 # 1504
878 # 1504
878 # 1504
878 # 1504
879 # 1504
879 # 1504
879 # 1504
879 # 1504
880 # 1504
880 # 1504
880 # 1504
881 # 1504
881 # 1504
883 + 56
883 + 56
884 + 56
887 + 56
889 # 1504
889 - 56 6
889 - 56 6
889 - 56 5
889 - 56 2
890 # 1504
890 # 1504
890 # 1504
890 # 1504
891 # 1504
891 # 1504
891 # 1504
891 + 56
892 # 1504
892 - 56 1
892 # 1504
893 # 1504
893 # 1504
893 # 1504
893 # 1504
893 # 1504
893 # 1504
893 # 1504
893 # 1504
893 # 1504
893 # 1504
894 # 1504
894 # 1504
894 # 1504
894 # 1504
894 # 1504
895 + 56
896 # 1504
896 - 56 1
896 # 1504
898 # 1504
898 # 1504
898 # 1504
899 # 1504
899 # 1504
899 # 1504
900 # 1504
900 # 1504
900 # 1504
900 # 1504
901 # 1504
901 # 1504
901 # 1504
901 # 1504
901 # 1504
902 # 1504
902 # 1504
902 # 1504
903 # 1504
903 # 1504
903 # 1504
904 # 1504
904 # 1504
904 # 1504
905 # 1504
905 # 1504
905 # 1504
905 # 1504
905 + 56
906 # 1504
906 - 56 1
906 + 56
907 # 1504
907 - 56 1
908 # 1504
908 # 1504
908 # 1504
909 # 1504
909 # 1504
909 # 1504
909 # 1504
910 # 1504
910 # 1504
910 # 1504
910 + 56
911 # 1504
911 - 56 1
911 # 1504
911 # 1504
912 # 1504
912 # 1504
912 # 1504
913 # 1504
913 # 1504
913 # 1504
914 # 1504
914 # 1504
914 # 1504
915 # 1504
915 # 1504
915 # 1504
917 # 1504
917 # 1504
917 # 1504
917 # 1504
917 # 1504
917 # 1504
917 # 1504
918 # 1504
918 # 1504
918 # 1504
919 # 1504
919 # 1504
919 # 1504
920 # 1504
920 # 1504
920 # 1504
921 # 1504
921 # 1504
921 # 1504
921 # 1504
922 # 1504
922 # 1504
922 # 1504
923 # 1504
923 # 1504
923 # 1504
924 # 1504
924 # 1504
924 # 1504
924 # 1504
934 # 1504
934 # 1504
934 # 1504
934 # 1504
934 # 1504
934 # 1504
934 # 1504
934 # 1504
934 # 1504
934 # 1504
934 # 1504
934 # 1504
934 # 1504
934 # 1504
934 # 1504
934 # 1504
935 # 1504
935 # 1504
935 # 1504
940 # 1504
940 # 1504
940 # 1504
940 # 1504
940 # 1504
940 # 1504
940 # 1504
940 # 1504
940 # 1504
940 # 1504
940 # 1504
940 # 1504
940 # 1504
940 # 1504
940 # 1504
941 # 1504
941 # 1504
941 # 1504
941 # 1504
941 # 1504
942 # 1504
942 # 1504
942 # 1504
943 # 1504
943 # 1504
943 # 1504
944 # 1504
944 # 1504
944 # 1504
945 # 1504
946 # 1504
946 # 1504
946 # 1504
947 # 1504
948 # 1504
948 # 1504
948 # 1504
948 # 1504
948 # 1504
948 # 1504
949 # 1504
949 # 1504
949 # 1504
950 # 1504
950 # 1504
950 # 1504
951 # 1504
951 # 1504
951 # 1504
952 # 1504
952 # 1504
952 # 1504
952 + 56
953 # 1504
953 - 56 1
953 # 1504
954 # 1504
954 # 1504
954 # 1504
956 # 1504
956 # 1504
956 # 1504
956 # 1504
956 # 1504
956 # 1504
957 # 1504
957 # 1504
957 # 1504
958 # 1504
958 # 1504
958 # 1504
959 # 1504
959 # 1504
959 # 1504
960 # 1504
960 # 1504
960 # 1504
961 # 1504
961 # 1504
961 # 1504
962 # 1504
962 # 1504
962 # 1504
963 # 1504
963 # 1504
963 # 1504
963 # 1504
963 # 1504
964 # 1504
964 # 1504
964 # 1504
965 # 1504
965 # 1504
965 # 1504
966 # 1504
967 # 1504
967 # 1504
967 # 1504
968 # 1504
968 # 1504
968 # 1504
968 # 1504
968 # 1504
969 # 1504
970 # 1504
970 # 1504
970 # 1504
971 # 1504
971 # 1504
971 # 1504
971 # 1504
971 # 1504
971 # 1504
971 # 1504
972 # 1504
973 # 1504
974 # 1504
974 # 1504
975 # 1504
975 # 1504
975 # 1504
976 # 1504
976 # 1504
976 # 1504
977 # 1504
977 # 1504
977 # 1504
977 # 1504
978 # 1504
978 # 1504
978 # 1504
979 # 1504
979 # 1504
979 # 1504
980 # 1504
980 # 1504
980 # 1504
982 # 1504
982 # 1504
982 # 1504
983 # 1504
983 # 1504
983 # 1504
984 # 1504
984 # 1504
984 # 1504
984 # 1504
984 # 1504
984 # 1504
985 # 1504
985 # 1504
985 # 1504
986 # 1504
986 # 1504
986 # 1504
987 # 1504
987 # 1504
987 # 1504
987 # 1504
988 # 1504
989 # 1504
989 # 1504
990 # 1504
990 # 1504
990 # 1504
990 # 1504
990 # 1504
990 # 1504
990 # 1504
991 # 1504
991 # 1504
991 # 1504
992 # 1504
992 # 1504
992 # 1504
992 # 1504
993 # 1504
993 # 1504
994 # 1504
994 # 1504
994 # 1504
994 # 1504
994 # 1504
994 # 1504
994 # 1504
995 # 1504
995 # 1504
995 # 1504
995 # 1504
996 # 1504
996 # 1504
996 # 1504
996 # 1504
1005 # 1504
1005 # 1504
1005 # 1504
1005 # 1504
1005 # 1504
1005 # 1504
1006 # 1504
1006 # 1504
1006 # 1504
1006 # 1504
1007 # 1504
1007 # 1504
1007 # 1504
1007 # 1504
1007 # 1504
1017 # 1504
1017 # 1504
1017 # 1504
1017 # 1504
1017 # 1504
1017 # 1504
1017 # 1504
1017 # 1504
1017 # 1504
1017 # 1504
1017 # 1504
1017 # 1504
1018 # 1504
1018 # 1504
1018 # 1504
1018 # 1504
1018 # 1504
1018 # 1504
1018 # 1504
1018 # 1504
1018 # 1504
1018 # 1504
1018 # 1504
1018 # 1504
1018 # 1504
1018 # 1504
1018 # 1504
1018 # 1504
1018 # 1504
1022 # 1504
1022 # 1504
1023 # 1504
1023 # 1504
1023 # 1504
1023 # 1504
1023 # 1504
1023 # 1504
1023 # 1504
1023 # 1504
1023 # 1504
1023 # 1504
1023 # 1504
1023 # 1504
1023 # 1504
1023 # 1504
1023 # 1504
1023 # 1504
1024 # 1504
1024 # 1504
1024 # 1504
1040 # 1504
1040 # 1504
1040 # 1504
1040 # 1504
1040 # 1504
1040 # 1504
1040 # 1504
1040 # 1504
1040 # 1504
1040 # 1504
1040 # 1504
1040 # 1504
1040 # 1504
1040 # 1504
1041 # 1504
1041 # 1504
1041 # 1504
1041 # 1504
1041 # 1504
1041 # 1504
1041 # 1504
1041 # 1504
1041 # 1504
1041 # 1504
1041 # 1504
1041 # 1504
1041 # 1504
1041 # 1504
1041 # 1504
1041 # 1504
1041 # 1504
1041 # 1504
1041 # 1504
1041 # 1504
1041 # 1504
1041 # 1504
1041 # 1504
1041 # 1504
1041 # 1504
1042 # 1504
1042 # 1504
1042 # 1504
1042 # 1504
1042 # 1504
1042 # 1504
1042 # 1504
1042 # 1504
1042 # 1504
1042 # 1504
1042 # 1504
1042 # 1504
1043 # 1504
1043 # 1504
1043 # 1504
1044 # 1504
1044 # 1504
1044 # 1504
1045 # 1504
1045 # 1504
1045 # 1504
1045 # 1504
1045 # 1504
1045 # 1504
1046 # 1504
1047 # 1504
1047 # 1504
1047 # 1504
1047 # 1504
1048 # 1504
1048 # 1504
1048 # 1504
1048 # 1504
1048 # 1504
1049 # 1504
1050 # 1504
1050 # 1504
1050 # 1504
1050 # 1504
1051 # 1504
1051 # 1504
1051 # 1504
1052 # 1504
1052 # 1504
1052 # 1504
1052 # 1504
1052 # 1504
1052 # 1504
1052 # 1504
1053 # 1504
1053 # 1504
1053 # 1504
1054 # 1504
1055 # 1504
1055 # 1504
1055 # 1504
1056 # 1504
1057 # 1504
1057 # 1504
1057 # 1504
1057 # 1504
1057 # 1504
1058 # 1504
1058 # 1504
1058 # 1504
1058 # 1504
1058 # 1504
1058 # 1504
1059 # 1504
1060 # 1504
1060 # 1504
1060 # 1504
1061 # 1504
1062 # 1504
1062 # 1504
1062 # 1504
1063 # 1504
1063 # 1504
1063 # 1504
1063 # 1504
1064 # 1504
1064 # 1504
1064 # 1504
1064 # 1504
1064 # 1504
1064 # 1504
1064 # 1504
1064 # 1504
1073 # 1504
1073 # 1504
1073 # 1504
1073 # 1504
1073 # 1504
1074 # 1504
1074 # 1504
1074 # 1504
1074 # 1504
1074 # 1504
1074 # 1504
1074 # 1504
1074 # 1504
1076 # 1504
1076 # 1504
1076 # 1504
1076 # 1504
1076 # 1504
1076 # 1504
1077 # 1504
1077 # 1504
1077 # 1504
1077 # 1504
1077 # 1504
1077 # 1504
1077 # 1504
1077 # 1504
1077 # 1504
1077 # 1504
1077 # 1504
1077 # 1504
1077 # 1504
1077 # 1504
1077 # 1504
1077 # 1504
1077 # 1504
1077 # 1504
1077 # 1504
1077 # 1504
1077 # 1504
1078 # 1504
1078 # 1504
1078 # 1504
1078 # 1504
1079 # 1504
1079 # 1504
1079 # 1504
1080 # 1504
1080 # 1504
1080 # 1504
1080 # 1504
1080 # 1504
1080 # 1504
1080 # 1504
1080 # 1504
1081 # 1504
1081 # 1504
1081 # 1504
1081 # 1504
1098 # 1504
1098 # 1504
1098 # 1504
1098 # 1504
1098 # 1504
1099 # 1504
1099 # 1504
1099 # 1504
1099 # 1504
1099 # 1504
1099 # 1504
1099 # 1504
1099 # 1504
1099 # 1504
1099 # 1504
1099 # 1504
1099 # 1504
1099 # 1504
1099 # 1504
1099 # 1504
1099 # 1504
1103 # 1504
1103 # 1504
1103 # 1504
1103 # 1504
1103 # 1504
1103 # 1504
1103 # 1504
1103 # 1504
1103 # 1504
1103 # 1504
1104 # 1504
1109 # 1504
1109 # 1504
1109 # 1504
1109 # 1504
1109 # 1504
1109 # 1504
1109 # 1504
1109 # 1504
1109 # 1504
1109 # 1504
1109 # 1504
1109 # 1504
1109 # 1504
1109 # 1504
1109 # 1504
1109 # 1504
1109 # 1504
1109 # 1504
1109 # 1504
1109 # 1504
1109 # 1504
1109 # 1504
1110 # 1504
1110 # 1504
1117 # 1504
1117 # 1504
1117 # 1504
1117 # 1504
1118 # 1504
1118 # 1504
1118 # 1504
1118 # 1504
1118 # 1504
1118 # 1504
1118 # 1504
1118 # 1504
1118 # 1504
1118 # 1504
1118 # 1504
1118 # 1504
1118 # 1504
1118 # 1504
1118 # 1504
1118 # 1504
1118 # 1504
1118 # 1504
1118 # 1504
1120 # 1504
1120 # 1504
1120 # 1504
1120 # 1504
1120 # 1504
1121 # 1504
1121 # 1504
1121 # 1504
1122 # 1504
1122 # 1504
1123 # 1504
1123 # 1504
1123 # 1504
1124 # 1504
1124 # 1504
1125 # 1504
1125 # 1504
1126 # 1504
1126 # 1504
1127 # 1504
1128 # 1504
1128 # 1504
1128 # 1504
1128 # 1504
1129 # 1504
1129 # 1504
1130 # 1504
1131 # 1504
1131 # 1504
1132 # 1504
1132 # 1504
1133 # 1504
1133 # 1504
1134 # 1504
1134 # 1504
1135 # 1504
1135 # 1504
1135 # 1504
1144 # 1504
1144 # 1504
1144 # 1504
1144 # 1504
1144 # 1504
1144 # 1504
1144 # 1504
1144 # 1504
1144 # 1504
1144 # 1504
1144 # 1504
1144 # 1504
1145 # 1504
1145 # 1504
1145 # 1504
1151 # 1504
1151 # 1504
1151 # 1504
1152 # 1504
1152 # 1504
1154 # 1504
1154 # 1504
1154 # 1504
1154 # 1504
1154 # 1504
1154 # 1504
1154 # 1504
1154 # 1504
1154 # 1504
1154 # 1504
1154 # 1504
1154 # 1504
1154 # 1504
1155 # 1504
1155 # 1504
1156 # 1504
1157 # 1504
1157 # 1504
1158 # 1504
1160 # 1504
1160 # 1504
1161 # 1504
1162 # 1504
1162 # 1504
1162 # 1504
1163 # 1504
1164 # 1504
1164 # 1504
1165 # 1504
1165 # 1504
1166 # 1504
1167 # 1504
1167 # 1504
1169 # 1504
1169 # 1504
1169 # 1504
1170 # 1504
1171 # 1504
1171 # 1504
1172 # 1504
1172 # 1504
1173 # 1504
1174 # 1504
1174 # 1504
1174 # 1504
1177 # 1504
1177 # 1504
1178 # 1504
1178 # 1504
1179 # 1504
1179 # 1504
1180 # 1504
1181 # 1504
1181 # 1504
1182 # 1504
1182 # 1504
1182 # 1504
1183 # 1504
1183 # 1504
1184 # 1504
1184 # 1504
1194 # 1504
1195 # 1504
1195 # 1504
1195 # 1504
1195 # 1504
1195 # 1504
1195 # 1504
1195 # 1504
1196 # 1504
1196 # 1504
1196 # 1504
1196 # 1504
1196 # 1504
1197 # 1504
1198 # 1504
1199 # 1504
1200 # 1504
1200 # 1504
1201 # 1504
1201 # 1504
1202 # 1504
1203 # 1504
1203 # 1504
1204 # 1504
1205 # 1504
1205 # 1504
1206 # 1504
1206 # 1504
1208 # 1504
1208 # 1504
1209 # 1504
1209 # 1504
1209 # 1504
1210 # 1504
1210 # 1504
1211 # 1504
1211 # 1504
1212 # 1504
1212 # 1504
1213 # 1504
1213 # 1504
1214 # 1504
1214 # 1504
1215 # 1504
1215 # 1504
1224 # 1504
1224 # 1504
1224 # 1504
1224 # 1504
1224 # 1504
1224 # 1504
1224 # 1504
1224 # 1504
1225 # 1504
1225 # 1504
1225 # 1504
1225 # 1504
1225 # 1504
1225 # 1504
1225 # 1504
1225 # 1504
1225 # 1504
1225 # 1504
1225 # 1504
1225 # 1504
1225 # 1504
1225 # 1504
1225 # 1504
1226 # 1504
1227 # 1504
1228 # 1504
1229 # 1504
1230 # 1504
1230 # 1504
1231 # 1504
1231 # 1504
1231 # 1504
1231 # 1504
1232 # 1504
1232 # 1504
1233 # 1504
1233 # 1504
1234 # 1504
1234 # 1504
1235 # 1504
1235 # 1504
1237 # 1504
1237 # 1504
1238 # 1504
1238 # 1504
1239 # 1504
1239 # 1504
1240 # 1504
1240 # 1504
1240 # 1504
1240 # 1504
1241 # 1504
1241 # 1504
1242 # 1504
1242 # 1504
1243 # 1504
1243 # 1504
1244 # 1504
1244 # 1504
1244 # 1504
1245 # 1504
1245 # 1504
1254 # 1504
1254 # 1504
1254 # 1504
1255 # 1504
1264 # 1504
1264 # 1504
1264 # 1504
1264 # 1504
1264 # 1504
1264 # 1504
1264 # 1504
1264 # 1504
1264 # 1504
1264 # 1504
1264 # 1504
1264 # 1504
1265 # 1504
1266 # 1504
1266 # 1504
1266 # 1504
1266 # 1504
1269 # 1504
1269 # 1504
1270 # 1504
1270 # 1504
1270 # 1504
1270 # 1504
1270 # 1504
1271 # 1504
1271 # 1504
1271 # 1504
1272 # 1504
1272 # 1504
1272 # 1504
1272 # 1504
1273 # 1504
1274 # 1504
1274 # 1504
1276 # 1504
1277 # 1504
1277 # 1504
1278 # 1504
1278 # 1504
1279 # 1504
1280 # 1504
1280 # 1504
1281 # 1504
1282 # 1504
1282 # 1504
1283 # 1504
1285 # 1504
1285 # 1504
1285 # 1504
1286 # 1504
1287 # 1504
1288 # 1504
1289 # 1504
1289 # 1504
1290 # 1504
1292 # 1504
1292 # 1504
1292 # 1504
1293 # 1504
1294 # 1504
1295 # 1504
1295 # 1504
1296 # 1504
1297 # 1504
1297 # 1504
1298 # 1504
1298 # 1504
1299 # 1504
1300 # 1504
1301 # 1504
1301 # 1504
1303 # 1504
1303 # 1504
1303 # 1504
1304 # 1504
1304 # 1504
1305 # 1504
1306 # 1504
1307 # 1504
1307 # 1504
1308 # 1504
1308 # 1504
1308 # 1504
1310 # 1504
1311 # 1504
1311 # 1504
1312 # 1504
1312 # 1504
1313 # 1504
1315 # 1504
1315 # 1504
1315 # 1504
1316 # 1504
1316 # 1504
1317 # 1504
1317 # 1504
1319 # 1504
1319 # 1504
1319 # 1504
1320 # 1504
1320 # 1504
1322 # 1504
1322 # 1504
1322 # 1504
1323 # 1504
1323 # 1504
1324 # 1504
1324 # 1504
1324 # 1504
1326 # 1504
1326 # 1504
1327 # 1504
1327 # 1504
1328 # 1504
1329 # 1504
1330 # 1504
1330 # 1504
1331 # 1504
1331 # 1504
1332 # 1504
1332 # 1504
1333 # 1504
1334 # 1504
1334 # 1504
1335 # 1504
1335 # 1504
1337 # 1504
1337 # 1504
1337 # 1504
1338 # 1504
1338 # 1504
1339 # 1504
1339 # 1504
1340 # 1504
1340 # 1504
1340 # 1504
1341 # 1504
1342 # 1504
1342 # 1504
1343 # 1504
1343 # 1504
1344 # 1504
1344 # 1504
1344 # 1504
1345 # 1504
1345 # 1504
1347 # 1504
1348 # 1504
1348 # 1504
1349 # 1504
1349 # 1504
1349 # 1504
1350 # 1504
1350 # 1504
1351 # 1504
1351 # 1504
1354 # 1504
1354 # 1504
1355 # 1504
1356 # 1504
1356 # 1504
1356 # 1504
1356 # 1504
1357 # 1504
1357 # 1504
1358 # 1504
1358 # 1504
1360 # 1504
1360 # 1504
1360 # 1504
1360 # 1504
1360 # 1504
1361 # 1504
1361 # 1504
1363 # 1504
1363 # 1504
1363 # 1504
1363 # 1504
1364 # 1504
1364 # 1504
1365 # 1504
1365 # 1504
1365 # 1504
1366 # 1504
1367 # 1504
1367 # 1504
1367 # 1504
1367 # 1504
1367 # 1504
1368 # 1504
1368 # 1504
1368 # 1504
1369 # 1504
1369 # 1504
1370 # 1504
1370 # 1504
1370 # 1504
1378 # 1504
1378 # 1504
1378 # 1504
1378 # 1504
1378 # 1504
1378 # 1504
1378 # 1504
1378 # 1504
1378 # 1504
1378 # 1504
1379 # 1504
1379 # 1504
1379 # 1504
1379 # 1504
1379 # 1504
1379 # 1504
1379 # 1504
1379 # 1504
1379 # 1504
1379 # 1504
1380 # 1504
1380 # 1504
1380 # 1504
1380 # 1504
1380 # 1504
1381 # 1504
1382 # 1504
1382 # 1504
1382 # 1504
1383 # 1504
1383 # 1504
1383 # 1504
1383 # 1504
1383 # 1504
1384 # 1504
1384 # 1504
1384 # 1504
1385 # 1504
1385 # 1504
1386 # 1504
1394 # 1504
1395 # 1504
1396 # 1504
1396 # 1504
1396 # 1504
1396 # 1504
1397 # 1504
1397 # 1504
1397 # 1504
1397 # 1504
1398 # 1504
1398 # 1504
1398 # 1504
1398 # 1504
1398 # 1504
1398 # 1504
1398 # 1504
1399 # 1504
1399 # 1504
1402 # 1504
1402 # 1504
1402 # 1504
1402 # 1504
1402 # 1504
1402 # 1504
1402 # 1504
1402 # 1504
1402 # 1504
1402 # 1504
1403 # 1504
1403 # 1504
1403 # 1504
1404 # 1504
1404 # 1504
1405 # 1504
1405 # 1504
1405 # 1504
1406 # 1504
1406 # 1504
1408 # 1504
1408 # 1504
1416 # 1504
1416 # 1504
1418 # 1504
1418 # 1504
1419 # 1504
1419 # 1504
1419 # 1504
1420 # 1504
1420 # 1504
1420 # 1504
1420 # 1504
1420 # 1504
1420 # 1504
1423 # 1504
1423 # 1504
1423 # 1504
1423 # 1504
1423 # 1504
1423 # 1504
1423 # 1504
1423 # 1504
1424 # 1504
1424 # 1504
1424 # 1504
1425 # 1504
1425 # 1504
1425 # 1504
1427 # 1504
1427 # 1504
1428 # 1504
1429 # 1504
1429 # 1504
1430 # 1504
1430 # 1504
1431 # 1504
1431 # 1504
1431 # 1504
1432 # 1504
1432 # 1504
1433 # 1504
1433 # 1504
1435 # 1504
1435 # 1504
1437 # 1504
1437 # 1504
1438 # 1504
1438 # 1504
1439 # 1504
1439 # 1504
1440 # 1504
1440 # 1504
1441 # 1504
1441 # 1504
1443 # 1504
1444 # 1504
1444 # 1504
1445 # 1504
1445 # 1504
1445 # 1504
1445 # 1504
1446 # 1504
1446 # 1504
1447 # 1504
1447 # 1504
1448 # 1504
1448 # 1504
1449 # 1504
1450 # 1504
1451 # 1504
1452 # 1504
1452 # 1504
1452 # 1504
1452 # 1504
1453 # 1504
1453 # 1504
1454 # 1504
1454 # 1504
1455 # 1504
1455 # 1504
1456 # 1504
1456 # 1504
1457 # 1504
1457 # 1504
1457 # 1504
1458 # 1504
1460 # 1504
1460 # 1504
1461 # 1504
1461 # 1504
1462 # 1504
1462 # 1504
1463 # 1504
1463 # 1504
1463 # 1504
1464 # 1504
1464 # 1504
1465 # 1504
1465 # 1504
1466 # 1504
1466 # 1504
1466 # 1504
1468 # 1504
1468 # 1504
1469 # 1504
1469 # 1504
1470 # 1504
1470 # 1504
1471 # 1504
1471 # 1504
1472 # 1504
1472 # 1504
1472 # 1504
1472 # 1504
1473 # 1504
1473 # 1504
1474 # 1504
1475 # 1504
1476 # 1504
1476 # 1504
1477 # 1504
1477 # 1504
1477 # 1504
1478 # 1504
1480 # 1504
1480 # 1504
1480 # 1504
1480 # 1504
1481 # 1504
1482 # 1504
1482 # 1504
1482 # 1504
1482 # 1504
1484 # 1504
1484 # 1504
1485 # 1504
1485 # 1504
1485 # 1504
1486 # 1504
1486 # 1504
1486 # 1504
1486 # 1504
1486 # 1504
1487 # 1504
1487 # 1504
1487 # 1504
1488 # 1504
1489 # 1504
1490 # 1504
1491 # 1504
1491 # 1504
1492 # 1504
1492 # 1504
1492 # 1504
1492 # 1504
1492 # 1504
1493 # 1504
1493 # 1504
1494 # 1504
1494 # 1504
1496 # 1504
1496 # 1504
1496 # 1504
1497 # 1504
1497 # 1504
1497 # 1504
1497 # 1504
1498 # 1504
1498 # 1504
1499 # 1504
1499 # 1504
1499 # 1504
1500 # 1504
1501 # 1504
1502 # 1504
1502 # 1504
1502 # 1504
1503 # 1504
1503 # 1504
1503 # 1504
1503 # 1504
1503 # 1504
1504 # 1504
1504 # 1504
1505 # 1504
1505 # 1504
1505 # 1504
1506 # 1504
1508 # 1504
1508 # 1504
1508 # 1504
1508 # 1504
1517 # 1504
1517 # 1504
1517 # 1504
1517 # 1504
1517 # 1504
1518 # 1504
1518 # 1504
1518 # 1504
1518 # 1504
1518 # 1504
1518 # 1504
1518 # 1504
1518 # 1504
1518 # 1504
1518 # 1504
1518 # 1504
1518 # 1504
1518 # 1504
1518 # 1504
1518 # 1504
1518 # 1504
1527 # 1504
1527 # 1504
1528 # 1504
1538 # 1504
1538 # 1504
1538 # 1504
1538 # 1504
1538 # 1504
1538 # 1504
1538 # 1504
1538 # 1504
1538 # 1504
1538 # 1504
1538 # 1504
1538 # 1504
1538 # 1504
1538 # 1504
1539 # 1504
1539 # 1504
1539 # 1504
1539 # 1504
1539 # 1504
1539 # 1504
1539 # 1504
1539 # 1504
1539 # 1504
1540 # 1504
1540 # 1504
1540 # 1504
1541 # 1504
1541 # 1504
1542 # 1504
1542 # 1504
1543 # 1504
1544 # 1504
1544 # 1504
1544 # 1504
1544 # 1504
1544 # 1504
1545 # 1504
1545 # 1504
1546 # 1504
1546 # 1504
1547 # 1504
1547 # 1504
1548 # 1504
1548 # 1504
1549 # 1504
1549 # 1504
1549 # 1504
1550 # 1504
1550 # 1504
1551 # 1504
1551 # 1504
1551 # 1504
1551 # 1504
1551 # 1504
1552 # 1504
1553 # 1504
1554 # 1504
1554 # 1504
1555 # 1504
1555 # 1504
1555 # 1504
1556 # 1504
1556 # 1504
1557 # 1504
1557 # 1504
1557 # 1504
1558 # 1504
1558 # 1504
1559 # 1504
1559 # 1504
1559 # 1504
1559 # 1504
1559 # 1504
1561 # 1504
1561 # 1504
1561 # 1504
1561 # 1504
1562 # 1504
1563 # 1504
1564 # 1504
1565 # 1504
1565 # 1504
1566 # 1504
1566 # 1504
1566 # 1504
1567 # 1504
1567 # 1504
1568 # 1504
1568 # 1504
1568 # 1504
1568 # 1504
1570 # 1504
1570 # 1504
1571 # 1504
1571 # 1504
1571 # 1504
1572 # 1504
1572 # 1504
1573 # 1504
1573 # 1504
1575 # 1504
1575 # 1504
1575 # 1504
1576 # 1504
1576 # 1504
1576 # 1504
1576 # 1504
1577 # 1504
1577 # 1504
1578 # 1504
1578 # 1504
1578 # 1504
1579 # 1504
1579 # 1504
1580 # 1504
1580 # 1504
1580 # 1504
1581 # 1504
1581 # 1504
1590 # 1504
1590 # 1504
1590 # 1504
1590 # 1504
1590 # 1504
1590 # 1504
1590 # 1504
1590 # 1504
1590 # 1504
1590 # 1504
1590 # 1504
1590 # 1504
1590 # 1504
1590 # 1504
1590 # 1504
1590 # 1504
1590 # 1504
1607 # 1504
1607 # 1504
1607 # 1504
1608 # 1504
1608 # 1504
1608 # 1504
1608 # 1504
1608 # 1504
1608 # 1504
1608 # 1504
1608 # 1504
1608 # 1504
1608 # 1504
1608 # 1504
1608 # 1504
1608 # 1504
1608 # 1504
1608 # 1504
1608 # 1504
1608 # 1504
1608 # 1504
1608 # 1504
1612 # 1504
1612 # 1504
1612 # 1504
1612 # 1504
1613 # 1504
1613 # 1504
1613 # 1504
1613 # 1504
1613 # 1504
1614 # 1504
1614 # 1504
1615 # 1504
1615 # 1504
1615 # 1504
1616 # 1504
1616 # 1504
1617 # 1504
1617 # 1504
1618 # 1504
1618 # 1504
1620 # 1504
1620 # 1504
1621 # 1504
1621 # 1504
1621 # 1504
1621 # 1504
1621 # 1504
1622 # 1504
1622 # 1504
1622 # 1504
1623 # 1504
1624 # 1504
1625 # 1504
1625 # 1504
1625 # 1504
1625 # 1504
1625 # 1504
1633 # 1504
1633 # 1504
1633 # 1504
1636 # 1504
1636 # 1504
1636 # 1504
1636 # 1504
1636 # 1504
1637 # 1504
1637 # 1504
1637 # 1504
1638 # 1504
1638 # 1504
1638 # 1504
1638 # 1504
1638 # 1504
1638 # 1504
1638 # 1504
1638 # 1504
1639 # 1504
1639 # 1504
1639 # 1504
1639 # 1504
1639 # 1504
1640 # 1504
1640 # 1504
1642 # 1504
1642 # 1504
1642 # 1504
1643 # 1504
1643 # 1504
1643 # 1504
1643 # 1504
1643 # 1504
1645 # 1504
1645 # 1504
1645 # 1504
1645 # 1504
1647 # 1504
1648 # 1504
1648 # 1504
1648 # 1504
1648 # 1504
1649 # 1504
1649 # 1504
1650 # 1504
1650 # 1504
1652 # 1504
1652 # 1504
1652 # 1504
1652 # 1504
1652 # 1504
1661 # 1504
1661 # 1504
1661 # 1504
1661 # 1504
1661 # 1504
1661 # 1504
1661 # 1504
1664 # 1504
1664 # 1504
1665 # 1504
1665 # 1504
1665 # 1504
1666 # 1504
1666 # 1504
1667 # 1504
1667 # 1504
1667 # 1504
1668 # 1504
1668 # 1504
1669 # 1504
1669 # 1504
1669 # 1504
1671 # 1504
1671 # 1504
1676 # 1504
1676 # 1504
1676 # 1504
1676 # 1504
1676 # 1504
1676 # 1504
1676 # 1504
1677 # 1504
1677 # 1504
1677 # 1504
1677 # 1504
1678 # 1504
1678 # 1504
1679 # 1504
1679 # 1504
1679 # 1504
1679 # 1504
1680 # 1504
1680 # 1504
1682 # 1504
1682 # 1504
1683 # 1504
1683 # 1504
1684 # 1504
1684 # 1504
1684 # 1504
1684 # 1504
1685 # 1504
1685 # 1504
1695 # 1504
1695 # 1504
1697 # 1504
1697 # 1504
1697 # 1504
1697 # 1504
1698 # 1504
1698 # 1504
1698 # 1504
1698 # 1504
1701 # 1504
1701 # 1504
1701 # 1504
1702 # 1504
1702 # 1504
1702 # 1504
1702 # 1504
1702 # 1504
1702 # 1504
1711 # 1504
1711 # 1504
1711 # 1504
1711 # 1504
1711 # 1504
1711 # 1504
1711 # 1504
1711 # 1504
1712 # 1504
1712 # 1504
1712 # 1504
1712 # 1504
1713 # 1504
1714 # 1504
1714 # 1504
1714 # 1504
1714 # 1504
1723 # 1504
1723 # 1504
1723 # 1504
1723 # 1504
1723 # 1504
1723 # 1504
1723 # 1504
1723 # 1504
1724 # 1504
1725 # 1504
1725 # 1504
1726 # 1504
1726 # 1504
1726 # 1504
1731 # 1504
1731 # 1504
1731 # 1504
1731 # 1504
1733 # 1504
1734 # 1504
1736 # 1504
1736 # 1504
1737 # 1504
1737 # 1504
1737 # 1504
1738 # 1504
1739 # 1504
1739 # 1504
1741 # 1504
1741 # 1504
1741 # 1504
1742 # 1504
1743 # 1504
1743 # 1504
1744 # 1504
1753 # 1504
1753 # 1504
1753 # 1504
1753 # 1504
1753 # 1504
1753 # 1504
1754 # 1504
1754 # 1504
1754 # 1504
1754 # 1504
1754 # 1504
1754 # 1504
1754 # 1504
1755 # 1504
1755 # 1504
1757 # 1504
1758 # 1504
1759 # 1504
1759 # 1504
1759 # 1504
1762 # 1504
1762 # 1504
1763 # 1504
1764 # 1504
1764 # 1504
1764 # 1504
1774 # 1504
1774 # 1504
1774 # 1504
1776 # 1504
1778 # 1504
1778 # 1504
1778 # 1504
1779 # 1504
1779 # 1504
1779 # 1504
1781 # 1504
1781 # 1504
1781 # 1504
1781 # 1504
1782 # 1504
1783 # 1504
1784 # 1504
1784 # 1504
1785 # 1504
1785 # 1504
1787 # 1504
1788 # 1504
1788 # 1504
1789 # 1504
1790 # 1504
1791 # 1504
1791 # 1504
1791 # 1504
1793 # 1504
1794 # 1504
1795 # 1504
1795 # 1504
1795 # 1504
1797 # 1504
1797 # 1504
1798 # 1504
1799 # 1504
1800 # 1504
1800 # 1504
1800 # 1504
1802 # 1504
1803 # 1504
1804 # 1504
1804 # 1504
1804 # 1504
1805 # 1504
1805 # 1504
1807 # 1504
1809 # 1504
1809 # 1504
1809 # 1504
1819 # 1504
1819 # 1504
1819 # 1504
1819 # 1504
1819 # 1504
1819 # 1504
1819 # 1504
1819 # 1504
1819 # 1504
1819 # 1504
1821 # 1504
1821 # 1504
1821 # 1504
1822 # 1504
1823 # 1504
1832 # 1504
1832 # 1504
1832 # 1504
1832 # 1504
1832 # 1504
1832 # 1504
1832 # 1504
1832 # 1504
1832 # 1504
1832 # 1504
1833 # 1504
1834 # 1504
1834 # 1504
1835 # 1504
1836 # 1504
1836 # 1504
1836 # 1504
1838 # 1504
1839 # 1504
1839 # 1504
1840 # 1504
1841 # 1504
1841 # 1504
1841 # 1504
1843 # 1504
1844 # 1504
1845 # 1504
1845 # 1504
1845 # 1504
1847 # 1504
1847 # 1504
1849 # 1504
1849 # 1504
1850 # 1504
1850 # 1504
1852 # 1504
1852 # 1504
1853 # 1504
1854 # 1504
1854 # 1504
1856 # 1504
1856 # 1504
1857 # 1504
1866 # 1504
1868 # 1504
1868 # 1504
1868 # 1504
1868 # 1504
1868 # 1504
1868 # 1504
1868 # 1504
1868 # 1504
1868 # 1504
1869 # 1504
1869 # 1504
1870 # 1504
1872 # 1504
1873 # 1504
1873 # 1504
1873 # 1504
1875 # 1504
1876 # 1504
1876 # 1504
1878 # 1504
1878 # 1504
1887 # 1504
1887 # 1504
1887 # 1504
1887 # 1504
1887 # 1504
1887 # 1504
1888 # 1504
1892 # 1504
1892 # 1504
1892 # 1504
1892 # 1504
1893 # 1504
1893 # 1504
1894 # 1504
1894 # 1504
1894 # 1504
1895 # 1504
1896 # 1504
1898 # 1504
1898 # 1504
1900 # 1504
1900 # 1504
1903 # 1504
1903 # 1504
1904 # 1504
1905 # 1504
1905 # 1504
1908 # 1504
1909 # 1504
1910 # 1504
1911 # 1504
1911 # 1504
1912 # 1504
1912 # 1504
1914 # 1504
1915 # 1504
1915 # 1504
1924 # 1504
1924 # 1504
1924 # 1504
1924 # 1504
1924 # 1504
1924 # 1504
1924 # 1504
1924 # 1504
1924 # 1504
1925 # 1504
1925 # 1504
1925 # 1504
1926 # 1504
1928 # 1504
1930 # 1504
1930 # 1504
1930 # 1504
1931 # 1504
1933 # 1504
1934 # 1504
1936 # 1504
1936 # 1504
1937 # 1504
1938 # 1504
1938 # 1504
1941 # 1504
1941 # 1504
1942 # 1504
1943 # 1504
1943 # 1504
1945 # 1504
1948 # 1504
1948 # 1504
1948 # 1504
1949 # 1504
1950 # 1504
1951 # 1504
1952 # 1504
1952 # 1504
1952 # 1504
1954 # 1504
1955 # 1504
1956 # 1504
1957 # 1504
1959 # 1504
1959 # 1504
1959 # 1504
1960 # 1504
1961 # 1504
1962 # 1504
1963 # 1504
1963 # 1504
1963 # 1504
1965 # 1504
1966 # 1504
1967 # 1504
1967 # 1504
1969 # 1504
1969 # 1504
1971 # 1504
1972 # 1504
1972 # 1504
1974 # 1504
1974 # 1504
1974 # 1504
1975 # 1504
1976 # 1504
1977 + 56
1978 # 1504
1978 - 56 1
1978 # 1504
1979 # 1504
1980 # 1504
1980 # 1504
1980 # 1504
1982 # 1504
1984 # 1504
1985 # 1504
1985 # 1504
1985 # 1504
1985 # 1504
1987 # 1504
1987 # 1504
1990 # 1504
1991 # 1504
1992 # 1504
1992 # 1504
1992 # 1504
1993 # 1504
1993 + 56
1994 # 1504
1994 - 56 1
1995 # 1504
1995 # 1504
1995 + 56
1995 + 56
1995 + 56
1995 + 56
1997 # 1504
1997 - 56 2
1997 - 56 2
1997 - 56 2
1997 - 56 2
1997 + 56
1997 + 56
1997 + 56
1997 + 56
1998 # 1504
1998 - 56 1
1998 - 56 1
1998 - 56 1
1998 - 56 1
1998 # 1504
1998 # 1504
1998 + 56
1999 # 1504
1999 - 56 1
2000 # 1504
2000 # 1504
2000 + 56
2001 # 1504
2001 - 56 1
2002 # 1504
2003 # 1504
2003 # 1504
2005 # 1504
2005 # 1504
2006 # 1504
2006 # 1504
2007 # 1504
2008 # 1504
2009 # 1504
2009 # 1504
2009 + 56
2009 + 56
2009 + 56
2009 + 56
2010 # 1504
2010 - 56 1
2010 - 56 1
2010 - 56 1
2010 - 56 1
2010 # 1504
2010 # 1504
2011 + 56
2011 + 56
2011 + 56
2011 + 56
2012 # 1504
2012 - 56 1
2012 - 56 1
2012 - 56 1
2012 - 56 1
2013 # 1504
2013 + 56
2014 # 1504
2014 - 56 1
2015 # 1504
2015 # 1504
2016 # 1504
2016 # 1504
2016 # 1504
2017 # 1504
2019 # 1504
2019 + 56
2020 # 1504
2020 - 56 1
2020 # 1504
2021 # 1504
2022 # 1504
2022 + 56
2023 # 1504
2023 - 56 1
2023 # 1504
2024 # 1504
2025 # 1504
2025 # 1504
2027 # 1504
2028 # 1504
2029 # 1504
2029 # 1504
2029 # 1504
2030 # 1504
2031 # 1504
2032 # 1504
2032 # 1504
2033 + 56
2033 + 56
2034 # 1504
2034 - 56 1
2034 - 56 1
2034 + 56
2035 # 1504
2035 - 56 1
2036 # 1504
2036 # 1504
2036 # 1504
2036 + 56
2037 # 1504
2037 - 56 1
2037 + 56
2038 # 1504
2038 - 56 1
2039 # 1504
2039 # 1504
2039 + 56
2040 # 1504
2040 - 56 1
2040 + 56
2042 # 1504
2042 - 56 2
2042 # 1504
2042 # 1504
2043 # 1504
2044 # 1504
2044 # 1504
2044 + 56
2045 # 1504
2045 - 56 1
2046 # 1504
2046 # 1504
2046 + 56
2046 + 68
2046 + 56
2047 # 1504
2047 - 56 1
2047 - 68 1
2047 - 56 1
2048 + 56
2048 + 56
2048 + 56
2049 + 56
2050 + 56
2050 + 56
2052 + 56
2052 + 56
2056 # 1504
2056 - 56 8
2056 - 56 8
2056 - 56 8
2056 - 56 7
2056 - 56 6
2056 - 56 6
2056 - 56 4
2056 - 56 4
2057 # 1504
2057 # 1504
2057 # 1504
2060 # 1504
2060 # 1504
2062 # 1504
2062 # 1504
2062 # 1504
2062 + 56
2062 + 56
2062 + 56
2062 + 56
2062 + 56
2062 + 56
2063 # 1504
2063 - 56 1
2063 - 56 1
2063 - 56 1
2063 - 56 1
2063 - 56 1
2063 - 56 1
2063 # 1504
2063 # 1504
2063 # 1504
2063 + 56
2063 + 56
2063 + 56
2064 # 1504
2064 - 56 1
2064 - 56 1
2064 - 56 1
2064 # 1504
2064 # 1504
2065 + 56
2066 # 1504
2066 - 56 1
2068 # 1504
2068 + 56
2069 # 1504
2069 - 56 1
2070 # 1504
2070 # 1504
2070 + 56
2071 # 1504
2071 - 56 1
2071 # 1504
2071 + 56
2072 # 1504
2072 - 56 1
2072 # 1504
2073 # 1504
2074 # 1504
2074 + 56
2074 + 56
2075 + 56
2076 # 1504
2076 - 56 2
2076 - 56 2
2076 - 56 1
2077 # 1504
2077 # 1504
2077 # 1504
2078 # 1504
2079 # 1504
2080 # 1504
2080 # 1504
2081 # 1504
2083 # 1504
2084 # 1504
2084 # 1504
2084 # 1504
2085 # 1504
2085 # 1504
2085 + 56
2085 + 56
2085 + 56
2086 # 1504
2086 - 56 1
2086 - 56 1
2086 - 56 1
2087 # 1504
2087 + 56
2087 + 56
2087 + 56
2088 # 1504
2088 - 56 1
2088 - 56 1
2088 - 56 1
2088 # 1504
2088 + 56
2088 + 56
2089 # 1504
2089 - 56 1
2089 - 56 1
2089 # 1504
2090 + 56
2091 # 1504
2091 - 56 1
2091 # 1504
2092 # 1504
2093 # 1504
2094 # 1504
2094 # 1504
2094 # 1504
2096 # 1504
2097 # 1504
2097 # 1504
2098 # 1504
2099 # 1504
2100 # 1504
2100 # 1504
2100 + 56
2101 # 1504
2101 - 56 1
2101 # 1504
2101 + 56
2101 + 56
2101 + 56
2101 + 56
2102 # 1504
2102 - 56 1
2102 - 56 1
2102 - 56 1
2102 - 56 1
2102 # 1504
2104 # 1504
2104 + 56
2104 + 56
2104 + 56
2104 + 56
2104 + 56
2104 + 56
2105 # 1504
2105 - 56 1
2105 - 56 1
2105 - 56 1
2105 - 56 1
2105 - 56 1
2105 - 56 1
2105 # 1504
2105 + 56
2105 + 56
2105 + 56
2105 + 56
2107 # 1504
2107 - 56 2
2107 - 56 2
2107 - 56 2
2107 - 56 2
2107 # 1504
2107 + 56
2108 # 1504
2108 - 56 1
2108 # 1504
2109 # 1504
2109 + 56
2109 + 56
2110 # 1504
2110 - 56 1
2110 - 56 1
2110 # 1504
2110 + 56
2110 + 56
2110 + 56
2111 + 56
2112 # 1504
2112 - 56 2
2112 - 56 2
2112 - 56 2
2112 - 56 1
2112 + 56
2113 # 1504
2113 - 56 1
2113 # 1504
2114 # 1504
2114 # 1504
2114 + 56
2114 + 56
2115 # 1504
2115 - 56 1
2115 - 56 1
2115 # 1504
2115 + 56
2116 # 1504
2116 - 56 1
2117 # 1504
2117 + 56
2117 + 56
2117 + 56
2119 # 1504
2119 - 56 2
2119 - 56 2
2119 - 56 2
2119 # 1504
2119 + 56
2119 + 56
2119 + 56
2120 # 1504
2120 - 56 1
2120 - 56 1
2120 - 56 1
2120 # 1504
2120 # 1504
2121 # 1504
2121 + 56
2121 + 56
2122 # 1504
2122 - 56 1
2122 - 56 1
2122 + 56
2123 # 1504
2123 - 56 1
2123 # 1504
2124 # 1504
2124 + 56
2125 # 1504
2125 - 56 1
2127 # 1504
2127 # 1504
2127 # 1504
2128 # 1504
2129 # 1504
2129 # 1504
2129 + 56
2129 + 56
2129 + 56
2130 # 1504
2130 - 56 1
2130 - 56 1
2130 - 56 1
2131 # 1504
2131 # 1504
2132 # 1504
2134 # 1504
2134 # 1504
2134 # 1504
2135 # 1504
2136 # 1504
2136 # 1504
2137 # 1504
2138 # 1504
2138 # 1504
2139 # 1504
2139 # 1504
2139 # 1504
2140 # 1504
2140 + 56
2140 + 56
2140 + 56
2142 # 1504
2142 - 56 2
2142 - 56 2
2142 - 56 2
2142 # 1504
2143 # 1504
2144 # 1504
2144 # 1504
2145 # 1504
2145 # 1504
2146 # 1504
2146 # 1504
2146 # 1504
2146 + 56
2146 + 56
2146 + 56
2146 + 56
2146 + 56
2146 + 56
2146 + 56
2146 + 56
2146 + 56
2146 + 56
2146 + 56
2146 + 56
2146 + 56
2146 + 56
2146 + 56
2146 + 56
2146 + 56
2146 + 56
2146 + 56
2146 + 56
2147 # 1504
2147 - 56 1
2147 - 56 1
2147 - 56 1
2147 - 56 1
2147 - 56 1
2147 - 56 1
2147 - 56 1
2147 - 56 1
2147 - 56 1
2147 - 56 1
2147 - 56 1
2147 - 56 1
2147 - 56 1
2147 - 56 1
2147 - 56 1
2147 - 56 1
2147 - 56 1
2147 - 56 1
2147 - 56 1
2147 - 56 1
2147 + 56
2149 # 1504
2149 - 56 2
2151 # 1504
2151 # 1504
2152 # 1504
2152 # 1504
2153 # 1504
2153 # 1504
2154 # 1504
2154 + 56
2154 + 56
2154 + 56
2154 + 56
2154 + 56
2154 + 56
2154 + 56
2155 # 1504
2155 - 56 1
2155 - 56 1
2155 - 56 1
2155 - 56 1
2155 - 56 1
2155 - 56 1
2155 - 56 1
2155 # 1504
2155 + 56
2155 + 56
2155 + 56
2155 + 56
2155 + 56
2155 + 56
2156 # 1504
2156 - 56 1
2156 - 56 1
2156 - 56 1
2156 - 56 1
2156 - 56 1
2156 - 56 1
2156 # 1504
2162 # 1504
2162 # 1504
2163 # 1504
2163 # 1504
2164 + 56
2164 + 56
2164 + 56
2164 + 56
2164 + 56
2164 + 56
2164 + 56
2166 + 56
2166 + 56
2166 + 56
2166 + 56
2166 + 56
2166 + 56
2166 + 56
2168 + 56
2168 + 56
2168 + 56
2170 # 1504
2170 - 56 6
2170 - 56 6
2170 - 56 6
2170 - 56 6
2170 - 56 6
2170 - 56 6
2170 - 56 6
2170 - 56 4
2170 - 56 4
2170 - 56 4
2170 - 56 4
2170 - 56 4
2170 - 56 4
2170 - 56 4
2170 - 56 2
2170 - 56 2
2170 - 56 2
2170 # 1504
2170 # 1504
2170 # 1504
2170 + 56
2170 + 56
2170 + 56
2170 + 56
2170 + 56
2171 # 1504
2171 - 56 1
2171 - 56 1
2171 - 56 1
2171 - 56 1
2171 - 56 1
2172 # 1504
2172 # 1504
2173 # 1504
2173 + 56
2173 + 56
2173 + 56
2174 # 1504
2174 - 56 1
2174 - 56 1
2174 - 56 1
2174 # 1504
2174 + 56
2174 + 56
2175 + 56
2175 + 56
2175 + 56
2177 # 1504
2177 - 56 3
2177 - 56 3
2177 - 56 2
2177 - 56 2
2177 - 56 2
2177 # 1504
2177 # 1504
2178 # 1504
2178 # 1504
2178 + 56
2179 # 1504
2179 - 56 1
2179 # 1504
2180 # 1504
2180 # 1504
2181 # 1504
2181 + 56
2181 + 56
2182 # 1504
2182 - 56 1
2182 - 56 1
2182 # 1504
2182 # 1504
2182 # 1504
2183 # 1504
2184 + 56
2184 + 56
2184 + 56
2184 + 56
2184 + 56
2184 + 56
2184 + 56
2185 # 1504
2185 - 56 1
2185 - 56 1
2185 - 56 1
2185 - 56 1
2185 - 56 1
2185 - 56 1
2185 - 56 1
2185 # 1504
2186 # 1504
2187 # 1504
2187 # 1504
2187 + 56
2187 + 56
2187 + 56
2187 + 56
2187 + 56
2188 # 1504
2188 - 56 1
2188 - 56 1
2188 - 56 1
2188 - 56 1
2188 - 56 1
2188 # 1504
2188 + 56
2188 + 56
2188 + 56
2189 # 1504
2189 - 56 1
2189 - 56 1
2189 - 56 1
2189 # 1504
2189 # 1504
2189 + 56
2189 + 56
2190 # 1504
2190 - 56 1
2190 - 56 1
2191 # 1504
2191 + 56
2193 # 1504
2193 - 56 2
2193 # 1504
2193 + 56
2194 + 56
2194 + 56
2194 + 56
2194 + 56
2194 + 56
2195 # 1504
2195 - 56 2
2195 - 56 1
2195 - 56 1
2195 - 56 1
2195 - 56 1
2195 - 56 1
2195 # 1504
2195 + 56
2195 + 56
2196 # 1504
2196 - 56 1
2196 - 56 1
2196 # 1504
2196 # 1504
2196 + 56
2196 + 56
2197 # 1504
2197 - 56 1
2197 - 56 1
2197 # 1504
2197 + 56
2197 + 56
2198 # 1504
2198 - 56 1
2198 - 56 1
2198 # 1504
2198 + 56
2198 + 56
2198 + 56
2200 # 1504
2200 - 56 2
2200 - 56 2
2200 - 56 2
2200 # 1504
2200 + 56
2201 # 1504
2201 - 56 1
2202 # 1504
2202 # 1504
2202 # 1504
2202 + 56
2202 + 56
2202 + 56
2204 + 56
2205 + 56
2205 + 56
2205 + 56
2205 + 56
2205 + 56
2209 + 56
2210 + 56
2211 # 1504
2211 - 56 9
2211 - 56 9
2211 - 56 9
2211 - 56 7
2211 - 56 6
2211 - 56 6
2211 - 56 6
2211 - 56 6
2211 - 56 6
2211 - 56 2
2211 - 56 1
2211 # 1504
2212 # 1504
2212 # 1504
2213 # 1504
2214 # 1504
2214 # 1504
2214 # 1504
2214 # 1504
2214 # 1504
2214 # 1504
2214 # 1504
2215 # 1504
2216 # 1504
2216 # 1504
2218 # 1504
2218 # 1504
2218 # 1504
2218 + 56
2218 + 56
2219 # 1504
2219 - 56 1
2219 - 56 1
2219 # 1504
2220 # 1504
2220 # 1504
2220 + 56
2221 # 1504
2221 - 56 1
2222 # 1504
2222 # 1504
2222 + 56
2223 # 1504
2223 - 56 1
2223 # 1504
2223 # 1504
2223 # 1504
2224 # 1504
2225 + 56
2226 # 1504
2226 - 56 1
2226 # 1504
2227 # 1504
2227 # 1504
2228 # 1504
2229 # 1504
2229 # 1504
2229 + 56
2230 # 1504
2230 - 56 1
2230 # 1504
2230 # 1504
2231 # 1504
2231 # 1504
2233 + 56
2234 # 1504
2234 - 56 1
2234 # 1504
2235 # 1504
2236 # 1504
2236 # 1504
2237 # 1504
2237 # 1504
2237 # 1504
2237 # 1504
2238 # 1504
2238 # 1504
2239 # 1504
2239 # 1504
2240 + 56
2241 # 1504
2241 - 56 1
2241 # 1504
2243 + 56
2249 # 1504
2249 - 56 6
2249 # 1504
2249 # 1504
2249 # 1504
2249 # 1504
2249 # 1504
2249 # 1504
2249 # 1504
2249 # 1504
2249 # 1504
2249 # 1504
2249 # 1504
2249 # 1504
2249 # 1504
2249 # 1504
2250 # 1504
2250 # 1504
2251 # 1504
2251 # 1504
2252 # 1504
2252 # 1504
2253 # 1504
2254 # 1504
2254 # 1504
2254 + 56
2259 + 56
2261 + 56
2263 # 1504
2263 - 56 9
2263 - 56 4
2263 - 56 2
2263 # 1504
2263 # 1504
2263 # 1504
2263 # 1504
2263 # 1504
2265 # 1504
2265 # 1504
2265 # 1504
2265 # 1504
2265 # 1504
2266 # 1504
2266 # 1504
2266 # 1504
2266 # 1504
2267 # 1504
2267 # 1504
2267 # 1504
2267 # 1504
2267 # 1504
2267 # 1504
2268 # 1504
2268 # 1504
2269 # 1504
2276 + 56
2276 + 56
2278 # 1504
2278 - 56 2
2278 - 56 2
2278 # 1504
2278 # 1504
2278 # 1504
2278 # 1504
2278 + 56
2279 # 1504
2279 - 56 1
2281 # 1504
2281 + 56
2282 # 1504
2282 - 56 1
2282 # 1504
2282 # 1504
2282 # 1504
2282 # 1504
2282 # 1504
2282 # 1504
2283 # 1504
2283 # 1504
2283 # 1504
2283 # 1504
2283 # 1504
2283 + 56
2284 + 56
2286 + 56
2290 + 56
2292 # 1504
2292 - 56 9
2292 - 56 8
2292 - 56 6
2292 - 56 2
2292 # 1504
2292 # 1504
2292 # 1504
2292 # 1504
2292 # 1504
2292 # 1504
2292 + 56
2293 # 1504
2293 - 56 1
2293 # 1504
2293 # 1504
2293 # 1504
2293 # 1504
2293 # 1504
2293 # 1504
2293 # 1504
2293 + 56
2294 # 1504
2294 - 56 1
2295 # 1504
2295 # 1504
2295 + 56
2297 + 56
2299 + 56
2303 # 1504
2303 - 56 8
2303 - 56 6
2303 - 56 4
2304 # 1504
2304 # 1504
2304 # 1504
2304 # 1504
2304 # 1504
2304 # 1504
2304 # 1504
2304 # 1504
2304 # 1504
2304 # 1504
2304 # 1504
2304 # 1504
2304 # 1504
2305 # 1504
2305 # 1504
2306 # 1504
2307 # 1504
2307 # 1504
2308 # 1504
2308 # 1504
2308 # 1504
2310 + 56
2310 + 56
2313 + 56
2315 + 56
2317 + 56
2318 # 1504
2318 - 56 8
2318 - 56 8
2318 - 56 5
2318 - 56 3
2318 - 56 1
2318 # 1504
2318 # 1504
2318 # 1504
2318 # 1504
2318 # 1504
2318 # 1504
2318 # 1504
2318 # 1504
2318 + 56
2319 + 56
2322 + 56
2322 + 56
2323 # 1504
2323 - 56 5
2323 - 56 4
2323 - 56 1
2323 - 56 1
2323 # 1504
2323 # 1504
2323 # 1504
2323 # 1504
2323 # 1504
2323 # 1504
2323 # 1504
2323 # 1504
2323 # 1504
2324 # 1504
2324 # 1504
2324 # 1504
2324 # 1504
2324 + 56
2325 # 1504
2325 - 56 1
2326 # 1504
2326 # 1504
2327 # 1504
2327 # 1504
2327 + 56
2327 + 56
2329 # 1504
2329 - 56 2
2329 - 56 2
2329 + 56
2337 # 1504
2337 - 56 8
2337 # 1504
2337 # 1504
2337 # 1504
2337 # 1504
2337 # 1504
2337 # 1504
2340 + 56
2341 # 1504
2341 - 56 1
2341 # 1504
2341 # 1504
2341 # 1504
2341 # 1504
2341 + 56
2344 # 1504
2344 - 56 3
2344 # 1504
2345 + 56
2346 # 1504
2346 - 56 1
2346 # 1504
2346 # 1504
2347 # 1504
2347 # 1504
2347 + 56
2348 + 56
2350 # 1504
2350 - 56 3
2350 - 56 2
2350 # 1504
2350 # 1504
2350 # 1504
2350 # 1504
2350 # 1504
2350 # 1504
2350 + 56
2353 + 56
2353 + 56
2354 + 56
2355 + 56
2356 # 1504
2356 - 56 6
2356 - 56 3
2356 - 56 3
2356 - 56 2
2356 - 56 1
2356 # 1504
2356 # 1504
2356 # 1504
2356 # 1504
2357 # 1504
2357 + 56
2359 + 56
2360 + 56
2361 + 56
2362 # 1504
2362 - 56 5
2362 - 56 3
2362 - 56 2
2362 - 56 1
2362 # 1504
2362 # 1504
2362 # 1504
2362 # 1504
2362 # 1504
2362 # 1504
2362 # 1504
2362 # 1504
2362 # 1504
2362 + 56
2363 # 1504
2363 - 56 1
2363 # 1504
2363 # 1504
2364 # 1504
2365 # 1504
2365 # 1504
2365 # 1504
2366 # 1504
2368 # 1504
2368 # 1504
2373 + 56
2373 + 56
2376 # 1504
2376 - 56 3
2376 - 56 3
2376 # 1504
2376 # 1504
2376 + 56
2379 # 1504
2379 - 56 3
2379 # 1504
2379 # 1504
2379 + 56
2380 + 56
2381 # 1504
2381 - 56 2
2381 - 56 1
2381 # 1504
2381 # 1504
2381 # 1504
2381 # 1504
2381 # 1504
2381 # 1504
2381 # 1504
2381 # 1504
2381 + 56
2382 # 1504
2382 - 56 1
2382 # 1504
2391 # 1504
2391 # 1504
2391 # 1504
2391 # 1504
2391 # 1504
2391 # 1504
2391 # 1504
2391 # 1504
2391 # 1504
2391 # 1504
2391 + 56
2391 + 56
2392 # 1504
2392 - 56 1
2392 - 56 1
2392 # 1504
2392 # 1504
2392 # 1504
2392 # 1504
2393 # 1504
2394 # 1504
2394 # 1504
2394 # 1504
2395 + 56
2396 # 1504
2396 - 56 1
2396 # 1504
2397 # 1504
2397 + 56
2397 + 56
2398 # 1504
2398 - 56 1
2398 - 56 1
2399 # 1504
2399 # 1504
2399 + 56
2399 + 56
2400 # 1504
2400 - 56 1
2400 - 56 1
2401 # 1504
2401 # 1504
2402 # 1504
2402 + 56
2403 # 1504
2403 - 56 1
2403 # 1504
2403 + 56
2405 # 1504
2405 - 56 2
2405 + 56
2406 # 1504
2406 - 56 1
2406 # 1504
2407 + 56
2408 + 56
2411 + 56
2411 + 56
2414 # 1504
2414 - 56 7
2414 - 56 6
2414 - 56 3
2414 - 56 3
2414 + 56
2416 # 1504
2416 - 56 2
2416 # 1504
2416 + 56
2417 # 1504
2417 - 56 1
2417 # 1504
2417 # 1504
2417 # 1504
2417 # 1504
2417 # 1504
2417 # 1504
2417 + 56
2418 + 56
2419 + 56
2421 # 1504
2421 - 56 4
2421 - 56 3
2421 - 56 2
2421 + 56
2423 + 56
2426 # 1504
2426 - 56 5
2426 - 56 3
2426 # 1504
2426 # 1504
2426 # 1504
2426 # 1504
2426 # 1504
2426 # 1504
2426 # 1504
2426 # 1504
2426 # 1504
2427 # 1504
2427 # 1504
2428 # 1504
2429 # 1504
2430 # 1504
2430 # 1504
2430 # 1504
2432 # 1504
2432 # 1504
2433 # 1504
2433 + 56
2433 + 56
2434 # 1504
2434 - 56 1
2434 - 56 1
2435 # 1504
2435 # 1504
2438 + 56
2438 + 56
2438 + 56
2439 + 56
2439 + 56
2440 + 56
2441 + 56
2444 # 1504
2444 - 56 6
2444 - 56 6
2444 - 56 6
2444 - 56 5
2444 - 56 5
2444 - 56 4
2444 - 56 3
2444 # 1504
2444 # 1504
2444 # 1504
2444 # 1504
2445 # 1504
2447 # 1504
2449 # 1504
2449 # 1504
2449 # 1504
2449 # 1504
2449 # 1504
2449 # 1504
2449 # 1504
2450 # 1504
2450 # 1504
2450 + 56
2451 + 56
2453 # 1504
2453 - 56 3
2453 - 56 2
2454 # 1504
2454 # 1504
2454 # 1504
2454 + 56
2455 # 1504
2455 - 56 1
2456 # 1504
2456 # 1504
2457 # 1504
2458 # 1504
2460 # 1504
2463 + 56
2464 + 56
2469 # 1504
2469 - 56 6
2469 - 56 5
2469 # 1504
2469 # 1504
2469 + 56
2470 # 1504
2470 - 56 1
2471 # 1504
2471 # 1504
2471 # 1504
2471 # 1504
2471 # 1504
2471 # 1504
2471 # 1504
2472 # 1504
2473 # 1504
2473 # 1504
2473 # 1504
2474 + 56
2474 + 56
2475 # 1504
2475 - 56 1
2475 - 56 1
2475 + 56
2475 + 56
2476 # 1504
2476 - 56 1
2476 - 56 1
2477 # 1504
2477 # 1504
2478 # 1504
2478 # 1504
2479 # 1504
2481 # 1504
2482 # 1504
2482 # 1504
2483 # 1504
2484 # 1504
2485 # 1504
2485 # 1504
2485 + 56
2485 + 56
2486 # 1504
2486 - 56 1
2486 - 56 1
2486 + 56
2487 # 1504
2487 - 56 1
2489 # 1504
2490 # 1504
2490 # 1504
2491 # 1504
2491 # 1504
2492 # 1504
2492 # 1504
2492 + 56
2493 # 1504
2493 - 56 1
2494 # 1504
2496 # 1504
2496 # 1504
2497 # 1504
2497 + 56
2497 + 56
2497 + 56
2497 + 56
2498 # 1504
2498 - 56 1
2498 - 56 1
2498 - 56 1
2498 - 56 1
2498 # 1504
2498 # 1504
2499 # 1504
2499 + 56
2500 # 1504
2500 - 56 1
2501 # 1504
2501 # 1504
2502 # 1504
2504 # 1504
2504 # 1504
2504 # 1504
2505 # 1504
2506 # 1504
2506 # 1504
2507 # 1504
2507 + 56
2508 # 1504
2508 - 56 1
2508 + 56
2509 # 1504
2509 - 56 1
2509 # 1504
2510 # 1504
2510 # 1504
2515 + 56
2517 + 56
2518 + 56
2519 # 1504
2519 - 56 4
2519 - 56 2
2519 - 56 1
2519 # 1504
2519 # 1504
2519 # 1504
2519 # 1504
2519 # 1504
2519 # 1504
2519 # 1504
2520 # 1504
2520 # 1504
2520 # 1504
2520 # 1504
2521 + 56
2522 # 1504
2522 - 56 1
2522 # 1504
2522 + 56
2523 # 1504
2523 - 56 1
2524 # 1504
2524 # 1504
2524 + 56
2525 # 1504
2525 - 56 1
2526 # 1504
2527 # 1504
2527 # 1504
2527 # 1504
2531 # 1504
2532 # 1504
2532 # 1504
2532 # 1504
2533 # 1504
2534 # 1504
2534 + 56
2534 + 56
2534 + 56
2535 # 1504
2535 - 56 1
2535 - 56 1
2535 - 56 1
2535 # 1504
2535 + 56
2536 # 1504
2536 - 56 1
2536 + 56
2538 # 1504
2538 - 56 2
2538 + 56
2538 + 56
2539 # 1504
2539 - 56 1
2539 - 56 1
2539 # 1504
2540 # 1504
2540 # 1504
2541 # 1504
2541 # 1504
2542 # 1504
2543 # 1504
2544 # 1504
2544 # 1504
2545 # 1504
2547 # 1504
2548 # 1504
2548 # 1504
2548 # 1504
2549 # 1504
2549 + 56
2550 # 1504
2550 - 56 1
2550 # 1504
2550 + 56
2551 # 1504
2551 - 56 1
2551 + 56
2552 # 1504
2552 - 56 1
2552 # 1504
2553 # 1504
2553 # 1504
2555 # 1504
2559 + 56
2560 + 56
2563 + 56
2564 # 1504
2564 - 56 5
2564 - 56 4
2564 - 56 1
2564 # 1504
2564 # 1504
2564 + 56
2565 # 1504
2565 - 56 1
2565 # 1504
2565 # 1504
2565 # 1504
2565 # 1504
2565 # 1504
2565 # 1504
2565 # 1504
2565 # 1504
2565 # 1504
2566 + 56
2566 + 56
2569 + 56
2570 + 56
2573 + 56
2574 # 1504
2574 - 56 8
2574 - 56 8
2574 - 56 5
2574 - 56 4
2574 - 56 1
2575 # 1504
2575 # 1504
2575 # 1504
2575 # 1504
2575 # 1504
2575 # 1504
2575 # 1504
2576 # 1504
2576 # 1504
2576 # 1504
2576 # 1504
2577 + 56
2579 + 56
2581 + 56
2581 + 56
2582 + 56
2586 + 56
2586 + 56
2588 + 56
2592 + 56
2592 + 56
2595 + 56
2608 + 56
2608 + 56
2610 + 56
2616 + 56
2618 + 56
2620 + 56
2621 + 56
2623 + 56
2625 + 56
2626 + 56
2630 + 56
2633 + 56
2634 + 56
2638 + 56
2640 + 56
2640 + 56
2642 + 56
2643 + 56
2646 + 56
2647 + 56
2648 + 56
2649 + 56
2650 + 56
2653 + 56
2655 + 56
2656 + 56
2657 + 56
2659 + 56
2662 + 56
2664 + 56
2665 + 56
2667 + 56
2669 + 56
2680 + 56
2680 + 56
2682 + 56
2688 # 1504
2688 - 56 111
2688 - 56 109
2688 - 56 107
2688 - 56 107
2688 - 56 106
2688 - 56 102
2688 - 56 102
2688 - 56 100
2688 - 56 96
2688 - 56 96
2688 - 56 93
2688 - 56 80
2688 - 56 80
2688 - 56 78
2688 - 56 72
2688 - 56 70
2688 - 56 68
2688 - 56 67
2688 - 56 65
2688 - 56 63
2688 - 56 62
2688 - 56 58
2688 - 56 55
2688 - 56 54
2688 - 56 50
2688 - 56 48
2688 # 1504
2688 - 56 48
2688 - 56 46
2688 - 56 45
2688 - 56 42
2688 - 56 41
2688 - 56 40
2688 - 56 39
2688 - 56 38
2688 - 56 35
2688 - 56 33
2688 - 56 32
2688 - 56 31
2688 - 56 29
2688 - 56 26
2688 - 56 24
2688 - 56 23
2688 - 56 21
2688 - 56 19
2688 - 56 8
2688 - 56 8
2688 - 56 6
2688 + 56
2688 + 56
2689 # 1504
2689 - 56 1
2689 - 56 1
2689 # 1504
2689 # 1504
2689 # 1504
2689 # 1504
2689 # 1504
2689 + 56
2693 # 1504
2693 - 56 4
2693 + 56
2694 # 1504
2694 - 56 1
2695 # 1504
2697 + 56
2697 + 56
2700 # 1504
2700 - 56 3
2700 - 56 3
2700 + 56
2701 # 1504
2701 - 56 1
2701 # 1504
2701 # 1504
2703 + 56
2705 # 1504
2705 - 56 2
2706 # 1504
2706 # 1504
2706 # 1504
2706 # 1504
2706 # 1504
2706 + 56
2714 + 56
2714 + 56
2715 # 1504
2715 - 56 9
2715 - 56 1
2715 - 56 1
2715 # 1504
2715 # 1504
2715 # 1504
2715 # 1504
2716 # 1504
2716 # 1504
2716 # 1504
2716 + 56
2717 # 1504
2717 - 56 1
2719 # 1504
2719 # 1504
2719 + 56
2721 + 56
2723 + 56
2724 + 56
2726 + 56
2727 + 56
2729 # 1504
2729 - 56 10
2729 - 56 8
2729 - 56 6
2729 - 56 5
2729 - 56 3
2729 - 56 2
2729 # 1504
2729 # 1504
2729 # 1504
2729 # 1504
2729 # 1504
2729 # 1504
2729 # 1504
2729 # 1504
2730 # 1504
2732 # 1504
2733 # 1504
2733 # 1504
2734 # 1504
2735 # 1504
2738 # 1504
2739 # 1504
2739 # 1504
2740 # 1504
2742 # 1504
2742 + 56
2742 + 56
2742 + 56
2742 + 56
2742 + 56
2743 + 56
2744 # 1504
2744 - 56 2
2744 - 56 2
2744 - 56 2
2744 - 56 2
2744 - 56 2
2744 - 56 1
2744 # 1504
2744 # 1504
2744 + 56
2745 # 1504
2745 - 56 1
2745 # 1504
2746 # 1504
2747 # 1504
2747 + 56
2748 # 1504
2748 - 56 1
2749 # 1504
2750 # 1504
2751 # 1504
2751 # 1504
2753 # 1504
2754 # 1504
2755 # 1504
2755 # 1504
2757 # 1504
2757 + 56
2758 # 1504
2758 - 56 1
2758 + 56
2759 # 1504
2759 - 56 1
2759 # 1504
2760 # 1504
2760 + 56
2761 # 1504
2761 - 56 1
2761 # 1504
2761 + 56
2762 # 1504
2762 - 56 1
2764 # 1504
2764 + 56
2765 # 1504
2765 - 56 1
2765 + 56
2766 # 1504
2766 - 56 1
2766 # 1504
2767 # 1504
2767 + 56
2769 # 1504
2769 - 56 2
2769 # 1504
2769 + 56
2770 # 1504
2770 - 56 1
2770 # 1504
2770 + 56
2771 # 1504
2771 - 56 1
2771 + 56
2772 # 1504
2772 - 56 1
2773 + 56
2774 # 1504
2774 - 56 1
2775 # 1504
2775 # 1504
2775 # 1504
2775 + 56
2776 + 56
2777 # 1504
2777 - 56 2
2777 - 56 1
2778 # 1504
2778 + 56
2779 # 1504
2779 - 56 1
2779 + 56
2780 # 1504
2780 - 56 1
2780 + 56
2781 + 56
2782 # 1504
2782 - 56 2
2782 - 56 1
2782 # 1504
2782 # 1504
2782 + 56
2783 # 1504
2783 - 56 1
2783 + 56
2784 # 1504
2784 - 56 1
2785 # 1504
2787 # 1504
2787 # 1504
2788 # 1504
2789 # 1504
2789 # 1504
2791 # 1504
2791 # 1504
2792 # 1504
2792 # 1504
2792 + 56
2793 + 56
2794 # 1504
2794 - 56 2
2794 - 56 1
2795 + 56
2796 # 1504
2796 - 56 1
2796 # 1504
2796 + 56
2797 # 1504
2797 - 56 1
2797 # 1504
2797 + 56
2798 # 1504
2798 - 56 1
2799 # 1504
2800 # 1504
2801 # 1504
2801 # 1504
2801 # 1504
2803 # 1504
2804 # 1504
2804 # 1504
2805 # 1504
2805 + 56
2806 + 56
2807 # 1504
2807 - 56 2
2807 - 56 1
2807 # 1504
2808 # 1504
2808 + 56
2809 + 56
2810 # 1504
2810 - 56 2
2810 - 56 1
2811 # 1504
2811 # 1504
2811 + 56
2812 # 1504
2812 - 56 1
2812 + 56
2816 # 1504
2816 - 56 4
2816 # 1504
2816 # 1504
2816 # 1504
2816 # 1504
2818 # 1504
2819 # 1504
2822 # 1504
2823 # 1504
2823 # 1504
2823 # 1504
2824 # 1504
2825 # 1504
2826 # 1504
2826 # 1504
2826 + 56
2827 # 1504
2827 - 56 1
2828 + 56
2829 # 1504
2829 - 56 1
2829 # 1504
2830 # 1504
2830 # 1504
2831 # 1504
2832 # 1504
2832 + 56
2833 # 1504
2833 - 56 1
2834 # 1504
2835 # 1504
2835 # 1504
2836 # 1504
2837 # 1504
2837 # 1504
2837 # 1504
2839 # 1504
2840 # 1504
2840 # 1504
2841 # 1504
2841 # 1504
2843 # 1504
2843 # 1504
2844 # 1504
2844 # 1504
2845 # 1504
2845 # 1504
2845 + 56
2845 + 56
2845 + 56
2845 + 56
2845 + 56
2845 + 56
2847 # 1504
2847 - 56 2
2847 - 56 2
2847 - 56 2
2847 - 56 2
2847 - 56 2
2847 - 56 2
2847 # 1504
2847 + 56
2849 # 1504
2849 - 56 2
2849 + 56
2851 # 1504
2851 - 56 2
2851 # 1504
2851 + 56
2852 # 1504
2852 - 56 1
2853 # 1504
2853 + 56
2853 + 56
2854 # 1504
2854 - 56 1
2854 - 56 1
2855 # 1504
2855 # 1504
2855 # 1504
2856 # 1504
2856 + 56
2857 + 56
2858 # 1504
2858 - 56 2
2858 - 56 1
2858 # 1504
2858 # 1504
2859 # 1504
2859 # 1504
2859 + 56
2860 # 1504
2860 - 56 1
2861 + 56
2862 + 56
2863 # 1504
2863 - 56 2
2863 - 56 1
2863 # 1504
2863 # 1504
2864 # 1504
2865 # 1504
2865 # 1504
2867 # 1504
2867 # 1504
2868 # 1504
2869 # 1504
2869 # 1504
2870 # 1504
2872 # 1504
2872 # 1504
2872 # 1504
2873 # 1504
2873 + 56
2874 # 1504
2874 - 56 1
2874 # 1504
2874 + 56
2875 # 1504
2875 - 56 1
2875 + 56
2876 # 1504
2876 - 56 1
2877 # 1504
2877 # 1504
2877 + 56
2878 # 1504
2878 - 56 1
2879 # 1504
2879 # 1504
2880 # 1504
2880 # 1504
2880 # 1504
2882 # 1504
2888 + 56
2889 + 56
2891 # 1504
2891 - 56 3
2891 - 56 2
2891 # 1504
2891 + 56
2892 # 1504
2892 - 56 1
2892 # 1504
2892 # 1504
2893 + 56
2893 + 56
2894 # 1504
2894 - 56 1
2894 - 56 1
2894 # 1504
2894 # 1504
2894 # 1504
2894 # 1504
2894 # 1504
2895 # 1504
2895 # 1504
2895 # 1504
2895 # 1504
2896 # 1504
2897 # 1504
2897 + 56
2897 + 56
2899 # 1504
2899 - 56 2
2899 - 56 2
2899 # 1504
2900 # 1504
2900 # 1504
2900 + 56
2900 + 56
2901 # 1504
2901 - 56 1
2901 - 56 1
2901 # 1504
2902 # 1504
2902 # 1504
2904 # 1504
2904 + 56
2905 # 1504
2905 - 56 1
2905 # 1504
2905 + 56
2907 # 1504
2907 - 56 2
2908 # 1504
2908 # 1504
2908 # 1504
2909 # 1504
2910 # 1504
2912 # 1504
2912 # 1504
2912 # 1504
2913 # 1504
2913 # 1504
2913 # 1504
2914 # 1504
2916 # 1504
2916 # 1504
2916 + 56
2917 # 1504
2917 - 56 1
2918 # 1504
2919 # 1504
2919 # 1504
2919 + 56
2920 + 56
2921 # 1504
2921 - 56 2
2921 - 56 1
2921 # 1504
2921 # 1504
2924 # 1504
2924 # 1504
2924 # 1504
2924 # 1504
2925 + 56
2927 # 1504
2927 - 56 2
2927 # 1504
2927 # 1504
2927 # 1504
2928 # 1504
2928 # 1504
2928 # 1504
2930 # 1504
2930 # 1504
2931 # 1504
2931 # 1504
2931 # 1504
2932 # 1504
2932 + 56
2933 # 1504
2933 - 56 1
2933 # 1504
2934 + 56
2935 # 1504
2935 - 56 1
2936 # 1504
2936 # 1504
2937 # 1504
2938 # 1504
2938 # 1504
2938 + 56
2939 # 1504
2939 - 56 1
2939 # 1504
2939 # 1504
2940 # 1504
2940 # 1504
2949 # 1504
2949 # 1504
2949 # 1504
2949 # 1504
2949 # 1504
2949 # 1504
2949 # 1504
2950 # 1504
2950 # 1504
2950 # 1504
2951 # 1504
2951 # 1504
2951 # 1504
2952 # 1504
2953 # 1504
2953 # 1504
2954 # 1504
2955 # 1504
2955 # 1504
2956 # 1504
2956 # 1504
2959 + 56
2959 + 56
2959 + 56
2960 + 56
2965 # 1504
2965 - 56 6
2965 - 56 6
2965 - 56 6
2965 - 56 5
2966 # 1504
2966 # 1504
2966 # 1504
2966 # 1504
2966 # 1504
2966 # 1504
2966 # 1504
2966 # 1504
2966 # 1504
2966 # 1504
2967 # 1504
2967 # 1504
2967 # 1504
2967 + 56
2968 # 1504
2968 - 56 1
2968 # 1504
2968 + 56
2969 # 1504
2969 - 56 1
2969 # 1504
2969 # 1504
2969 + 56
2970 + 56
2971 # 1504
2971 - 56 2
2971 - 56 1
2971 # 1504
2972 # 1504
2973 # 1504
2973 # 1504
2973 # 1504
2973 + 56
2973 + 56
2975 # 1504
2975 - 56 2
2975 - 56 2
2975 # 1504
2976 # 1504
2976 # 1504
2977 + 56
2979 + 56
2983 + 56
2984 + 56
2985 # 1504
2985 - 56 8
2985 - 56 6
2985 - 56 2
2985 - 56 1
2985 # 1504
2985 # 1504
2985 # 1504
2986 # 1504
2988 # 1504
2988 # 1504
2988 # 1504
2988 # 1504
2988 # 1504
2988 # 1504
2988 # 1504
2989 # 1504
2989 # 1504
2989 # 1504
2989 # 1504
2990 # 1504
2991 # 1504
2992 # 1504
2993 # 1504
2993 # 1504
2993 # 1504
2994 # 1504
2994 # 1504
2994 + 56
2995 # 1504
2995 - 56 1
2995 # 1504
2995 + 56
2996 # 1504
2996 - 56 1
2998 # 1504
2998 # 1504
2998 # 1504
3000 # 1504
3000 # 1504
3000 # 1504
3001 # 1504
3001 # 1504
3002 # 1504
3002 # 1504
3003 # 1504
3003 # 1504
3003 + 56
3004 # 1504
3004 - 56 1
3004 # 1504
3004 # 1504
3005 + 56
3006 # 1504
3006 - 56 1
3006 # 1504
3006 + 56
3007 # 1504
3007 - 56 1
3015 # 1504
3015 # 1504
3015 # 1504
3015 # 1504
3016 # 1504
3016 # 1504
3016 # 1504
3016 # 1504
3017 # 1504
3017 # 1504
3018 # 1504
3018 # 1504
3018 # 1504
3019 # 1504
3019 # 1504
3019 + 56
3019 + 56
3019 + 56
3019 + 56
3021 # 1504
3021 - 56 2
3021 - 56 2
3021 - 56 2
3021 - 56 2
3021 # 1504
3022 # 1504
3022 # 1504
3022 # 1504
3022 + 56
3022 + 56
3023 # 1504
3023 - 56 1
3023 - 56 1
3023 # 1504
3024 # 1504
3024 + 56
3025 # 1504
3025 - 56 1
3026 # 1504
3028 # 1504
3028 # 1504
3028 # 1504
3028 # 1504
3028 + 56
3030 # 1504
3030 - 56 2
3030 # 1504
3030 + 56
3031 # 1504
3031 - 56 1
3031 # 1504
3032 # 1504
3032 # 1504
3032 + 56
3034 # 1504
3034 - 56 2
3034 # 1504
3034 # 1504
3035 # 1504
3036 # 1504
3036 # 1504
3036 + 56
3038 # 1504
3038 - 56 2
3045 # 1504
3045 # 1504
3045 # 1504
3045 # 1504
3045 # 1504
3045 # 1504
3045 # 1504
3046 # 1504
3046 # 1504
3046 # 1504
3046 # 1504
3046 # 1504
3046 # 1504
3046 # 1504
3046 + 56
3047 + 56
3049 + 56
3051 + 56
3051 + 56
3054 + 56
3054 + 56
3055 # 1504
3055 - 56 9
3055 - 56 8
3055 - 56 6
3055 - 56 4
3055 - 56 4
3055 - 56 1
3055 - 56 1
3057 + 56
3059 # 1504
3059 - 56 2
3059 # 1504
3059 # 1504
3059 # 1504
3059 # 1504
3059 # 1504
3061 # 1504
3061 # 1504
3061 # 1504
3063 # 1504
3063 # 1504
3064 # 1504
3064 # 1504
3065 # 1504
3065 # 1504
3065 # 1504
3066 # 1504
3066 # 1504
3067 + 56
3068 # 1504
3068 - 56 1
3069 # 1504
3069 # 1504
3070 # 1504
3070 # 1504
3070 # 1504
3070 + 56
3071 # 1504
3071 - 56 1
3072 # 1504
3073 # 1504
3073 # 1504
3074 # 1504
3074 + 56
3075 # 1504
3075 - 56 1
3076 # 1504
3076 + 56
3077 # 1504
3077 - 56 1
3077 # 1504
3077 # 1504
3078 # 1504
3078 # 1504
3078 + 56
3079 # 1504
3079 - 56 1
3079 # 1504
3081 # 1504
3081 # 1504
3081 # 1504
3081 + 56
3082 # 1504
3082 - 56 1
3082 # 1504
3083 # 1504
3083 # 1504
3084 # 1504
3084 + 56
3084 + 56
3085 # 1504
3085 - 56 1
3085 - 56 1
3085 # 1504
3086 # 1504
3086 # 1504
3086 # 1504
3087 # 1504
3087 + 56
3088 # 1504
3088 - 56 1
3088 # 1504
3088 + 56
3089 # 1504
3089 - 56 1
3089 # 1504
3090 # 1504
3091 # 1504
3091 # 1504
3092 # 1504
3092 # 1504
3092 # 1504
3092 + 56
3093 # 1504
3093 - 56 1
3093 # 1504
3093 + 56
3095 + 56
3099 + 56
3099 + 56
3102 + 56
3103 # 1504
3103 - 56 10
3103 - 56 8
3103 - 56 4
3103 - 56 4
3103 - 56 1
3103 # 1504
3104 # 1504
3104 # 1504
3105 # 1504
3105 # 1504
3105 # 1504
3105 # 1504
3105 # 1504
3105 # 1504
3105 # 1504
3105 # 1504
3105 # 1504
3105 # 1504
3105 # 1504
3105 # 1504
3106 # 1504
3111 + 56
3113 + 56
3116 # 1504
3116 - 56 5
3116 - 56 3
3116 # 1504
3116 # 1504
3116 # 1504
3116 # 1504
3116 # 1504
3116 # 1504
3116 # 1504
3116 # 1504
3116 # 1504
3116 # 1504
3116 # 1504
3116 # 1504
3116 # 1504
3117 # 1504
3121 + 56
3123 + 56
3125 + 56
3126 # 1504
3126 - 56 5
3126 - 56 3
3126 - 56 1
3126 # 1504
3126 # 1504
3126 # 1504
3126 # 1504
3126 # 1504
3126 # 1504
3126 # 1504
3126 # 1504
3126 # 1504
3126 # 1504
3126 # 1504
3126 # 1504
3126 # 1504
3126 # 1504
3128 # 1504
3128 # 1504
3128 + 56
3129 # 1504
3129 - 56 1
3129 # 1504
3130 + 56
3131 # 1504
3131 - 56 1
3132 # 1504
3132 # 1504
3132 + 56
3133 # 1504
3133 - 56 1
3135 + 56
3138 + 56
3143 # 1504
3143 - 56 8
3143 - 56 5
3143 # 1504
3143 # 1504
3143 # 1504
3143 # 1504
3143 # 1504
3143 # 1504
3143 # 1504
3146 # 1504
3147 # 1504
3147 # 1504
3147 + 56
3148 + 56
3150 + 56
3156 # 1504
3156 - 56 9
3156 - 56 8
3156 - 56 6
3156 # 1504
3156 # 1504
3156 # 1504
3156 # 1504
3156 # 1504
3156 # 1504
3157 # 1504
3157 # 1504
3157 # 1504
3157 # 1504
3157 # 1504
3157 # 1504
3157 # 1504
3159 # 1504
3159 # 1504
3159 + 56
3159 + 56
3161 # 1504
3161 - 56 2
3161 - 56 2
3161 # 1504
3161 # 1504
3162 # 1504
3163 # 1504
3164 + 56
3166 + 56
3166 + 56
3168 + 56
3168 + 56
3171 # 1504
3171 - 56 7
3171 - 56 5
3171 - 56 5
3171 - 56 3
3171 - 56 3
3171 # 1504
3171 # 1504
3171 # 1504
3171 # 1504
3171 # 1504
3171 # 1504
3171 + 56
3172 + 56
3173 + 56
3175 + 56
3175 + 56
3176 # 1504
3176 - 56 5
3176 - 56 4
3176 - 56 3
3176 - 56 1
3176 - 56 1
3177 # 1504
3177 # 1504
3177 # 1504
3178 + 56
3179 # 1504
3179 - 56 1
3179 + 56
3180 # 1504
3180 - 56 1
3180 # 1504
3181 + 56
3189 # 1504
3189 - 56 8
3189 # 1504
3189 # 1504
3189 # 1504
3189 # 1504
3189 # 1504
3189 # 1504
3189 # 1504
3189 # 1504
3190 # 1504
3190 # 1504
3191 # 1504
3191 # 1504
3192 # 1504
3192 # 1504
3193 # 1504
3193 # 1504
3193 + 56
3194 # 1504
3194 - 56 1
3194 # 1504
3195 # 1504
3195 + 56
3195 + 56
3196 + 56
3197 # 1504
3197 - 56 2
3197 - 56 2
3197 - 56 1
3198 # 1504
3199 # 1504
3199 # 1504
3199 # 1504
3199 # 1504
3199 + 56
3199 + 56
3200 # 1504
3200 - 56 1
3200 - 56 1
3201 # 1504
3201 # 1504
3201 + 56
3202 # 1504
3202 - 56 1
3202 + 56
3203 + 56
3204 # 1504
3204 - 56 2
3204 - 56 1
3204 # 1504
3205 # 1504
3205 # 1504
3205 + 56
3206 + 56
3207 + 56
3208 + 56
3211 + 56
3211 + 56
3214 # 1504
3214 - 56 9
3214 - 56 8
3214 - 56 7
3214 - 56 6
3214 - 56 3
3214 - 56 3
3214 # 1504
3214 # 1504
3215 # 1504
3215 # 1504
3215 # 1504
3215 # 1504
3215 # 1504
3215 # 1504
3215 # 1504
3216 # 1504
3220 + 56
3221 + 56
3222 + 56
3226 # 1504
3226 - 56 6
3226 - 56 5
3226 - 56 4
3226 # 1504
3226 # 1504
3226 # 1504
3226 # 1504
3226 # 1504
3226 # 1504
3226 # 1504
3226 # 1504
3226 # 1504
3226 # 1504
3231 + 56
3232 + 56
3234 + 56
3235 # 1504
3235 - 56 4
3235 - 56 3
3235 - 56 1
3235 # 1504
3235 # 1504
3236 # 1504
3236 # 1504
3236 # 1504
3236 # 1504
3236 + 56
3236 + 56
3236 + 56
3237 + 56
3237 + 56
3239 + 56
3241 # 1504
3241 - 56 5
3241 - 56 5
3241 - 56 5
3241 - 56 4
3241 - 56 4
3241 - 56 2
3241 # 1504
3241 # 1504
3241 # 1504
3241 # 1504
3242 # 1504
3242 + 56
3243 # 1504
3243 - 56 1
3243 # 1504
3243 # 1504
3244 # 1504
3244 + 56
3245 # 1504
3245 - 56 1
3245 # 1504
3247 + 56
3249 # 1504
3249 - 56 2
3249 + 56
3250 # 1504
3250 - 56 1
3250 + 56
3251 # 1504
3251 - 56 1
3251 # 1504
3251 # 1504
3251 + 56
3252 # 1504
3252 - 56 1
3253 # 1504
3253 + 56
3254 # 1504
3254 - 56 1
3254 + 56
3264 + 56
3264 + 56
3268 # 1504
3268 - 56 14
3268 - 56 4
3268 - 56 4
3268 # 1504
3268 # 1504
3269 # 1504
3269 # 1504
3272 # 1504
3272 + 56
3272 + 56
3273 + 56
3274 + 56
3277 + 56
3278 + 56
3280 + 56
3282 # 1504
3282 - 56 10
3282 - 56 10
3282 - 56 9
3282 - 56 8
3282 - 56 5
3282 - 56 4
3282 - 56 2
3282 # 1504
3282 # 1504
3282 # 1504
3282 # 1504
3282 # 1504
3283 # 1504
3283 # 1504
3283 # 1504
3283 # 1504
3283 # 1504
3284 # 1504
3286 # 1504
3286 # 1504
3286 # 1504
3290 + 56
3292 + 56
3292 + 56
3295 # 1504
3295 - 56 5
3295 - 56 3
3295 - 56 3
3295 # 1504
3295 # 1504
3295 # 1504
3295 # 1504
3295 # 1504
3295 # 1504
3295 # 1504
3295 # 1504
3295 # 1504
3297 # 1504
3297 # 1504
3297 # 1504
3298 # 1504
3298 # 1504
3299 # 1504
3300 # 1504
3300 # 1504
3301 # 1504
3301 + 56
3301 + 56
3302 # 1504
3302 - 56 1
3302 - 56 1
3303 + 56
3304 # 1504
3304 - 56 1
3304 # 1504
3313 # 1504
3314 # 1504
3314 # 1504
3314 # 1504
3314 # 1504
3314 # 1504
3314 # 1504
3314 # 1504
3314 # 1504
3314 # 1504
3315 # 1504
3315 # 1504
3315 + 56
3316 # 1504
3316 - 56 1
3316 + 56
3317 # 1504
3317 - 56 1
3317 # 1504
3318 + 56
3319 # 1504
3319 - 56 1
3319 # 1504
3320 # 1504
3320 # 1504
3320 # 1504
3321 + 56
3322 # 1504
3322 - 56 1
3323 # 1504
3323 # 1504
3324 # 1504
3325 # 1504
3325 # 1504
3327 # 1504
3328 # 1504
3328 # 1504
3330 # 1504
3331 # 1504
3331 # 1504
3333 # 1504
3334 # 1504
3334 # 1504
3336 + 56
3336 + 56
3340 + 56
3340 + 56
3343 # 1504
3343 - 56 7
3343 - 56 7
3343 - 56 3
3343 - 56 3
3343 # 1504
3343 # 1504
3343 + 56
3344 # 1504
3344 - 56 1
3345 # 1504
3345 # 1504
3345 # 1504
3345 # 1504
3345 + 56
3348 # 1504
3348 - 56 3
3348 # 1504
3348 # 1504
3348 # 1504
3348 + 56
3349 # 1504
3349 - 56 1
3358 # 1504
3358 # 1504
3358 # 1504
3358 # 1504
3358 # 1504
3358 # 1504
3359 + 56
3361 + 56
3362 # 1504
3362 - 56 3
3362 - 56 1
3362 # 1504
3364 # 1504
3365 # 1504
3367 + 56
3367 + 56
3368 # 1504
3368 - 56 1
3368 - 56 1
3368 # 1504
3368 # 1504
3369 # 1504
3369 + 56
3371 # 1504
3371 - 56 2
3371 # 1504
3373 + 56
3376 + 56
3377 # 1504
3377 - 56 4
3377 - 56 1
3377 # 1504
3377 # 1504
3377 # 1504
3377 # 1504
3379 # 1504
3379 # 1504
3379 # 1504
3379 + 56
3381 # 1504
3381 - 56 2
3381 + 56
3384 + 56
3387 + 56
3392 + 56
3392 + 56
3394 # 1504
3394 - 56 13
3394 - 56 10
3394 - 56 7
3394 - 56 2
3394 - 56 2
3396 + 56
3397 # 1504
3397 - 56 1
3397 # 1504
3397 # 1504
3397 # 1504
3397 # 1504
3397 # 1504
3398 + 56
3399 # 1504
3399 - 56 1
3400 # 1504
3400 # 1504
3401 # 1504
3401 # 1504
3401 + 56
3402 # 1504
3402 - 56 1
3403 # 1504
3403 # 1504
3405 # 1504
3405 + 56
3406 # 1504
3406 - 56 1
3406 + 56
3407 # 1504
3407 - 56 1
3410 + 56
3411 + 56
3412 + 56
3416 # 1504
3416 - 56 6
3416 - 56 5
3416 - 56 4
3416 # 1504
3416 # 1504
3416 # 1504
3416 # 1504
3416 # 1504
3416 # 1504
3416 # 1504
3416 # 1504
3416 + 56
3417 # 1504
3417 - 56 1
3417 # 1504
3419 # 1504
3420 # 1504
3421 # 1504
3422 # 1504
3422 # 1504
3422 # 1504
3424 # 1504
3425 # 1504
3425 # 1504
3427 + 56
3427 + 56
3428 # 1504
3428 - 56 1
3428 - 56 1
3429 # 1504
3429 # 1504
3430 # 1504
3430 + 56
3431 # 1504
3431 - 56 1
3431 # 1504
3432 # 1504
3434 # 1504
3435 # 1504
3436 # 1504
3436 # 1504
3437 # 1504
3439 # 1504
