# mahimahi mm-link (Downlink) [/home/lorenzo/Desktop/drl-cong/src/traces/ATT-LTE-driving-2016.down] > /home/lorenzo/Desktop/drl-cong/log/mahimahi/MahimahiTrace.att_lte_driving_2016.2023.05.26.09.28.18.down.log
# command line: 'mm-link' '/home/lorenzo/Desktop/drl-cong/src/traces/ATT-LTE-driving-2016.up' '/home/lorenzo/Desktop/drl-cong/src/traces/ATT-LTE-driving-2016.down' '--uplink-log=/home/lorenzo/Desktop/drl-cong/log/mahimahi/MahimahiTrace.att_lte_driving_2016.2023.05.26.09.28.18.up.log' '--downlink-log=/home/lorenzo/Desktop/drl-cong/log/mahimahi/MahimahiTrace.att_lte_driving_2016.2023.05.26.09.28.18.down.log' 'python3' '/home/lorenzo/Desktop/drl-cong/src/iperf.py' '192.168.64.16' '86400' '/home/lorenzo/Desktop/drl-cong/log/ppo/iperf/att.lte.driving.2016/att.lte.driving.2016.2023.05.26.09.28.18.json' '/home/lorenzo/Desktop/drl-cong/src/pid.txt'
# queue: infinite
# init timestamp: 1685086098859
# base timestamp: 47
47 # 1504
47 # 1504
47 # 1504
47 # 1504
47 # 1504
47 # 1504
47 # 1504
47 # 1504
47 # 1504
47 # 1504
47 # 1504
47 # 1504
47 # 1504
47 # 1504
47 # 1504
47 # 1504
47 # 1504
47 # 1504
47 # 1504
47 # 1504
47 # 1504
48 # 1504
48 # 1504
48 # 1504
48 # 1504
48 # 1504
48 # 1504
48 # 1504
48 # 1504
49 # 1504
49 # 1504
49 # 1504
49 # 1504
49 # 1504
49 # 1504
49 # 1504
49 # 1504
57 # 1504
57 # 1504
57 # 1504
57 # 1504
57 # 1504
58 # 1504
58 # 1504
58 # 1504
58 # 1504
58 # 1504
61 # 1504
62 # 1504
62 # 1504
63 # 1504
63 # 1504
63 # 1504
63 # 1504
63 # 1504
63 # 1504
63 # 1504
63 # 1504
63 # 1504
63 # 1504
63 # 1504
63 # 1504
63 # 1504
63 # 1504
63 # 1504
63 # 1504
63 # 1504
64 # 1504
64 # 1504
64 # 1504
64 # 1504
64 # 1504
65 # 1504
65 # 1504
65 # 1504
65 # 1504
66 # 1504
66 # 1504
66 # 1504
67 # 1504
67 # 1504
67 # 1504
67 # 1504
68 # 1504
68 # 1504
68 # 1504
69 # 1504
69 # 1504
69 # 1504
71 # 1504
71 # 1504
71 # 1504
72 # 1504
72 # 1504
72 # 1504
74 + 80
79 # 1504
79 - 80 5
79 # 1504
79 + 52
80 # 1504
80 - 52 1
80 # 1504
80 # 1504
80 + 80
82 # 1504
82 - 80 2
83 # 1504
83 # 1504
83 # 1504
83 # 1504
83 # 1504
85 # 1504
85 # 1504
85 # 1504
85 # 1504
85 # 1504
87 # 1504
87 # 1504
87 # 1504
89 # 1504
89 # 1504
89 # 1504
90 # 1504
91 # 1504
91 # 1504
93 # 1504
94 # 1504
94 # 1504
95 # 1504
96 # 1504
96 # 1504
96 # 1504
97 # 1504
97 # 1504
98 # 1504
99 # 1504
99 # 1504
99 # 1504
100 # 1504
100 # 1504
100 # 1504
100 # 1504
100 # 1504
102 # 1504
102 # 1504
103 # 1504
103 # 1504
103 # 1504
104 # 1504
104 # 1504
105 # 1504
105 # 1504
105 # 1504
105 # 1504
105 # 1504
105 # 1504
106 # 1504
106 # 1504
107 # 1504
107 # 1504
107 # 1504
108 # 1504
108 # 1504
108 # 1504
109 # 1504
110 # 1504
110 # 1504
111 # 1504
112 # 1504
112 # 1504
113 # 1504
113 # 1504
113 # 1504
113 # 1504
114 # 1504
115 # 1504
115 # 1504
116 # 1504
116 # 1504
117 # 1504
117 # 1504
118 # 1504
118 # 1504
120 # 1504
120 # 1504
121 # 1504
121 # 1504
121 # 1504
122 # 1504
122 # 1504
123 # 1504
123 # 1504
124 # 1504
124 # 1504
125 # 1504
125 # 1504
126 # 1504
126 # 1504
127 # 1504
127 # 1504
128 # 1504
128 # 1504
128 # 1504
128 # 1504
129 # 1504
129 # 1504
130 # 1504
131 # 1504
131 + 64
132 # 1504
132 - 64 1
132 # 1504
133 # 1504
133 # 1504
134 # 1504
134 # 1504
