# mahimahi mm-link (Uplink) [/home/lorenzo/Desktop/PPO-for-Beginners/src/traces/ATT-LTE-driving-2016.up] > /home/lorenzo/Desktop/PPO-for-Beginners/log/mahimahi/MahimahiTrace.att_lte_driving_2016.2023.05.26.06.29.36.up.log
# command line: 'mm-link' '/home/lorenzo/Desktop/PPO-for-Beginners/src/traces/ATT-LTE-driving-2016.up' '/home/lorenzo/Desktop/PPO-for-Beginners/src/traces/ATT-LTE-driving-2016.down' '--uplink-log=/home/lorenzo/Desktop/PPO-for-Beginners/log/mahimahi/MahimahiTrace.att_lte_driving_2016.2023.05.26.06.29.36.up.log' '--downlink-log=/home/lorenzo/Desktop/PPO-for-Beginners/log/mahimahi/MahimahiTrace.att_lte_driving_2016.2023.05.26.06.29.36.down.log' 'python3' '/home/lorenzo/Desktop/PPO-for-Beginners/src/iperf.py' '192.168.64.16' '86400' '/home/lorenzo/Desktop/PPO-for-Beginners/log/ppo/iperf/att.lte.driving.2016.2023.05.26.06.29.36.json' '/home/lorenzo/Desktop/PPO-for-Beginners/src/pid.txt'
# queue: infinite
# init timestamp: 1685075376947
# base timestamp: 337
337 # 1504
344 + 80
344 + 52
344 + 80
344 + 80
379 + 64
385 # 1504
385 - 80 41
385 - 52 41
385 - 80 41
385 - 80 41
385 - 64 6
386 + 56
386 + 93
394 # 1504
394 - 56 8
394 - 93 8
394 # 1504
395 # 1504
395 # 1504
395 # 1504
395 # 1504
396 + 56
396 + 60
397 # 1504
397 - 56 1
397 - 60 1
397 # 1504
397 # 1504
397 # 1504
398 # 1504
398 + 159
399 # 1504
399 - 159 1
399 # 1504
399 # 1504
400 # 1504
400 # 1504
400 # 1504
400 # 1504
401 # 1504
401 + 56
401 + 64
403 # 1504
403 - 56 2
403 - 64 2
403 # 1504
403 # 1504
404 # 1504
404 + 56
404 + 93
406 # 1504
406 - 56 2
406 - 93 2
408 # 1504
408 # 1504
408 # 1504
409 # 1504
409 # 1504
410 + 56
411 # 1504
411 - 56 1
412 + 56
412 + 1504
412 + 1504
412 + 1504
412 + 1504
413 # 1504
413 - 56 1
414 # 1504
414 - 1504 2
414 # 1504
414 - 1504 2
416 # 1504
416 - 1504 4
416 # 1504
416 - 1504 4
416 + 1504
416 + 1504
416 + 1504
416 + 1504
417 # 1504
417 - 1504 1
417 # 1504
417 - 1504 1
417 + 1504
417 + 1504
417 + 1504
417 + 1504
418 # 1504
418 - 1504 2
418 + 1504
418 + 1504
418 + 1504
418 + 1504
420 # 1504
420 - 1504 4
420 # 1504
420 - 1504 3
421 # 1504
421 - 1504 4
422 # 1504
422 - 1504 5
422 + 1504
422 + 1504
422 + 1504
422 + 1504
423 + 1504
423 + 1504
423 + 1504
423 + 1504
423 + 1504
423 + 1504
432 # 1504
432 - 1504 15
432 # 1504
432 - 1504 14
432 # 1504
432 - 1504 14
432 # 1504
432 - 1504 14
433 # 1504
433 - 1504 15
436 # 1504
436 - 1504 14
436 # 1504
436 - 1504 14
436 # 1504
436 - 1504 14
436 # 1504
436 - 1504 14
436 # 1504
436 - 1504 13
436 # 1504
436 - 1504 13
437 # 1504
437 - 1504 14
437 # 1504
437 - 1504 14
437 # 1504
437 - 1504 14
437 # 1504
437 - 1504 14
438 # 1504
439 # 1504
439 # 1504
439 # 1504
440 # 1504
441 + 1504
441 + 1504
441 + 1504
441 + 1504
441 + 1504
442 # 1504
442 - 1504 1
442 # 1504
442 - 1504 1
442 + 1504
442 + 1504
442 + 1504
442 + 1504
442 + 1504
443 + 1504
443 + 1504
444 # 1504
444 - 1504 3
444 + 1504
444 + 1504
445 # 1504
445 - 1504 4
445 # 1504
445 - 1504 4
445 # 1504
445 - 1504 3
445 # 1504
445 - 1504 3
445 + 1504
445 + 1504
446 + 1504
446 + 1504
446 + 1504
446 + 1504
446 + 1504
447 # 1504
447 - 1504 5
447 # 1504
447 - 1504 5
447 # 1504
447 - 1504 5
447 + 1504
447 + 1504
447 + 1504
448 + 1504
448 + 1504
448 + 1504
449 + 1504
449 + 1504
449 + 1504
449 + 1504
449 + 1504
449 + 1504
450 + 1504
450 + 1504
450 + 1504
451 + 1504
451 + 1504
451 + 1504
451 + 1504
457 # 1504
457 - 1504 14
457 # 1504
457 - 1504 14
457 # 1504
457 - 1504 13
457 # 1504
457 - 1504 13
457 # 1504
457 - 1504 12
457 # 1504
457 - 1504 12
457 # 1504
457 - 1504 11
457 # 1504
457 - 1504 11
458 # 1504
458 - 1504 12
458 # 1504
458 - 1504 12
458 # 1504
458 - 1504 12
458 # 1504
458 - 1504 11
458 + 1504
458 + 1504
459 # 1504
459 - 1504 12
459 + 1504
459 + 1504
459 + 1504
460 + 1504
460 + 1504
460 + 1504
461 # 1504
461 - 1504 14
461 + 1504
461 + 1504
461 + 1504
462 + 1504
462 + 1504
462 + 1504
465 # 1504
465 - 1504 17
465 # 1504
465 - 1504 17
465 # 1504
465 - 1504 17
466 # 1504
466 - 1504 17
467 + 1504
467 + 1504
467 + 1504
468 # 1504
468 - 1504 19
468 # 1504
468 - 1504 19
468 + 1504
468 + 1504
469 + 1504
469 + 1504
471 # 1504
471 - 1504 22
471 # 1504
471 - 1504 22
473 + 1504
480 # 1504
480 - 1504 31
480 # 1504
480 - 1504 30
480 # 1504
480 - 1504 30
480 # 1504
480 - 1504 30
480 # 1504
480 - 1504 29
480 # 1504
480 - 1504 29
480 # 1504
480 - 1504 29
481 # 1504
481 - 1504 30
482 # 1504
482 - 1504 24
482 # 1504
482 - 1504 24
482 # 1504
482 - 1504 23
482 # 1504
482 - 1504 23
482 + 1504
482 + 1504
483 # 1504
483 - 1504 24
483 # 1504
483 - 1504 23
483 + 1504
483 + 1504
484 # 1504
484 - 1504 24
484 + 1504
484 + 1504
485 # 1504
485 - 1504 25
485 + 1504
486 + 1504
486 + 1504
487 # 1504
487 - 1504 26
487 + 1504
488 # 1504
488 - 1504 27
488 # 1504
488 - 1504 27
488 + 1504
489 + 1504
489 + 1504
490 # 1504
490 - 1504 28
490 # 1504
490 - 1504 28
490 # 1504
490 - 1504 28
490 + 1504
491 + 1504
491 + 1504
492 + 1504
493 # 1504
493 - 1504 26
493 # 1504
493 - 1504 26
493 + 1504
493 + 1504
494 # 1504
494 - 1504 27
494 + 1504
495 + 1504
496 + 1504
496 + 1504
497 + 1504
498 + 1504
498 + 1504
503 # 1504
503 - 1504 35
503 # 1504
503 - 1504 35
503 # 1504
503 - 1504 34
503 # 1504
503 - 1504 34
503 # 1504
503 - 1504 30
503 # 1504
503 - 1504 21
503 # 1504
503 - 1504 21
504 # 1504
504 - 1504 21
505 # 1504
505 - 1504 22
505 # 1504
505 - 1504 21
505 # 1504
505 - 1504 21
505 # 1504
505 - 1504 20
505 # 1504
505 - 1504 19
505 # 1504
505 - 1504 19
505 + 1504
505 + 1504
506 # 1504
506 - 1504 19
506 # 1504
506 - 1504 18
506 + 1504
507 # 1504
507 - 1504 18
507 + 1504
507 + 1504
508 # 1504
508 - 1504 19
508 + 1504
509 + 1504
509 + 1504
510 # 1504
510 - 1504 20
510 # 1504
510 - 1504 19
510 + 1504
511 # 1504
511 - 1504 20
511 + 1504
511 + 1504
512 # 1504
512 - 1504 20
512 + 1504
513 # 1504
513 - 1504 20
513 # 1504
513 - 1504 20
513 + 1504
513 + 1504
514 # 1504
514 - 1504 20
514 # 1504
514 - 1504 19
514 + 1504
515 + 1504
515 + 1504
516 + 1504
516 + 1504
517 + 1504
518 + 1504
518 + 1504
519 + 1504
519 + 1504
520 + 1504
521 + 1504
521 + 1504
522 + 1504
525 # 1504
525 - 1504 29
525 # 1504
525 - 1504 29
525 # 1504
525 - 1504 28
525 # 1504
525 - 1504 27
525 # 1504
525 - 1504 27
525 # 1504
525 - 1504 20
525 # 1504
525 - 1504 20
525 # 1504
525 - 1504 19
525 # 1504
525 - 1504 18
525 # 1504
525 - 1504 18
525 # 1504
525 - 1504 17
525 # 1504
525 - 1504 16
525 # 1504
525 - 1504 16
525 # 1504
525 - 1504 15
526 # 1504
526 - 1504 15
526 + 1504
527 + 1504
527 + 1504
528 # 1504
528 - 1504 17
528 + 1504
529 # 1504
529 - 1504 17
529 + 1504
529 + 1504
530 # 1504
530 - 1504 17
530 # 1504
530 - 1504 17
530 + 1504
530 + 1504
531 # 1504
531 - 1504 17
531 # 1504
531 - 1504 16
531 + 1504
532 # 1504
532 - 1504 17
532 + 1504
532 + 1504
533 # 1504
533 - 1504 17
533 # 1504
533 - 1504 17
533 # 1504
533 - 1504 16
533 + 1504
533 + 1504
534 + 1504
534 + 1504
535 # 1504
535 - 1504 17
535 # 1504
535 - 1504 17
535 + 1504
535 + 1504
536 # 1504
536 - 1504 17
536 + 1504
536 + 1504
537 # 1504
537 - 1504 18
537 # 1504
537 - 1504 17
537 # 1504
537 - 1504 16
537 + 1504
538 # 1504
538 - 1504 17
538 # 1504
538 - 1504 16
538 + 1504
539 # 1504
539 - 1504 13
541 # 1504
541 - 1504 14
541 + 1504
542 + 1504
542 + 1504
543 + 1504
543 + 1504
544 # 1504
544 - 1504 17
544 # 1504
544 - 1504 16
544 # 1504
544 - 1504 15
544 # 1504
544 - 1504 15
544 # 1504
544 - 1504 14
544 + 1504
544 + 1504
545 # 1504
545 - 1504 15
545 # 1504
545 - 1504 14
545 + 1504
545 + 1504
546 # 1504
546 - 1504 14
546 + 1504
547 # 1504
547 - 1504 15
547 + 1504
547 + 1504
548 + 1504
548 + 1504
548 + 1504
549 # 1504
549 - 1504 16
549 # 1504
549 - 1504 16
549 # 1504
549 - 1504 15
549 # 1504
549 - 1504 15
549 # 1504
549 - 1504 14
549 + 1504
549 + 1504
550 + 1504
550 + 1504
551 # 1504
551 - 1504 16
551 # 1504
551 - 1504 15
551 + 1504
551 + 1504
552 # 1504
552 - 1504 16
552 + 1504
552 + 1504
553 # 1504
553 - 1504 16
553 # 1504
553 - 1504 15
553 + 1504
553 + 1504
554 # 1504
554 - 1504 13
554 # 1504
554 - 1504 12
555 # 1504
555 - 1504 13
555 # 1504
555 - 1504 12
557 # 1504
557 - 1504 14
557 # 1504
557 - 1504 13
557 # 1504
557 - 1504 13
557 + 1504
557 + 1504
558 # 1504
558 - 1504 13
558 + 1504
558 + 1504
559 # 1504
559 - 1504 14
559 # 1504
559 - 1504 13
559 + 1504
559 + 1504
560 + 1504
560 + 1504
561 + 1504
561 + 1504
561 + 1504
561 + 1504
562 + 1504
562 + 1504
563 # 1504
563 - 1504 16
563 # 1504
563 - 1504 16
563 # 1504
563 - 1504 15
563 # 1504
563 - 1504 15
563 # 1504
563 - 1504 15
563 + 1504
563 + 1504
564 + 1504
564 + 1504
565 # 1504
565 - 1504 16
565 # 1504
565 - 1504 16
565 # 1504
565 - 1504 15
565 + 1504
565 + 1504
566 + 1504
566 + 1504
566 + 1504
567 # 1504
567 - 1504 17
567 # 1504
567 - 1504 16
567 # 1504
567 - 1504 16
567 + 1504
567 + 1504
567 + 1504
568 # 1504
568 - 1504 16
569 # 1504
569 - 1504 17
570 # 1504
570 - 1504 17
571 # 1504
571 - 1504 18
571 # 1504
571 - 1504 14
572 # 1504
572 - 1504 15
572 # 1504
572 - 1504 14
573 # 1504
573 - 1504 15
573 # 1504
573 - 1504 14
573 # 1504
573 - 1504 14
573 # 1504
573 - 1504 13
573 + 1504
573 + 1504
574 + 1504
574 + 1504
575 # 1504
575 - 1504 15
575 # 1504
575 - 1504 14
575 + 1504
575 + 1504
575 + 1504
575 + 1504
576 # 1504
576 - 1504 15
576 # 1504
576 - 1504 15
576 + 1504
576 + 1504
577 # 1504
577 - 1504 16
577 # 1504
577 - 1504 15
577 # 1504
577 - 1504 15
577 + 1504
577 + 1504
578 + 1504
578 + 1504
579 # 1504
579 - 1504 16
579 # 1504
579 - 1504 16
579 # 1504
579 - 1504 15
579 + 1504
579 + 1504
579 + 1504
579 + 1504
580 # 1504
580 - 1504 16
580 # 1504
580 - 1504 15
580 # 1504
580 - 1504 15
580 + 1504
580 + 1504
581 + 1504
581 + 1504
581 + 1504
582 # 1504
582 - 1504 16
582 + 1504
582 + 1504
583 + 1504
583 + 1504
584 # 1504
584 - 1504 18
584 # 1504
584 - 1504 18
584 # 1504
584 - 1504 17
584 # 1504
584 - 1504 17
584 + 1504
584 + 1504
585 # 1504
585 - 1504 18
585 # 1504
585 - 1504 12
585 + 1504
585 + 1504
586 # 1504
586 - 1504 13
586 # 1504
586 - 1504 12
586 + 1504
586 + 1504
586 + 1504
586 + 1504
587 # 1504
587 - 1504 13
587 # 1504
587 - 1504 12
587 + 1504
587 + 1504
588 # 1504
588 - 1504 13
588 + 1504
588 + 1504
589 # 1504
589 - 1504 14
589 # 1504
589 - 1504 14
589 # 1504
589 - 1504 13
589 + 1504
589 + 1504
589 + 1504
589 + 1504
590 # 1504
590 - 1504 14
590 + 1504
590 + 1504
591 # 1504
591 - 1504 14
591 # 1504
591 - 1504 14
591 # 1504
591 - 1504 13
591 + 1504
591 + 1504
594 # 1504
594 - 1504 16
594 # 1504
594 - 1504 15
594 # 1504
594 - 1504 15
594 # 1504
594 - 1504 15
594 # 1504
594 - 1504 15
594 + 1504
594 + 1504
595 + 1504
595 + 1504
596 # 1504
596 - 1504 16
596 # 1504
596 - 1504 16
596 # 1504
596 - 1504 15
600 + 1504
600 + 1504
600 + 1504
600 + 1504
601 # 1504
601 - 1504 20
601 # 1504
601 - 1504 20
601 + 1504
601 + 1504
602 + 1504
602 + 1504
603 + 1504
603 + 1504
603 + 1504
603 + 1504
609 # 1504
609 - 1504 27
609 # 1504
609 - 1504 27
609 # 1504
609 - 1504 26
609 # 1504
609 - 1504 26
609 # 1504
609 - 1504 25
612 # 1504
612 - 1504 28
612 # 1504
612 - 1504 27
612 # 1504
612 - 1504 27
612 # 1504
612 - 1504 26
615 + 1504
615 + 1504
615 + 1504
615 + 1504
616 + 1504
616 + 1504
617 + 1504
617 + 1504
619 # 1504
619 - 1504 33
619 # 1504
619 - 1504 33
621 # 1504
621 - 1504 35
621 # 1504
621 - 1504 34
621 + 1504
621 + 1504
623 # 1504
623 - 1504 36
623 + 1504
623 + 1504
624 + 1504
625 # 1504
625 - 1504 37
626 + 1504
627 + 1504
628 # 1504
628 - 1504 40
630 # 1504
630 - 1504 41
634 # 1504
634 - 1504 45
637 # 1504
637 - 1504 48
637 + 1504
637 + 1504
638 # 1504
638 - 1504 49
638 + 1504
638 + 1504
639 + 1504
648 # 1504
648 - 1504 58
650 # 1504
650 - 1504 60
650 # 1504
650 - 1504 59
651 # 1504
651 - 1504 60
651 + 1504
652 + 1504
652 + 1504
653 + 1504
662 # 1504
662 - 1504 68
664 # 1504
664 - 1504 70
664 + 1504
665 + 1504
667 # 1504
667 - 1504 72
667 # 1504
667 - 1504 72
670 + 1504
670 + 1504
678 # 1504
678 - 1504 78
681 + 1504
682 # 1504
682 - 1504 82
682 # 1504
682 - 1504 82
682 # 1504
682 - 1504 82
682 + 1504
683 # 1504
683 - 1504 82
683 + 1504
684 + 1504
685 + 1504
687 # 1504
687 - 1504 86
687 # 1504
687 - 1504 85
688 + 1504
689 + 1504
690 # 1504
690 - 1504 88
693 # 1504
693 - 1504 90
693 # 1504
693 - 1504 90
693 # 1504
693 - 1504 90
694 # 1504
694 - 1504 91
695 # 1504
695 - 1504 80
697 # 1504
697 - 1504 82
697 + 1504
698 + 1504
699 + 1504
700 # 1504
700 - 1504 85
701 + 1504
702 + 1504
703 # 1504
703 - 1504 88
703 + 1504
705 # 1504
705 - 1504 89
705 + 1504
706 + 1504
707 # 1504
707 - 1504 91
708 # 1504
708 - 1504 91
708 + 1504
709 + 1504
711 + 1504
712 + 1504
714 + 1504
715 + 1504
719 # 1504
719 - 1504 102
721 # 1504
721 - 1504 100
721 # 1504
721 - 1504 100
724 + 1504
725 # 1504
725 - 1504 102
725 # 1504
725 - 1504 102
725 + 1504
726 # 1504
726 - 1504 102
726 # 1504
726 - 1504 100
727 # 1504
727 - 1504 100
727 + 1504
728 + 1504
729 # 1504
729 - 1504 92
730 # 1504
730 - 1504 93
730 + 1504
732 # 1504
732 - 1504 94
732 + 1504
734 # 1504
734 - 1504 96
734 # 1504
734 - 1504 95
734 # 1504
734 - 1504 83
734 + 1504
735 # 1504
735 - 1504 83
735 + 1504
737 # 1504
737 - 1504 85
737 # 1504
737 - 1504 84
737 + 1504
739 # 1504
739 - 1504 75
739 + 1504
741 + 1504
742 + 1504
743 # 1504
743 - 1504 78
743 # 1504
743 - 1504 73
743 # 1504
743 - 1504 73
743 # 1504
743 - 1504 62
744 + 1504
745 # 1504
745 - 1504 63
746 # 1504
746 - 1504 63
746 # 1504
746 - 1504 62
746 # 1504
746 - 1504 61
746 + 1504
748 # 1504
748 - 1504 60
748 + 1504
749 + 1504
750 # 1504
750 - 1504 61
751 + 1504
752 + 1504
753 # 1504
753 - 1504 56
753 # 1504
753 - 1504 55
753 # 1504
753 - 1504 54
754 # 1504
754 - 1504 53
754 + 1504
755 # 1504
755 - 1504 53
755 + 1504
756 + 1504
757 # 1504
757 - 1504 54
758 # 1504
758 - 1504 53
758 + 1504
759 + 1504
760 + 1504
761 + 1504
762 + 1504
764 + 1504
765 + 1504
766 + 1504
768 # 1504
768 - 1504 62
768 + 1504
768 + 1504
769 + 1504
771 # 1504
771 - 1504 63
771 # 1504
771 - 1504 62
771 # 1504
771 - 1504 60
771 + 1504
772 + 1504
773 # 1504
773 - 1504 61
773 # 1504
773 - 1504 59
773 # 1504
773 - 1504 58
773 + 1504
774 + 1504
775 # 1504
775 - 1504 51
775 + 1504
777 + 1504
778 # 1504
778 - 1504 53
778 + 1504
779 # 1504
779 - 1504 52
779 + 1504
780 # 1504
780 - 1504 52
780 + 1504
781 + 1504
782 # 1504
782 - 1504 52
782 + 1504
783 # 1504
783 - 1504 51
783 # 1504
783 - 1504 49
784 # 1504
784 - 1504 49
784 + 1504
785 + 1504
786 # 1504
786 - 1504 49
786 # 1504
786 - 1504 47
786 # 1504
786 - 1504 45
786 + 1504
787 # 1504
787 - 1504 45
787 + 1504
788 + 1504
789 + 1504
790 + 1504
791 + 1504
792 + 1504
793 + 1504
794 + 1504
795 + 1504
796 + 1504
797 # 1504
797 - 1504 53
797 # 1504
797 - 1504 51
797 # 1504
797 - 1504 49
797 # 1504
797 - 1504 48
797 # 1504
797 - 1504 46
797 + 1504
798 # 1504
798 - 1504 46
798 # 1504
798 - 1504 44
798 # 1504
798 - 1504 43
799 # 1504
799 - 1504 43
801 # 1504
801 - 1504 43
803 # 1504
803 - 1504 44
803 + 1504
803 + 1504
804 + 1504
805 # 1504
805 - 1504 45
805 + 1504
806 # 1504
806 - 1504 45
806 + 1504
807 + 1504
808 + 1504
809 # 1504
809 - 1504 47
809 + 1504
810 + 1504
811 + 1504
812 + 1504
813 + 1504
814 + 1504
815 + 1504
819 # 1504
819 - 1504 55
819 # 1504
819 - 1504 54
819 # 1504
819 - 1504 53
820 # 1504
820 - 1504 52
820 # 1504
820 - 1504 52
821 # 1504
821 - 1504 52
821 + 1504
821 + 1504
822 + 1504
823 + 1504
824 # 1504
824 - 1504 53
824 + 1504
825 # 1504
825 - 1504 53
825 + 1504
826 + 1504
827 + 1504
871 + 1504
934 + 80
1000 + 1504
1285 + 1504
1833 + 1504
1867 # 1504
1867 - 1504 1094
1868 + 1504
1869 + 1504
1870 + 1504
1871 + 1504
1872 + 1504
1873 + 1504
1875 + 1504
1876 + 1504
1877 + 1504
1878 + 1504
1879 + 1504
1880 + 1504
1882 + 1504
1883 + 1504
1884 + 1504
1885 + 1504
1886 + 1504
1887 + 1504
1889 + 1504
1890 + 1504
1891 + 1504
1892 + 1504
1893 + 1504
1894 + 1504
1896 + 1504
1897 + 1504
1898 + 1504
1899 + 1504
1900 + 1504
1901 + 1504
1903 + 1504
1904 + 1504
1905 + 1504
1906 + 1504
1907 # 1504
1907 - 1504 1133
1907 + 1504
1908 + 1504
1909 # 1504
1909 - 1504 1134
1909 # 1504
1909 - 1504 1132
1909 # 1504
1909 - 1504 1131
1909 # 1504
1909 - 1504 1130
1910 # 1504
1910 - 1504 1130
1910 # 1504
1910 - 1504 1129
1910 + 1504
1911 # 1504
1911 - 1504 1129
1911 # 1504
1911 - 1504 1127
1912 # 1504
1912 - 1504 1127
1912 + 1504
1913 # 1504
1913 - 1504 1127
1917 + 1504
1922 # 1504
1922 - 1504 1135
1922 # 1504
1922 - 1504 1134
1922 # 1504
1922 - 1504 1133
1922 # 1504
1922 - 1504 1132
1923 + 1504
1925 # 1504
1925 - 1504 1134
1925 # 1504
1925 - 1504 1133
1925 # 1504
1925 - 1504 1132
1925 # 1504
1925 - 1504 1131
1925 # 1504
1925 - 1504 1130
1925 # 1504
1925 - 1504 1129
1925 # 1504
1925 - 1504 1128
1925 # 1504
1925 - 1504 1122
1926 # 1504
1926 - 1504 1123
1926 # 1504
1926 - 1504 1122
1926 # 1504
1926 - 1504 1121
1928 + 1504
1933 # 1504
1933 - 1504 1127
1933 # 1504
1933 - 1504 1126
1933 # 1504
1933 - 1504 1125
1933 # 1504
1933 - 1504 1124
1933 # 1504
1933 - 1504 1123
1933 # 1504
1933 - 1504 1122
1933 # 1504
1933 - 1504 1121
1935 # 1504
1935 - 1504 1122
1935 # 1504
1935 - 1504 1121
1935 # 1504
1935 - 1504 1120
1935 # 1504
1935 - 1504 1114
1935 # 1504
1935 - 1504 1114
1935 # 1504
1935 - 1504 1113
1935 # 1504
1935 - 1504 1112
1935 # 1504
1935 - 1504 1111
1935 + 1504
1936 # 1504
1936 - 1504 1111
1937 # 1504
1937 - 1504 1111
1941 + 1504
1947 # 1504
1947 - 1504 1120
1947 # 1504
1947 - 1504 1076
1947 # 1504
1947 - 80 1013
1947 # 1504
1947 - 1504 947
1947 # 1504
1947 - 1504 662
1947 # 1504
1947 - 1504 114
1948 + 1504
1949 # 1504
1949 - 1504 81
1949 # 1504
1949 - 1504 80
1949 # 1504
1949 - 1504 79
1949 # 1504
1949 - 1504 78
1949 # 1504
1949 - 1504 77
1949 # 1504
1949 - 1504 76
1949 # 1504
1949 - 1504 74
1951 # 1504
1951 - 1504 75
1952 # 1504
1952 - 1504 75
1953 # 1504
1953 - 1504 75
1954 # 1504
1954 - 1504 75
1954 # 1504
1954 - 1504 74
1955 + 1504
1956 # 1504
1956 - 1504 74
1956 # 1504
1956 - 1504 73
1957 # 1504
1957 - 1504 73
1957 + 1504
1958 + 1504
1959 # 1504
1959 - 1504 74
1959 # 1504
1959 - 1504 73
1959 # 1504
1959 - 1504 72
1960 # 1504
1960 - 1504 71
1960 + 1504
1961 + 1504
1962 # 1504
1962 - 1504 72
1962 # 1504
1962 - 1504 71
1962 # 1504
1962 - 1504 70
1962 + 1504
1963 # 1504
1963 - 1504 70
1963 + 1504
1964 # 1504
1964 - 1504 70
1964 # 1504
1964 - 1504 68
1964 + 1504
1965 # 1504
1965 - 1504 68
1965 # 1504
1965 - 1504 67
1966 + 1504
1967 + 1504
1968 + 1504
1969 + 1504
1970 + 1504
1971 + 1504
1972 + 1504
1973 + 1504
1974 + 1504
1975 # 1504
1975 - 1504 76
1975 # 1504
1975 - 1504 75
1975 # 1504
1975 - 1504 74
1975 # 1504
1975 - 1504 72
1975 # 1504
1975 - 1504 71
1975 # 1504
1975 - 1504 70
1975 + 1504
1976 + 1504
1977 # 1504
1977 - 1504 71
1977 # 1504
1977 - 1504 70
1977 # 1504
1977 - 1504 69
1977 # 1504
1977 - 1504 67
1977 # 1504
1977 - 1504 65
1977 # 1504
1977 - 1504 60
1977 # 1504
1977 - 1504 54
1977 # 1504
1977 - 1504 49
1977 + 1504
1978 # 1504
1978 - 1504 43
1978 + 1504
1978 + 1504
1979 # 1504
1979 - 1504 38
1979 + 1504
1980 + 1504
1981 # 1504
1981 - 1504 33
1981 + 1504
1981 + 1504
1982 # 1504
1982 - 1504 27
1982 + 1504
1983 # 1504
1983 - 1504 26
1983 + 1504
1983 + 1504
1984 # 1504
1984 - 1504 26
1984 # 1504
1984 - 1504 24
1984 + 1504
1985 # 1504
1985 - 1504 24
1985 + 1504
1985 + 1504
1986 # 1504
1986 - 1504 24
1986 + 1504
1986 + 1504
1987 # 1504
1987 - 1504 24
1987 # 1504
1987 - 1504 23
1987 # 1504
1987 - 1504 21
1987 + 1504
1987 + 1504
1988 + 1504
1988 + 1504
1988 + 1504
1989 # 1504
1989 - 1504 22
1989 # 1504
1989 - 1504 21
1989 + 1504
1989 + 1504
1990 # 1504
1990 - 1504 21
1990 + 1504
1990 + 1504
1991 + 1504
1991 + 1504
1992 + 1504
1992 + 1504
1993 + 1504
1993 + 1504
1993 + 1504
1993 + 1504
1994 + 1504
1994 + 1504
1995 + 1504
1995 + 1504
1996 + 1504
1996 + 1504
1997 + 1504
1997 + 1504
1997 + 1504
1997 + 1504
1998 + 1504
1998 + 1504
1999 # 1504
1999 - 1504 29
1999 # 1504
1999 - 1504 28
1999 # 1504
1999 - 1504 27
1999 # 1504
1999 - 1504 26
1999 # 1504
1999 - 1504 25
1999 # 1504
1999 - 1504 24
1999 + 1504
1999 + 1504
2000 + 1504
2000 + 1504
2001 # 1504
2001 - 1504 25
2001 # 1504
2001 - 1504 24
2001 # 1504
2001 - 1504 23
2001 # 1504
2001 - 1504 23
2001 # 1504
2001 - 1504 22
2001 # 1504
2001 - 1504 21
2001 + 1504
2001 + 1504
2001 + 1504
2001 + 1504
2002 # 1504
2002 - 1504 21
2002 # 1504
2002 - 1504 21
2002 # 1504
2002 - 1504 20
2002 + 1504
2002 + 1504
2002 + 1504
2003 + 1504
2003 + 1504
2003 + 1504
2004 # 1504
2004 - 1504 21
2004 # 1504
2004 - 1504 21
2004 + 1504
2004 + 1504
2004 + 1504
2005 # 1504
2005 - 1504 21
2005 + 1504
2005 + 1504
2005 + 1504
2006 + 1504
2006 + 1504
2006 + 1504
2007 + 1504
2007 + 1504
2007 + 1504
2008 + 1504
2008 + 1504
2008 + 1504
2008 + 1504
2008 + 1504
2008 + 1504
2009 + 1504
2009 + 1504
2009 + 1504
2010 + 1504
2010 + 1504
2010 + 1504
2011 + 1504
2011 + 1504
2011 + 1504
2012 + 1504
2012 + 1504
2012 + 1504
2013 + 1504
2013 + 1504
2013 + 1504
2013 + 1504
2013 + 1504
2013 + 1504
2014 # 1504
2014 - 1504 29
2014 # 1504
2014 - 1504 29
2014 + 1504
2014 + 1504
2014 + 1504
2015 # 1504
2015 - 1504 29
2015 # 1504
2015 - 1504 29
2015 # 1504
2015 - 1504 28
2015 # 1504
2015 - 1504 28
2015 + 1504
2015 + 1504
2015 + 1504
2016 + 1504
2016 + 1504
2016 + 1504
2017 + 1504
2017 + 1504
2017 + 1504
2017 + 1504
2018 # 1504
2018 - 1504 30
2018 # 1504
2018 - 1504 30
2018 # 1504
2018 - 1504 30
2018 # 1504
2018 - 1504 29
2018 # 1504
2018 - 1504 29
2018 # 1504
2018 - 1504 28
2018 + 1504
2018 + 1504
2018 + 1504
2018 + 1504
2019 # 1504
2019 - 1504 29
2019 # 1504
2019 - 1504 28
2019 # 1504
2019 - 1504 28
2019 # 1504
2019 - 1504 27
2019 + 1504
2019 + 1504
2019 + 1504
2019 + 1504
2020 + 1504
2020 + 1504
2020 + 1504
2020 + 1504
2020 + 1504
2020 + 1504
2020 + 1504
2021 # 1504
2021 - 1504 29
2021 + 1504
2021 + 1504
2021 + 1504
2021 + 1504
2022 # 1504
2022 - 1504 29
2022 # 1504
2022 - 1504 29
2022 + 1504
2022 + 1504
2022 + 1504
2022 + 1504
2023 + 1504
2023 + 1504
2023 + 1504
2023 + 1504
2023 + 1504
2024 # 1504
2024 - 1504 31
2024 # 1504
2024 - 1504 31
2024 # 1504
2024 - 1504 30
2024 + 1504
2024 + 1504
2024 + 1504
2024 + 1504
2024 + 1504
2024 + 1504
2024 + 1504
2024 + 1504
2025 # 1504
2025 - 1504 31
2025 + 1504
2025 + 1504
2025 + 1504
2025 + 1504
2025 + 1504
2025 + 1504
2025 + 1504
2026 # 1504
2026 - 1504 31
2026 + 1504
2026 + 1504
2026 + 1504
2026 + 1504
2026 + 1504
2027 + 1504
2027 + 1504
2027 + 1504
2027 + 1504
2027 + 1504
2028 # 1504
2028 - 1504 33
2028 # 1504
2028 - 1504 32
2028 + 1504
2028 + 1504
2028 + 1504
2029 # 1504
2029 - 1504 33
2029 + 1504
2029 + 1504
2029 + 1504
2029 + 1504
2029 + 1504
2030 # 1504
2030 - 1504 33
2030 + 1504
2030 + 1504
2030 + 1504
2030 + 1504
2031 # 1504
2031 - 1504 34
2031 # 1504
2031 - 1504 34
2032 # 1504
2032 - 1504 35
2032 # 1504
2032 - 1504 34
2033 # 1504
2033 - 1504 35
2033 + 1504
2033 + 1504
2033 + 1504
2033 + 1504
2034 + 1504
2034 + 1504
2034 + 1504
2034 + 1504
2035 # 1504
2035 - 1504 36
2035 # 1504
2035 - 1504 36
2036 # 1504
2036 - 1504 36
2036 + 1504
2036 + 1504
2037 # 1504
2037 - 1504 37
2039 + 1504
2039 + 1504
2039 + 1504
2043 # 1504
2043 - 1504 42
2043 # 1504
2043 - 1504 42
2043 # 1504
2043 - 1504 42
2045 + 1504
2054 # 1504
2054 - 1504 53
2054 # 1504
2054 - 1504 52
2054 # 1504
2054 - 1504 52
2056 + 1504
2056 + 1504
2056 + 1504
2057 # 1504
2057 - 1504 55
2057 # 1504
2057 - 1504 54
2057 # 1504
2057 - 1504 54
2057 # 1504
2057 - 1504 54
2057 # 1504
2057 - 1504 53
2057 # 1504
2057 - 1504 53
2057 # 1504
2057 - 1504 53
2057 # 1504
2057 - 1504 52
2057 # 1504
2057 - 1504 52
2057 # 1504
2057 - 1504 52
2057 # 1504
2057 - 1504 51
2057 # 1504
2057 - 1504 51
2057 # 1504
2057 - 1504 51
2057 # 1504
2057 - 1504 50
2058 # 1504
2058 - 1504 51
2058 # 1504
2058 - 1504 51
2058 # 1504
2058 - 1504 50
2058 # 1504
2058 - 1504 50
2058 # 1504
2058 - 1504 50
2058 # 1504
2058 - 1504 50
2059 + 1504
2059 + 1504
2059 + 1504
2059 + 1504
2059 + 1504
2059 + 1504
2060 # 1504
2060 - 1504 52
2060 + 1504
2060 + 1504
2060 + 1504
2061 + 1504
2061 + 1504
2061 + 1504
2062 + 1504
2062 + 1504
2062 + 1504
2063 + 1504
2063 + 1504
2063 + 1504
2064 + 1504
2064 + 1504
2064 + 1504
2064 + 1504
2067 # 1504
2067 - 1504 59
2067 # 1504
2067 - 1504 58
2067 # 1504
2067 - 1504 58
2067 # 1504
2067 - 1504 58
2067 # 1504
2067 - 1504 57
2067 # 1504
2067 - 1504 57
2067 # 1504
2067 - 1504 57
2068 # 1504
2068 - 1504 57
2068 # 1504
2068 - 1504 57
2068 # 1504
2068 - 1504 57
2069 # 1504
2069 - 1504 57
2069 # 1504
2069 - 1504 57
2069 # 1504
2069 - 1504 57
2069 + 1504
2069 + 1504
2069 + 1504
2069 + 1504
2069 + 1504
2070 + 1504
2070 + 1504
2071 + 1504
2071 + 1504
2071 + 1504
2071 + 1504
2072 + 1504
2072 + 1504
2073 + 1504
2073 + 1504
2078 # 1504
2078 - 1504 65
2078 # 1504
2078 - 1504 65
2078 # 1504
2078 - 1504 65
2078 # 1504
2078 - 1504 65
2078 # 1504
2078 - 1504 65
2078 # 1504
2078 - 1504 65
2078 # 1504
2078 - 1504 64
2080 # 1504
2080 - 1504 66
2080 # 1504
2080 - 1504 66
2080 # 1504
2080 - 1504 65
2080 # 1504
2080 - 1504 65
2080 # 1504
2080 - 1504 65
2080 # 1504
2080 - 1504 64
2080 # 1504
2080 - 1504 64
2081 # 1504
2081 - 1504 65
2081 # 1504
2081 - 1504 64
2081 # 1504
2081 - 1504 64
2083 # 1504
2083 - 1504 66
2083 # 1504
2083 - 1504 66
2083 # 1504
2083 - 1504 65
2084 # 1504
2084 - 1504 66
2084 # 1504
2084 - 1504 66
2085 + 1504
2085 + 1504
2085 + 1504
2085 + 1504
2086 # 1504
2086 - 1504 68
2086 + 1504
2086 + 1504
2087 # 1504
2087 - 1504 68
2087 # 1504
2087 - 1504 68
2087 + 1504
2087 + 1504
2087 + 1504
2087 + 1504
2088 # 1504
2088 - 1504 69
2088 # 1504
2088 - 1504 69
2088 + 1504
2088 + 1504
2089 # 1504
2089 - 1504 69
2089 # 1504
2089 - 1504 69
2089 # 1504
2089 - 1504 69
2089 + 1504
2089 + 1504
2090 + 1504
2090 + 1504
2091 + 1504
2091 + 1504
2091 + 1504
2091 + 1504
2092 # 1504
2092 - 1504 72
2092 + 1504
2092 + 1504
2093 + 1504
2093 + 1504
2094 + 1504
2094 + 1504
2095 # 1504
2095 - 1504 75
2095 # 1504
2095 - 1504 75
2095 + 1504
2095 + 1504
2095 + 1504
2096 + 1504
2096 + 1504
2097 # 1504
2097 - 1504 77
2097 # 1504
2097 - 1504 76
2097 # 1504
2097 - 1504 76
2097 # 1504
2097 - 1504 76
2097 # 1504
2097 - 1504 76
2097 # 1504
2097 - 1504 75
2097 # 1504
2097 - 1504 75
2097 + 1504
2097 + 1504
2098 + 1504
2098 + 1504
2100 # 1504
2100 - 1504 78
2100 # 1504
2100 - 1504 78
2100 # 1504
2100 - 1504 77
2100 # 1504
2100 - 1504 77
2100 # 1504
2100 - 1504 77
2100 + 1504
2100 + 1504
2100 + 1504
2100 + 1504
2101 + 1504
2101 + 1504
2102 # 1504
2102 - 1504 79
2102 # 1504
2102 - 1504 79
2102 # 1504
2102 - 1504 78
2102 + 1504
2102 + 1504
2103 # 1504
2103 - 1504 79
2103 # 1504
2103 - 1504 79
2103 + 1504
2103 + 1504
2104 + 1504
2104 + 1504
2105 # 1504
2105 - 1504 81
2105 + 1504
2105 + 1504
2106 # 1504
2106 - 1504 82
2106 + 1504
2106 + 1504
2107 + 1504
2107 + 1504
2107 + 1504
2108 # 1504
2108 - 1504 84
2108 # 1504
2108 - 1504 84
2108 # 1504
2108 - 1504 84
2108 # 1504
2108 - 1504 83
2108 # 1504
2108 - 1504 83
2108 + 1504
2109 # 1504
2109 - 1504 84
2109 # 1504
2109 - 1504 84
2109 + 1504
2109 + 1504
2109 + 1504
2109 + 1504
2110 # 1504
2110 - 1504 85
2110 # 1504
2110 - 1504 85
2110 + 1504
2110 + 1504
2111 # 1504
2111 - 1504 86
2111 # 1504
2111 - 1504 85
2111 + 1504
2111 + 1504
2112 # 1504
2112 - 1504 86
2112 # 1504
2112 - 1504 86
2112 # 1504
2112 - 1504 86
2112 + 1504
2113 + 1504
2113 + 1504
2114 # 1504
2114 - 1504 88
2114 + 1504
2115 # 1504
2115 - 1504 88
2115 + 1504
2115 + 1504
2116 # 1504
2116 - 1504 89
2116 # 1504
2116 - 1504 89
2116 + 1504
2116 + 1504
2117 + 1504
2118 # 1504
2118 - 1504 91
2118 # 1504
2118 - 1504 91
2118 # 1504
2118 - 1504 90
2118 # 1504
2118 - 1504 90
2118 # 1504
2118 - 1504 90
2118 # 1504
2118 - 1504 89
2119 # 1504
2119 - 1504 90
2119 # 1504
2119 - 1504 90
2122 # 1504
2122 - 1504 93
2123 # 1504
2123 - 1504 94
2123 # 1504
2123 - 1504 93
2123 # 1504
2123 - 1504 93
2124 # 1504
2124 - 1504 94
2125 + 1504
2125 + 1504
2126 + 1504
2127 + 1504
2127 + 1504
2128 + 1504
2128 + 1504
2129 + 1504
2129 + 1504
2130 + 1504
2130 + 1504
2131 + 1504
2132 # 1504
2132 - 1504 102
2132 # 1504
2132 - 1504 99
2132 # 1504
2132 - 1504 99
2132 + 1504
2132 + 1504
2133 + 1504
2133 + 1504
2134 # 1504
2134 - 1504 101
2134 # 1504
2134 - 1504 101
2134 # 1504
2134 - 1504 100
2134 # 1504
2134 - 1504 100
2134 # 1504
2134 - 1504 100
2134 # 1504
2134 - 1504 100
2134 # 1504
2134 - 1504 98
2134 # 1504
2134 - 1504 98
2134 # 1504
2134 - 1504 95
2134 + 1504
2134 + 1504
2135 + 1504
2135 + 1504
2136 # 1504
2136 - 1504 97
2136 # 1504
2136 - 1504 97
2136 # 1504
2136 - 1504 91
2136 # 1504
2136 - 1504 80
2136 # 1504
2136 - 1504 80
2136 + 1504
2137 + 1504
2137 + 1504
2138 + 1504
2138 + 1504
2139 # 1504
2139 - 1504 83
2139 + 1504
2139 + 1504
2140 # 1504
2140 - 1504 81
2140 + 1504
2140 + 1504
2141 + 1504
2142 + 1504
2142 + 1504
2143 # 1504
2143 - 1504 84
2143 + 1504
2143 + 1504
2144 + 1504
2144 + 1504
2145 + 1504
2146 # 1504
2146 - 1504 87
2146 # 1504
2146 - 1504 87
2149 # 1504
2149 - 1504 90
2149 + 1504
2149 + 1504
2150 + 1504
2153 # 1504
2153 - 1504 94
2155 + 1504
2157 # 1504
2157 - 1504 97
2157 # 1504
2157 - 1504 97
2165 + 1504
2165 + 1504
2167 # 1504
2167 - 1504 107
2167 # 1504
2167 - 1504 106
2172 # 1504
2172 - 1504 111
2173 # 1504
2173 - 1504 112
2173 # 1504
2173 - 1504 111
2173 # 1504
2173 - 1504 111
2175 # 1504
2175 - 1504 113
2175 # 1504
2175 - 1504 112
2177 + 1504
2177 + 1504
2178 + 1504
2178 + 1504
2179 + 1504
2180 # 1504
2180 - 1504 117
2180 + 1504
2180 + 1504
2181 + 1504
2182 + 1504
2182 + 1504
2189 # 1504
2189 - 1504 126
2189 # 1504
2189 - 1504 125
2190 # 1504
2190 - 1504 126
2190 # 1504
2190 - 1504 126
2190 # 1504
2190 - 1504 126
2192 # 1504
2192 - 1504 123
2192 # 1504
2192 - 1504 123
2193 # 1504
2193 - 1504 124
2193 + 1504
2193 + 1504
2194 + 1504
2194 + 1504
2195 # 1504
2195 - 1504 126
2195 + 1504
2196 # 1504
2196 - 1504 127
2196 + 1504
2196 + 1504
2197 # 1504
2197 - 1504 127
2197 # 1504
2197 - 1504 127
2197 + 1504
2198 # 1504
2198 - 1504 127
2198 + 1504
2199 # 1504
2199 - 1504 128
2199 + 1504
2200 # 1504
2200 - 1504 129
2202 # 1504
2202 - 1504 131
2204 # 1504
2204 - 1504 132
2205 # 1504
2205 - 1504 133
2205 # 1504
2205 - 1504 132
2206 # 1504
2206 - 1504 133
2206 + 1504
2207 # 1504
2207 - 1504 122
2207 # 1504
2207 - 1504 122
2207 # 1504
2207 - 1504 122
2208 + 1504
2208 + 1504
2209 # 1504
2209 - 1504 124
2209 # 1504
2209 - 1504 123
2209 + 1504
2209 + 1504
2210 # 1504
2210 - 1504 124
2210 + 1504
2211 # 1504
2211 - 1504 124
2211 # 1504
2211 - 1504 124
2211 + 1504
2212 + 1504
2212 + 1504
2213 # 1504
2213 - 1504 126
2213 + 1504
2214 # 1504
2214 - 1504 127
2214 + 1504
2215 + 1504
2215 + 1504
2216 + 1504
2217 + 1504
2218 + 1504
2218 + 1504
2219 + 1504
2220 + 1504
2221 + 1504
2221 + 1504
2224 # 1504
2224 - 1504 136
2224 # 1504
2224 - 1504 136
2224 # 1504
2224 - 1504 135
2227 # 1504
2227 - 1504 138
2227 # 1504
2227 - 1504 137
2227 # 1504
2227 - 1504 137
2227 # 1504
2227 - 1504 136
2227 # 1504
2227 - 1504 136
2227 # 1504
2227 - 1504 136
2227 # 1504
2227 - 1504 136
2229 # 1504
2229 - 1504 137
2229 # 1504
2229 - 1504 137
2229 # 1504
2229 - 1504 136
2229 # 1504
2229 - 1504 136
2229 # 1504
2229 - 1504 135
2231 # 1504
2231 - 1504 137
2231 # 1504
2231 - 1504 136
2232 # 1504
2232 - 1504 137
2232 # 1504
2232 - 1504 137
2232 # 1504
2232 - 1504 136
2232 + 1504
2233 # 1504
2233 - 1504 137
2233 # 1504
2233 - 1504 136
2233 + 1504
2233 + 1504
2234 + 1504
2235 # 1504
2235 - 1504 138
2235 # 1504
2235 - 1504 137
2235 # 1504
2235 - 1504 137
2235 + 1504
2236 # 1504
2236 - 1504 136
2236 # 1504
2236 - 1504 136
2236 # 1504
2236 - 1504 136
2236 + 1504
2237 + 1504
2237 + 1504
2238 # 1504
2238 - 1504 138
2238 # 1504
2238 - 1504 137
2238 # 1504
2238 - 1504 137
2238 + 1504
2239 # 1504
2239 - 1504 137
2239 + 1504
2240 + 1504
2240 + 1504
2241 # 1504
2241 - 1504 139
2241 # 1504
2241 - 1504 138
2241 # 1504
2241 - 1504 138
2241 + 1504
2242 + 1504
2243 # 1504
2243 - 1504 139
2243 # 1504
2243 - 1504 139
2243 # 1504
2243 - 1504 138
2243 # 1504
2243 - 1504 138
2243 # 1504
2243 - 1504 137
2243 + 1504
2244 + 1504
2244 + 1504
2245 + 1504
2246 + 1504
2247 + 1504
2247 + 1504
2248 + 1504
2249 + 1504
2250 + 1504
2251 + 1504
2251 + 1504
2252 + 1504
2253 + 1504
2254 # 1504
2254 - 1504 148
2254 # 1504
2254 - 1504 147
2254 # 1504
2254 - 1504 147
2254 # 1504
2254 - 1504 147
2254 + 1504
2255 # 1504
2255 - 1504 147
2255 # 1504
2255 - 1504 146
2255 + 1504
2255 + 1504
2256 + 1504
2257 + 1504
2258 + 1504
2259 # 1504
2259 - 1504 150
2259 # 1504
2259 - 1504 150
2259 # 1504
2259 - 1504 150
2259 # 1504
2259 - 1504 149
2259 # 1504
2259 - 1504 149
2259 + 1504
2259 + 1504
2260 + 1504
2261 # 1504
2261 - 1504 150
2261 # 1504
2261 - 1504 150
2261 # 1504
2261 - 1504 149
2261 # 1504
2261 - 1504 148
2261 # 1504
2261 - 1504 148
2261 # 1504
2261 - 1504 147
2261 # 1504
2261 - 1504 146
2261 + 1504
2262 # 1504
2262 - 1504 147
2262 # 1504
2262 - 1504 146
2262 # 1504
2262 - 1504 146
2262 # 1504
2262 - 1504 145
2262 + 1504
2263 + 1504
2264 # 1504
2264 - 1504 139
2264 # 1504
2264 - 1504 139
2264 + 1504
2264 + 1504
2265 # 1504
2265 - 1504 139
2265 + 1504
2266 + 1504
2267 # 1504
2267 - 1504 140
2267 # 1504
2267 - 1504 140
2267 # 1504
2267 - 1504 139
2267 + 1504
2268 # 1504
2268 - 1504 140
2268 # 1504
2268 - 1504 139
2268 + 1504
2269 # 1504
2269 - 1504 140
2269 # 1504
2269 - 1504 139
2269 + 1504
2269 + 1504
2270 + 1504
2271 # 1504
2271 - 1504 141
2271 # 1504
2271 - 1504 140
2271 + 1504
2272 # 1504
2272 - 1504 140
2272 + 1504
2273 # 1504
2273 - 1504 141
2273 # 1504
2273 - 1504 140
2273 + 1504
2273 + 1504
2274 # 1504
2274 - 1504 141
2274 # 1504
2274 - 1504 140
2274 + 1504
2275 # 1504
2275 - 1504 141
2275 + 1504
2276 # 1504
2276 - 1504 141
2276 # 1504
2276 - 1504 141
2276 + 1504
2277 # 1504
2277 - 1504 141
2277 + 1504
2277 + 1504
2278 + 1504
2279 + 1504
2280 + 1504
2281 + 1504
2281 + 1504
2282 + 1504
2283 + 1504
2284 + 1504
2285 + 1504
2285 + 1504
2286 + 1504
2287 # 1504
2287 - 1504 150
2287 # 1504
2287 - 1504 150
2287 # 1504
2287 - 1504 149
2287 # 1504
2287 - 1504 149
2287 # 1504
2287 - 1504 148
2287 # 1504
2287 - 1504 148
2287 # 1504
2287 - 1504 147
2287 # 1504
2287 - 1504 147
2287 + 1504
2288 + 1504
2289 + 1504
2289 + 1504
2290 # 1504
2290 - 1504 149
2290 # 1504
2290 - 1504 148
2290 # 1504
2290 - 1504 148
2290 # 1504
2290 - 1504 147
2290 # 1504
2290 - 1504 147
2290 # 1504
2290 - 1504 146
2290 # 1504
2290 - 1504 146
2290 # 1504
2290 - 1504 145
2290 # 1504
2290 - 1504 141
2290 # 1504
2290 - 1504 141
2290 + 1504
2291 + 1504
2292 # 1504
2292 - 1504 142
2292 + 1504
2293 # 1504
2293 - 1504 138
2293 # 1504
2293 - 1504 128
2293 + 1504
2293 + 1504
2294 # 1504
2294 - 1504 129
2294 # 1504
2294 - 1504 117
2294 + 1504
2295 # 1504
2295 - 1504 118
2295 # 1504
2295 - 1504 117
2295 + 1504
2296 + 1504
2297 + 1504
2297 + 1504
2298 + 1504
2299 + 1504
2300 + 1504
2300 + 1504
2301 + 1504
2302 + 1504
2302 + 1504
2303 + 1504
2304 + 1504
2305 # 1504
2305 - 1504 127
2305 # 1504
2305 - 1504 126
2305 # 1504
2305 - 1504 125
2305 # 1504
2305 - 1504 125
2305 + 1504
2305 + 1504
2306 + 1504
2307 + 1504
2308 + 1504
2308 + 1504
2309 # 1504
2309 - 1504 128
2309 # 1504
2309 - 1504 127
2309 + 1504
2310 # 1504
2310 - 1504 128
2310 + 1504
2310 + 1504
2311 # 1504
2311 - 1504 118
2311 # 1504
2311 - 1504 118
2311 # 1504
2311 - 1504 117
2311 # 1504
2311 - 1504 117
2311 # 1504
2311 - 1504 116
2311 # 1504
2311 - 1504 115
2311 # 1504
2311 - 1504 115
2311 + 1504
2312 # 1504
2312 - 1504 115
2312 + 1504
2313 # 1504
2313 - 1504 115
2313 # 1504
2313 - 1504 114
2313 # 1504
2313 - 1504 107
2313 # 1504
2313 - 1504 105
2313 + 1504
2313 + 1504
2314 # 1504
2314 - 1504 106
2314 + 1504
2315 + 1504
2315 + 1504
2316 # 1504
2316 - 1504 107
2316 + 1504
2317 # 1504
2317 - 1504 108
2317 # 1504
2317 - 1504 107
2317 # 1504
2317 - 1504 106
2317 # 1504
2317 - 1504 105
2317 + 1504
2317 + 1504
2318 + 1504
2318 + 1504
2319 # 1504
2319 - 1504 107
2319 # 1504
2319 - 1504 106
2319 # 1504
2319 - 1504 105
2319 + 1504
2320 + 1504
2320 + 1504
2321 # 1504
2321 - 1504 106
2321 # 1504
2321 - 1504 106
2321 # 1504
2321 - 1504 105
2321 + 1504
2321 + 1504
2322 # 1504
2322 - 1504 105
2322 # 1504
2322 - 1504 104
2322 + 1504
2323 + 1504
2323 + 1504
2324 # 1504
2324 - 1504 106
2324 + 1504
2324 + 1504
2325 # 1504
2325 - 1504 106
2325 # 1504
2325 - 1504 105
2325 # 1504
2325 - 1504 104
2325 + 1504
2326 + 1504
2326 + 1504
2327 + 1504
2328 # 1504
2328 - 1504 107
2328 # 1504
2328 - 1504 96
2328 # 1504
2328 - 1504 95
2328 # 1504
2328 - 1504 95
2328 # 1504
2328 - 1504 94
2328 + 1504
2328 + 1504
2329 + 1504
2329 + 1504
2330 # 1504
2330 - 1504 95
2330 # 1504
2330 - 1504 94
2330 + 1504
2331 # 1504
2331 - 1504 94
2331 # 1504
2331 - 1504 94
2331 + 1504
2331 + 1504
2332 # 1504
2332 - 1504 94
2332 # 1504
2332 - 1504 93
2332 + 1504
2332 + 1504
2333 # 1504
2333 - 1504 93
2333 # 1504
2333 - 1504 93
2333 # 1504
2333 - 1504 92
2333 + 1504
2333 + 1504
2334 + 1504
2334 + 1504
2335 # 1504
2335 - 1504 93
2335 # 1504
2335 - 1504 92
2335 + 1504
2335 + 1504
2336 # 1504
2336 - 1504 92
2336 # 1504
2336 - 1504 92
2336 # 1504
2336 - 1504 91
2336 + 1504
2336 + 1504
2337 # 1504
2337 - 1504 91
2337 + 1504
2338 + 1504
2338 + 1504
2339 + 1504
2339 + 1504
2340 + 1504
2340 + 1504
2341 + 1504
2341 + 1504
2342 + 1504
2342 + 1504
2343 + 1504
2343 + 1504
2344 + 1504
2344 + 1504
2345 + 1504
2345 + 1504
2346 + 1504
2347 # 1504
2347 - 1504 100
2347 # 1504
2347 - 1504 100
2347 # 1504
2347 - 1504 99
2347 # 1504
2347 - 1504 98
2347 # 1504
2347 - 1504 97
2347 + 1504
2347 + 1504
2348 + 1504
2348 + 1504
2349 + 1504
2349 + 1504
2350 + 1504
2350 + 1504
2351 + 1504
2351 + 1504
2352 # 1504
2352 - 1504 101
2352 # 1504
2352 - 1504 101
2352 # 1504
2352 - 1504 100
2352 # 1504
2352 - 1504 99
2352 # 1504
2352 - 1504 98
2352 # 1504
2352 - 1504 97
2352 # 1504
2352 - 1504 97
2352 # 1504
2352 - 1504 96
2352 + 1504
2352 + 1504
2353 # 1504
2353 - 1504 96
2353 # 1504
2353 - 1504 95
2353 # 1504
2353 - 1504 94
2353 # 1504
2353 - 1504 94
2353 # 1504
2353 - 1504 93
2353 # 1504
2353 - 1504 92
2353 # 1504
2353 - 1504 91
2353 # 1504
2353 - 1504 90
2353 # 1504
2353 - 1504 89
2353 # 1504
2353 - 1504 89
2353 + 1504
2353 + 1504
2354 # 1504
2354 - 1504 89
2354 # 1504
2354 - 1504 88
2354 + 1504
2355 # 1504
2355 - 1504 88
2355 # 1504
2355 - 1504 87
2355 + 1504
2358 + 1504
2359 + 1504
2359 + 1504
2360 + 1504
2360 + 1504
2361 + 1504
2361 + 1504
2362 + 1504
2362 + 1504
2363 + 1504
2363 + 1504
2364 # 1504
2364 - 1504 95
2364 # 1504
2364 - 1504 95
2364 # 1504
2364 - 1504 94
2364 # 1504
2364 - 1504 93
2364 + 1504
2364 + 1504
2365 # 1504
2365 - 1504 93
2365 # 1504
2365 - 1504 92
2365 # 1504
2365 - 1504 92
2365 + 1504
2365 + 1504
2366 + 1504
2366 + 1504
2367 + 1504
2367 + 1504
2368 # 1504
2368 - 1504 94
2368 # 1504
2368 - 1504 93
2368 # 1504
2368 - 1504 92
2368 # 1504
2368 - 1504 91
2368 # 1504
2368 - 1504 91
2368 # 1504
2368 - 1504 90
2368 # 1504
2368 - 1504 89
2368 # 1504
2368 - 1504 88
2368 # 1504
2368 - 1504 87
2368 # 1504
2368 - 1504 87
2368 # 1504
2368 - 1504 86
2368 + 1504
2369 + 1504
2369 + 1504
2370 + 1504
2370 + 1504
2371 + 1504
2371 + 1504
2371 + 1504
2372 + 1504
2372 + 1504
2372 + 1504
2373 + 1504
2373 + 1504
2374 + 1504
2374 + 1504
2375 + 1504
2375 + 1504
2376 + 1504
2376 + 1504
2377 # 1504
2377 - 1504 94
2377 # 1504
2377 - 1504 93
2377 # 1504
2377 - 1504 92
2377 # 1504
2377 - 1504 92
2377 # 1504
2377 - 1504 91
2377 # 1504
2377 - 1504 90
2377 # 1504
2377 - 1504 89
2377 # 1504
2377 - 1504 88
2377 + 1504
2377 + 1504
2378 # 1504
2378 - 1504 89
2378 # 1504
2378 - 1504 88
2378 + 1504
2378 + 1504
2383 # 1504
2383 - 1504 92
2383 # 1504
2383 - 1504 91
2383 # 1504
2383 - 1504 90
2383 # 1504
2383 - 1504 90
2383 # 1504
2383 - 1504 89
2384 # 1504
2384 - 1504 89
2384 + 1504
2385 + 1504
2385 + 1504
2386 + 1504
2386 + 1504
2387 + 1504
2387 + 1504
2388 # 1504
2388 - 1504 92
2388 # 1504
2388 - 1504 91
2388 # 1504
2388 - 1504 91
2388 # 1504
2388 - 1504 90
2388 # 1504
2388 - 1504 89
2388 # 1504
2388 - 1504 88
2388 # 1504
2388 - 1504 88
2388 # 1504
2388 - 1504 87
2388 # 1504
2388 - 1504 86
2388 + 1504
2388 + 1504
2389 # 1504
2389 - 1504 87
2389 # 1504
2389 - 1504 86
2389 # 1504
2389 - 1504 85
2389 # 1504
2389 - 1504 84
2389 + 1504
2389 + 1504
2390 # 1504
2390 - 1504 85
2390 + 1504
2390 + 1504
2391 + 1504
2391 + 1504
2392 + 1504
2392 + 1504
2393 + 1504
2393 + 1504
2394 + 1504
2394 + 1504
2395 + 1504
2395 + 1504
2395 + 1504
2395 + 1504
2396 + 1504
2396 + 1504
2397 + 1504
2397 + 1504
2398 + 1504
2398 + 1504
2399 # 1504
2399 - 1504 93
2399 # 1504
2399 - 1504 92
2399 # 1504
2399 - 1504 91
2399 # 1504
2399 - 1504 91
2399 # 1504
2399 - 1504 90
2399 # 1504
2399 - 1504 89
2399 # 1504
2399 - 1504 89
2399 # 1504
2399 - 1504 88
2400 # 1504
2400 - 1504 88
2400 # 1504
2400 - 1504 87
2400 + 1504
2400 + 1504
2400 + 1504
2400 + 1504
2401 + 1504
2401 + 1504
2402 + 1504
2402 + 1504
2403 + 1504
2403 + 1504
2406 # 1504
2406 - 1504 93
2406 # 1504
2406 - 1504 92
2406 # 1504
2406 - 1504 91
2406 # 1504
2406 - 1504 91
2408 + 1504
2408 + 1504
2408 + 1504
2408 + 1504
2410 # 1504
2410 - 1504 94
2410 # 1504
2410 - 1504 93
2410 # 1504
2410 - 1504 93
2410 # 1504
2410 - 1504 92
2410 # 1504
2410 - 1504 92
2410 # 1504
2410 - 1504 91
2410 # 1504
2410 - 1504 90
2410 # 1504
2410 - 1504 90
2411 # 1504
2411 - 1504 90
2411 # 1504
2411 - 1504 90
2411 # 1504
2411 - 1504 89
2411 # 1504
2411 - 1504 88
2411 + 1504
2411 + 1504
2412 # 1504
2412 - 1504 89
2412 + 1504
2412 + 1504
2412 + 1504
2412 + 1504
2413 # 1504
2413 - 1504 89
2413 + 1504
2413 + 1504
2414 + 1504
2414 + 1504
2415 + 1504
2416 + 1504
2416 + 1504
2417 + 1504
2417 + 1504
2421 # 1504
2421 - 1504 97
2421 # 1504
2421 - 1504 96
2422 # 1504
2422 - 1504 96
2422 # 1504
2422 - 1504 96
2422 # 1504
2422 - 1504 95
2422 # 1504
2422 - 1504 94
2422 # 1504
2422 - 1504 94
2422 # 1504
2422 - 1504 93
2422 + 1504
2422 + 1504
2423 + 1504
2423 + 1504
2424 + 1504
2424 + 1504
2425 + 1504
2425 + 1504
2426 + 1504
2428 # 1504
2428 - 1504 99
2428 # 1504
2428 - 1504 98
2428 # 1504
2428 - 1504 97
2431 # 1504
2431 - 1504 100
2431 # 1504
2431 - 1504 99
2431 # 1504
2431 - 1504 99
2431 # 1504
2431 - 1504 98
2431 # 1504
2431 - 1504 98
2432 # 1504
2432 - 1504 98
2432 # 1504
2432 - 1504 98
2432 # 1504
2432 - 1504 97
2432 # 1504
2432 - 1504 97
2433 # 1504
2433 - 1504 97
2433 + 1504
2433 + 1504
2434 + 1504
2434 + 1504
2435 # 1504
2435 - 1504 99
2435 # 1504
2435 - 1504 98
2435 + 1504
2435 + 1504
2436 # 1504
2436 - 1504 98
2436 # 1504
2436 - 1504 98
2436 + 1504
2436 + 1504
2437 + 1504
2437 + 1504
2438 # 1504
2438 - 1504 99
2438 # 1504
2438 - 1504 99
2438 + 1504
2438 + 1504
2439 + 1504
2439 + 1504
2440 + 1504
2440 + 1504
2441 + 1504
2441 + 1504
2442 + 1504
2442 + 1504
2446 # 1504
2446 - 1504 106
2446 # 1504
2446 - 1504 106
2447 + 1504
2447 + 1504
2448 # 1504
2448 - 1504 107
2448 # 1504
2448 - 1504 107
2448 # 1504
2448 - 1504 106
2448 # 1504
2448 - 1504 106
2448 # 1504
2448 - 1504 105
2448 # 1504
2448 - 1504 105
2448 # 1504
2448 - 1504 104
2448 # 1504
2448 - 1504 104
2449 # 1504
2449 - 1504 104
2449 # 1504
2449 - 1504 104
2449 + 1504
2450 # 1504
2450 - 1504 104
2450 + 1504
2450 + 1504
2451 # 1504
2451 - 1504 104
2451 + 1504
2451 + 1504
2452 # 1504
2452 - 1504 105
2452 # 1504
2452 - 1504 104
2452 # 1504
2452 - 1504 104
2452 + 1504
2452 + 1504
2453 + 1504
2454 + 1504
2454 + 1504
2455 + 1504
2455 + 1504
2456 + 1504
2456 + 1504
2457 + 1504
2457 + 1504
2462 # 1504
2462 - 1504 113
2462 # 1504
2462 - 1504 113
2463 + 1504
2464 # 1504
2464 - 1504 114
2464 # 1504
2464 - 1504 114
2464 # 1504
2464 - 1504 113
2464 # 1504
2464 - 1504 113
2464 + 1504
2465 # 1504
2465 - 1504 113
2465 # 1504
2465 - 1504 113
2465 # 1504
2465 - 1504 112
2465 + 1504
2465 + 1504
2466 + 1504
2466 + 1504
2467 + 1504
2467 + 1504
2468 + 1504
2473 # 1504
2473 - 1504 120
2473 # 1504
2473 - 1504 119
2473 # 1504
2473 - 1504 118
2473 # 1504
2473 - 1504 115
2473 # 1504
2473 - 1504 114
2474 # 1504
2474 - 1504 115
2474 # 1504
2474 - 1504 114
2474 # 1504
2474 - 1504 114
2476 # 1504
2476 - 1504 115
2476 # 1504
2476 - 1504 115
2477 # 1504
2477 - 1504 115
2477 # 1504
2477 - 1504 115
2478 + 1504
2479 # 1504
2479 - 1504 116
2479 + 1504
2479 + 1504
2480 # 1504
2480 - 1504 117
2480 # 1504
2480 - 1504 116
2480 # 1504
2480 - 1504 116
2480 + 1504
2480 + 1504
2481 + 1504
2482 # 1504
2482 - 1504 117
2482 + 1504
2482 + 1504
2483 # 1504
2483 - 1504 118
2483 + 1504
2483 + 1504
2484 # 1504
2484 - 1504 118
2484 # 1504
2484 - 1504 118
2484 + 1504
2485 # 1504
2485 - 1504 118
2485 + 1504
2485 + 1504
2487 # 1504
2487 - 1504 120
2488 # 1504
2488 - 1504 120
2488 + 1504
2488 + 1504
2489 + 1504
2489 + 1504
2490 + 1504
2491 # 1504
2491 - 1504 122
2491 # 1504
2491 - 1504 122
2491 + 1504
2491 + 1504
2492 + 1504
2492 + 1504
2493 # 1504
2493 - 1504 123
2493 # 1504
2493 - 1504 123
2493 + 1504
2494 + 1504
2494 + 1504
2495 # 1504
2495 - 1504 124
2495 # 1504
2495 - 1504 124
2495 # 1504
2495 - 1504 124
2496 # 1504
2496 - 1504 124
2496 # 1504
2496 - 1504 124
2497 # 1504
2497 - 1504 125
2499 # 1504
2499 - 1504 126
2500 # 1504
2500 - 1504 127
2500 # 1504
2500 - 1504 126
2501 # 1504
2501 - 1504 127
2502 # 1504
2502 - 1504 127
2503 # 1504
2503 - 1504 128
2505 # 1504
2505 - 1504 129
2505 # 1504
2505 - 1504 129
2505 # 1504
2505 - 1504 128
2508 # 1504
2508 - 1504 131
2508 # 1504
2508 - 1504 130
2509 # 1504
2509 - 1504 131
2509 # 1504
2509 - 1504 125
2509 # 1504
2509 - 1504 124
2509 # 1504
2509 - 1504 124
2511 # 1504
2511 - 1504 125
2520 # 1504
2520 - 1504 134
2520 # 1504
2520 - 1504 133
2520 # 1504
2520 - 1504 133
2520 # 1504
2520 - 1504 132
2520 # 1504
2520 - 1504 132
2520 # 1504
2520 - 1504 131
2523 # 1504
2523 - 1504 134
2523 # 1504
2523 - 1504 133
2523 # 1504
2523 - 1504 133
2523 # 1504
2523 - 1504 132
2523 # 1504
2523 - 1504 132
2523 # 1504
2523 - 1504 131
2523 # 1504
2523 - 1504 131
2523 # 1504
2523 - 1504 130
2523 # 1504
2523 - 1504 130
2529 # 1504
2529 - 1504 135
2529 # 1504
2529 - 1504 135
2529 # 1504
2529 - 1504 134
2529 # 1504
2529 - 1504 134
2529 # 1504
2529 - 1504 134
2529 # 1504
2529 - 1504 134
2532 # 1504
2532 - 1504 136
2532 # 1504
2532 - 1504 136
2532 # 1504
2532 - 1504 135
2532 # 1504
2532 - 1504 135
2533 # 1504
2533 - 1504 135
2533 # 1504
2533 - 1504 135
2533 # 1504
2533 - 1504 133
2534 # 1504
2534 - 1504 134
2534 # 1504
2534 - 1504 134
2534 # 1504
2534 - 1504 134
2535 # 1504
2535 - 1504 134
2535 # 1504
2535 - 1504 134
2536 # 1504
2536 - 1504 134
2537 # 1504
2537 - 1504 135
2538 # 1504
2538 - 1504 135
2539 # 1504
2539 - 1504 136
2540 # 1504
2540 - 1504 132
2540 # 1504
2540 - 1504 132
2543 # 1504
2543 - 1504 135
2543 # 1504
2543 - 1504 135
2544 # 1504
2544 - 1504 133
2546 # 1504
2546 - 1504 135
2547 # 1504
2547 - 1504 135
2548 # 1504
2548 - 1504 136
2548 # 1504
2548 - 1504 136
2548 # 1504
2548 - 1504 136
2549 # 1504
2549 - 1504 136
2551 # 1504
2551 - 1504 138
2551 # 1504
2551 - 1504 137
2553 # 1504
2553 - 1504 139
2553 # 1504
2553 - 1504 138
2553 # 1504
2553 - 1504 137
2553 # 1504
2553 - 1504 137
2556 # 1504
2556 - 1504 139
2556 # 1504
2556 - 1504 139
2557 # 1504
2557 - 1504 135
2557 # 1504
2557 - 1504 135
2558 # 1504
2558 - 1504 135
2559 # 1504
2559 - 1504 136
2560 # 1504
2560 - 1504 136
2561 # 1504
2561 - 1504 137
2562 # 1504
2562 - 1504 137
2562 # 1504
2562 - 1504 137
2563 # 1504
2563 - 1504 137
2563 # 1504
2563 - 1504 130
2564 # 1504
2564 - 1504 131
2564 # 1504
2564 - 1504 130
2565 # 1504
2565 - 1504 131
2566 # 1504
2566 - 1504 131
2567 # 1504
2567 - 1504 132
2569 # 1504
2569 - 1504 133
2569 # 1504
2569 - 1504 133
2570 # 1504
2570 - 1504 133
2571 # 1504
2571 - 1504 134
2571 # 1504
2571 - 1504 133
2572 # 1504
2572 - 1504 134
2573 # 1504
2573 - 1504 134
2574 # 1504
2574 - 1504 135
2575 # 1504
2575 - 1504 135
2575 # 1504
2575 - 1504 135
2577 # 1504
2577 - 1504 136
2577 # 1504
2577 - 1504 136
2579 # 1504
2579 - 1504 137
2579 # 1504
2579 - 1504 137
2581 # 1504
2581 - 1504 134
2581 # 1504
2581 - 1504 134
2583 # 1504
2583 - 1504 134
2583 # 1504
2583 - 1504 133
2592 # 1504
2592 - 1504 142
2592 # 1504
2592 - 1504 141
2592 # 1504
2592 - 1504 141
2596 # 1504
2596 - 1504 144
2596 # 1504
2596 - 1504 144
2596 # 1504
2596 - 1504 143
2600 # 1504
2600 - 1504 146
2600 # 1504
2600 - 1504 146
2600 # 1504
2600 - 1504 145
2600 # 1504
2600 - 1504 145
2600 # 1504
2600 - 1504 144
2600 # 1504
2600 - 1504 144
2600 # 1504
2600 - 1504 143
2601 # 1504
2601 - 1504 144
2601 # 1504
2601 - 1504 138
2601 # 1504
2601 - 1504 137
2601 # 1504
2601 - 1504 136
2602 + 1504
2602 + 1504
2603 # 1504
2603 - 1504 138
2603 # 1504
2603 - 1504 137
2603 + 1504
2604 + 1504
2605 # 1504
2605 - 1504 139
2605 + 1504
2606 + 1504
2606 + 1504
2607 # 1504
2607 - 1504 140
2607 + 1504
2608 + 1504
2609 # 1504
2609 - 1504 142
2609 + 1504
2610 + 1504
2610 + 1504
2611 # 1504
2611 - 1504 143
2611 # 1504
2611 - 1504 133
2611 # 1504
2611 - 1504 132
2611 # 1504
2611 - 1504 132
2611 + 1504
2612 + 1504
2613 # 1504
2613 - 1504 133
2613 + 1504
2613 + 1504
2614 # 1504
2614 - 1504 134
2614 + 1504
2615 # 1504
2615 - 1504 134
2615 + 1504
2616 + 1504
2616 + 1504
2617 # 1504
2617 - 1504 135
2617 + 1504
2618 # 1504
2618 - 1504 136
2618 + 1504
2619 + 1504
2619 + 1504
2620 # 1504
2620 - 1504 137
2620 # 1504
2620 - 1504 137
2620 + 1504
2621 + 1504
2622 + 1504
2622 + 1504
2623 + 1504
2624 + 1504
2624 + 1504
2625 + 1504
2626 + 1504
2627 + 1504
2627 + 1504
2628 # 1504
2628 - 1504 144
2628 # 1504
2628 - 1504 143
2628 # 1504
2628 - 1504 143
2628 # 1504
2628 - 1504 140
2628 + 1504
2629 + 1504
2630 # 1504
2630 - 1504 142
2630 # 1504
2630 - 1504 141
2630 # 1504
2630 - 1504 141
2630 # 1504
2630 - 1504 140
2630 + 1504
2630 + 1504
2631 + 1504
2632 # 1504
2632 - 1504 141
2632 + 1504
2632 + 1504
2633 # 1504
2633 - 1504 142
2633 # 1504
2633 - 1504 141
2633 + 1504
2634 + 1504
2635 # 1504
2635 - 1504 143
2635 # 1504
2635 - 1504 142
2635 + 1504
2635 + 1504
2636 + 1504
2637 # 1504
2637 - 1504 143
2637 + 1504
2638 # 1504
2638 - 1504 144
2638 # 1504
2638 - 1504 36
2638 + 1504
2638 + 1504
2639 # 1504
2639 - 1504 37
2639 + 1504
2640 # 1504
2640 - 1504 37
2640 + 1504
2640 + 1504
2641 # 1504
2641 - 1504 37
2641 # 1504
2641 - 1504 36
2641 # 1504
2641 - 1504 35
2641 + 1504
2642 + 1504
2643 + 1504
2643 + 1504
2644 + 1504
2645 + 1504
2645 + 1504
2646 + 1504
2646 + 1504
2647 + 1504
2648 + 1504
2648 + 1504
2649 + 1504
2649 + 1504
2650 + 1504
2651 + 1504
2651 + 1504
2652 + 1504
2652 + 1504
2653 # 1504
2653 - 1504 47
2653 + 1504
2654 + 1504
2654 + 1504
2655 + 1504
2655 + 1504
2656 # 1504
2656 - 1504 49
2656 # 1504
2656 - 1504 48
2656 # 1504
2656 - 1504 47
2656 # 1504
2656 - 1504 46
2656 # 1504
2656 - 1504 46
2656 # 1504
2656 - 1504 45
2656 # 1504
2656 - 1504 44
2656 # 1504
2656 - 1504 43
2656 # 1504
2656 - 1504 43
2656 # 1504
2656 - 1504 42
2656 + 1504
2657 # 1504
2657 - 1504 42
2657 # 1504
2657 - 1504 41
2657 # 1504
2657 - 1504 41
2657 # 1504
2657 - 1504 40
2657 # 1504
2657 - 1504 39
2657 + 1504
2657 + 1504
2658 # 1504
2658 - 1504 39
2658 # 1504
2658 - 1504 39
2658 # 1504
2658 - 1504 38
2658 + 1504
2658 + 1504
2658 + 1504
2659 # 1504
2659 - 1504 38
2659 + 1504
2659 + 1504
2660 + 1504
2660 + 1504
2661 # 1504
2661 - 1504 39
2661 + 1504
2661 + 1504
2662 + 1504
2662 + 1504
2663 + 1504
2663 + 1504
2664 + 1504
2664 + 1504
2665 + 1504
2665 + 1504
2665 + 1504
2665 + 1504
2666 + 1504
2666 + 1504
2667 + 1504
2667 + 1504
2668 + 1504
2668 + 1504
2669 + 1504
2669 + 1504
2670 + 1504
2670 + 1504
2670 + 1504
2670 + 1504
2671 # 1504
2671 - 1504 49
2671 # 1504
2671 - 1504 48
2671 # 1504
2671 - 1504 47
2671 # 1504
2671 - 1504 47
2671 # 1504
2671 - 1504 46
2671 # 1504
2671 - 1504 45
2671 + 1504
2671 + 1504
2672 # 1504
2672 - 1504 45
2672 # 1504
2672 - 1504 45
2672 # 1504
2672 - 1504 44
2672 # 1504
2672 - 1504 43
2672 # 1504
2672 - 1504 42
2672 # 1504
2672 - 1504 42
2672 + 1504
2672 + 1504
2673 + 1504
2673 + 1504
2674 # 1504
2674 - 1504 43
2674 # 1504
2674 - 1504 42
2674 + 1504
2674 + 1504
2674 + 1504
2674 + 1504
2675 # 1504
2675 - 1504 43
2675 # 1504
2675 - 1504 42
2675 # 1504
2675 - 1504 41
2675 # 1504
2675 - 1504 40
2675 # 1504
2675 - 1504 40
2675 # 1504
2675 - 1504 39
2675 + 1504
2675 + 1504
2676 + 1504
2676 + 1504
2677 # 1504
2677 - 1504 40
2677 + 1504
2677 + 1504
2677 + 1504
2677 + 1504
2678 # 1504
2678 - 1504 40
2678 # 1504
2678 - 1504 40
2678 + 1504
2678 + 1504
2679 # 1504
2679 - 1504 40
2679 + 1504
2679 + 1504
2680 # 1504
2680 - 1504 40
2680 + 1504
2680 + 1504
2680 + 1504
2680 + 1504
2680 + 1504
2680 + 1504
2681 # 1504
2681 - 1504 41
2681 + 1504
2681 + 1504
2681 + 1504
2681 + 1504
2682 # 1504
2682 - 1504 41
2682 # 1504
2682 - 1504 40
2682 # 1504
2682 - 1504 39
2682 # 1504
2682 - 1504 39
2682 + 1504
2682 + 1504
2682 + 1504
2683 # 1504
2683 - 1504 39
2683 # 1504
2683 - 1504 38
2683 + 1504
2683 + 1504
2683 + 1504
2684 + 1504
2684 + 1504
2684 + 1504
2685 # 1504
2685 - 1504 40
2685 # 1504
2685 - 1504 39
2685 # 1504
2685 - 1504 39
2685 + 1504
2685 + 1504
2685 + 1504
2686 + 1504
2686 + 1504
2686 + 1504
2687 # 1504
2687 - 1504 40
2687 # 1504
2687 - 1504 39
2687 + 1504
2687 + 1504
2687 + 1504
2687 + 1504
2687 + 1504
2687 + 1504
2688 # 1504
2688 - 1504 40
2688 + 1504
2688 + 1504
2688 + 1504
2689 # 1504
2689 - 1504 40
2689 # 1504
2689 - 1504 40
2689 + 1504
2689 + 1504
2689 + 1504
2690 # 1504
2690 - 1504 40
2690 + 1504
2690 + 1504
2690 + 1504
2690 + 1504
2691 # 1504
2691 - 1504 40
2691 + 1504
2691 + 1504
2691 + 1504
2691 + 1504
2691 + 1504
2691 + 1504
2692 # 1504
2692 - 1504 41
2692 # 1504
2692 - 1504 40
2692 + 1504
2692 + 1504
2692 + 1504
2692 + 1504
2693 # 1504
2693 - 1504 41
2693 # 1504
2693 - 1504 40
2693 + 1504
2693 + 1504
2693 + 1504
2693 + 1504
2693 + 1504
2694 # 1504
2694 - 1504 40
2694 # 1504
2694 - 1504 40
2694 + 1504
2694 + 1504
2694 + 1504
2694 + 1504
2695 # 1504
2695 - 1504 40
2695 + 1504
2695 + 1504
2695 + 1504
2695 + 1504
2696 # 1504
2696 - 1504 41
2696 # 1504
2696 - 1504 40
2696 + 1504
2696 + 1504
2696 + 1504
2696 + 1504
2697 # 1504
2697 - 1504 40
2697 # 1504
2697 - 1504 40
2697 + 1504
2697 + 1504
2697 + 1504
2697 + 1504
2698 + 1504
2698 + 1504
2698 + 1504
2698 + 1504
2699 + 1504
2699 + 1504
2699 + 1504
2699 + 1504
2700 + 1504
2700 + 1504
2700 + 1504
2700 + 1504
2701 + 1504
2701 + 1504
2701 + 1504
2701 + 1504
2702 + 1504
2702 + 1504
2702 + 1504
2702 + 1504
2703 + 1504
2703 + 1504
2703 + 1504
2703 + 1504
2704 + 1504
2704 + 1504
2704 + 1504
2704 + 1504
2704 + 1504
2705 + 1504
2705 + 1504
2705 + 1504
2705 + 1504
2706 # 1504
2706 - 1504 48
2706 # 1504
2706 - 1504 48
2706 + 1504
2706 + 1504
2706 + 1504
2706 + 1504
2706 + 1504
2706 + 1504
2706 + 1504
2706 + 1504
2707 # 1504
2707 - 1504 49
2707 # 1504
2707 - 1504 48
2707 # 1504
2707 - 1504 48
2707 # 1504
2707 - 1504 47
2707 + 1504
2707 + 1504
2707 + 1504
2707 + 1504
2709 # 1504
2709 - 1504 49
2709 # 1504
2709 - 1504 48
2709 + 1504
2709 + 1504
2709 + 1504
2709 + 1504
2710 # 1504
2710 - 1504 49
2710 # 1504
2710 - 1504 48
2710 # 1504
2710 - 1504 48
2710 # 1504
2710 - 1504 47
2710 # 1504
2710 - 1504 47
2710 + 1504
2710 + 1504
2710 + 1504
2710 + 1504
2711 # 1504
2711 - 1504 47
2711 # 1504
2711 - 1504 47
2711 + 1504
2711 + 1504
2711 + 1504
2711 + 1504
2712 + 1504
2712 + 1504
2712 + 1504
2712 + 1504
2719 # 1504
2719 - 1504 54
2719 # 1504
2719 - 1504 54
2719 # 1504
2719 - 1504 54
2719 # 1504
2719 - 1504 54
2719 # 1504
2719 - 1504 53
2719 # 1504
2719 - 1504 53
2720 # 1504
2720 - 1504 53
2720 # 1504
2720 - 1504 53
2720 # 1504
2720 - 1504 52
2720 # 1504
2720 - 1504 52
2720 # 1504
2720 - 1504 51
2720 # 1504
2720 - 1504 51
2721 + 1504
2721 + 1504
2721 + 1504
2721 + 1504
2721 + 1504
2721 + 1504
2721 + 1504
2721 + 1504
2722 # 1504
2722 - 1504 52
2722 # 1504
2722 - 1504 52
2722 + 1504
2723 # 1504
2723 - 1504 53
2723 # 1504
2723 - 1504 53
2723 # 1504
2723 - 1504 52
2723 + 1504
2723 + 1504
2723 + 1504
2723 + 1504
2724 # 1504
2724 - 1504 53
2724 + 1504
2724 + 1504
2724 + 1504
2724 + 1504
2725 # 1504
2725 - 1504 53
2726 # 1504
2726 - 1504 54
2726 # 1504
2726 - 1504 53
2726 + 1504
2727 + 1504
2727 + 1504
2731 + 1504
2731 + 1504
2731 + 1504
2739 # 1504
2739 - 1504 66
2739 # 1504
2739 - 1504 65
2739 # 1504
2739 - 1504 65
2739 # 1504
2739 - 1504 65
2740 + 1504
2740 + 1504
2740 + 1504
2742 # 1504
2742 - 1504 68
2742 # 1504
2742 - 1504 67
2742 # 1504
2742 - 1504 67
2742 # 1504
2742 - 1504 66
2742 # 1504
2742 - 1504 66
2742 # 1504
2742 - 1504 65
2742 # 1504
2742 - 1504 65
2744 + 1504
2744 + 1504
2744 + 1504
2745 # 1504
2745 - 1504 68
2745 # 1504
2745 - 1504 68
2745 # 1504
2745 - 1504 67
2745 # 1504
2745 - 1504 67
2745 # 1504
2745 - 1504 66
2745 + 1504
2745 + 1504
2745 + 1504
2746 + 1504
2746 + 1504
2746 + 1504
2746 + 1504
2746 + 1504
2746 + 1504
2756 # 1504
2756 - 1504 77
2756 # 1504
2756 - 1504 76
2756 # 1504
2756 - 1504 76
2756 # 1504
2756 - 1504 76
2756 # 1504
2756 - 1504 76
2756 # 1504
2756 - 1504 76
2756 # 1504
2756 - 1504 76
2757 # 1504
2757 - 1504 76
2757 # 1504
2757 - 1504 76
2757 # 1504
2757 - 1504 76
2757 # 1504
2757 - 1504 76
2757 # 1504
2757 - 1504 75
2757 # 1504
2757 - 1504 75
2757 # 1504
2757 - 1504 75
2758 # 1504
2758 - 1504 75
2758 # 1504
2758 - 1504 75
2758 # 1504
2758 - 1504 75
2758 # 1504
2758 - 1504 74
2758 # 1504
2758 - 1504 74
2758 # 1504
2758 - 1504 74
2758 # 1504
2758 - 1504 73
2758 # 1504
2758 - 1504 73
2758 + 1504
2758 + 1504
2758 + 1504
2759 # 1504
2759 - 1504 74
2759 # 1504
2759 - 1504 73
2759 + 1504
2759 + 1504
2759 + 1504
2759 + 1504
2759 + 1504
2759 + 1504
2760 + 1504
2760 + 1504
2760 + 1504
2761 # 1504
2761 - 1504 75
2761 # 1504
2761 - 1504 75
2761 # 1504
2761 - 1504 74
2761 # 1504
2761 - 1504 74
2761 + 1504
2761 + 1504
2761 + 1504
2762 + 1504
2762 + 1504
2762 + 1504
2762 + 1504
2763 # 1504
2763 - 1504 76
2763 # 1504
2763 - 1504 76
2763 # 1504
2763 - 1504 76
2763 + 1504
2763 + 1504
2763 + 1504
2764 + 1504
2764 + 1504
2764 + 1504
2765 # 1504
2765 - 1504 78
2765 # 1504
2765 - 1504 77
2765 + 1504
2765 + 1504
2765 + 1504
2766 # 1504
2766 - 1504 78
2766 + 1504
2766 + 1504
2767 # 1504
2767 - 1504 79
2767 # 1504
2767 - 1504 78
2767 # 1504
2767 - 1504 78
2767 + 1504
2767 + 1504
2767 + 1504
2768 + 1504
2768 + 1504
2768 + 1504
2769 # 1504
2769 - 1504 80
2769 + 1504
2769 + 1504
2769 + 1504
2769 + 1504
2770 # 1504
2770 - 1504 80
2771 # 1504
2771 - 1504 81
2771 # 1504
2771 - 1504 81
2771 # 1504
2771 - 1504 81
2772 # 1504
2772 - 1504 81
2772 + 1504
2772 + 1504
2772 + 1504
2772 + 1504
2773 # 1504
2773 - 1504 82
2773 + 1504
2773 + 1504
2774 # 1504
2774 - 1504 83
2774 + 1504
2774 + 1504
2775 # 1504
2775 - 1504 84
2775 # 1504
2775 - 1504 84
2776 # 1504
2776 - 1504 85
2777 + 1504
2777 + 1504
2777 + 1504
2777 + 1504
2786 # 1504
2786 - 1504 94
2786 # 1504
2786 - 1504 94
2786 # 1504
2786 - 1504 94
2787 # 1504
2787 - 1504 95
2787 # 1504
2787 - 1504 94
2787 # 1504
2787 - 1504 94
2787 # 1504
2787 - 1504 94
2788 # 1504
2788 - 1504 95
2788 # 1504
2788 - 1504 95
2788 # 1504
2788 - 1504 94
2788 # 1504
2788 - 1504 94
2788 # 1504
2788 - 1504 94
2788 + 1504
2788 + 1504
2788 + 1504
2788 + 1504
2789 # 1504
2789 - 1504 95
2789 # 1504
2789 - 1504 94
2789 + 1504
2789 + 1504
2789 + 1504
2789 + 1504
2790 # 1504
2790 - 1504 95
2790 + 1504
2791 # 1504
2791 - 1504 96
2791 + 1504
2791 + 1504
2791 + 1504
2791 + 1504
2792 + 1504
2792 + 1504
2793 + 1504
2793 + 1504
2801 # 1504
2801 - 1504 106
2801 # 1504
2801 - 1504 105
2801 # 1504
2801 - 1504 105
2803 # 1504
2803 - 1504 107
2803 # 1504
2803 - 1504 107
2803 # 1504
2803 - 1504 106
2805 # 1504
2805 - 1504 108
2805 # 1504
2805 - 1504 108
2805 # 1504
2805 - 1504 108
2805 # 1504
2805 - 1504 107
2805 # 1504
2805 - 1504 107
2805 # 1504
2805 - 1504 107
2805 # 1504
2805 - 1504 107
2805 # 1504
2805 - 1504 106
2806 # 1504
2806 - 1504 107
2806 + 1504
2806 + 1504
2806 + 1504
2806 + 1504
2807 # 1504
2807 - 1504 108
2807 # 1504
2807 - 1504 108
2807 # 1504
2807 - 1504 107
2807 + 1504
2807 + 1504
2808 # 1504
2808 - 1504 108
2808 + 1504
2808 + 1504
2809 + 1504
2809 + 1504
2810 + 1504
2810 + 1504
2811 # 1504
2811 - 1504 111
2811 # 1504
2811 - 1504 111
2811 # 1504
2811 - 1504 110
2811 + 1504
2811 + 1504
2811 + 1504
2811 + 1504
2812 # 1504
2812 - 1504 111
2812 + 1504
2812 + 1504
2813 + 1504
2813 + 1504
2814 # 1504
2814 - 1504 113
2814 # 1504
2814 - 1504 113
2814 # 1504
2814 - 1504 112
2814 + 1504
2814 + 1504
2815 + 1504
2815 + 1504
2816 + 1504
2817 # 1504
2817 - 1504 115
2817 # 1504
2817 - 1504 115
2817 # 1504
2817 - 1504 115
2817 # 1504
2817 - 1504 114
2817 + 1504
2817 + 1504
2818 + 1504
2818 + 1504
2819 # 1504
2819 - 1504 116
2819 # 1504
2819 - 1504 116
2819 + 1504
2819 + 1504
2821 + 1504
2821 + 1504
2828 # 1504
2828 - 1504 125
2828 # 1504
2828 - 1504 124
2828 # 1504
2828 - 1504 124
2828 # 1504
2828 - 1504 124
2830 # 1504
2830 - 1504 126
2830 # 1504
2830 - 1504 126
2830 # 1504
2830 - 1504 125
2830 # 1504
2830 - 1504 125
2830 + 1504
2830 + 1504
2831 + 1504
2831 + 1504
2832 + 1504
2832 + 1504
2833 # 1504
2833 - 1504 128
2833 # 1504
2833 - 1504 128
2833 # 1504
2833 - 1504 127
2833 # 1504
2833 - 1504 127
2833 + 1504
2833 + 1504
2834 # 1504
2834 - 1504 128
2834 # 1504
2834 - 1504 128
2834 # 1504
2834 - 1504 128
2834 + 1504
2835 + 1504
2836 + 1504
2836 + 1504
2837 + 1504
2837 + 1504
2838 + 1504
2838 + 1504
2839 # 1504
2839 - 1504 133
2839 # 1504
2839 - 1504 133
2839 # 1504
2839 - 1504 133
2839 # 1504
2839 - 1504 132
2839 # 1504
2839 - 1504 132
2842 + 1504
2842 + 1504
2843 + 1504
2843 + 1504
2844 + 1504
2845 # 1504
2845 - 1504 138
2845 # 1504
2845 - 1504 138
2845 # 1504
2845 - 1504 136
2845 # 1504
2845 - 1504 136
2845 # 1504
2845 - 1504 136
2845 # 1504
2845 - 1504 136
2846 # 1504
2846 - 1504 136
2846 # 1504
2846 - 1504 136
2846 # 1504
2846 - 1504 136
2847 # 1504
2847 - 1504 137
2847 # 1504
2847 - 1504 136
2847 + 1504
2847 + 1504
2847 + 1504
2848 # 1504
2848 - 1504 137
2848 # 1504
2848 - 1504 137
2848 + 1504
2849 + 1504
2849 + 1504
2850 # 1504
2850 - 1504 139
2850 + 1504
2850 + 1504
2851 + 1504
2851 + 1504
2852 # 1504
2852 - 1504 140
2852 # 1504
2852 - 1504 140
2852 + 1504
2853 + 1504
2853 + 1504
2854 + 1504
2854 + 1504
2855 + 1504
2869 # 1504
2869 - 1504 157
2869 # 1504
2869 - 1504 157
2869 # 1504
2869 - 1504 148
2869 # 1504
2869 - 1504 148
2869 # 1504
2869 - 1504 148
2869 # 1504
2869 - 1504 148
2870 # 1504
2870 - 1504 149
2870 # 1504
2870 - 1504 149
2870 # 1504
2870 - 1504 149
2870 # 1504
2870 - 1504 149
2870 # 1504
2870 - 1504 148
2870 # 1504
2870 - 1504 147
2873 # 1504
2873 - 1504 150
2873 # 1504
2873 - 1504 150
2873 # 1504
2873 - 1504 150
2873 # 1504
2873 - 1504 149
2873 # 1504
2873 - 1504 149
2873 # 1504
2873 - 1504 149
2874 # 1504
2874 - 1504 150
2874 # 1504
2874 - 1504 148
2874 # 1504
2874 - 1504 147
2874 # 1504
2874 - 1504 147
2880 + 1504
2880 + 1504
2881 # 1504
2881 - 1504 150
2881 # 1504
2881 - 1504 150
2881 # 1504
2881 - 1504 150
2881 # 1504
2881 - 1504 141
2881 # 1504
2881 - 1504 141
2881 # 1504
2881 - 1504 141
2881 + 1504
2881 + 1504
2882 # 1504
2882 - 1504 138
2882 # 1504
2882 - 1504 138
2882 + 1504
2883 # 1504
2883 - 1504 139
2883 # 1504
2883 - 1504 138
2883 # 1504
2883 - 1504 138
2883 + 1504
2883 + 1504
2884 # 1504
2884 - 1504 139
2884 # 1504
2884 - 1504 138
2884 # 1504
2884 - 1504 138
2884 + 1504
2885 + 1504
2885 + 1504
2886 # 1504
2886 - 1504 140
2886 + 1504
2887 # 1504
2887 - 1504 141
2887 # 1504
2887 - 1504 141
2887 # 1504
2887 - 1504 141
2887 + 1504
2887 + 1504
2888 # 1504
2888 - 1504 130
2888 + 1504
2889 + 1504
2889 + 1504
2890 + 1504
2891 # 1504
2891 - 1504 133
2891 + 1504
2891 + 1504
2892 + 1504
2892 + 1504
2893 # 1504
2893 - 1504 135
2893 # 1504
2893 - 1504 134
2893 + 1504
2894 # 1504
2894 - 1504 135
2894 + 1504
2894 + 1504
2895 + 1504
2896 + 1504
2896 + 1504
2897 # 1504
2897 - 1504 138
2897 # 1504
2897 - 1504 138
2897 + 1504
2898 # 1504
2898 - 1504 139
2898 + 1504
2898 + 1504
2899 + 1504
2900 + 1504
2900 + 1504
2901 + 1504
2902 + 1504
2902 + 1504
2903 + 1504
2903 + 1504
2904 + 1504
2905 + 1504
2905 + 1504
2906 + 1504
2907 + 1504
2907 + 1504
2908 # 1504
2908 - 1504 149
2908 # 1504
2908 - 1504 148
2908 # 1504
2908 - 1504 148
2908 # 1504
2908 - 1504 148
2908 # 1504
2908 - 1504 147
2908 + 1504
2909 # 1504
2909 - 1504 148
2909 # 1504
2909 - 1504 148
2909 # 1504
2909 - 1504 147
2909 # 1504
2909 - 1504 147
2909 # 1504
2909 - 1504 147
2909 + 1504
2909 + 1504
2910 + 1504
2911 + 1504
2911 + 1504
2912 + 1504
2913 + 1504
2913 + 1504
2914 + 1504
2915 + 1504
2915 + 1504
2916 + 1504
2916 + 1504
2917 # 1504
2917 - 1504 155
2917 # 1504
2917 - 1504 154
2917 # 1504
2917 - 1504 154
2917 + 1504
2918 + 1504
2918 + 1504
2919 # 1504
2919 - 1504 156
2919 # 1504
2919 - 1504 155
2919 # 1504
2919 - 1504 155
2919 # 1504
2919 - 1504 155
2919 # 1504
2919 - 1504 154
2919 + 1504
2920 # 1504
2920 - 1504 155
2920 # 1504
2920 - 1504 155
2920 # 1504
2920 - 1504 154
2920 + 1504
2920 + 1504
2921 # 1504
2921 - 1504 155
2921 + 1504
2922 + 1504
2922 + 1504
2923 + 1504
2924 + 1504
2924 + 1504
2925 + 1504
2926 + 1504
2926 + 1504
2927 + 1504
2931 # 1504
2931 - 1504 164
2931 # 1504
2931 - 1504 164
2931 # 1504
2931 - 1504 164
2931 # 1504
2931 - 1504 163
2931 # 1504
2931 - 1504 163
2931 # 1504
2931 - 1504 163
2932 # 1504
2932 - 1504 163
2932 # 1504
2932 - 1504 163
2932 # 1504
2932 - 1504 163
2933 # 1504
2933 - 1504 164
2933 + 1504
2934 # 1504
2934 - 1504 162
2934 + 1504
2934 + 1504
2935 # 1504
2935 - 1504 163
2935 + 1504
2936 # 1504
2936 - 1504 164
2936 # 1504
2936 - 1504 164
2936 + 1504
2937 + 1504
2937 + 1504
2938 # 1504
2938 - 1504 165
2938 # 1504
2938 - 1504 165
2938 + 1504
2939 # 1504
2939 - 1504 165
2939 + 1504
2939 + 1504
2940 + 1504
2941 + 1504
2941 + 1504
2942 # 1504
2942 - 1504 168
2942 + 1504
2943 # 1504
2943 - 1504 166
2943 + 1504
2944 # 1504
2944 - 1504 167
2944 + 1504
2944 + 1504
2945 # 1504
2945 - 1504 168
2945 + 1504
2946 # 1504
2946 - 1504 169
2946 + 1504
2946 + 1504
2947 + 1504
2948 # 1504
2948 - 1504 160
2948 + 1504
2949 + 1504
2949 + 1504
2950 # 1504
2950 - 1504 162
2950 + 1504
2951 # 1504
2951 - 1504 163
2953 + 1504
2953 + 1504
2960 # 1504
2960 - 1504 172
2960 # 1504
2960 - 1504 171
2960 # 1504
2960 - 1504 171
2962 # 1504
2962 - 1504 173
2962 # 1504
2962 - 1504 173
2962 # 1504
2962 - 1504 172
2963 # 1504
2963 - 1504 172
2963 # 1504
2963 - 1504 172
2965 # 1504
2965 - 1504 174
2965 # 1504
2965 - 1504 174
2965 # 1504
2965 - 1504 173
2965 # 1504
2965 - 1504 173
2966 # 1504
2966 - 1504 173
2968 # 1504
2968 - 1504 175
2968 # 1504
2968 - 1504 162
2968 # 1504
2968 - 1504 162
2969 + 1504
2969 + 1504
2970 # 1504
2970 - 1504 164
2970 + 1504
2971 # 1504
2971 - 1504 165
2971 + 1504
2972 + 1504
2972 + 1504
2973 + 1504
2974 + 1504
2975 + 1504
2975 + 1504
2976 + 1504
2977 + 1504
2978 + 1504
2978 + 1504
2979 + 1504
2980 + 1504
2981 # 1504
2981 - 1504 174
2981 # 1504
2981 - 1504 174
2981 + 1504
2981 + 1504
2982 + 1504
2983 + 1504
2984 # 1504
2984 - 1504 176
2984 # 1504
2984 - 1504 176
2984 # 1504
2984 - 1504 175
2984 # 1504
2984 - 1504 175
2984 # 1504
2984 - 1504 174
2984 + 1504
2985 + 1504
2985 + 1504
2986 + 1504
2987 + 1504
2988 # 1504
2988 - 1504 178
2988 # 1504
2988 - 1504 177
2988 # 1504
2988 - 1504 177
2988 # 1504
2988 - 1504 177
2988 # 1504
2988 - 1504 177
2988 + 1504
2989 # 1504
2989 - 1504 177
2989 + 1504
2989 + 1504
2990 # 1504
2990 - 1504 178
2990 + 1504
2991 # 1504
2991 - 1504 178
2991 + 1504
2992 # 1504
2992 - 1504 179
2992 # 1504
2992 - 1504 178
2992 + 1504
2992 + 1504
2993 + 1504
2994 + 1504
2995 # 1504
2995 - 1504 181
2995 + 1504
2995 + 1504
2996 + 1504
2997 # 1504
2997 - 1504 182
2997 + 1504
2998 # 1504
2998 - 1504 183
2998 # 1504
2998 - 1504 182
2998 # 1504
2998 - 1504 181
2998 # 1504
2998 - 1504 181
2999 + 1504
3000 # 1504
3000 - 1504 182
3000 + 1504
3001 # 1504
3001 - 1504 183
3001 + 1504
3001 + 1504
3002 # 1504
3002 - 1504 183
3002 # 1504
3002 - 1504 183
3002 + 1504
3003 + 1504
3004 + 1504
3004 + 1504
3005 # 1504
3005 - 1504 184
3005 + 1504
3006 # 1504
3006 - 1504 185
3007 # 1504
3007 - 1504 177
3007 # 1504
3007 - 1504 177
3008 + 1504
3008 + 1504
3009 # 1504
3009 - 1504 178
3009 # 1504
3009 - 1504 178
3011 # 1504
3011 - 1504 179
3012 # 1504
3012 - 1504 180
3012 # 1504
3012 - 1504 179
3013 # 1504
3013 - 1504 180
3016 # 1504
3016 - 1504 182
3016 # 1504
3016 - 1504 181
3017 + 1504
3018 + 1504
3019 + 1504
3019 + 1504
3020 + 1504
3021 + 1504
3022 + 1504
3023 + 1504
3023 + 1504
3024 + 1504
3025 # 1504
3025 - 1504 189
3025 # 1504
3025 - 1504 189
3025 + 1504
3027 # 1504
3027 - 1504 190
3027 # 1504
3027 - 1504 190
3027 # 1504
3027 - 1504 189
3027 # 1504
3027 - 1504 189
3027 # 1504
3027 - 1504 185
3027 # 1504
3027 - 1504 185
3030 + 1504
3031 + 1504
3032 + 1504
3032 + 1504
3033 + 1504
3034 + 1504
3035 # 1504
3035 - 1504 192
3035 # 1504
3035 - 1504 192
3035 # 1504
3035 - 1504 191
3035 # 1504
3035 - 1504 188
3035 + 1504
3036 + 1504
3037 # 1504
3037 - 1504 190
3037 # 1504
3037 - 1504 190
3037 # 1504
3037 - 1504 189
3037 # 1504
3037 - 1504 188
3039 # 1504
3039 - 1504 190
3039 # 1504
3039 - 1504 189
3040 # 1504
3040 - 1504 190
3040 + 1504
3040 + 1504
3041 + 1504
3042 # 1504
3042 - 1504 191
3042 + 1504
3043 # 1504
3043 - 1504 192
3043 + 1504
3044 # 1504
3044 - 1504 192
3044 + 1504
3044 + 1504
3045 + 1504
3046 # 1504
3046 - 1504 193
3046 # 1504
3046 - 1504 193
3046 + 1504
3047 + 1504
3047 + 1504
3048 + 1504
3049 # 1504
3049 - 1504 195
3049 # 1504
3049 - 1504 195
3049 # 1504
3049 - 1504 194
3049 # 1504
3049 - 1504 169
3049 + 1504
3050 + 1504
3051 # 1504
3051 - 1504 171
3051 + 1504
3052 # 1504
3052 - 1504 171
3052 + 1504
3053 + 1504
3057 + 1504
3057 + 1504
3058 + 1504
3059 + 1504
3060 + 1504
3061 # 1504
3061 - 1504 180
3061 # 1504
3061 - 1504 179
3061 + 1504
3062 # 1504
3062 - 1504 179
3062 # 1504
3062 - 1504 179
3064 # 1504
3064 - 1504 180
3064 # 1504
3064 - 1504 179
3064 # 1504
3064 - 1504 179
3064 # 1504
3064 - 1504 178
3064 # 1504
3064 - 1504 177
3064 # 1504
3064 - 1504 177
3065 # 1504
3065 - 1504 177
3072 + 1504
3072 + 1504
3073 # 1504
3073 - 1504 184
3073 # 1504
3073 - 1504 184
3073 # 1504
3073 - 1504 183
3073 # 1504
3073 - 1504 182
3073 # 1504
3073 - 1504 182
3073 + 1504
3074 + 1504
3075 + 1504
3075 + 1504
3076 + 1504
3077 + 1504
3078 # 1504
3078 - 1504 186
3078 # 1504
3078 - 1504 186
3078 # 1504
3078 - 1504 185
3078 # 1504
3078 - 1504 184
3078 + 1504
3079 # 1504
3079 - 1504 185
3079 + 1504
3079 + 1504
3080 # 1504
3080 - 1504 185
3080 # 1504
3080 - 1504 184
3080 # 1504
3080 - 1504 184
3080 + 1504
3081 # 1504
3081 - 1504 184
3081 + 1504
3082 # 1504
3082 - 1504 184
3082 # 1504
3082 - 1504 184
3082 # 1504
3082 - 1504 183
3082 # 1504
3082 - 1504 182
3082 # 1504
3082 - 1504 182
3082 # 1504
3082 - 1504 181
3082 + 1504
3083 + 1504
3084 # 1504
3084 - 1504 182
3084 # 1504
3084 - 1504 182
3084 # 1504
3084 - 1504 181
3084 + 1504
3084 + 1504
3085 # 1504
3085 - 1504 182
3085 + 1504
3086 # 1504
3086 - 1504 182
3086 # 1504
3086 - 1504 181
3086 + 1504
3087 # 1504
3087 - 1504 182
3087 # 1504
3087 - 1504 181
3087 + 1504
3088 + 1504
3089 # 1504
3089 - 1504 182
3089 # 1504
3089 - 1504 182
3089 # 1504
3089 - 1504 181
3089 + 1504
3089 + 1504
3090 # 1504
3090 - 1504 181
3090 + 1504
3091 + 1504
3092 # 1504
3092 - 1504 183
3092 + 1504
3093 # 1504
3093 - 1504 183
3093 # 1504
3093 - 1504 182
3093 + 1504
3093 + 1504
3094 # 1504
3094 - 1504 183
3094 + 1504
3095 # 1504
3095 - 1504 183
3095 + 1504
3096 + 1504
3097 + 1504
3097 + 1504
3098 # 1504
3098 - 1504 185
3098 + 1504
3099 + 1504
3100 + 1504
3101 + 1504
3102 + 1504
3102 + 1504
3103 + 1504
3104 + 1504
3105 + 1504
3106 + 1504
3106 + 1504
3107 # 1504
3107 - 1504 194
3107 + 1504
3108 # 1504
3108 - 1504 194
3108 + 1504
3109 # 1504
3109 - 1504 194
3109 # 1504
3109 - 1504 194
3109 # 1504
3109 - 1504 193
3109 # 1504
3109 - 1504 193
3109 # 1504
3109 - 1504 192
3109 + 1504
3110 # 1504
3110 - 1504 192
3110 # 1504
3110 - 1504 192
3110 # 1504
3110 - 1504 191
3110 # 1504
3110 - 1504 190
3110 + 1504
3110 + 1504
3111 # 1504
3111 - 1504 191
3111 + 1504
3112 + 1504
3113 # 1504
3113 - 1504 192
3113 # 1504
3113 - 1504 191
3113 # 1504
3113 - 1504 191
3113 + 1504
3114 # 1504
3114 - 1504 191
3114 + 1504
3115 # 1504
3115 - 1504 191
3115 # 1504
3115 - 1504 191
3115 + 1504
3115 + 1504
3116 # 1504
3116 - 1504 191
3116 + 1504
3117 # 1504
3117 - 1504 191
3117 # 1504
3117 - 1504 191
3117 + 1504
3118 # 1504
3118 - 1504 191
3118 + 1504
3119 # 1504
3119 - 1504 186
3119 + 1504
3120 # 1504
3120 - 1504 186
3120 # 1504
3120 - 1504 186
3120 + 1504
3120 + 1504
3121 # 1504
3121 - 1504 186
3121 # 1504
3121 - 1504 185
3121 # 1504
3121 - 1504 184
3121 # 1504
3121 - 1504 184
3121 + 1504
3122 # 1504
3122 - 1504 184
3122 # 1504
3122 - 1504 183
3122 # 1504
3122 - 1504 183
3122 + 1504
3123 + 1504
3124 # 1504
3124 - 1504 184
3124 + 1504
3124 + 1504
3125 # 1504
3125 - 1504 184
3125 # 1504
3125 - 1504 184
3125 # 1504
3125 - 1504 183
3125 + 1504
3126 + 1504
3127 + 1504
3128 + 1504
3129 + 1504
3129 + 1504
3130 + 1504
3131 + 1504
3132 + 1504
3133 + 1504
3134 # 1504
3134 - 1504 191
3134 # 1504
3134 - 1504 190
3134 # 1504
3134 - 1504 190
3134 # 1504
3134 - 1504 189
3134 # 1504
3134 - 1504 188
3134 # 1504
3134 - 1504 188
3134 # 1504
3134 - 1504 187
3134 # 1504
3134 - 1504 186
3134 # 1504
3134 - 1504 185
3134 # 1504
3134 - 1504 185
3134 # 1504
3134 - 1504 184
3134 + 1504
3134 + 1504
3135 # 1504
3135 - 1504 182
3135 # 1504
3135 - 1504 182
3135 # 1504
3135 - 1504 166
3135 + 1504
3136 # 1504
3136 - 1504 167
3136 # 1504
3136 - 1504 166
3136 # 1504
3136 - 1504 165
3136 # 1504
3136 - 1504 164
3136 + 1504
3137 + 1504
3138 + 1504
3138 + 1504
3139 + 1504
3140 + 1504
3141 + 1504
3142 + 1504
3143 + 1504
3143 + 1504
3144 + 1504
3145 # 1504
3145 - 1504 173
3145 # 1504
3145 - 1504 172
3145 # 1504
3145 - 1504 171
3145 # 1504
3145 - 1504 170
3145 # 1504
3145 - 1504 170
3145 # 1504
3145 - 1504 169
3145 # 1504
3145 - 1504 168
3145 # 1504
3145 - 1504 167
3145 # 1504
3145 - 1504 167
3145 # 1504
3145 - 1504 166
3145 + 1504
3146 # 1504
3146 - 1504 166
3146 # 1504
3146 - 1504 165
3146 + 1504
3147 + 1504
3147 + 1504
3148 # 1504
3148 - 1504 167
3148 # 1504
3148 - 1504 166
3148 + 1504
3149 + 1504
3150 # 1504
3150 - 1504 167
3150 # 1504
3150 - 1504 166
3150 # 1504
3150 - 1504 165
3150 # 1504
3150 - 1504 165
3150 # 1504
3150 - 1504 164
3150 # 1504
3150 - 1504 163
3150 # 1504
3150 - 1504 162
3150 # 1504
3150 - 1504 161
3150 # 1504
3150 - 1504 161
3150 # 1504
3150 - 1504 160
3150 + 1504
3151 # 1504
3151 - 1504 160
3151 # 1504
3151 - 1504 159
3151 # 1504
3151 - 1504 159
3151 + 1504
3152 + 1504
3152 + 1504
3153 # 1504
3153 - 1504 160
3153 # 1504
3153 - 1504 159
3153 + 1504
3154 + 1504
3155 + 1504
3155 + 1504
3156 # 1504
3156 - 1504 161
3156 # 1504
3156 - 1504 161
3156 + 1504
3157 + 1504
3158 # 1504
3158 - 1504 162
3158 # 1504
3158 - 1504 161
3158 # 1504
3158 - 1504 159
3158 + 1504
3158 + 1504
3159 + 1504
3160 # 1504
3160 - 1504 160
3160 + 1504
3161 # 1504
3161 - 1504 160
3161 + 1504
3161 + 1504
3162 # 1504
3162 - 1504 161
3162 + 1504
3163 # 1504
3163 - 1504 161
3163 + 1504
3164 # 1504
3164 - 1504 161
3164 # 1504
3164 - 1504 160
3164 + 1504
3164 + 1504
3165 # 1504
3165 - 1504 161
3165 # 1504
3165 - 1504 160
3165 + 1504
3166 # 1504
3166 - 1504 158
3166 + 1504
3167 # 1504
3167 - 1504 159
3167 + 1504
3167 + 1504
3168 # 1504
3168 - 1504 151
3168 # 1504
3168 - 1504 150
3168 # 1504
3168 - 1504 149
3168 + 1504
3169 + 1504
3169 + 1504
3170 + 1504
3171 + 1504
3172 + 1504
3172 + 1504
3173 + 1504
3174 + 1504
3174 + 1504
3175 + 1504
3176 + 1504
3177 # 1504
3177 - 1504 158
3177 + 1504
3177 + 1504
3178 # 1504
3178 - 1504 158
3178 # 1504
3178 - 1504 157
3178 # 1504
3178 - 1504 156
3178 # 1504
3178 - 1504 155
3178 + 1504
3179 + 1504
3179 + 1504
3180 + 1504
3181 + 1504
3181 + 1504
3182 + 1504
3183 + 1504
3184 + 1504
3184 + 1504
3185 + 1504
3186 # 1504
3186 - 1504 163
3186 # 1504
3186 - 1504 162
3186 # 1504
3186 - 1504 161
3186 # 1504
3186 - 1504 156
3186 + 1504
3186 + 1504
3187 # 1504
3187 - 1504 156
3187 # 1504
3187 - 1504 155
3187 # 1504
3187 - 1504 155
3187 # 1504
3187 - 1504 154
3187 # 1504
3187 - 1504 153
3187 + 1504
3188 # 1504
3188 - 1504 153
3188 # 1504
3188 - 1504 152
3188 # 1504
3188 - 1504 148
3188 + 1504
3189 + 1504
3189 + 1504
3190 # 1504
3190 - 1504 150
3190 + 1504
3191 # 1504
3191 - 1504 150
3191 + 1504
3191 + 1504
3192 # 1504
3192 - 1504 150
3192 # 1504
3192 - 1504 149
3192 + 1504
3193 # 1504
3193 - 1504 149
3193 + 1504
3194 # 1504
3194 - 1504 150
3194 + 1504
3194 + 1504
3195 + 1504
3196 + 1504
3196 + 1504
3197 + 1504
3198 + 1504
3198 + 1504
3199 + 1504
3200 + 1504
3200 + 1504
3201 + 1504
3202 + 1504
3202 + 1504
3203 + 1504
3204 # 1504
3204 - 1504 159
3204 # 1504
3204 - 1504 158
3204 # 1504
3204 - 1504 157
3204 # 1504
3204 - 1504 157
3204 # 1504
3204 - 1504 156
3204 # 1504
3204 - 1504 155
3204 # 1504
3204 - 1504 154
3204 + 1504
3205 # 1504
3205 - 1504 154
3205 + 1504
3205 + 1504
3206 # 1504
3206 - 1504 154
3206 # 1504
3206 - 1504 153
3206 # 1504
3206 - 1504 149
3206 # 1504
3206 - 1504 149
3206 # 1504
3206 - 1504 148
3206 # 1504
3206 - 1504 147
3206 # 1504
3206 - 1504 146
3206 + 1504
3207 + 1504
3207 + 1504
3208 + 1504
3209 + 1504
3209 + 1504
3210 + 1504
3211 + 1504
3211 + 1504
3212 + 1504
3213 + 1504
3213 + 1504
3214 # 1504
3214 - 1504 153
3214 + 1504
3215 # 1504
3215 - 1504 143
3215 # 1504
3215 - 1504 143
3215 # 1504
3215 - 1504 142
3215 # 1504
3215 - 1504 141
3215 + 1504
3215 + 1504
3216 + 1504
3217 # 1504
3217 - 1504 142
3217 # 1504
3217 - 1504 142
3217 # 1504
3217 - 1504 141
3217 # 1504
3217 - 1504 140
3217 + 1504
3217 + 1504
3218 + 1504
3219 + 1504
3219 + 1504
3220 + 1504
3221 + 1504
3221 + 1504
3222 + 1504
3223 + 1504
3223 + 1504
3224 + 1504
3225 + 1504
3225 + 1504
3226 + 1504
3227 + 1504
3227 + 1504
3229 # 1504
3229 - 1504 151
3229 # 1504
3229 - 1504 150
3229 # 1504
3229 - 1504 150
3229 # 1504
3229 - 1504 149
3229 # 1504
3229 - 1504 148
3229 # 1504
3229 - 1504 147
3229 # 1504
3229 - 1504 146
3229 # 1504
3229 - 1504 145
3230 # 1504
3230 - 1504 146
3230 # 1504
3230 - 1504 145
3231 + 1504
3231 + 1504
3232 # 1504
3232 - 1504 146
3232 # 1504
3232 - 1504 145
3232 + 1504
3232 + 1504
3233 # 1504
3233 - 1504 145
3233 + 1504
3234 + 1504
3234 + 1504
3235 # 1504
3235 - 1504 146
3235 + 1504
3236 + 1504
3236 + 1504
3237 # 1504
3237 - 1504 148
3237 + 1504
3237 + 1504
3238 + 1504
3239 + 1504
3239 + 1504
3248 # 1504
3248 - 1504 158
3248 # 1504
3248 - 1504 157
3248 # 1504
3248 - 1504 156
3248 # 1504
3248 - 1504 155
3252 # 1504
3252 - 1504 159
3253 # 1504
3253 - 1504 159
3253 # 1504
3253 - 1504 158
3253 # 1504
3253 - 1504 157
3255 # 1504
3255 - 1504 158
3257 # 1504
3257 - 1504 160
3257 + 1504
3257 + 1504
3258 + 1504
3258 + 1504
3259 # 1504
3259 - 1504 161
3259 # 1504
3259 - 1504 160
3259 + 1504
3260 # 1504
3260 - 1504 160
3260 + 1504
3260 + 1504
3261 + 1504
3262 # 1504
3262 - 1504 161
3262 + 1504
3262 + 1504
3263 + 1504
3264 + 1504
3264 + 1504
3265 + 1504
3266 + 1504
3266 + 1504
3271 # 1504
3271 - 1504 169
3271 # 1504
3271 - 1504 169
3274 # 1504
3274 - 1504 171
3274 # 1504
3274 - 1504 170
3274 # 1504
3274 - 1504 169
3276 # 1504
3276 - 1504 170
3276 + 1504
3276 + 1504
3277 + 1504
3278 + 1504
3278 + 1504
3281 # 1504
3281 - 1504 175
3281 # 1504
3281 - 1504 174
3281 # 1504
3281 - 1504 173
3281 # 1504
3281 - 1504 172
3281 # 1504
3281 - 1504 171
3281 # 1504
3281 - 1504 171
3282 + 1504
3282 + 1504
3283 # 1504
3283 - 1504 172
3283 # 1504
3283 - 1504 171
3283 + 1504
3283 + 1504
3284 + 1504
3285 + 1504
3286 # 1504
3286 - 1504 173
3286 + 1504
3286 + 1504
3287 # 1504
3287 - 1504 173
3287 + 1504
3290 # 1504
3290 - 1504 175
3290 # 1504
3290 - 1504 175
3291 + 1504
3292 + 1504
3292 + 1504
3293 # 1504
3293 - 1504 177
3293 # 1504
3293 - 1504 176
3293 + 1504
3295 # 1504
3295 - 1504 177
3295 # 1504
3295 - 1504 176
3295 + 1504
3296 + 1504
3296 + 1504
3298 # 1504
3298 - 1504 178
3298 # 1504
3298 - 1504 178
3300 # 1504
3300 - 1504 179
3301 # 1504
3301 - 1504 179
3302 # 1504
3302 - 1504 179
3305 # 1504
3305 - 1504 181
3306 # 1504
3306 - 1504 182
3306 # 1504
3306 - 1504 181
3308 # 1504
3308 - 1504 182
3308 + 1504
3309 + 1504
3310 # 1504
3310 - 1504 183
3310 + 1504
3310 + 1504
3311 # 1504
3311 - 1504 183
3311 + 1504
3312 # 1504
3312 - 1504 183
3312 + 1504
3313 # 1504
3313 - 1504 184
3313 + 1504
3313 + 1504
3314 + 1504
3315 # 1504
3315 - 1504 185
3315 + 1504
3316 + 1504
3316 + 1504
3317 + 1504
3318 # 1504
3318 - 1504 187
3318 + 1504
3319 # 1504
3319 - 1504 187
3319 # 1504
3319 - 1504 186
3319 + 1504
3319 + 1504
3320 # 1504
3320 - 1504 186
3320 + 1504
3321 + 1504
3322 # 1504
3322 - 1504 188
3322 + 1504
3322 + 1504
3323 + 1504
3324 # 1504
3324 - 1504 189
3324 # 1504
3324 - 1504 188
3325 # 1504
3325 - 1504 188
3326 # 1504
3326 - 1504 188
3326 # 1504
3326 - 1504 188
3327 # 1504
3327 - 1504 188
3329 # 1504
3329 - 1504 189
3330 + 1504
3330 + 1504
3331 # 1504
3331 - 1504 190
3331 + 1504
3332 + 1504
3333 + 1504
3333 + 1504
3334 + 1504
3335 + 1504
3340 # 1504
3340 - 1504 198
3340 # 1504
3340 - 1504 197
3340 # 1504
3340 - 1504 197
3340 # 1504
3340 - 1504 196
3340 # 1504
3340 - 1504 195
3342 + 1504
3343 + 1504
3343 + 1504
3344 # 1504
3344 - 1504 198
3344 # 1504
3344 - 1504 197
3344 # 1504
3344 - 1504 197
3344 + 1504
3345 + 1504
3346 + 1504
3347 + 1504
3347 + 1504
3348 + 1504
3621 + 1504
4105 + 1504
4197 + 52
5029 + 1504
5565 # 1504
5565 - 1504 2417
5568 + 1504
5569 + 1504
5570 + 1504
5571 + 1504
5572 + 1504
5573 + 1504
5574 + 1504
5576 + 1504
5577 + 1504
5578 + 1504
5579 + 1504
5580 + 1504
5581 + 1504
5582 + 1504
5584 + 1504
5585 + 1504
5586 + 1504
5587 + 1504
5588 + 1504
5589 + 1504
5590 + 1504
5592 + 1504
5593 + 1504
5594 + 1504
5595 + 1504
5596 + 1504
5597 + 1504
5598 + 1504
5600 + 1504
5601 + 1504
5602 + 1504
5603 + 1504
5604 + 1504
5605 + 1504
5606 + 1504
5608 + 1504
5609 + 1504
5610 + 1504
5611 + 1504
5612 + 1504
5613 + 1504
5614 + 1504
5615 # 1504
5615 - 1504 2466
5616 + 1504
5617 + 1504
5618 + 1504
5620 + 1504
5621 + 1504
5623 # 1504
5623 - 1504 2473
5623 # 1504
5623 - 1504 2472
5623 + 1504
5625 # 1504
5625 - 1504 2473
5625 # 1504
5625 - 1504 2473
5625 # 1504
5625 - 1504 2472
5625 # 1504
5625 - 1504 2471
5625 # 1504
5625 - 1504 2470
5625 + 1504
5627 + 1504
5628 # 1504
5628 - 1504 2473
5628 # 1504
5628 - 1504 2472
5628 + 1504
5629 # 1504
5629 - 1504 2472
5629 # 1504
5629 - 1504 2471
5629 # 1504
5629 - 1504 2471
5629 # 1504
5629 - 1504 2470
5629 # 1504
5629 - 1504 2469
5629 # 1504
5629 - 1504 2468
5629 # 1504
5629 - 1504 2468
5630 + 1504
5632 # 1504
5632 - 1504 2470
5632 + 1504
5634 # 1504
5634 - 1504 2471
5636 # 1504
5636 - 1504 2472
5636 # 1504
5636 - 1504 2472
5637 + 1504
5638 # 1504
5638 - 1504 2473
5640 # 1504
5640 - 1504 2474
5642 # 1504
5642 - 1504 2475
5643 + 1504
5644 # 1504
5644 - 1504 2477
5645 # 1504
5645 - 1504 2477
5646 # 1504
5646 - 1504 2477
5647 # 1504
5647 - 1504 2478
5648 # 1504
5648 - 1504 2478
5648 + 1504
5649 # 1504
5649 - 1504 2478
5652 # 1504
5652 - 1504 2480
5653 # 1504
5653 - 1504 2481
5653 # 1504
5653 - 1504 2480
5654 + 1504
5655 # 1504
5655 - 1504 2481
5655 # 1504
5655 - 1504 2481
5656 # 1504
5656 - 1504 2481
5657 # 1504
5657 - 1504 2481
5658 # 1504
5658 - 1504 2481
5659 # 1504
5659 - 1504 2482
5660 + 1504
5661 # 1504
5661 - 1504 2483
5662 # 1504
5662 - 1504 2483
5663 # 1504
5663 - 1504 2484
5665 # 1504
5665 - 1504 2485
5666 # 1504
5666 - 1504 2485
5666 + 1504
5668 # 1504
5668 - 1504 2487
5669 # 1504
5669 - 1504 2487
5671 # 1504
5671 - 1504 2488
5672 # 1504
5672 - 1504 2488
5672 + 1504
5675 # 1504
5675 - 1504 2491
5677 # 1504
5677 - 1504 2492
5677 # 1504
5677 - 1504 2491
5678 + 1504
5680 # 1504
5680 - 1504 2494
5682 # 1504
5682 - 1504 2495
5682 # 1504
5682 - 1504 2494
5683 # 1504
5683 - 1504 2494
5684 + 1504
5685 # 1504
5685 - 1504 2496
5686 # 1504
5686 - 1504 2496
5687 # 1504
5687 - 1504 2496
5689 + 1504
5690 # 1504
5690 - 1504 2499
5691 # 1504
5691 - 1504 2499
5692 # 1504
5692 - 1504 2499
5692 # 1504
5692 - 1504 2498
5693 # 1504
5693 - 1504 2499
5695 # 1504
5695 - 1504 2500
5696 # 1504
5696 - 1504 2500
5697 + 1504
5698 # 1504
5698 - 1504 2502
5698 # 1504
5698 - 1504 2501
5699 # 1504
5699 - 1504 2501
5700 # 1504
5700 - 1504 2502
5701 # 1504
5701 - 1504 2502
5702 # 1504
5702 - 1504 2502
5702 + 1504
5704 # 1504
5704 - 1504 2504
5704 # 1504
5704 - 1504 2503
5707 # 1504
5707 - 1504 2505
5708 # 1504
5708 - 1504 2506
5708 # 1504
5708 - 1504 2505
5708 + 1504
5711 # 1504
5711 - 1504 2507
5711 # 1504
5711 - 1504 2506
5713 # 1504
5713 - 1504 2508
5713 + 1504
5714 # 1504
5714 - 1504 2508
5716 # 1504
5716 - 1504 2509
5716 # 1504
5716 - 1504 2509
5717 # 1504
5717 - 1504 2509
5719 # 1504
5719 - 1504 2510
5720 # 1504
5720 - 1504 2511
5720 + 1504
5721 # 1504
5721 - 1504 2511
5722 # 1504
5722 - 1504 2511
5723 # 1504
5723 - 1504 2512
5725 # 1504
5725 - 1504 2513
5725 + 1504
5727 # 1504
5727 - 1504 2514
5727 # 1504
5727 - 1504 2514
5729 # 1504
5729 - 1504 2515
5729 # 1504
5729 - 1504 2514
5729 # 1504
5729 - 1504 2514
5730 # 1504
5730 - 1504 2514
5731 + 1504
5733 # 1504
5733 - 1504 2516
5733 # 1504
5733 - 1504 2516
5733 # 1504
5733 - 1504 2515
5736 # 1504
5736 - 1504 2517
5736 # 1504
5736 - 1504 2517
5736 # 1504
5736 - 1504 2516
5737 # 1504
5737 - 1504 2516
5737 + 1504
5739 # 1504
5739 - 1504 2518
5741 # 1504
5741 - 1504 2519
5741 # 1504
5741 - 1504 2518
5743 # 1504
5743 - 1504 2520
5744 # 1504
5744 - 1504 2520
5744 + 1504
5751 + 1504
5754 # 1504
5754 - 1504 2529
5754 # 1504
5754 - 1504 2529
5754 # 1504
5754 - 1504 2528
5754 # 1504
5754 - 1504 2527
5754 # 1504
5754 - 1504 2527
5755 + 1504
5758 # 1504
5758 - 1504 2527
5758 # 1504
5758 - 1504 2527
5758 # 1504
5758 - 1504 2526
5762 + 1504
5767 # 1504
5767 - 1504 2535
5767 # 1504
5767 - 1504 2534
5767 # 1504
5767 - 1504 2533
5768 + 1504
5770 # 1504
5770 - 1504 2536
5770 # 1504
5770 - 1504 2535
5770 # 1504
5770 - 1504 2534
5770 # 1504
5770 - 1504 2534
5770 # 1504
5770 - 1504 2533
5772 # 1504
5772 - 1504 2535
5772 # 1504
5772 - 1504 2534
5774 # 1504
5774 - 1504 2535
5774 + 1504
5775 # 1504
5775 - 1504 2536
5775 # 1504
5775 - 1504 2518
5778 # 1504
5778 - 1504 2521
5778 # 1504
5778 - 1504 2520
5779 # 1504
5779 - 1504 2521
5780 + 1504
5781 # 1504
5781 - 1504 2522
5781 # 1504
5781 - 1504 2521
5781 # 1504
5781 - 1504 2521
5784 # 1504
5784 - 1504 2523
5785 # 1504
5785 - 1504 2523
5785 # 1504
5785 - 1504 2523
5786 # 1504
5786 - 1504 2523
5786 + 1504
5787 # 1504
5787 - 1504 2523
5788 # 1504
5788 - 1504 2524
5789 # 1504
5789 - 1504 2524
5792 + 1504
5798 # 1504
5798 - 1504 2532
5799 # 1504
5799 - 1504 2533
5799 # 1504
5799 - 1504 2523
5799 # 1504
5799 - 1504 2523
5799 # 1504
5799 - 1504 2522
5799 + 1504
5801 # 1504
5801 - 1504 2523
5801 # 1504
5801 - 1504 2523
5801 # 1504
5801 - 1504 2519
5801 # 1504
5801 - 1504 2519
5801 # 1504
5801 - 1504 2518
5802 # 1504
5802 - 1504 2519
5803 # 1504
5803 - 1504 2519
5804 # 1504
5804 - 1504 2519
5804 # 1504
5804 - 1504 2518
5804 + 1504
5806 # 1504
5806 - 1504 2520
5806 # 1504
5806 - 1504 2519
5807 # 1504
5807 - 1504 2516
5808 # 1504
5808 - 1504 2516
5810 # 1504
5810 - 1504 2518
5810 + 1504
5812 # 1504
5812 - 1504 2519
5813 # 1504
5813 - 1504 2518
5813 # 1504
5813 - 1504 2517
5815 # 1504
5815 - 1504 2519
5815 # 1504
5815 - 1504 2507
5816 # 1504
5816 - 1504 2507
5816 + 1504
5817 # 1504
5817 - 1504 2507
5819 # 1504
5819 - 1504 2509
5822 + 1504
5828 # 1504
5828 - 1504 2517
5828 # 1504
5828 - 1504 2516
5828 # 1504
5828 - 1504 2515
5828 # 1504
5828 - 1504 2515
5828 # 1504
5828 - 1504 2514
5829 + 1504
5830 # 1504
5830 - 1504 2515
5830 # 1504
5830 - 1504 2514
5835 # 1504
5835 - 1504 2519
5835 + 1504
5836 # 1504
5836 - 1504 2519
5836 # 1504
5836 - 1504 2518
5836 # 1504
5836 - 1504 2517
5836 # 1504
5836 - 1504 2517
5839 # 1504
5839 - 1504 2519
5839 # 1504
5839 - 1504 2518
5839 # 1504
5839 - 1504 2517
5839 # 1504
5839 - 1504 2517
5840 + 1504
5843 # 1504
5843 - 1504 2520
5843 # 1504
5843 - 1504 2513
5843 # 1504
5843 - 1504 2513
5845 # 1504
5845 - 1504 2514
5845 # 1504
5845 - 1504 2513
5846 + 1504
5847 # 1504
5847 - 1504 2514
5850 # 1504
5850 - 1504 2517
5850 # 1504
5850 - 1504 2516
5851 # 1504
5851 - 1504 2516
5852 # 1504
5852 - 1504 2510
5852 + 1504
5855 # 1504
5855 - 1504 2512
5857 # 1504
5857 - 1504 2514
5857 # 1504
5857 - 1504 2513
5857 # 1504
5857 - 1504 2512
5858 + 1504
5860 # 1504
5860 - 1504 2514
5865 + 1504
5869 # 1504
5869 - 1504 2522
5869 # 1504
5869 - 1504 2522
5869 # 1504
5869 - 1504 2521
5869 # 1504
5869 - 1504 2248
5869 # 1504
5869 - 1504 1764
5869 - 52 1672
5870 + 1504
5871 # 1504
5871 - 1504 842
5871 # 1504
5871 - 1504 303
5871 # 1504
5871 - 1504 302
5877 + 1504
5878 # 1504
5878 - 1504 308
5878 # 1504
5878 - 1504 307
5878 # 1504
5878 - 1504 306
5878 # 1504
5878 - 1504 305
5881 # 1504
5881 - 1504 307
5881 # 1504
5881 - 1504 305
5881 # 1504
5881 - 1504 304
5881 + 1504
5884 + 1504
5885 # 1504
5885 - 1504 307
5885 # 1504
5885 - 1504 306
5885 # 1504
5885 - 1504 305
5885 # 1504
5885 - 1504 304
5887 # 1504
5887 - 1504 305
5887 # 1504
5887 - 1504 303
5887 # 1504
5887 - 1504 302
5887 + 1504
5888 # 1504
5888 - 1504 302
5889 # 1504
5889 - 1504 302
5890 + 1504
5892 # 1504
5892 - 1504 304
5892 # 1504
5892 - 1504 303
5893 + 1504
5894 # 1504
5894 - 1504 304
5894 + 1504
5896 # 1504
5896 - 1504 304
5896 # 1504
5896 - 1504 303
5896 + 1504
5897 # 1504
5897 - 1504 303
5897 + 1504
5898 # 1504
5898 - 1504 303
5898 + 1504
5899 + 1504
5900 + 1504
5901 + 1504
5903 + 1504
5904 + 1504
5905 + 1504
5906 + 1504
5907 + 1504
5908 + 1504
5909 + 1504
5910 + 1504
5911 + 1504
5912 # 1504
5912 - 1504 316
5912 # 1504
5912 - 1504 315
5912 # 1504
5912 - 1504 314
5912 # 1504
5912 - 1504 312
5912 + 1504
5913 # 1504
5913 - 1504 312
5913 # 1504
5913 - 1504 311
5914 + 1504
5915 + 1504
5916 + 1504
5917 + 1504
5918 + 1504
5919 # 1504
5919 - 1504 316
5919 # 1504
5919 - 1504 315
5919 + 1504
5920 + 1504
5920 + 1504
5921 # 1504
5921 - 1504 316
5921 # 1504
5921 - 1504 315
5921 # 1504
5921 - 1504 313
5921 + 1504
5923 # 1504
5923 - 1504 314
5923 # 1504
5923 - 1504 313
5923 # 1504
5923 - 1504 312
5923 # 1504
5923 - 1504 311
5923 + 1504
5923 + 1504
5924 # 1504
5924 - 1504 311
5924 # 1504
5924 - 1504 310
5924 # 1504
5924 - 1504 308
5924 + 1504
5925 + 1504
5926 # 1504
5926 - 1504 309
5926 + 1504
5927 + 1504
5928 + 1504
5929 # 1504
5929 - 1504 311
5929 + 1504
5930 + 1504
5931 # 1504
5931 - 1504 311
5931 + 1504
5932 # 1504
5932 - 1504 311
5932 + 1504
5933 # 1504
5933 - 1504 310
5933 + 1504
5934 + 1504
5934 + 1504
5935 # 1504
5935 - 1504 310
5935 # 1504
5935 - 1504 308
5935 + 1504
5936 # 1504
5936 - 1504 308
5936 + 1504
5937 + 1504
5938 + 1504
5939 # 1504
5939 - 1504 309
5939 # 1504
5939 - 1504 307
5939 + 1504
5940 + 1504
5941 + 1504
5941 + 1504
5942 + 1504
5943 + 1504
5944 + 1504
5945 + 1504
5945 + 1504
5946 + 1504
5947 + 1504
5948 + 1504
5949 + 1504
5949 + 1504
5950 + 1504
5951 + 1504
5952 + 1504
5953 + 1504
5953 + 1504
5954 + 1504
5955 + 1504
5956 + 1504
5957 + 1504
5957 + 1504
5958 + 1504
5959 + 1504
5960 + 1504
5961 + 1504
5962 + 1504
5962 + 1504
5963 + 1504
5964 + 1504
5965 + 1504
5966 + 1504
5966 + 1504
5967 + 1504
5968 + 1504
5969 + 1504
5970 + 1504
5970 + 1504
5971 + 1504
5972 + 1504
5973 + 1504
5974 + 1504
5974 + 1504
5975 + 1504
5976 + 1504
5977 + 1504
5978 + 1504
5979 + 1504
5979 + 1504
5980 + 1504
5981 + 1504
5982 + 1504
5983 + 1504
5983 + 1504
5984 + 1504
5985 + 1504
5986 + 1504
5987 + 1504
5987 + 1504
5988 + 1504
5989 + 1504
5990 + 1504
5991 + 1504
5991 + 1504
5992 + 1504
5993 + 1504
5994 + 1504
5995 + 1504
5995 + 1504
5996 + 1504
5997 + 1504
5998 + 1504
5999 + 1504
5999 + 1504
6000 + 1504
6001 + 1504
6002 + 1504
6003 + 1504
6004 + 1504
6004 + 1504
6005 + 1504
6006 + 1504
6007 + 1504
6008 + 1504
6008 + 1504
6009 + 1504
6010 + 1504
6011 + 1504
6012 + 1504
6012 + 1504
6013 + 1504
6014 + 1504
6015 + 1504
6016 + 1504
6016 + 1504
6017 + 1504
6018 + 1504
6019 + 1504
6020 + 1504
6021 + 1504
6021 + 1504
6022 + 1504
6023 + 1504
6024 + 1504
6025 + 1504
6025 + 1504
6026 # 1504
6026 - 1504 389
6026 + 1504
6027 + 1504
6028 + 1504
6029 + 1504
6029 + 1504
6030 + 1504
6031 + 1504
6032 + 1504
6033 + 1504
6033 + 1504
6034 + 1504
6035 + 1504
6036 + 1504
6037 + 1504
6037 + 1504
6038 + 1504
6039 + 1504
6040 + 1504
6041 + 1504
6042 + 1504
6042 + 1504
6043 + 1504
6044 + 1504
6045 + 1504
6046 + 1504
6046 + 1504
6047 + 1504
6048 + 1504
6049 + 1504
6050 + 1504
6050 + 1504
6051 + 1504
6052 + 1504
6053 + 1504
6054 + 1504
6054 + 1504
6055 + 1504
6056 + 1504
6057 + 1504
6058 + 1504
6059 + 1504
6059 + 1504
6060 + 1504
6061 + 1504
6062 + 1504
6063 + 1504
6063 + 1504
6064 + 1504
6065 + 1504
6066 + 1504
6067 + 1504
6068 + 1504
6068 + 1504
6069 + 1504
6070 + 1504
6071 + 1504
6072 + 1504
6072 + 1504
6073 + 1504
6074 + 1504
6075 + 1504
6076 + 1504
6077 + 1504
6077 + 1504
6078 # 1504
6078 - 1504 435
6078 + 1504
