# mahimahi mm-link (Uplink) [/home/lorenzo/Desktop/drl-cong/src/traces/ATT-LTE-driving-2016.up] > /home/lorenzo/Desktop/drl-cong/log/mahimahi/MahimahiTrace.att_lte_driving_2016.2023.05.26.09.28.18.up.log
# command line: 'mm-link' '/home/lorenzo/Desktop/drl-cong/src/traces/ATT-LTE-driving-2016.up' '/home/lorenzo/Desktop/drl-cong/src/traces/ATT-LTE-driving-2016.down' '--uplink-log=/home/lorenzo/Desktop/drl-cong/log/mahimahi/MahimahiTrace.att_lte_driving_2016.2023.05.26.09.28.18.up.log' '--downlink-log=/home/lorenzo/Desktop/drl-cong/log/mahimahi/MahimahiTrace.att_lte_driving_2016.2023.05.26.09.28.18.down.log' 'python3' '/home/lorenzo/Desktop/drl-cong/src/iperf.py' '192.168.64.16' '86400' '/home/lorenzo/Desktop/drl-cong/log/ppo/iperf/att.lte.driving.2016/att.lte.driving.2016.2023.05.26.09.28.18.json' '/home/lorenzo/Desktop/drl-cong/src/pid.txt'
# queue: infinite
# init timestamp: 1685086098859
# base timestamp: 47
47 # 1504
54 + 80
54 + 52
54 + 80
54 + 80
95 # 1504
95 - 80 41
95 - 52 41
95 - 80 41
95 - 80 41
104 # 1504
104 # 1504
105 # 1504
105 # 1504
105 # 1504
105 # 1504
107 # 1504
107 # 1504
107 # 1504
107 # 1504
108 # 1504
109 # 1504
109 # 1504
109 # 1504
110 # 1504
110 # 1504
110 # 1504
110 # 1504
111 # 1504
113 # 1504
113 # 1504
113 # 1504
114 # 1504
116 # 1504
118 # 1504
118 # 1504
118 # 1504
119 # 1504
119 # 1504
121 # 1504
123 # 1504
124 # 1504
124 # 1504
126 # 1504
126 # 1504
127 # 1504
127 # 1504
128 # 1504
130 # 1504
130 # 1504
130 + 64
131 # 1504
131 - 64 1
132 # 1504
132 + 56
133 + 93
134 + 57
