# mahimahi mm-link (Downlink) [/home/lorenzo/Desktop/PPO-for-Beginners/src/traces/ATT-LTE-driving-2016.down] > /home/lorenzo/Desktop/PPO-for-Beginners/log/mahimahi/MahimahiTrace.att_lte_driving_2016.2023.05.26.06.46.35.down.log
# command line: 'mm-link' '/home/lorenzo/Desktop/PPO-for-Beginners/src/traces/ATT-LTE-driving-2016.up' '/home/lorenzo/Desktop/PPO-for-Beginners/src/traces/ATT-LTE-driving-2016.down' '--uplink-log=/home/lorenzo/Desktop/PPO-for-Beginners/log/mahimahi/MahimahiTrace.att_lte_driving_2016.2023.05.26.06.46.35.up.log' '--downlink-log=/home/lorenzo/Desktop/PPO-for-Beginners/log/mahimahi/MahimahiTrace.att_lte_driving_2016.2023.05.26.06.46.35.down.log' 'python3' '/home/lorenzo/Desktop/PPO-for-Beginners/src/iperf.py' '192.168.64.16' '86400' '/home/lorenzo/Desktop/PPO-for-Beginners/log/ppo/iperf/att.lte.driving.2016.2023.05.26.06.46.35.json' '/home/lorenzo/Desktop/PPO-for-Beginners/src/pid.txt'
# queue: infinite
# init timestamp: 1685076395146
# base timestamp: 350
350 # 1504
350 # 1504
350 # 1504
350 # 1504
350 # 1504
350 # 1504
350 # 1504
350 # 1504
350 # 1504
350 # 1504
350 # 1504
350 # 1504
350 # 1504
350 # 1504
350 # 1504
350 # 1504
350 # 1504
350 # 1504
350 # 1504
350 # 1504
350 # 1504
351 # 1504
351 # 1504
351 # 1504
351 # 1504
351 # 1504
351 # 1504
351 # 1504
351 # 1504
352 # 1504
352 # 1504
352 # 1504
352 # 1504
352 # 1504
352 # 1504
352 # 1504
352 # 1504
356 + 80
356 + 52
356 + 80
360 # 1504
360 - 80 4
360 - 52 4
360 - 80 4
360 # 1504
360 # 1504
360 # 1504
360 # 1504
361 # 1504
361 # 1504
361 # 1504
361 # 1504
361 # 1504
364 # 1504
365 # 1504
365 # 1504
366 # 1504
366 # 1504
366 # 1504
366 # 1504
366 # 1504
366 # 1504
366 # 1504
366 # 1504
366 # 1504
366 # 1504
366 # 1504
366 # 1504
366 # 1504
366 # 1504
366 # 1504
366 # 1504
366 # 1504
367 # 1504
367 # 1504
367 # 1504
367 # 1504
367 # 1504
368 # 1504
368 # 1504
368 # 1504
368 # 1504
369 # 1504
369 # 1504
369 # 1504
370 # 1504
370 # 1504
370 # 1504
370 # 1504
371 # 1504
371 # 1504
371 # 1504
372 # 1504
372 # 1504
372 # 1504
374 # 1504
374 # 1504
374 # 1504
375 # 1504
375 # 1504
375 # 1504
382 # 1504
382 # 1504
383 # 1504
383 # 1504
383 # 1504
385 # 1504
386 # 1504
386 # 1504
386 # 1504
386 # 1504
386 # 1504
388 # 1504
388 # 1504
388 # 1504
388 # 1504
388 # 1504
390 # 1504
390 # 1504
390 # 1504
392 # 1504
392 # 1504
392 # 1504
393 # 1504
394 # 1504
394 # 1504
396 # 1504
397 # 1504
397 # 1504
398 # 1504
398 + 64
399 # 1504
399 - 64 1
399 # 1504
399 # 1504
400 # 1504
400 # 1504
401 # 1504
402 # 1504
402 # 1504
402 # 1504
403 # 1504
403 # 1504
403 # 1504
403 # 1504
403 # 1504
405 # 1504
405 # 1504
406 # 1504
406 # 1504
406 # 1504
407 # 1504
407 # 1504
408 # 1504
408 # 1504
408 # 1504
408 # 1504
408 # 1504
408 # 1504
408 + 56
409 # 1504
409 - 56 1
409 # 1504
409 + 57
410 # 1504
410 - 57 1
410 # 1504
410 # 1504
411 # 1504
411 # 1504
411 # 1504
411 + 56
412 # 1504
412 - 56 1
413 # 1504
413 # 1504
413 + 56
413 + 57
414 # 1504
414 - 56 1
414 - 57 1
415 # 1504
415 # 1504
416 # 1504
416 # 1504
416 # 1504
416 # 1504
416 + 64
417 # 1504
417 - 64 1
418 # 1504
418 # 1504
419 # 1504
419 # 1504
419 + 56
420 # 1504
420 - 56 1
420 # 1504
420 + 57
421 # 1504
421 - 57 1
421 # 1504
422 + 57
423 # 1504
423 - 57 1
423 # 1504
424 # 1504
424 # 1504
424 # 1504
425 # 1504
425 # 1504
426 # 1504
426 # 1504
426 + 56
427 # 1504
427 - 56 1
427 # 1504
427 + 56
427 + 56
428 # 1504
428 - 56 1
428 - 56 1
428 # 1504
429 # 1504
429 # 1504
429 + 56
429 + 56
430 # 1504
430 - 56 1
430 - 56 1
430 # 1504
430 + 56
430 + 56
431 # 1504
431 - 56 1
431 - 56 1
431 # 1504
431 # 1504
431 # 1504
431 + 56
432 # 1504
432 - 56 1
432 # 1504
433 # 1504
433 + 56
433 + 56
434 # 1504
434 - 56 1
434 - 56 1
434 + 56
435 # 1504
435 - 56 1
435 # 1504
435 + 56
436 # 1504
436 - 56 1
436 # 1504
437 # 1504
437 # 1504
446 + 56
446 + 56
446 + 56
446 + 56
450 + 56
451 + 56
454 # 1504
454 - 56 8
454 - 56 8
454 - 56 8
454 - 56 8
454 - 56 4
454 - 56 3
454 # 1504
455 # 1504
455 # 1504
455 # 1504
455 # 1504
455 # 1504
455 # 1504
455 # 1504
455 # 1504
455 # 1504
455 # 1504
455 # 1504
455 # 1504
455 # 1504
455 # 1504
455 # 1504
455 # 1504
455 # 1504
455 # 1504
455 + 56
456 # 1504
456 - 56 1
456 # 1504
456 # 1504
456 # 1504
456 # 1504
456 # 1504
456 # 1504
456 # 1504
456 # 1504
456 # 1504
456 # 1504
456 # 1504
456 # 1504
457 # 1504
457 # 1504
457 + 56
458 # 1504
458 - 56 1
458 # 1504
458 # 1504
458 # 1504
458 + 56
458 + 56
458 + 56
458 + 56
459 # 1504
459 - 56 1
459 - 56 1
459 - 56 1
459 - 56 1
459 # 1504
460 # 1504
460 + 56
460 + 56
460 + 56
463 # 1504
463 - 56 3
463 - 56 3
463 - 56 3
466 # 1504
466 # 1504
467 # 1504
467 # 1504
467 # 1504
470 # 1504
470 # 1504
471 # 1504
471 # 1504
471 + 56
471 + 56
471 + 56
471 + 56
471 + 56
471 + 56
471 + 56
471 + 56
471 + 56
471 + 56
471 + 56
472 # 1504
472 - 56 1
472 - 56 1
472 - 56 1
472 - 56 1
472 - 56 1
472 - 56 1
472 - 56 1
472 - 56 1
472 - 56 1
472 - 56 1
472 - 56 1
472 # 1504
472 # 1504
473 # 1504
473 # 1504
474 # 1504
474 # 1504
474 # 1504
474 + 56
475 # 1504
475 - 56 1
475 # 1504
475 # 1504
478 # 1504
478 # 1504
478 # 1504
479 # 1504
479 # 1504
479 + 56
480 # 1504
480 - 56 1
480 # 1504
480 # 1504
480 # 1504
481 # 1504
481 + 56
482 # 1504
482 - 56 1
482 # 1504
482 # 1504
484 # 1504
485 # 1504
485 + 56
485 + 56
486 # 1504
486 - 56 1
486 - 56 1
486 # 1504
486 # 1504
487 # 1504
487 # 1504
487 # 1504
487 # 1504
488 # 1504
488 # 1504
489 # 1504
489 # 1504
490 # 1504
490 # 1504
490 # 1504
491 # 1504
492 # 1504
493 # 1504
493 # 1504
494 # 1504
494 # 1504
494 # 1504
495 # 1504
495 # 1504
495 # 1504
495 # 1504
495 + 56
495 + 56
495 + 56
495 + 56
496 # 1504
496 - 56 1
496 - 56 1
496 - 56 1
496 - 56 1
496 # 1504
496 # 1504
496 + 56
497 # 1504
497 - 56 1
497 # 1504
498 # 1504
498 # 1504
498 # 1504
498 + 56
499 # 1504
499 - 56 1
499 # 1504
500 # 1504
500 # 1504
501 + 56
502 # 1504
502 - 56 1
502 # 1504
502 # 1504
502 # 1504
502 # 1504
503 # 1504
503 # 1504
503 + 56
503 + 56
504 # 1504
504 - 56 1
504 - 56 1
504 # 1504
505 # 1504
505 # 1504
506 + 56
507 # 1504
507 - 56 1
507 # 1504
507 # 1504
507 # 1504
507 # 1504
509 # 1504
512 # 1504
512 # 1504
512 # 1504
512 # 1504
512 # 1504
512 # 1504
513 # 1504
513 # 1504
514 # 1504
514 # 1504
515 # 1504
515 # 1504
516 # 1504
516 # 1504
516 + 56
516 + 56
517 # 1504
517 - 56 1
517 - 56 1
517 # 1504
517 # 1504
517 # 1504
517 # 1504
518 # 1504
518 # 1504
518 # 1504
518 + 56
518 + 56
519 # 1504
519 - 56 1
519 - 56 1
519 + 56
520 # 1504
520 - 56 1
521 # 1504
521 # 1504
521 # 1504
521 + 56
522 # 1504
522 - 56 1
522 # 1504
522 # 1504
523 # 1504
523 # 1504
523 + 56
524 # 1504
524 - 56 1
524 # 1504
524 # 1504
525 # 1504
525 # 1504
525 # 1504
525 # 1504
525 + 56
526 # 1504
526 - 56 1
526 + 56
527 # 1504
527 - 56 1
527 # 1504
527 + 56
528 # 1504
528 - 56 1
529 # 1504
529 # 1504
530 # 1504
530 # 1504
530 # 1504
531 # 1504
531 # 1504
531 # 1504
531 # 1504
531 # 1504
539 # 1504
539 # 1504
539 + 56
539 + 56
540 # 1504
540 - 56 1
540 - 56 1
540 # 1504
540 # 1504
540 # 1504
540 # 1504
540 # 1504
540 # 1504
540 # 1504
540 # 1504
540 # 1504
540 # 1504
542 # 1504
542 + 56
543 # 1504
543 - 56 1
543 # 1504
543 # 1504
543 # 1504
543 # 1504
543 # 1504
543 # 1504
543 # 1504
543 # 1504
543 # 1504
543 # 1504
543 # 1504
543 # 1504
543 # 1504
543 # 1504
543 # 1504
543 # 1504
543 # 1504
543 # 1504
543 # 1504
543 + 56
544 # 1504
544 - 56 1
544 + 56
545 # 1504
545 - 56 1
545 # 1504
545 # 1504
546 + 56
546 + 56
548 + 56
550 + 56
550 + 56
551 + 56
554 # 1504
554 - 56 8
554 - 56 8
554 - 56 6
554 - 56 4
554 - 56 4
554 - 56 3
554 # 1504
554 # 1504
554 # 1504
554 # 1504
554 # 1504
554 # 1504
554 # 1504
554 # 1504
554 # 1504
554 # 1504
554 # 1504
554 # 1504
554 # 1504
554 + 56
555 # 1504
555 - 56 1
555 # 1504
555 # 1504
555 # 1504
555 # 1504
555 # 1504
555 # 1504
555 # 1504
555 # 1504
555 # 1504
555 # 1504
555 # 1504
555 # 1504
555 # 1504
555 # 1504
555 # 1504
555 # 1504
555 # 1504
557 # 1504
557 # 1504
557 + 56
558 # 1504
558 - 56 1
558 # 1504
558 # 1504
558 + 56
559 # 1504
559 - 56 1
559 # 1504
559 # 1504
559 # 1504
559 # 1504
559 # 1504
559 + 56
560 # 1504
560 - 56 1
560 # 1504
560 # 1504
561 # 1504
561 # 1504
561 # 1504
561 # 1504
561 + 56
562 + 56
562 + 56
562 + 56
562 + 56
562 + 56
564 + 56
564 + 56
566 + 56
566 + 56
566 + 56
567 + 56
567 + 56
568 + 56
568 + 56
570 # 1504
570 - 56 9
570 - 56 8
570 - 56 8
570 - 56 8
570 - 56 8
570 - 56 8
570 - 56 6
570 - 56 6
570 - 56 4
570 - 56 4
570 - 56 4
570 - 56 3
570 - 56 3
570 - 56 2
570 - 56 2
570 # 1504
570 # 1504
570 # 1504
570 + 56
570 + 56
570 + 56
571 # 1504
571 - 56 1
571 - 56 1
571 - 56 1
571 # 1504
571 # 1504
571 + 56
572 # 1504
572 - 56 1
572 # 1504
572 + 56
572 + 56
574 # 1504
574 - 56 2
574 - 56 2
574 # 1504
575 # 1504
575 # 1504
575 # 1504
575 # 1504
575 # 1504
575 # 1504
576 # 1504
576 # 1504
576 + 56
576 + 56
576 + 56
576 + 56
576 + 56
577 # 1504
577 - 56 1
577 - 56 1
577 - 56 1
577 - 56 1
577 - 56 1
577 # 1504
578 + 56
578 + 56
578 + 56
580 + 56
580 + 56
580 + 56
581 + 56
583 + 56
584 + 56
584 + 56
584 + 56
585 + 56
585 + 56
586 # 1504
586 - 56 8
586 - 56 8
586 - 56 8
586 - 56 6
586 - 56 6
586 - 56 6
586 - 56 5
586 - 56 3
586 - 56 2
586 - 56 2
586 - 56 2
586 - 56 1
586 - 56 1
586 # 1504
586 # 1504
586 # 1504
586 # 1504
586 # 1504
586 # 1504
586 # 1504
586 # 1504
586 # 1504
586 # 1504
586 # 1504
586 # 1504
586 # 1504
586 # 1504
586 + 56
586 + 56
586 + 56
586 + 56
588 # 1504
588 - 56 2
588 - 56 2
588 - 56 2
588 - 56 2
588 # 1504
588 # 1504
588 # 1504
588 + 56
588 + 56
589 # 1504
589 - 56 1
589 - 56 1
589 # 1504
589 # 1504
589 # 1504
589 # 1504
589 # 1504
589 # 1504
589 # 1504
589 # 1504
589 # 1504
589 # 1504
589 # 1504
589 # 1504
589 # 1504
589 # 1504
589 # 1504
589 + 56
589 + 56
590 + 56
590 + 56
590 + 56
591 # 1504
591 - 56 2
591 - 56 2
591 - 56 1
591 - 56 1
591 - 56 1
591 # 1504
591 # 1504
591 # 1504
592 # 1504
592 # 1504
592 # 1504
592 + 56
592 + 56
592 + 56
593 # 1504
593 - 56 1
593 - 56 1
593 - 56 1
593 # 1504
593 # 1504
593 # 1504
593 + 56
593 + 56
593 + 56
594 # 1504
594 - 56 1
594 - 56 1
594 - 56 1
595 # 1504
595 # 1504
595 # 1504
595 # 1504
595 + 56
596 # 1504
596 - 56 1
596 # 1504
596 # 1504
597 # 1504
597 # 1504
597 # 1504
597 # 1504
597 + 56
597 + 56
597 + 56
597 + 56
598 + 56
598 + 56
599 # 1504
599 - 56 2
599 - 56 2
599 - 56 2
599 - 56 2
599 - 56 1
599 - 56 1
599 # 1504
599 # 1504
599 # 1504
599 # 1504
599 # 1504
599 + 56
599 + 56
600 # 1504
600 - 56 1
600 - 56 1
600 # 1504
600 # 1504
600 + 56
600 + 56
601 # 1504
601 - 56 1
601 - 56 1
601 # 1504
601 + 56
602 # 1504
602 - 56 1
602 # 1504
602 # 1504
602 # 1504
602 # 1504
602 + 56
602 + 56
602 + 56
603 # 1504
603 - 56 1
603 - 56 1
603 - 56 1
603 # 1504
603 # 1504
603 + 56
604 # 1504
604 - 56 1
604 # 1504
604 # 1504
604 + 56
604 + 56
604 + 56
606 # 1504
606 - 56 2
606 - 56 2
606 - 56 2
606 # 1504
606 # 1504
606 # 1504
607 # 1504
607 # 1504
607 # 1504
607 + 56
607 + 56
607 + 56
607 + 56
607 + 56
609 + 56
609 + 56
609 + 56
612 # 1504
612 - 56 5
612 - 56 5
612 - 56 5
612 - 56 5
612 - 56 5
612 - 56 3
612 - 56 3
612 - 56 3
612 # 1504
612 # 1504
613 # 1504
613 # 1504
613 # 1504
614 # 1504
614 # 1504
614 # 1504
614 # 1504
614 # 1504
614 + 56
614 + 56
615 # 1504
615 - 56 1
615 - 56 1
620 # 1504
620 # 1504
620 # 1504
620 # 1504
620 # 1504
620 # 1504
621 # 1504
622 # 1504
622 # 1504
622 + 56
622 + 56
622 + 56
622 + 56
622 + 56
623 # 1504
623 - 56 1
623 - 56 1
623 - 56 1
623 - 56 1
623 - 56 1
623 # 1504
623 # 1504
625 + 56
625 + 56
625 + 56
625 + 56
627 # 1504
627 - 56 2
627 - 56 2
627 - 56 2
627 - 56 2
627 # 1504
628 # 1504
629 # 1504
629 # 1504
629 # 1504
629 # 1504
630 # 1504
630 # 1504
630 # 1504
630 # 1504
630 # 1504
632 + 56
632 + 56
634 # 1504
634 - 56 2
634 - 56 2
635 + 56
635 + 56
636 # 1504
636 - 56 1
636 - 56 1
636 # 1504
636 # 1504
636 # 1504
636 + 56
637 # 1504
637 - 56 1
637 # 1504
638 # 1504
638 # 1504
638 # 1504
638 # 1504
638 + 56
639 # 1504
639 - 56 1
639 # 1504
639 # 1504
640 # 1504
640 # 1504
640 # 1504
641 # 1504
641 # 1504
641 # 1504
642 # 1504
642 # 1504
642 # 1504
642 + 56
643 # 1504
643 - 56 1
643 + 56
647 + 56
648 # 1504
648 - 56 5
648 - 56 1
648 # 1504
648 # 1504
650 # 1504
650 # 1504
650 # 1504
650 # 1504
650 # 1504
650 # 1504
650 # 1504
650 + 56
651 # 1504
651 - 56 1
651 # 1504
651 # 1504
651 # 1504
651 + 56
652 # 1504
652 - 56 1
652 # 1504
657 # 1504
657 # 1504
657 # 1504
657 # 1504
658 # 1504
658 # 1504
662 + 56
663 # 1504
663 - 56 1
663 # 1504
663 # 1504
663 # 1504
663 # 1504
663 # 1504
663 # 1504
663 # 1504
663 # 1504
663 + 56
664 # 1504
664 - 56 1
664 # 1504
665 # 1504
665 # 1504
665 # 1504
665 # 1504
665 # 1504
666 # 1504
667 # 1504
667 # 1504
667 # 1504
667 # 1504
668 # 1504
668 # 1504
669 # 1504
669 # 1504
670 # 1504
670 # 1504
670 # 1504
671 # 1504
671 # 1504
671 # 1504
671 # 1504
671 # 1504
671 # 1504
671 # 1504
671 # 1504
672 # 1504
672 # 1504
672 # 1504
675 + 56
676 # 1504
676 - 56 1
676 # 1504
676 # 1504
677 # 1504
678 # 1504
678 # 1504
678 # 1504
681 + 56
682 # 1504
682 - 56 1
682 # 1504
682 # 1504
682 # 1504
683 # 1504
683 # 1504
683 # 1504
683 # 1504
683 # 1504
684 # 1504
684 # 1504
684 # 1504
684 # 1504
684 # 1504
685 # 1504
685 # 1504
685 + 80
686 # 1504
686 - 80 1
690 # 1504
690 # 1504
690 # 1504
690 # 1504
690 # 1504
690 # 1504
690 # 1504
690 # 1504
691 # 1504
691 # 1504
691 + 56
692 # 1504
692 - 56 1
692 # 1504
694 # 1504
694 # 1504
694 # 1504
694 # 1504
694 # 1504
694 # 1504
694 # 1504
694 # 1504
694 # 1504
696 # 1504
696 + 56
697 # 1504
697 - 56 1
697 # 1504
697 # 1504
698 # 1504
699 # 1504
699 # 1504
699 # 1504
700 # 1504
700 # 1504
700 # 1504
700 # 1504
700 + 56
701 # 1504
701 - 56 1
701 # 1504
701 # 1504
704 + 56
707 + 56
710 # 1504
710 - 56 6
710 - 56 3
710 # 1504
710 # 1504
710 # 1504
710 # 1504
710 # 1504
710 # 1504
710 # 1504
710 # 1504
710 # 1504
710 # 1504
710 # 1504
710 # 1504
710 + 56
711 # 1504
711 - 56 1
711 # 1504
711 # 1504
711 # 1504
711 # 1504
711 # 1504
711 # 1504
711 # 1504
711 # 1504
711 # 1504
711 # 1504
711 # 1504
711 # 1504
711 # 1504
711 # 1504
711 # 1504
711 # 1504
711 # 1504
711 # 1504
712 # 1504
716 + 56
718 # 1504
718 - 56 2
718 # 1504
718 # 1504
718 # 1504
719 # 1504
719 # 1504
719 # 1504
719 # 1504
719 # 1504
719 # 1504
719 # 1504
719 # 1504
719 # 1504
719 # 1504
719 # 1504
719 # 1504
719 # 1504
720 + 56
721 # 1504
721 - 56 1
721 # 1504
721 # 1504
721 # 1504
721 # 1504
722 # 1504
724 # 1504
724 # 1504
724 # 1504
724 # 1504
724 # 1504
724 # 1504
725 # 1504
725 # 1504
725 # 1504
725 # 1504
725 # 1504
725 # 1504
725 # 1504
725 # 1504
725 # 1504
726 # 1504
726 # 1504
726 # 1504
727 # 1504
727 # 1504
727 # 1504
727 # 1504
727 # 1504
727 # 1504
728 # 1504
728 # 1504
728 # 1504
729 # 1504
729 # 1504
730 # 1504
730 # 1504
730 # 1504
730 # 1504
731 # 1504
731 # 1504
731 # 1504
732 # 1504
732 # 1504
732 # 1504
732 # 1504
732 # 1504
733 # 1504
733 # 1504
734 + 56
735 # 1504
735 - 56 1
735 # 1504
735 # 1504
735 # 1504
735 # 1504
735 # 1504
735 # 1504
735 # 1504
735 # 1504
735 # 1504
735 + 56
737 # 1504
737 - 56 2
737 # 1504
737 # 1504
738 # 1504
738 # 1504
738 # 1504
738 # 1504
738 # 1504
738 # 1504
738 + 56
739 # 1504
739 - 56 1
739 # 1504
739 # 1504
739 # 1504
739 + 56
740 # 1504
740 - 56 1
740 # 1504
741 # 1504
742 # 1504
742 # 1504
742 # 1504
742 + 56
743 # 1504
743 - 56 1
743 # 1504
743 # 1504
743 # 1504
744 # 1504
744 # 1504
744 # 1504
744 # 1504
744 # 1504
744 # 1504
744 # 1504
744 # 1504
744 # 1504
745 + 56
747 # 1504
747 - 56 2
747 # 1504
747 # 1504
747 # 1504
747 # 1504
747 # 1504
747 # 1504
747 + 56
748 # 1504
748 - 56 1
749 # 1504
750 # 1504
750 # 1504
750 # 1504
750 # 1504
750 # 1504
750 # 1504
750 # 1504
750 + 56
752 # 1504
752 - 56 2
752 # 1504
752 # 1504
752 # 1504
752 # 1504
752 # 1504
752 + 56
753 # 1504
753 - 56 1
753 # 1504
753 # 1504
753 # 1504
753 # 1504
753 # 1504
753 # 1504
753 # 1504
753 # 1504
755 # 1504
755 # 1504
756 # 1504
756 # 1504
756 # 1504
756 # 1504
756 # 1504
756 # 1504
756 # 1504
756 # 1504
756 + 56
757 # 1504
757 - 56 1
757 # 1504
757 # 1504
758 # 1504
758 # 1504
758 # 1504
758 # 1504
758 # 1504
758 # 1504
758 # 1504
758 # 1504
758 # 1504
759 # 1504
759 + 56
759 + 56
760 # 1504
760 - 56 1
760 - 56 1
761 # 1504
761 # 1504
762 # 1504
762 # 1504
762 # 1504
762 # 1504
762 # 1504
762 # 1504
763 # 1504
763 # 1504
763 # 1504
763 # 1504
763 # 1504
763 # 1504
763 + 56
764 # 1504
764 - 56 1
765 # 1504
765 # 1504
765 # 1504
765 # 1504
766 # 1504
766 # 1504
766 # 1504
766 + 56
767 # 1504
767 - 56 1
767 # 1504
767 # 1504
767 # 1504
767 # 1504
768 # 1504
768 # 1504
768 # 1504
768 # 1504
768 + 56
769 # 1504
769 - 56 1
769 # 1504
769 # 1504
769 # 1504
770 # 1504
770 # 1504
770 # 1504
770 # 1504
770 # 1504
770 # 1504
770 # 1504
771 # 1504
771 # 1504
771 + 56
772 # 1504
772 - 56 1
772 # 1504
772 # 1504
772 # 1504
772 # 1504
773 # 1504
773 # 1504
773 # 1504
773 # 1504
774 # 1504
774 # 1504
774 # 1504
774 # 1504
775 # 1504
775 # 1504
775 # 1504
775 # 1504
776 # 1504
776 # 1504
776 # 1504
776 # 1504
776 # 1504
776 # 1504
776 # 1504
776 # 1504
777 # 1504
778 # 1504
778 # 1504
778 # 1504
778 # 1504
778 # 1504
778 # 1504
778 # 1504
778 # 1504
778 # 1504
781 # 1504
781 # 1504
781 + 80
781 + 56
781 + 56
782 # 1504
782 - 80 1
782 - 56 1
782 - 56 1
782 # 1504
782 # 1504
782 # 1504
782 # 1504
782 # 1504
782 # 1504
782 # 1504
784 + 56
784 + 56
787 + 56
790 # 1504
790 - 56 6
790 - 56 6
790 - 56 3
790 # 1504
790 # 1504
790 # 1504
790 # 1504
791 + 56
792 # 1504
792 - 56 1
792 # 1504
793 # 1504
793 # 1504
793 + 56
794 # 1504
794 - 56 1
794 # 1504
794 # 1504
794 # 1504
794 # 1504
794 # 1504
794 # 1504
794 # 1504
794 # 1504
796 # 1504
796 # 1504
796 # 1504
796 # 1504
796 # 1504
796 # 1504
796 # 1504
796 # 1504
796 # 1504
796 + 56
797 # 1504
797 - 56 1
797 # 1504
797 # 1504
797 # 1504
797 + 56
798 # 1504
798 - 56 1
798 # 1504
798 # 1504
798 # 1504
799 # 1504
799 # 1504
799 # 1504
799 # 1504
799 + 56
800 # 1504
800 - 56 1
800 # 1504
800 # 1504
801 # 1504
801 # 1504
801 # 1504
802 # 1504
802 # 1504
802 # 1504
802 # 1504
803 # 1504
803 # 1504
803 # 1504
803 # 1504
804 # 1504
804 # 1504
805 # 1504
805 # 1504
805 # 1504
806 # 1504
806 # 1504
806 # 1504
806 # 1504
807 # 1504
807 # 1504
807 # 1504
808 # 1504
808 # 1504
811 + 56
811 + 56
814 + 56
816 # 1504
816 - 56 5
816 - 56 5
816 - 56 2
817 # 1504
817 # 1504
817 # 1504
817 # 1504
818 # 1504
818 # 1504
818 # 1504
818 + 56
819 # 1504
819 - 56 1
819 # 1504
820 # 1504
820 # 1504
820 # 1504
820 # 1504
820 # 1504
820 # 1504
820 # 1504
820 # 1504
820 # 1504
820 # 1504
821 # 1504
821 # 1504
821 # 1504
821 # 1504
821 # 1504
822 + 56
823 # 1504
823 - 56 1
823 # 1504
825 # 1504
825 # 1504
825 # 1504
826 # 1504
826 # 1504
826 # 1504
827 # 1504
827 # 1504
827 # 1504
827 # 1504
828 # 1504
828 # 1504
828 # 1504
828 # 1504
828 # 1504
829 # 1504
829 # 1504
829 # 1504
830 # 1504
830 # 1504
830 # 1504
831 # 1504
831 # 1504
831 # 1504
832 # 1504
832 # 1504
832 # 1504
832 # 1504
832 + 56
833 # 1504
833 - 56 1
833 + 56
834 # 1504
834 - 56 1
835 # 1504
835 # 1504
835 # 1504
836 # 1504
836 # 1504
836 # 1504
836 # 1504
837 # 1504
837 # 1504
837 # 1504
837 + 56
838 # 1504
838 - 56 1
838 # 1504
838 # 1504
839 # 1504
839 # 1504
839 # 1504
840 # 1504
840 # 1504
840 # 1504
841 # 1504
841 # 1504
841 # 1504
842 # 1504
842 # 1504
842 # 1504
844 # 1504
844 # 1504
844 # 1504
844 # 1504
844 # 1504
844 # 1504
844 # 1504
845 # 1504
845 # 1504
845 # 1504
846 # 1504
846 # 1504
846 # 1504
847 # 1504
847 # 1504
847 # 1504
848 # 1504
848 # 1504
848 # 1504
848 # 1504
849 # 1504
849 # 1504
849 # 1504
850 # 1504
850 # 1504
850 # 1504
851 # 1504
851 # 1504
851 # 1504
851 # 1504
861 # 1504
861 # 1504
861 # 1504
861 # 1504
861 # 1504
861 # 1504
861 # 1504
861 # 1504
861 # 1504
861 # 1504
861 # 1504
861 # 1504
861 # 1504
861 # 1504
861 # 1504
861 # 1504
862 # 1504
862 # 1504
862 # 1504
867 # 1504
867 # 1504
867 # 1504
867 # 1504
867 # 1504
867 # 1504
867 # 1504
867 # 1504
867 # 1504
867 # 1504
867 # 1504
867 # 1504
867 # 1504
867 # 1504
867 # 1504
868 # 1504
868 # 1504
868 # 1504
868 # 1504
868 # 1504
869 # 1504
869 # 1504
869 # 1504
870 # 1504
870 # 1504
870 # 1504
871 # 1504
871 # 1504
871 # 1504
872 # 1504
873 # 1504
873 # 1504
873 # 1504
874 # 1504
875 # 1504
875 # 1504
875 # 1504
875 # 1504
875 # 1504
875 # 1504
876 # 1504
876 # 1504
876 # 1504
877 # 1504
877 # 1504
877 # 1504
878 # 1504
878 # 1504
878 # 1504
879 # 1504
879 # 1504
879 # 1504
880 # 1504
880 # 1504
881 # 1504
881 # 1504
881 # 1504
883 # 1504
883 # 1504
883 # 1504
883 # 1504
883 # 1504
883 # 1504
884 # 1504
884 # 1504
884 # 1504
885 # 1504
885 # 1504
885 # 1504
885 + 56
886 # 1504
886 - 56 1
886 # 1504
886 # 1504
887 # 1504
887 # 1504
887 # 1504
888 # 1504
888 # 1504
888 # 1504
889 # 1504
889 # 1504
889 # 1504
890 # 1504
890 # 1504
890 # 1504
890 # 1504
890 # 1504
891 # 1504
891 # 1504
891 # 1504
892 # 1504
892 # 1504
892 # 1504
893 # 1504
894 # 1504
894 # 1504
894 # 1504
895 # 1504
895 # 1504
895 # 1504
895 # 1504
895 # 1504
896 # 1504
897 # 1504
897 # 1504
897 # 1504
898 # 1504
898 # 1504
898 # 1504
898 # 1504
898 # 1504
898 # 1504
898 # 1504
899 # 1504
900 # 1504
901 # 1504
901 # 1504
902 # 1504
902 # 1504
902 # 1504
903 # 1504
903 # 1504
903 # 1504
904 # 1504
904 # 1504
904 # 1504
904 # 1504
905 # 1504
905 # 1504
905 # 1504
906 # 1504
906 # 1504
906 # 1504
907 # 1504
907 # 1504
907 # 1504
909 # 1504
909 # 1504
909 # 1504
910 # 1504
910 # 1504
910 # 1504
911 # 1504
911 # 1504
911 # 1504
911 # 1504
911 # 1504
911 # 1504
912 # 1504
912 # 1504
912 # 1504
913 # 1504
913 # 1504
913 # 1504
914 # 1504
914 # 1504
914 # 1504
914 # 1504
915 # 1504
916 # 1504
916 # 1504
917 # 1504
917 # 1504
917 # 1504
917 # 1504
917 # 1504
917 # 1504
917 # 1504
918 # 1504
918 # 1504
918 # 1504
919 # 1504
919 # 1504
919 # 1504
919 # 1504
920 # 1504
920 # 1504
921 # 1504
921 # 1504
921 # 1504
921 # 1504
921 # 1504
921 # 1504
921 # 1504
922 # 1504
922 # 1504
922 # 1504
922 # 1504
923 # 1504
923 # 1504
923 # 1504
923 # 1504
932 # 1504
932 # 1504
932 # 1504
932 # 1504
932 # 1504
932 # 1504
933 # 1504
933 # 1504
933 # 1504
933 # 1504
934 # 1504
934 # 1504
934 # 1504
934 # 1504
934 # 1504
944 # 1504
944 # 1504
944 # 1504
944 # 1504
944 # 1504
944 # 1504
944 # 1504
944 # 1504
944 # 1504
944 # 1504
944 # 1504
944 # 1504
945 # 1504
945 # 1504
945 # 1504
945 # 1504
945 # 1504
945 # 1504
945 # 1504
945 # 1504
945 # 1504
945 # 1504
945 # 1504
945 # 1504
945 # 1504
945 # 1504
945 # 1504
945 # 1504
945 # 1504
949 # 1504
949 # 1504
950 # 1504
950 # 1504
950 # 1504
950 # 1504
950 # 1504
950 # 1504
950 # 1504
950 # 1504
950 # 1504
950 # 1504
950 # 1504
950 # 1504
950 # 1504
950 # 1504
950 # 1504
950 # 1504
951 # 1504
951 # 1504
951 # 1504
967 # 1504
967 # 1504
967 # 1504
967 # 1504
967 # 1504
967 # 1504
967 # 1504
967 # 1504
967 # 1504
967 # 1504
967 # 1504
967 # 1504
967 # 1504
967 # 1504
968 # 1504
968 # 1504
968 # 1504
968 # 1504
968 # 1504
968 # 1504
968 # 1504
968 # 1504
968 # 1504
968 # 1504
968 # 1504
968 # 1504
968 # 1504
968 # 1504
968 # 1504
968 # 1504
968 # 1504
968 # 1504
968 # 1504
968 # 1504
968 # 1504
968 # 1504
968 # 1504
968 # 1504
968 # 1504
969 # 1504
969 # 1504
969 # 1504
969 # 1504
969 # 1504
969 # 1504
969 # 1504
969 # 1504
969 # 1504
969 # 1504
969 # 1504
969 # 1504
970 # 1504
970 # 1504
970 # 1504
971 # 1504
971 # 1504
971 # 1504
972 # 1504
972 # 1504
972 # 1504
972 # 1504
972 # 1504
972 # 1504
973 # 1504
974 # 1504
974 # 1504
974 # 1504
974 # 1504
975 # 1504
975 # 1504
975 # 1504
975 # 1504
975 # 1504
976 # 1504
977 # 1504
977 # 1504
977 # 1504
977 # 1504
978 # 1504
978 # 1504
978 # 1504
979 # 1504
979 # 1504
979 # 1504
979 # 1504
979 # 1504
979 # 1504
979 # 1504
980 # 1504
980 # 1504
980 # 1504
981 # 1504
982 # 1504
982 # 1504
982 # 1504
983 # 1504
984 # 1504
984 # 1504
984 # 1504
984 # 1504
984 # 1504
985 # 1504
985 # 1504
985 # 1504
985 # 1504
985 # 1504
985 # 1504
986 # 1504
987 # 1504
987 # 1504
987 # 1504
988 # 1504
989 # 1504
989 # 1504
989 # 1504
990 # 1504
990 # 1504
990 # 1504
990 # 1504
991 # 1504
991 # 1504
991 # 1504
991 # 1504
991 # 1504
991 # 1504
991 # 1504
991 # 1504
1000 # 1504
1000 # 1504
1000 # 1504
1000 # 1504
1000 # 1504
1001 # 1504
1001 # 1504
1001 # 1504
1001 # 1504
1001 # 1504
1001 # 1504
1001 # 1504
1001 # 1504
1003 # 1504
1003 # 1504
1003 # 1504
1003 # 1504
1003 # 1504
1003 # 1504
1004 # 1504
1004 # 1504
1004 # 1504
1004 # 1504
1004 # 1504
1004 # 1504
1004 # 1504
1004 # 1504
1004 # 1504
1004 # 1504
1004 # 1504
1004 # 1504
1004 # 1504
1004 # 1504
1004 # 1504
1004 # 1504
1004 # 1504
1004 # 1504
1004 # 1504
1004 # 1504
1004 # 1504
1005 # 1504
1005 # 1504
1005 # 1504
1005 # 1504
1006 # 1504
1006 # 1504
1006 # 1504
1007 # 1504
1007 # 1504
1007 # 1504
1007 # 1504
1007 # 1504
1007 # 1504
1007 # 1504
1007 # 1504
1008 # 1504
1008 # 1504
1008 # 1504
1008 # 1504
1025 # 1504
1025 # 1504
1025 # 1504
1025 # 1504
1025 # 1504
1026 # 1504
1026 # 1504
1026 # 1504
1026 # 1504
1026 # 1504
1026 # 1504
1026 # 1504
1026 # 1504
1026 # 1504
1026 # 1504
1026 # 1504
1026 # 1504
1026 # 1504
1026 # 1504
1026 # 1504
1026 # 1504
1030 # 1504
1030 # 1504
1030 # 1504
1030 # 1504
1030 # 1504
1030 # 1504
1030 # 1504
1030 # 1504
1030 # 1504
1030 # 1504
1031 # 1504
1036 # 1504
1036 # 1504
1036 # 1504
1036 # 1504
1036 # 1504
1036 # 1504
1036 # 1504
1036 # 1504
1036 # 1504
1036 # 1504
1036 # 1504
1036 # 1504
1036 # 1504
1036 # 1504
1036 # 1504
1036 # 1504
1036 # 1504
1036 # 1504
1036 # 1504
1036 # 1504
1036 # 1504
1036 # 1504
1037 # 1504
1037 # 1504
1044 # 1504
1044 # 1504
1044 # 1504
1044 # 1504
1045 # 1504
1045 # 1504
1045 # 1504
1045 # 1504
1045 # 1504
1045 # 1504
1045 # 1504
1045 # 1504
1045 # 1504
1045 # 1504
1045 # 1504
1045 # 1504
1045 # 1504
1045 # 1504
1045 # 1504
1045 # 1504
1045 # 1504
1045 # 1504
1045 # 1504
1047 # 1504
1047 # 1504
1047 # 1504
1047 # 1504
1047 # 1504
1048 # 1504
1048 # 1504
1048 # 1504
1049 # 1504
1049 # 1504
1050 # 1504
1050 # 1504
1050 # 1504
1051 # 1504
1051 # 1504
1052 # 1504
1052 # 1504
1053 # 1504
1053 # 1504
1054 # 1504
1055 # 1504
1055 # 1504
1055 # 1504
1055 # 1504
1056 # 1504
1056 # 1504
1057 # 1504
1058 # 1504
1058 # 1504
1059 # 1504
1059 # 1504
1060 # 1504
1060 # 1504
1061 # 1504
1061 # 1504
1062 # 1504
1062 # 1504
1062 # 1504
1071 # 1504
1071 # 1504
1071 # 1504
1071 # 1504
1071 # 1504
1071 # 1504
1071 # 1504
1071 # 1504
1071 # 1504
1071 # 1504
1071 # 1504
1071 # 1504
1072 # 1504
1072 # 1504
1072 # 1504
1078 # 1504
1078 # 1504
1078 # 1504
1079 # 1504
1079 # 1504
1081 # 1504
1081 # 1504
1081 # 1504
1081 # 1504
1081 # 1504
1081 # 1504
1081 # 1504
1081 # 1504
1081 # 1504
1081 # 1504
1081 # 1504
1081 # 1504
1081 # 1504
1082 # 1504
1082 # 1504
1083 # 1504
1084 # 1504
1084 # 1504
1085 # 1504
1087 # 1504
1087 # 1504
1088 # 1504
1089 # 1504
1089 # 1504
1089 # 1504
1090 # 1504
1091 # 1504
1091 # 1504
1092 # 1504
1092 # 1504
1093 # 1504
1094 # 1504
1094 # 1504
1096 # 1504
1096 # 1504
1096 # 1504
1097 # 1504
1098 # 1504
1098 # 1504
1099 # 1504
1099 # 1504
1100 # 1504
1101 # 1504
1101 # 1504
1101 # 1504
1104 # 1504
1104 # 1504
1105 # 1504
1105 # 1504
1106 # 1504
1106 # 1504
1107 # 1504
1108 # 1504
1108 # 1504
1109 # 1504
1109 # 1504
1109 # 1504
1110 # 1504
1110 # 1504
1111 # 1504
1111 # 1504
1121 # 1504
1122 # 1504
1122 # 1504
1122 # 1504
1122 # 1504
1122 # 1504
1122 # 1504
1122 # 1504
1123 # 1504
1123 # 1504
1123 # 1504
1123 # 1504
1123 # 1504
1124 # 1504
1125 # 1504
1126 # 1504
1127 # 1504
1127 # 1504
1128 # 1504
1128 # 1504
1129 # 1504
1130 # 1504
1130 # 1504
1131 # 1504
1132 # 1504
1132 # 1504
1133 # 1504
1133 # 1504
1135 # 1504
1135 # 1504
1136 # 1504
1136 # 1504
1136 # 1504
1137 # 1504
1137 # 1504
1138 # 1504
1138 # 1504
1139 # 1504
1139 # 1504
1140 # 1504
1140 # 1504
1141 # 1504
1141 # 1504
1142 # 1504
1142 # 1504
1151 # 1504
1151 # 1504
1151 # 1504
1151 # 1504
1151 # 1504
1151 # 1504
1151 # 1504
1151 # 1504
1152 # 1504
1152 # 1504
1152 # 1504
1152 # 1504
1152 # 1504
1152 # 1504
1152 # 1504
1152 # 1504
1152 # 1504
1152 # 1504
1152 # 1504
1152 # 1504
1152 # 1504
1152 # 1504
1152 # 1504
1153 # 1504
1154 # 1504
1155 # 1504
1156 # 1504
1157 # 1504
1157 # 1504
1158 # 1504
1158 # 1504
1158 # 1504
1158 # 1504
1159 # 1504
1159 # 1504
1160 # 1504
1160 # 1504
1161 # 1504
1161 # 1504
1162 # 1504
1162 # 1504
1164 # 1504
1164 # 1504
1165 # 1504
1165 # 1504
1166 # 1504
1166 # 1504
1167 # 1504
1167 # 1504
1167 # 1504
1167 # 1504
1168 # 1504
1168 # 1504
1169 # 1504
1169 # 1504
1170 # 1504
1170 # 1504
1171 # 1504
1171 # 1504
1171 # 1504
1172 # 1504
1172 # 1504
1181 # 1504
1181 # 1504
1181 # 1504
1182 # 1504
1191 # 1504
1191 # 1504
1191 # 1504
1191 # 1504
1191 # 1504
1191 # 1504
1191 # 1504
1191 # 1504
1191 # 1504
1191 # 1504
1191 # 1504
1191 # 1504
1192 # 1504
1193 # 1504
1193 # 1504
1193 # 1504
1193 # 1504
1196 # 1504
1196 # 1504
1197 # 1504
1197 # 1504
1197 # 1504
1197 # 1504
1197 # 1504
1198 # 1504
1198 # 1504
1198 # 1504
1199 # 1504
1199 # 1504
1199 # 1504
1199 # 1504
1200 # 1504
1201 # 1504
1201 # 1504
1203 # 1504
1204 # 1504
1204 # 1504
1205 # 1504
1205 # 1504
1206 # 1504
1207 # 1504
1207 # 1504
1208 # 1504
1209 # 1504
1209 # 1504
1210 # 1504
1212 # 1504
1212 # 1504
1212 # 1504
1213 # 1504
1214 # 1504
1215 # 1504
1216 # 1504
1216 # 1504
1217 # 1504
1219 # 1504
1219 # 1504
1219 # 1504
1220 # 1504
1221 # 1504
1222 # 1504
1222 # 1504
1223 # 1504
1224 # 1504
1224 # 1504
1225 # 1504
1225 # 1504
1226 # 1504
1227 # 1504
1228 # 1504
1228 # 1504
1230 # 1504
1230 # 1504
1230 # 1504
1231 # 1504
1231 # 1504
1232 # 1504
1233 # 1504
1234 # 1504
1234 # 1504
1235 # 1504
1235 # 1504
1235 # 1504
1237 # 1504
1238 # 1504
1238 # 1504
1239 # 1504
1239 # 1504
1240 # 1504
1242 # 1504
1242 # 1504
1242 # 1504
1243 # 1504
1243 # 1504
1244 # 1504
1244 # 1504
1246 # 1504
1246 # 1504
1246 # 1504
1247 # 1504
1247 # 1504
1249 # 1504
1249 # 1504
1249 # 1504
1250 # 1504
1250 # 1504
1251 # 1504
1251 # 1504
1251 # 1504
1253 # 1504
1253 # 1504
1254 # 1504
1254 # 1504
1255 # 1504
1256 # 1504
1257 # 1504
1257 # 1504
1258 # 1504
1258 # 1504
1259 # 1504
1259 # 1504
1260 # 1504
1261 # 1504
1261 # 1504
1262 # 1504
1262 # 1504
1264 # 1504
1264 # 1504
1264 # 1504
1265 # 1504
1265 # 1504
1266 # 1504
1266 # 1504
1267 # 1504
1267 # 1504
1267 # 1504
1268 # 1504
1269 # 1504
1269 # 1504
1270 # 1504
1270 # 1504
1271 # 1504
1271 # 1504
1271 # 1504
1272 # 1504
1272 # 1504
1274 # 1504
1275 # 1504
1275 # 1504
1276 # 1504
1276 # 1504
1276 # 1504
1277 # 1504
1277 # 1504
1278 # 1504
1278 # 1504
1281 # 1504
1281 # 1504
1282 # 1504
1283 # 1504
1283 # 1504
1283 # 1504
1283 # 1504
1284 # 1504
1284 # 1504
1285 # 1504
1285 # 1504
1287 # 1504
1287 # 1504
1287 # 1504
1287 # 1504
1287 # 1504
1288 # 1504
1288 # 1504
1290 # 1504
1290 # 1504
1290 # 1504
1290 # 1504
1291 # 1504
1291 # 1504
1292 # 1504
1292 # 1504
1292 # 1504
1293 # 1504
1294 # 1504
1294 # 1504
1294 # 1504
1294 # 1504
1294 # 1504
1295 # 1504
1295 # 1504
1295 # 1504
1296 # 1504
1296 # 1504
1297 # 1504
1297 # 1504
1297 # 1504
1305 # 1504
1305 # 1504
1305 # 1504
1305 # 1504
1305 # 1504
1305 # 1504
1305 # 1504
1305 # 1504
1305 # 1504
1305 # 1504
1306 # 1504
1306 # 1504
1306 # 1504
1306 # 1504
1306 # 1504
1306 # 1504
1306 # 1504
1306 # 1504
1306 # 1504
1306 # 1504
1307 # 1504
1307 # 1504
1307 # 1504
1307 # 1504
1307 # 1504
1308 # 1504
1309 # 1504
1309 # 1504
1309 # 1504
1310 # 1504
1310 # 1504
1310 # 1504
1310 # 1504
1310 # 1504
1311 # 1504
1311 # 1504
1311 # 1504
1312 # 1504
1312 # 1504
1313 # 1504
1321 # 1504
1322 # 1504
1323 # 1504
1323 # 1504
1323 # 1504
1323 # 1504
1324 # 1504
1324 # 1504
1324 # 1504
1324 # 1504
1325 # 1504
1325 # 1504
1325 # 1504
1325 # 1504
1325 # 1504
1325 # 1504
1325 # 1504
1326 # 1504
1326 # 1504
1329 # 1504
1329 # 1504
1329 # 1504
1329 # 1504
1329 # 1504
1329 # 1504
1329 # 1504
1329 # 1504
1329 # 1504
1329 # 1504
1330 # 1504
1330 # 1504
1330 # 1504
1331 # 1504
1331 # 1504
1332 # 1504
1332 # 1504
1332 # 1504
1333 # 1504
1333 # 1504
1335 # 1504
1335 # 1504
1343 # 1504
1343 # 1504
1345 # 1504
1345 # 1504
1346 # 1504
1346 # 1504
1346 # 1504
1347 # 1504
1347 # 1504
1347 # 1504
1347 # 1504
1347 # 1504
1347 # 1504
1350 # 1504
1350 # 1504
1350 # 1504
1350 # 1504
1350 # 1504
1350 # 1504
1350 # 1504
1350 # 1504
1351 # 1504
1351 # 1504
1351 # 1504
1352 # 1504
1352 # 1504
1352 # 1504
1354 # 1504
1354 # 1504
1355 # 1504
1356 # 1504
1356 # 1504
1357 # 1504
1357 # 1504
1358 # 1504
1358 # 1504
1358 # 1504
1359 # 1504
1359 # 1504
1360 # 1504
1360 # 1504
1362 # 1504
1362 # 1504
1364 # 1504
1364 # 1504
1365 # 1504
1365 # 1504
1366 # 1504
1366 # 1504
1367 # 1504
1367 # 1504
1368 # 1504
1368 # 1504
1370 # 1504
1371 # 1504
1371 # 1504
1372 # 1504
1372 # 1504
1372 # 1504
1372 # 1504
1373 # 1504
1373 # 1504
1374 # 1504
1374 # 1504
1375 # 1504
1375 # 1504
1376 # 1504
1377 # 1504
1378 # 1504
1379 # 1504
1379 # 1504
1379 # 1504
1379 # 1504
1380 # 1504
1380 # 1504
1381 # 1504
1381 # 1504
1382 # 1504
1382 # 1504
1383 # 1504
1383 # 1504
1384 # 1504
1384 # 1504
1384 # 1504
1385 # 1504
1387 # 1504
1387 # 1504
1388 # 1504
1388 # 1504
1389 # 1504
1389 # 1504
1390 # 1504
1390 # 1504
1390 # 1504
1391 # 1504
1391 # 1504
1392 # 1504
1392 # 1504
1393 # 1504
1393 # 1504
1393 # 1504
1395 # 1504
1395 # 1504
1396 # 1504
1396 # 1504
1397 # 1504
1397 # 1504
1398 # 1504
1398 # 1504
1399 # 1504
1399 # 1504
1399 # 1504
1399 # 1504
1400 # 1504
1400 # 1504
1401 # 1504
1402 # 1504
1403 # 1504
1403 # 1504
1404 # 1504
1404 # 1504
1404 # 1504
1405 # 1504
1407 # 1504
1407 # 1504
1407 # 1504
1407 # 1504
1408 # 1504
1409 # 1504
1409 # 1504
1409 # 1504
1409 # 1504
1411 # 1504
1411 # 1504
1412 # 1504
1412 # 1504
1412 # 1504
1413 # 1504
1413 # 1504
1413 # 1504
1413 # 1504
1413 # 1504
1414 # 1504
1414 # 1504
1414 # 1504
1415 # 1504
1416 # 1504
1417 # 1504
1418 # 1504
1418 # 1504
1419 # 1504
1419 # 1504
1419 # 1504
1419 # 1504
1419 # 1504
1420 # 1504
1420 # 1504
1421 # 1504
1421 # 1504
1423 # 1504
1423 # 1504
1423 # 1504
1424 # 1504
1424 # 1504
1424 # 1504
1424 # 1504
1425 # 1504
1425 # 1504
1426 # 1504
1426 # 1504
1426 # 1504
1427 # 1504
1428 # 1504
1429 # 1504
1429 # 1504
1429 # 1504
1430 # 1504
1430 # 1504
1430 # 1504
1430 # 1504
1430 # 1504
1431 # 1504
1431 # 1504
1432 # 1504
1432 # 1504
1432 # 1504
1433 # 1504
1435 # 1504
1435 # 1504
1435 # 1504
1435 # 1504
1444 # 1504
1444 # 1504
1444 # 1504
1444 # 1504
1444 # 1504
1445 # 1504
1445 # 1504
1445 # 1504
1445 # 1504
1445 # 1504
1445 # 1504
1445 # 1504
1445 # 1504
1445 # 1504
1445 # 1504
1445 # 1504
1445 # 1504
1445 # 1504
1445 # 1504
1445 # 1504
1445 # 1504
1454 # 1504
1454 # 1504
1455 # 1504
1465 # 1504
1465 # 1504
1465 # 1504
1465 # 1504
1465 # 1504
1465 # 1504
1465 # 1504
1465 # 1504
1465 # 1504
1465 # 1504
1465 # 1504
1465 # 1504
1465 # 1504
1465 # 1504
1466 # 1504
1466 # 1504
1466 # 1504
1466 # 1504
1466 # 1504
1466 # 1504
1466 # 1504
1466 # 1504
1466 # 1504
1467 # 1504
1467 # 1504
1467 # 1504
1468 # 1504
1468 # 1504
1469 # 1504
1469 # 1504
1470 # 1504
1471 # 1504
1471 # 1504
1471 # 1504
1471 # 1504
1471 # 1504
1472 # 1504
1472 # 1504
1473 # 1504
1473 # 1504
1474 # 1504
1474 # 1504
1475 # 1504
1475 # 1504
1476 # 1504
1476 # 1504
1476 # 1504
1477 # 1504
1477 # 1504
1478 # 1504
1478 # 1504
1478 # 1504
1478 # 1504
1478 # 1504
1479 # 1504
1480 # 1504
1481 # 1504
1481 # 1504
1482 # 1504
1482 # 1504
1482 # 1504
1483 # 1504
1483 # 1504
1484 # 1504
1484 # 1504
1484 # 1504
1485 # 1504
1485 # 1504
1486 # 1504
1486 # 1504
1486 # 1504
1486 # 1504
1486 # 1504
1488 # 1504
1488 # 1504
1488 # 1504
1488 # 1504
1489 # 1504
1490 # 1504
1491 # 1504
1492 # 1504
1492 # 1504
1493 # 1504
1493 # 1504
1493 # 1504
1494 # 1504
1494 # 1504
1495 # 1504
1495 # 1504
1495 # 1504
1495 # 1504
1497 # 1504
1497 # 1504
1498 # 1504
1498 # 1504
1498 # 1504
1499 # 1504
1499 # 1504
1500 # 1504
1500 # 1504
1502 # 1504
1502 # 1504
1502 # 1504
1503 # 1504
1503 # 1504
1503 # 1504
1503 # 1504
1504 # 1504
1504 # 1504
1505 # 1504
1505 # 1504
1505 # 1504
1506 # 1504
1506 # 1504
1507 # 1504
1507 # 1504
1507 # 1504
1508 # 1504
1508 # 1504
1517 # 1504
1517 # 1504
1517 # 1504
1517 # 1504
1517 # 1504
1517 # 1504
1517 # 1504
1517 # 1504
1517 # 1504
1517 # 1504
1517 # 1504
1517 # 1504
1517 # 1504
1517 # 1504
1517 # 1504
1517 # 1504
1517 # 1504
1534 # 1504
1534 # 1504
1534 # 1504
1535 # 1504
1535 # 1504
1535 # 1504
1535 # 1504
1535 # 1504
1535 # 1504
1535 # 1504
1535 # 1504
1535 # 1504
1535 # 1504
1535 # 1504
1535 # 1504
1535 # 1504
1535 # 1504
1535 # 1504
1535 # 1504
1535 # 1504
1535 # 1504
1535 # 1504
1539 # 1504
1539 # 1504
1539 # 1504
1539 # 1504
1540 # 1504
1540 # 1504
1540 # 1504
1540 # 1504
1540 # 1504
1541 # 1504
1541 # 1504
1542 # 1504
1542 # 1504
1542 # 1504
1543 # 1504
1543 # 1504
1544 # 1504
1544 # 1504
1545 # 1504
1545 # 1504
1547 # 1504
1547 # 1504
1548 # 1504
1548 # 1504
1548 # 1504
1548 # 1504
1548 # 1504
1549 # 1504
1549 # 1504
1549 # 1504
1550 # 1504
1551 # 1504
1552 # 1504
1552 # 1504
1552 # 1504
1552 # 1504
1552 # 1504
1560 # 1504
1560 # 1504
1560 # 1504
1563 # 1504
1563 # 1504
1563 # 1504
1563 # 1504
1563 # 1504
1564 # 1504
1564 # 1504
1564 # 1504
1565 # 1504
1565 # 1504
1565 # 1504
1565 # 1504
1565 # 1504
1565 # 1504
1565 # 1504
1565 # 1504
1566 # 1504
1566 # 1504
1566 # 1504
1566 # 1504
1566 # 1504
1567 # 1504
1567 # 1504
1569 # 1504
1569 # 1504
1569 # 1504
1570 # 1504
1570 # 1504
1570 # 1504
1570 # 1504
1570 # 1504
1572 # 1504
1572 # 1504
1572 # 1504
1572 # 1504
1574 # 1504
1575 # 1504
1575 # 1504
1575 # 1504
1575 # 1504
1576 # 1504
1576 # 1504
1577 # 1504
1577 # 1504
1579 # 1504
1579 # 1504
1579 # 1504
1579 # 1504
1579 # 1504
1588 # 1504
1588 # 1504
1588 # 1504
1588 # 1504
1588 # 1504
1588 # 1504
1588 # 1504
1591 # 1504
1591 # 1504
1592 # 1504
1592 # 1504
1592 # 1504
1593 # 1504
1593 # 1504
1594 # 1504
1594 # 1504
1594 # 1504
1595 # 1504
1595 # 1504
1596 # 1504
1596 # 1504
1596 # 1504
1598 # 1504
1598 # 1504
1603 # 1504
1603 # 1504
1603 # 1504
1603 # 1504
1603 # 1504
1603 # 1504
1603 # 1504
1604 # 1504
1604 # 1504
1604 # 1504
1604 # 1504
1605 # 1504
1605 # 1504
1606 # 1504
1606 # 1504
1606 # 1504
1606 # 1504
1607 # 1504
1607 # 1504
1609 # 1504
1609 # 1504
1610 # 1504
1610 # 1504
1611 # 1504
1611 # 1504
1611 # 1504
1611 # 1504
1612 # 1504
1612 # 1504
1622 # 1504
1622 # 1504
1624 # 1504
1624 # 1504
1624 # 1504
1624 # 1504
1625 # 1504
1625 # 1504
1625 # 1504
1625 # 1504
1628 # 1504
1628 # 1504
1628 # 1504
1629 # 1504
1629 # 1504
1629 # 1504
1629 # 1504
1629 # 1504
1629 # 1504
1638 # 1504
1638 # 1504
1638 # 1504
1638 # 1504
1638 # 1504
1638 # 1504
1638 # 1504
1638 # 1504
1639 # 1504
1639 # 1504
1639 # 1504
1639 # 1504
1640 # 1504
1641 # 1504
1641 # 1504
1641 # 1504
1641 # 1504
1650 # 1504
1650 # 1504
1650 # 1504
1650 # 1504
1650 # 1504
1650 # 1504
1650 # 1504
1650 # 1504
1651 # 1504
1652 # 1504
1652 # 1504
1653 # 1504
1653 # 1504
1653 # 1504
1658 # 1504
1658 # 1504
1658 # 1504
1658 # 1504
1660 # 1504
1661 # 1504
1663 # 1504
1663 # 1504
1664 # 1504
1664 # 1504
1664 # 1504
1665 # 1504
1666 # 1504
1666 # 1504
1668 # 1504
1668 # 1504
1668 # 1504
1669 # 1504
1670 # 1504
1670 # 1504
1671 # 1504
1680 # 1504
1680 # 1504
1680 # 1504
1680 # 1504
1680 # 1504
1680 # 1504
1681 # 1504
1681 # 1504
1681 # 1504
1681 # 1504
1681 # 1504
1681 # 1504
1681 # 1504
1682 # 1504
1682 # 1504
1684 # 1504
1685 # 1504
1686 # 1504
1686 # 1504
1686 # 1504
1689 # 1504
1689 # 1504
1690 # 1504
1691 # 1504
1691 # 1504
1691 # 1504
1701 # 1504
1701 # 1504
1701 # 1504
1703 # 1504
1705 # 1504
1705 # 1504
1705 # 1504
1706 # 1504
1706 # 1504
1706 # 1504
1708 # 1504
1708 # 1504
1708 # 1504
1708 # 1504
1709 # 1504
1710 # 1504
1711 # 1504
1711 # 1504
1712 # 1504
1712 # 1504
1714 # 1504
1715 # 1504
1715 # 1504
1716 # 1504
1717 # 1504
1718 # 1504
1718 # 1504
1718 # 1504
1720 # 1504
1721 # 1504
1722 # 1504
1722 # 1504
1722 # 1504
1724 # 1504
1724 # 1504
1725 # 1504
1726 # 1504
1727 # 1504
1727 # 1504
1727 # 1504
1729 # 1504
1730 # 1504
1731 # 1504
1731 # 1504
1731 # 1504
1732 # 1504
1732 # 1504
1734 # 1504
1736 # 1504
1736 # 1504
1736 # 1504
1746 # 1504
1746 # 1504
1746 # 1504
1746 # 1504
1746 # 1504
1746 # 1504
1746 # 1504
1746 # 1504
1746 # 1504
1746 # 1504
1748 # 1504
1748 # 1504
1748 # 1504
1749 # 1504
1750 # 1504
1759 # 1504
1759 # 1504
1759 # 1504
1759 # 1504
1759 # 1504
1759 # 1504
1759 # 1504
1759 # 1504
1759 # 1504
1759 # 1504
1760 # 1504
1761 # 1504
1761 # 1504
1762 # 1504
1763 # 1504
1763 # 1504
1763 # 1504
1765 # 1504
1766 # 1504
1766 # 1504
1767 # 1504
1768 # 1504
1768 # 1504
1768 # 1504
1770 # 1504
1771 # 1504
1772 # 1504
1772 # 1504
1772 # 1504
1774 # 1504
1774 # 1504
1776 # 1504
1776 # 1504
1777 # 1504
1777 # 1504
1779 # 1504
1779 # 1504
1780 # 1504
1781 # 1504
1781 # 1504
1783 # 1504
1783 # 1504
1784 # 1504
1793 # 1504
1795 # 1504
1795 # 1504
1795 # 1504
1795 # 1504
1795 # 1504
1795 # 1504
1795 # 1504
1795 # 1504
1795 # 1504
1796 # 1504
1796 # 1504
1797 # 1504
1799 # 1504
1800 # 1504
1800 # 1504
1800 # 1504
1802 # 1504
1803 # 1504
1803 # 1504
1805 # 1504
1805 # 1504
1814 # 1504
1814 # 1504
1814 # 1504
1814 # 1504
1814 # 1504
1814 # 1504
1815 # 1504
1819 # 1504
1819 # 1504
1819 # 1504
1819 # 1504
1820 # 1504
1820 # 1504
1821 # 1504
1821 # 1504
1821 # 1504
1822 # 1504
1823 # 1504
1825 # 1504
1825 # 1504
1827 # 1504
1827 # 1504
1830 # 1504
1830 # 1504
1831 # 1504
1832 # 1504
1832 # 1504
1835 # 1504
1836 # 1504
1837 # 1504
1838 # 1504
1838 # 1504
1839 # 1504
1839 # 1504
1841 # 1504
1842 # 1504
1842 # 1504
1851 # 1504
1851 # 1504
1851 # 1504
1851 # 1504
1851 # 1504
1851 # 1504
1851 # 1504
1851 # 1504
1851 # 1504
1852 # 1504
1852 # 1504
1852 # 1504
1853 # 1504
1855 # 1504
1857 # 1504
1857 # 1504
1857 # 1504
1858 # 1504
1860 # 1504
1861 # 1504
1863 # 1504
1863 # 1504
1864 # 1504
1865 # 1504
1865 # 1504
1868 # 1504
1868 # 1504
1869 # 1504
1870 # 1504
1870 # 1504
1872 # 1504
1875 # 1504
1875 # 1504
1875 # 1504
1876 # 1504
1877 # 1504
1878 # 1504
1879 # 1504
1879 # 1504
1879 # 1504
1881 # 1504
1882 # 1504
1883 # 1504
1883 + 56
1884 # 1504
1884 - 56 1
1886 # 1504
1886 # 1504
1886 # 1504
1887 # 1504
1888 # 1504
1889 # 1504
1890 # 1504
1890 # 1504
1890 # 1504
1892 # 1504
1893 # 1504
1894 # 1504
1894 # 1504
1896 # 1504
1896 # 1504
1898 # 1504
1899 # 1504
1899 # 1504
1901 # 1504
1901 # 1504
1901 # 1504
1902 # 1504
1903 # 1504
1905 # 1504
1905 # 1504
1906 # 1504
1907 # 1504
1907 # 1504
1907 # 1504
1909 # 1504
1911 # 1504
1912 # 1504
1912 # 1504
1912 # 1504
1912 # 1504
1914 # 1504
1914 # 1504
1917 # 1504
1918 # 1504
1919 # 1504
1919 # 1504
1919 # 1504
1920 # 1504
1920 + 56
1921 # 1504
1921 - 56 1
1922 # 1504
1922 # 1504
1923 + 56
1923 + 56
1923 + 56
1923 + 56
1923 + 56
1923 + 56
1924 # 1504
1924 - 56 1
1924 - 56 1
1924 - 56 1
1924 - 56 1
1924 - 56 1
1924 - 56 1
1924 + 56
1924 + 56
1925 # 1504
1925 - 56 1
1925 - 56 1
1925 # 1504
1925 # 1504
1926 # 1504
1926 + 56
1926 + 56
1927 # 1504
1927 - 56 1
1927 - 56 1
1927 # 1504
1928 # 1504
1929 # 1504
1930 # 1504
1930 # 1504
1932 # 1504
1932 # 1504
1933 # 1504
1933 # 1504
1934 # 1504
1935 # 1504
1935 + 56
1935 + 56
1935 + 56
1935 + 56
1936 # 1504
1936 - 56 1
1936 - 56 1
1936 - 56 1
1936 - 56 1
1936 # 1504
1937 # 1504
1937 # 1504
1937 # 1504
1939 # 1504
1939 + 56
1939 + 56
1940 # 1504
1940 - 56 1
1940 - 56 1
1941 # 1504
1942 # 1504
1942 # 1504
1943 # 1504
1943 # 1504
1943 # 1504
1944 # 1504
1946 # 1504
1946 + 56
1946 + 56
1947 # 1504
1947 - 56 1
1947 - 56 1
1947 # 1504
1948 # 1504
1949 # 1504
1949 + 56
1950 # 1504
1950 - 56 1
1950 # 1504
1950 + 56
1951 # 1504
1951 - 56 1
1952 # 1504
1952 # 1504
1954 # 1504
1955 # 1504
1956 # 1504
1956 # 1504
1956 # 1504
1957 # 1504
1958 # 1504
1959 # 1504
1959 # 1504
1960 + 68
1960 + 68
1960 + 56
1961 # 1504
1961 - 68 1
1961 - 68 1
1961 - 56 1
1962 # 1504
1962 + 56
1962 + 56
1962 + 56
1962 + 56
1962 + 56
1962 + 56
1962 + 56
1963 # 1504
1963 - 56 1
1963 - 56 1
1963 - 56 1
1963 - 56 1
1963 - 56 1
1963 - 56 1
1963 - 56 1
1963 # 1504
1963 # 1504
1964 # 1504
1964 + 56
1965 # 1504
1965 - 56 1
1965 + 56
1966 # 1504
1966 - 56 1
1966 # 1504
1966 + 56
1967 # 1504
1967 - 56 1
1967 + 56
1967 + 56
1969 # 1504
1969 - 56 2
1969 - 56 2
1969 # 1504
1969 # 1504
1969 + 56
1969 + 56
1970 # 1504
1970 - 56 1
1970 - 56 1
1971 # 1504
1971 # 1504
1972 # 1504
1972 + 56
1972 + 56
1973 # 1504
1973 - 56 1
1973 - 56 1
1973 # 1504
1974 # 1504
1975 + 56
1976 + 56
1978 + 56
1979 + 56
1983 # 1504
1983 - 56 8
1983 - 56 7
1983 - 56 5
1983 - 56 4
1984 # 1504
1984 # 1504
1984 # 1504
1987 # 1504
1987 # 1504
1988 + 56
1988 + 56
1989 # 1504
1989 - 56 1
1989 - 56 1
1989 # 1504
1989 # 1504
1990 # 1504
1990 # 1504
1990 # 1504
1990 # 1504
1990 + 56
1991 # 1504
1991 - 56 1
1991 # 1504
1991 # 1504
1992 + 56
1993 # 1504
1993 - 56 1
1995 # 1504
1995 + 56
1996 # 1504
1996 - 56 1
1997 # 1504
1997 # 1504
1997 + 56
1998 # 1504
1998 - 56 1
1998 # 1504
1998 + 56
1999 # 1504
1999 - 56 1
1999 # 1504
2000 # 1504
2000 + 56
2000 + 56
2001 # 1504
2001 - 56 1
2001 - 56 1
2002 + 56
2003 # 1504
2003 - 56 1
2004 # 1504
2004 # 1504
2004 # 1504
2005 # 1504
2006 # 1504
2007 # 1504
2007 # 1504
2008 # 1504
2010 # 1504
2011 # 1504
2011 # 1504
2011 # 1504
2012 # 1504
2012 # 1504
2012 + 56
2012 + 56
2013 # 1504
2013 - 56 1
2013 - 56 1
2014 # 1504
2014 + 56
2015 # 1504
2015 - 56 1
2015 # 1504
2015 + 56
2016 # 1504
2016 - 56 1
2016 # 1504
2017 + 56
2018 # 1504
2018 - 56 1
2018 # 1504
2019 # 1504
2020 # 1504
2021 # 1504
2021 # 1504
2021 # 1504
2023 # 1504
2024 # 1504
2024 # 1504
2025 # 1504
2026 # 1504
2027 # 1504
2027 # 1504
2027 + 56
2028 # 1504
2028 - 56 1
2028 # 1504
2028 + 56
2028 + 56
2028 + 56
2028 + 56
2029 # 1504
2029 - 56 1
2029 - 56 1
2029 - 56 1
2029 - 56 1
2029 # 1504
2031 # 1504
2031 + 56
2031 + 56
2031 + 56
2031 + 56
2031 + 56
2031 + 56
2032 # 1504
2032 - 56 1
2032 - 56 1
2032 - 56 1
2032 - 56 1
2032 - 56 1
2032 - 56 1
2032 # 1504
2032 + 56
2032 + 56
2032 + 56
2032 + 56
2034 # 1504
2034 - 56 2
2034 - 56 2
2034 - 56 2
2034 - 56 2
2034 # 1504
2034 + 56
2035 # 1504
2035 - 56 1
2035 # 1504
2035 + 56
2035 + 56
2036 # 1504
2036 - 56 1
2036 - 56 1
2037 # 1504
2037 # 1504
2038 + 56
2038 + 56
2038 + 56
2038 + 56
2039 # 1504
2039 - 56 1
2039 - 56 1
2039 - 56 1
2039 - 56 1
2039 + 56
2040 # 1504
2040 - 56 1
2040 # 1504
2041 # 1504
2041 # 1504
2041 + 56
2041 + 56
2042 # 1504
2042 - 56 1
2042 - 56 1
2042 # 1504
2042 + 56
2043 # 1504
2043 - 56 1
2043 + 56
2044 # 1504
2044 - 56 1
2044 + 56
2044 + 56
2046 # 1504
2046 - 56 2
2046 - 56 2
2046 # 1504
2046 + 56
2046 + 56
2046 + 56
2047 # 1504
2047 - 56 1
2047 - 56 1
2047 - 56 1
2047 # 1504
2047 # 1504
2048 # 1504
2048 + 56
2048 + 56
2049 # 1504
2049 - 56 1
2049 - 56 1
2049 + 56
2050 # 1504
2050 - 56 1
2050 # 1504
2051 # 1504
2051 + 56
2052 # 1504
2052 - 56 1
2054 # 1504
2054 # 1504
2054 # 1504
2055 # 1504
2056 # 1504
2056 # 1504
2056 + 56
2056 + 56
2056 + 56
2057 # 1504
2057 - 56 1
2057 - 56 1
2057 - 56 1
2058 # 1504
2058 # 1504
2059 # 1504
2061 # 1504
2061 # 1504
2061 # 1504
2062 # 1504
2063 # 1504
2063 # 1504
2064 # 1504
2065 # 1504
2065 # 1504
2066 # 1504
2066 # 1504
2066 # 1504
2067 # 1504
2067 + 56
2067 + 56
2067 + 56
2069 # 1504
2069 - 56 2
2069 - 56 2
2069 - 56 2
2069 # 1504
2070 # 1504
2071 # 1504
2071 # 1504
2071 + 56
2071 + 56
2071 + 56
2071 + 56
2071 + 56
2071 + 56
2071 + 56
2071 + 56
2071 + 56
2071 + 56
2071 + 56
2071 + 56
2071 + 56
2071 + 56
2071 + 56
2071 + 56
2071 + 56
2071 + 56
2071 + 56
2071 + 56
2072 # 1504
2072 - 56 1
2072 - 56 1
2072 - 56 1
2072 - 56 1
2072 - 56 1
2072 - 56 1
2072 - 56 1
2072 - 56 1
2072 - 56 1
2072 - 56 1
2072 - 56 1
2072 - 56 1
2072 - 56 1
2072 - 56 1
2072 - 56 1
2072 - 56 1
2072 - 56 1
2072 - 56 1
2072 - 56 1
2072 - 56 1
2072 # 1504
2073 # 1504
2073 # 1504
2073 # 1504
2073 + 56
2074 # 1504
2074 - 56 1
2076 # 1504
2078 # 1504
2078 # 1504
2079 # 1504
2079 # 1504
2080 # 1504
2080 # 1504
2081 # 1504
2081 + 56
2081 + 56
2081 + 56
2081 + 56
2081 + 56
2081 + 56
2081 + 56
2081 + 56
2081 + 56
2081 + 56
2082 # 1504
2082 - 56 1
2082 - 56 1
2082 - 56 1
2082 - 56 1
2082 - 56 1
2082 - 56 1
2082 - 56 1
2082 - 56 1
2082 - 56 1
2082 - 56 1
2082 # 1504
2082 + 56
2082 + 56
2082 + 56
2083 # 1504
2083 - 56 1
2083 - 56 1
2083 - 56 1
2083 # 1504
2089 # 1504
2089 # 1504
2090 # 1504
2090 # 1504
2091 + 56
2091 + 56
2091 + 56
2091 + 56
2091 + 56
2091 + 56
2091 + 56
2093 + 56
2093 + 56
2093 + 56
2093 + 56
2093 + 56
2093 + 56
2093 + 56
2095 + 56
2095 + 56
2095 + 56
2097 # 1504
2097 - 56 6
2097 - 56 6
2097 - 56 6
2097 - 56 6
2097 - 56 6
2097 - 56 6
2097 - 56 6
2097 - 56 4
2097 - 56 4
2097 - 56 4
2097 - 56 4
2097 - 56 4
2097 - 56 4
2097 - 56 4
2097 - 56 2
2097 - 56 2
2097 - 56 2
2097 # 1504
2097 # 1504
2097 # 1504
2097 + 56
2097 + 56
2097 + 56
2097 + 56
2097 + 56
2098 # 1504
2098 - 56 1
2098 - 56 1
2098 - 56 1
2098 - 56 1
2098 - 56 1
2099 # 1504
2099 # 1504
2099 + 56
2100 # 1504
2100 - 56 1
2100 + 56
2100 + 56
2101 # 1504
2101 - 56 1
2101 - 56 1
2101 # 1504
2101 + 56
2101 + 56
2104 # 1504
2104 - 56 3
2104 - 56 3
2104 # 1504
2104 # 1504
2105 # 1504
2105 # 1504
2106 # 1504
2106 # 1504
2107 # 1504
2107 # 1504
2107 + 56
2107 + 56
2107 + 56
2107 + 56
2108 # 1504
2108 - 56 1
2108 - 56 1
2108 - 56 1
2108 - 56 1
2108 + 56
2108 + 56
2109 # 1504
2109 - 56 1
2109 - 56 1
2109 # 1504
2109 # 1504
2109 # 1504
2110 # 1504
2111 + 56
2111 + 56
2111 + 56
2111 + 56
2111 + 56
2111 + 56
2111 + 56
2112 # 1504
2112 - 56 1
2112 - 56 1
2112 - 56 1
2112 - 56 1
2112 - 56 1
2112 - 56 1
2112 - 56 1
2112 # 1504
2113 # 1504
2113 + 56
2113 + 56
2113 + 56
2113 + 56
2113 + 56
2114 # 1504
2114 - 56 1
2114 - 56 1
2114 - 56 1
2114 - 56 1
2114 - 56 1
2114 # 1504
2115 # 1504
2115 # 1504
2115 + 56
2115 + 56
2115 + 56
2116 # 1504
2116 - 56 1
2116 - 56 1
2116 - 56 1
2116 # 1504
2116 # 1504
2116 + 56
2116 + 56
2117 # 1504
2117 - 56 1
2117 - 56 1
2118 # 1504
2118 + 56
2120 # 1504
2120 - 56 2
2120 # 1504
2121 + 56
2121 + 56
2121 + 56
2121 + 56
2121 + 56
2121 + 56
2122 # 1504
2122 - 56 1
2122 - 56 1
2122 - 56 1
2122 - 56 1
2122 - 56 1
2122 - 56 1
2122 # 1504
2123 # 1504
2123 # 1504
2123 # 1504
2123 + 56
2123 + 56
2123 + 56
2123 + 56
2124 # 1504
2124 - 56 1
2124 - 56 1
2124 - 56 1
2124 - 56 1
2124 # 1504
2124 + 56
2124 + 56
2125 # 1504
2125 - 56 1
2125 - 56 1
2125 # 1504
2125 + 56
2126 + 56
2126 + 56
2127 # 1504
2127 - 56 2
2127 - 56 1
2127 - 56 1
2127 # 1504
2127 + 56
2128 # 1504
2128 - 56 1
2128 + 56
2129 # 1504
2129 - 56 1
2129 # 1504
2129 # 1504
2129 + 56
2129 + 56
2131 + 56
2131 + 56
2131 + 56
2131 + 56
2131 + 56
2131 + 56
2133 + 56
2133 + 56
2136 + 56
2137 + 56
2137 + 56
2137 + 56
2137 + 56
2138 # 1504
2138 - 56 9
2138 - 56 9
2138 - 56 7
2138 - 56 7
2138 - 56 7
2138 - 56 7
2138 - 56 7
2138 - 56 7
2138 - 56 5
2138 - 56 5
2138 - 56 2
2138 - 56 1
2138 - 56 1
2138 - 56 1
2138 - 56 1
2138 # 1504
2139 # 1504
2139 # 1504
2140 # 1504
2141 # 1504
2141 # 1504
2141 # 1504
2141 # 1504
2141 # 1504
2141 # 1504
2141 # 1504
2142 # 1504
2143 # 1504
2143 # 1504
2145 # 1504
2145 # 1504
2145 # 1504
2145 + 56
2145 + 56
2145 + 56
2146 # 1504
2146 - 56 1
2146 - 56 1
2146 - 56 1
2146 # 1504
2147 # 1504
2147 # 1504
2147 + 56
2147 + 56
2147 + 56
2147 + 56
2147 + 56
2147 + 56
2147 + 56
2147 + 56
2147 + 56
2148 # 1504
2148 - 56 1
2148 - 56 1
2148 - 56 1
2148 - 56 1
2148 - 56 1
2148 - 56 1
2148 - 56 1
2148 - 56 1
2148 - 56 1
2149 # 1504
2149 # 1504
2149 + 56
2149 + 56
2149 + 56
2149 + 56
2149 + 56
2150 # 1504
2150 - 56 1
2150 - 56 1
2150 - 56 1
2150 - 56 1
2150 - 56 1
2150 # 1504
2150 # 1504
2150 # 1504
2151 # 1504
2152 + 56
2153 # 1504
2153 - 56 1
2153 # 1504
2153 + 56
2154 # 1504
2154 - 56 1
2154 # 1504
2155 # 1504
2156 # 1504
2156 # 1504
2156 + 56
2157 # 1504
2157 - 56 1
2157 # 1504
2157 # 1504
2158 # 1504
2158 # 1504
2159 + 56
2159 + 56
2161 # 1504
2161 - 56 2
2161 - 56 2
2161 # 1504
2162 # 1504
2162 + 56
2163 # 1504
2163 - 56 1
2163 # 1504
2164 # 1504
2164 # 1504
2164 # 1504
2164 # 1504
2165 # 1504
2165 # 1504
2166 # 1504
2166 # 1504
2166 + 56
2168 # 1504
2168 - 56 2
2168 # 1504
2173 + 56
2173 + 56
2176 # 1504
2176 - 56 3
2176 - 56 3
2176 # 1504
2176 # 1504
2176 # 1504
2176 # 1504
2176 # 1504
2176 # 1504
2176 # 1504
2176 # 1504
2176 # 1504
2176 # 1504
2176 # 1504
2176 # 1504
2176 # 1504
2176 # 1504
2177 # 1504
2177 # 1504
2178 # 1504
2178 # 1504
2179 # 1504
2179 # 1504
2180 # 1504
2181 # 1504
2181 # 1504
2181 + 56
2181 + 56
2186 + 56
2186 + 56
2186 + 56
2186 + 56
2189 + 56
2189 + 56
2190 # 1504
2190 - 56 9
2190 - 56 9
2190 - 56 4
2190 - 56 4
2190 - 56 4
2190 - 56 4
2190 - 56 1
2190 - 56 1
2190 # 1504
2190 # 1504
2190 # 1504
2190 # 1504
2190 # 1504
2192 # 1504
2192 # 1504
2192 # 1504
2192 # 1504
2192 # 1504
2193 # 1504
2193 # 1504
2193 # 1504
2193 # 1504
2194 # 1504
2194 # 1504
2194 # 1504
2194 # 1504
2194 # 1504
2194 # 1504
2194 + 56
2195 # 1504
2195 - 56 1
2195 # 1504
2196 # 1504
2203 + 56
2203 + 56
2204 + 56
2204 + 56
2204 + 56
2205 # 1504
2205 - 56 2
2205 - 56 2
2205 - 56 1
2205 - 56 1
2205 - 56 1
2205 # 1504
2205 # 1504
2205 # 1504
2205 # 1504
2205 + 56
2205 + 56
2206 # 1504
2206 - 56 1
2206 - 56 1
2206 + 56
2208 # 1504
2208 - 56 2
2208 + 56
2209 # 1504
2209 - 56 1
2209 # 1504
2209 # 1504
2209 # 1504
2209 # 1504
2209 # 1504
2209 # 1504
2209 + 56
2210 # 1504
2210 - 56 1
2210 # 1504
2210 # 1504
2210 # 1504
2210 # 1504
2210 + 56
2210 + 56
2211 + 56
2213 + 56
2213 + 56
2215 + 56
2217 + 56
2219 # 1504
2219 - 56 9
2219 - 56 9
2219 - 56 8
2219 - 56 6
2219 - 56 6
2219 - 56 4
2219 - 56 2
2219 # 1504
2219 # 1504
2219 # 1504
2219 # 1504
2219 # 1504
2219 # 1504
2219 + 56
2219 + 56
2219 + 56
2220 # 1504
2220 - 56 1
2220 - 56 1
2220 - 56 1
2220 # 1504
2220 # 1504
2220 # 1504
2220 # 1504
2220 # 1504
2220 # 1504
2220 # 1504
2220 + 56
2220 + 56
2220 + 56
2221 # 1504
2221 - 56 1
2221 - 56 1
2221 - 56 1
2222 # 1504
2222 # 1504
2222 + 56
2222 + 56
2223 + 56
2224 + 56
2224 + 56
2226 + 56
2227 + 56
2230 # 1504
2230 - 56 8
2230 - 56 8
2230 - 56 7
2230 - 56 6
2230 - 56 6
2230 - 56 4
2230 - 56 3
2231 # 1504
2231 # 1504
2231 # 1504
2231 # 1504
2231 # 1504
2231 # 1504
2231 # 1504
2231 # 1504
2231 # 1504
2231 # 1504
2231 # 1504
2231 # 1504
2231 # 1504
2232 # 1504
2232 # 1504
2233 # 1504
2234 # 1504
2234 # 1504
2235 # 1504
2235 # 1504
2235 # 1504
2237 + 56
2237 + 56
2237 + 56
2241 + 56
2241 + 56
2241 + 56
2241 + 56
2241 + 56
2241 + 56
2241 + 56
2242 + 56
2242 + 56
2242 + 56
2242 + 56
2242 + 56
2245 # 1504
2245 - 56 8
2245 - 56 8
2245 - 56 8
2245 - 56 4
2245 - 56 4
2245 - 56 4
2245 - 56 4
2245 - 56 4
2245 - 56 4
2245 - 56 4
2245 - 56 3
2245 - 56 3
2245 - 56 3
2245 - 56 3
2245 - 56 3
2245 # 1504
2245 # 1504
2245 # 1504
2245 # 1504
2245 # 1504
2245 # 1504
2245 # 1504
2245 # 1504
2245 + 56
2245 + 56
2245 + 56
2245 + 56
2245 + 56
2246 + 56
2246 + 56
2249 + 56
2249 + 56
2249 + 56
2249 + 56
2249 + 56
2249 + 56
2250 # 1504
2250 - 56 5
2250 - 56 5
2250 - 56 5
2250 - 56 5
2250 - 56 5
2250 - 56 4
2250 - 56 4
2250 - 56 1
2250 - 56 1
2250 - 56 1
2250 - 56 1
2250 - 56 1
2250 - 56 1
2250 # 1504
2250 # 1504
2250 # 1504
2250 # 1504
2250 # 1504
2250 # 1504
2250 # 1504
2250 # 1504
2250 # 1504
2251 # 1504
2251 # 1504
2251 # 1504
2251 # 1504
2252 # 1504
2252 + 56
2252 + 56
2252 + 56
2252 + 56
2253 # 1504
2253 - 56 1
2253 - 56 1
2253 - 56 1
2253 - 56 1
2253 # 1504
2254 # 1504
2254 # 1504
2254 + 56
2254 + 56
2254 + 56
2256 # 1504
2256 - 56 2
2256 - 56 2
2256 - 56 2
2257 + 56
2257 + 56
2257 + 56
2257 + 56
2257 + 56
2264 # 1504
2264 - 56 7
2264 - 56 7
2264 - 56 7
2264 - 56 7
2264 - 56 7
2264 # 1504
2264 # 1504
2264 # 1504
2264 # 1504
2264 # 1504
2264 # 1504
2268 # 1504
2268 # 1504
2268 # 1504
2268 # 1504
2268 # 1504
2268 + 56
2268 + 56
2268 + 56
2268 + 56
2268 + 56
2268 + 56
2271 # 1504
2271 - 56 3
2271 - 56 3
2271 - 56 3
2271 - 56 3
2271 - 56 3
2271 - 56 3
2271 # 1504
2272 + 56
2272 + 56
2272 + 56
2272 + 56
2272 + 56
2273 # 1504
2273 - 56 1
2273 - 56 1
2273 - 56 1
2273 - 56 1
2273 - 56 1
2273 # 1504
2273 # 1504
2274 # 1504
2274 # 1504
2274 + 56
2274 + 56
2274 + 56
2274 + 56
2274 + 56
2274 + 56
2274 + 56
2275 + 56
2275 + 56
2275 + 56
2275 + 56
2277 # 1504
2277 - 56 3
2277 - 56 3
2277 - 56 3
2277 - 56 3
2277 - 56 3
2277 - 56 3
2277 - 56 3
2277 - 56 2
2277 - 56 2
2277 - 56 2
2277 - 56 2
2277 # 1504
2277 # 1504
2277 # 1504
2277 # 1504
2277 # 1504
2277 # 1504
2277 + 56
2277 + 56
2278 + 56
2280 + 56
2280 + 56
2280 + 56
2281 + 56
2281 + 56
2282 + 56
2282 + 56
2283 # 1504
2283 - 56 6
2283 - 56 6
2283 - 56 5
2283 - 56 3
2283 - 56 3
2283 - 56 3
2283 - 56 2
2283 - 56 2
2283 - 56 1
2283 - 56 1
2283 # 1504
2283 # 1504
2283 # 1504
2283 # 1504
2284 # 1504
2285 + 56
2285 + 56
2285 + 56
2286 + 56
2286 + 56
2287 + 56
2287 + 56
2288 + 56
2289 # 1504
2289 - 56 4
2289 - 56 4
2289 - 56 4
2289 - 56 3
2289 - 56 3
2289 - 56 2
2289 - 56 2
2289 - 56 1
2289 # 1504
2289 # 1504
2289 # 1504
2289 # 1504
2289 # 1504
2289 # 1504
2289 # 1504
2289 # 1504
2289 # 1504
2289 + 56
2290 # 1504
2290 - 56 1
2290 # 1504
2290 # 1504
2290 + 56
2291 # 1504
2291 - 56 1
2291 + 56
2292 # 1504
2292 - 56 1
2292 # 1504
2292 # 1504
2293 # 1504
2295 # 1504
2295 # 1504
2300 + 56
2300 + 56
2300 + 56
2300 + 56
2300 + 56
2300 + 56
2300 + 56
2300 + 56
2303 # 1504
2303 - 56 3
2303 - 56 3
2303 - 56 3
2303 - 56 3
2303 - 56 3
2303 - 56 3
2303 - 56 3
2303 - 56 3
2303 # 1504
2303 # 1504
2303 + 56
2303 + 56
2303 + 56
2303 + 56
2303 + 56
2303 + 56
2303 + 56
2303 + 56
2303 + 56
2303 + 56
2305 + 56
2306 # 1504
2306 - 56 3
2306 - 56 3
2306 - 56 3
2306 - 56 3
2306 - 56 3
2306 - 56 3
2306 - 56 3
2306 - 56 3
2306 - 56 3
2306 - 56 3
2306 - 56 1
2306 # 1504
2306 # 1504
2306 + 56
2306 + 56
2307 + 56
2307 + 56
2308 # 1504
2308 - 56 2
2308 - 56 2
2308 - 56 1
2308 - 56 1
2308 # 1504
2308 # 1504
2308 # 1504
2308 # 1504
2308 # 1504
2308 # 1504
2308 # 1504
2308 # 1504
2308 + 56
2308 + 56
2309 # 1504
2309 - 56 1
2309 - 56 1
2309 # 1504
2318 # 1504
2318 # 1504
2318 # 1504
2318 # 1504
2318 # 1504
2318 # 1504
2318 # 1504
2318 # 1504
2318 # 1504
2318 # 1504
2318 + 56
2318 + 56
2318 + 56
2318 + 56
2319 # 1504
2319 - 56 1
2319 - 56 1
2319 - 56 1
2319 - 56 1
2319 # 1504
2319 # 1504
2319 # 1504
2319 # 1504
2320 # 1504
2321 # 1504
2321 # 1504
2321 # 1504
2322 + 56
2322 + 56
2323 # 1504
2323 - 56 1
2323 - 56 1
2323 # 1504
2323 + 56
2324 # 1504
2324 - 56 1
2324 + 56
2324 + 56
2324 + 56
2324 + 56
2324 + 56
2324 + 56
2324 + 56
2325 # 1504
2325 - 56 1
2325 - 56 1
2325 - 56 1
2325 - 56 1
2325 - 56 1
2325 - 56 1
2325 - 56 1
2325 + 56
2326 # 1504
2326 - 56 1
2326 # 1504
2326 + 56
2327 # 1504
2327 - 56 1
2327 + 56
2327 + 56
2327 + 56
2327 + 56
2328 # 1504
2328 - 56 1
2328 - 56 1
2328 - 56 1
2328 - 56 1
2328 # 1504
2329 # 1504
2329 + 56
2330 # 1504
2330 - 56 1
2330 # 1504
2330 + 56
2330 + 56
2330 + 56
2330 + 56
2332 # 1504
2332 - 56 2
2332 - 56 2
2332 - 56 2
2332 - 56 2
2332 + 56
2332 + 56
2332 + 56
2333 # 1504
2333 - 56 1
2333 - 56 1
2333 - 56 1
2333 # 1504
2334 + 56
2334 + 56
2334 + 56
2335 + 56
2335 + 56
2337 + 56
2338 + 56
2338 + 56
2338 + 56
2341 # 1504
2341 - 56 7
2341 - 56 7
2341 - 56 7
2341 - 56 6
2341 - 56 6
2341 - 56 4
2341 - 56 3
2341 - 56 3
2341 - 56 3
2341 + 56
2341 + 56
2341 + 56
2341 + 56
2341 + 56
2343 # 1504
2343 - 56 2
2343 - 56 2
2343 - 56 2
2343 - 56 2
2343 - 56 2
2343 # 1504
2344 # 1504
2344 # 1504
2344 # 1504
2344 # 1504
2344 # 1504
2344 # 1504
2344 # 1504
2344 + 56
2344 + 56
2344 + 56
2344 + 56
2345 + 56
2345 + 56
2346 + 56
2346 + 56
2346 + 56
2348 # 1504
2348 - 56 4
2348 - 56 4
2348 - 56 4
2348 - 56 4
2348 - 56 3
2348 - 56 3
2348 - 56 2
2348 - 56 2
2348 - 56 2
2349 + 56
2349 + 56
2349 + 56
2349 + 56
2349 + 56
2350 + 56
2353 # 1504
2353 - 56 4
2353 - 56 4
2353 - 56 4
2353 - 56 4
2353 - 56 4
2353 - 56 3
2353 # 1504
2353 # 1504
2353 # 1504
2353 # 1504
2353 # 1504
2353 # 1504
2353 # 1504
2353 # 1504
2353 # 1504
2354 # 1504
2354 # 1504
2355 # 1504
2356 # 1504
2357 # 1504
2357 # 1504
2357 # 1504
2359 # 1504
2359 # 1504
2360 # 1504
2360 + 56
2360 + 56
2361 # 1504
2361 - 56 1
2361 - 56 1
2361 + 56
2361 + 56
2361 + 56
2362 # 1504
2362 - 56 1
2362 - 56 1
2362 - 56 1
2362 # 1504
2365 + 56
2365 + 56
2365 + 56
2365 + 56
2365 + 56
2366 + 56
2366 + 56
2366 + 56
2366 + 56
2366 + 56
2366 + 56
2366 + 56
2366 + 56
2366 + 56
2366 + 56
2366 + 56
2366 + 56
2367 + 56
2367 + 56
2368 + 56
2371 # 1504
2371 - 56 6
2371 - 56 6
2371 - 56 6
2371 - 56 6
2371 - 56 6
2371 - 56 5
2371 - 56 5
2371 - 56 5
2371 - 56 5
2371 - 56 5
2371 - 56 5
2371 - 56 5
2371 - 56 5
2371 - 56 5
2371 - 56 5
2371 - 56 5
2371 - 56 5
2371 - 56 4
2371 - 56 4
2371 - 56 3
2371 # 1504
2371 # 1504
2371 # 1504
2371 # 1504
2372 # 1504
2374 # 1504
2376 # 1504
2376 # 1504
2376 # 1504
2376 # 1504
2376 # 1504
2376 # 1504
2376 # 1504
2377 # 1504
2377 # 1504
2377 + 56
2377 + 56
2378 + 56
2378 + 56
2380 # 1504
2380 - 56 3
2380 - 56 3
2380 - 56 2
2380 - 56 2
2381 # 1504
2381 # 1504
2381 # 1504
2381 + 56
2382 # 1504
2382 - 56 1
2383 # 1504
2383 # 1504
2384 # 1504
2385 # 1504
2387 # 1504
2390 + 56
2390 + 56
2390 + 56
2390 + 56
2391 + 56
2396 # 1504
2396 - 56 6
2396 - 56 6
2396 - 56 6
2396 - 56 6
2396 - 56 5
2396 # 1504
2396 # 1504
2396 + 56
2397 # 1504
2397 - 56 1
2397 + 56
2398 # 1504
2398 - 56 1
2398 # 1504
2398 # 1504
2398 # 1504
2398 # 1504
2398 # 1504
2398 # 1504
2399 # 1504
2400 # 1504
2400 # 1504
2400 # 1504
2401 + 56
2402 # 1504
2402 - 56 1
2402 + 56
2402 + 56
2403 # 1504
2403 - 56 1
2403 - 56 1
2404 # 1504
2404 # 1504
2405 # 1504
2405 # 1504
2406 # 1504
2408 # 1504
2409 # 1504
2409 # 1504
2410 # 1504
2411 # 1504
2412 # 1504
2412 # 1504
2413 # 1504
2413 + 56
2413 + 56
2413 + 56
2413 + 56
2414 # 1504
2414 - 56 1
2414 - 56 1
2414 - 56 1
2414 - 56 1
2416 # 1504
2417 # 1504
2417 # 1504
2418 # 1504
2418 # 1504
2419 # 1504
2419 # 1504
2419 + 56
2420 # 1504
2420 - 56 1
2421 # 1504
2423 # 1504
2423 # 1504
2424 # 1504
2424 + 56
2424 + 56
2425 # 1504
2425 - 56 1
2425 - 56 1
2425 # 1504
2425 # 1504
2426 # 1504
2426 + 56
2427 # 1504
2427 - 56 1
2428 # 1504
2428 # 1504
2429 # 1504
2431 # 1504
2431 # 1504
2431 # 1504
2432 # 1504
2433 # 1504
2433 # 1504
2434 # 1504
2435 # 1504
2435 + 56
2436 # 1504
2436 - 56 1
2436 # 1504
2437 # 1504
2437 # 1504
2442 + 56
2444 + 56
2446 # 1504
2446 - 56 4
2446 - 56 2
2446 # 1504
2446 # 1504
2446 # 1504
2446 # 1504
2446 # 1504
2446 # 1504
2446 # 1504
2447 # 1504
2447 # 1504
2447 # 1504
2447 # 1504
2448 + 56
2448 + 56
2449 # 1504
2449 - 56 1
2449 - 56 1
2449 # 1504
2449 + 56
2450 # 1504
2450 - 56 1
2451 # 1504
2451 # 1504
2451 + 56
2452 # 1504
2452 - 56 1
2453 # 1504
2454 # 1504
2454 # 1504
2454 # 1504
2458 # 1504
2459 # 1504
2459 # 1504
2459 # 1504
2460 # 1504
2460 + 56
2461 # 1504
2461 - 56 1
2462 # 1504
2462 # 1504
2462 + 56
2463 # 1504
2463 - 56 1
2464 + 56
2465 # 1504
2465 - 56 1
2466 # 1504
2466 # 1504
2466 + 56
2467 # 1504
2467 - 56 1
2467 # 1504
2468 # 1504
2468 # 1504
2469 # 1504
2470 # 1504
2471 # 1504
2471 # 1504
2472 # 1504
2474 # 1504
2475 # 1504
2475 # 1504
2475 # 1504
2476 # 1504
2477 # 1504
2477 # 1504
2478 # 1504
2479 # 1504
2479 # 1504
2479 + 56
2480 # 1504
2480 - 56 1
2480 # 1504
2482 # 1504
2491 # 1504
2491 # 1504
2491 # 1504
2492 # 1504
2492 # 1504
2492 # 1504
2492 # 1504
2492 # 1504
2492 # 1504
2492 # 1504
2492 # 1504
2492 # 1504
2492 # 1504
2501 # 1504
2502 # 1504
2502 # 1504
2502 # 1504
2502 # 1504
2502 # 1504
2502 # 1504
2502 # 1504
2503 # 1504
2503 # 1504
2503 # 1504
2503 # 1504
2518 + 56
2518 + 56
2518 + 56
2518 + 56
2518 + 56
2518 + 56
2518 + 56
2518 + 56
2518 + 56
2518 + 56
2518 + 56
2521 + 56
2522 + 56
2534 + 56
2534 + 56
2534 + 56
2538 + 56
2542 + 56
2546 + 56
2547 + 56
2554 + 56
2561 + 56
2562 + 56
2564 + 56
2570 + 56
2570 + 56
2571 + 56
2573 + 56
2575 + 56
2576 + 56
2577 + 56
2578 + 56
2580 + 56
2582 + 56
2584 + 56
2585 + 56
2587 + 56
2588 + 56
2590 + 56
2592 + 56
2594 + 56
2597 + 56
2605 + 56
2609 + 56
2614 + 56
2615 # 1504
2615 - 56 97
2615 - 56 97
2615 - 56 97
2615 - 56 97
2615 - 56 97
2615 - 56 97
2615 - 56 97
2615 - 56 97
2615 - 56 97
2615 - 56 97
2615 - 56 97
2615 - 56 94
2615 - 56 93
2615 - 56 81
2615 - 56 81
2615 - 56 81
2615 - 56 77
2615 - 56 73
2615 - 56 69
2615 - 56 68
2615 - 56 61
2615 - 56 54
2615 - 56 53
2615 - 56 51
2615 - 56 45
2615 - 56 45
2615 # 1504
2615 - 56 44
2615 - 56 42
2615 - 56 40
2615 - 56 39
2615 - 56 38
2615 - 56 37
2615 - 56 35
2615 - 56 33
2615 - 56 31
2615 - 56 30
2615 - 56 28
2615 - 56 27
2615 - 56 25
2615 - 56 23
2615 - 56 21
2615 - 56 18
2615 - 56 10
2615 - 56 6
2615 - 56 1
2616 # 1504
2616 # 1504
2616 # 1504
2616 # 1504
2616 # 1504
2616 # 1504
2616 + 56
2620 # 1504
2620 - 56 4
2620 + 56
2621 # 1504
2621 - 56 1
2622 # 1504
2624 + 56
2624 + 56
2627 # 1504
2627 - 56 3
2627 - 56 3
2627 + 56
2628 # 1504
2628 - 56 1
2628 # 1504
2628 # 1504
2631 + 56
2632 # 1504
2632 - 56 1
2633 # 1504
2633 # 1504
2633 # 1504
2633 # 1504
2633 # 1504
2633 + 56
2642 # 1504
2642 - 56 9
2642 # 1504
2642 # 1504
2642 # 1504
2642 # 1504
2642 + 56
2642 + 56
2643 # 1504
2643 - 56 1
2643 - 56 1
2643 # 1504
2643 # 1504
2643 + 56
2644 # 1504
2644 - 56 1
2646 # 1504
2646 # 1504
2646 + 56
2648 + 56
2651 + 56
2652 + 56
2654 + 56
2654 + 56
2656 # 1504
2656 - 56 10
2656 - 56 8
2656 - 56 5
2656 - 56 4
2656 - 56 2
2656 - 56 2
2656 # 1504
2656 # 1504
2656 # 1504
2656 # 1504
2656 # 1504
2656 # 1504
2656 # 1504
2656 # 1504
2657 # 1504
2659 # 1504
2660 # 1504
2660 # 1504
2661 # 1504
2662 # 1504
2665 # 1504
2666 # 1504
2666 # 1504
2667 # 1504
2669 # 1504
2669 + 56
2669 + 56
2669 + 56
2670 + 56
2671 # 1504
2671 - 56 2
2671 - 56 2
2671 - 56 2
2671 - 56 1
2671 # 1504
2671 # 1504
2671 + 56
2672 # 1504
2672 - 56 1
2672 # 1504
2673 # 1504
2674 # 1504
2674 + 56
2675 # 1504
2675 - 56 1
2676 # 1504
2677 # 1504
2678 # 1504
2678 # 1504
2680 # 1504
2681 # 1504
2682 # 1504
2682 # 1504
2684 # 1504
2685 # 1504
2685 + 56
2685 + 56
2686 # 1504
2686 - 56 1
2686 - 56 1
2686 # 1504
2687 # 1504
2687 + 56
2688 # 1504
2688 - 56 1
2688 # 1504
2688 + 56
2689 # 1504
2689 - 56 1
2691 # 1504
2691 + 56
2692 # 1504
2692 - 56 1
2692 + 56
2693 # 1504
2693 - 56 1
2693 # 1504
2694 # 1504
2695 + 56
2695 + 56
2696 # 1504
2696 - 56 1
2696 - 56 1
2696 # 1504
2696 + 56
2697 # 1504
2697 - 56 1
2697 # 1504
2698 # 1504
2699 # 1504
2699 + 56
2700 + 56
2701 # 1504
2701 - 56 2
2701 - 56 1
2702 # 1504
2702 # 1504
2702 # 1504
2702 + 56
2703 + 56
2704 # 1504
2704 - 56 2
2704 - 56 1
2705 # 1504
2705 + 56
2706 # 1504
2706 - 56 1
2706 + 56
2707 # 1504
2707 - 56 1
2708 + 56
2708 + 56
2709 # 1504
2709 - 56 1
2709 - 56 1
2709 # 1504
2709 # 1504
2710 # 1504
2710 + 56
2711 # 1504
2711 - 56 1
2711 + 56
2712 # 1504
2712 - 56 1
2714 # 1504
2714 # 1504
2715 # 1504
2716 # 1504
2716 # 1504
2718 # 1504
2718 # 1504
2719 # 1504
2719 # 1504
2720 + 56
2721 # 1504
2721 - 56 1
2722 + 56
2723 # 1504
2723 - 56 1
2723 # 1504
2723 + 56
2723 + 56
2724 # 1504
2724 - 56 1
2724 - 56 1
2724 # 1504
2725 # 1504
2725 + 56
2726 # 1504
2726 - 56 1
2727 # 1504
2728 # 1504
2728 # 1504
2728 # 1504
2730 # 1504
2731 # 1504
2731 # 1504
2732 # 1504
2732 + 56
2734 # 1504
2734 - 56 2
2734 # 1504
2734 + 56
2734 + 56
2735 # 1504
2735 - 56 1
2735 - 56 1
2736 + 56
2736 + 56
2737 # 1504
2737 - 56 1
2737 - 56 1
2738 # 1504
2738 # 1504
2738 + 56
2739 # 1504
2739 - 56 1
2739 + 56
2743 # 1504
2743 - 56 4
2743 # 1504
2743 # 1504
2743 # 1504
2743 # 1504
2745 # 1504
2746 # 1504
2749 # 1504
2750 # 1504
2750 # 1504
2750 # 1504
2751 # 1504
2752 # 1504
2752 + 56
2753 # 1504
2753 - 56 1
2753 # 1504
2754 # 1504
2755 + 56
2756 # 1504
2756 - 56 1
2756 # 1504
2757 # 1504
2757 # 1504
2758 # 1504
2758 + 56
2759 # 1504
2759 - 56 1
2760 # 1504
2761 # 1504
2762 # 1504
2762 # 1504
2763 # 1504
2764 # 1504
2764 # 1504
2764 # 1504
2766 # 1504
2767 # 1504
2767 # 1504
2768 # 1504
2768 # 1504
2769 + 56
2769 + 56
2769 + 56
2770 # 1504
2770 - 56 1
2770 - 56 1
2770 - 56 1
2770 # 1504
2770 + 56
2770 + 56
2771 # 1504
2771 - 56 1
2771 - 56 1
2771 # 1504
2771 + 56
2772 # 1504
2772 - 56 1
2772 # 1504
2772 + 56
2774 # 1504
2774 - 56 2
2774 # 1504
2774 + 56
2774 + 56
2776 # 1504
2776 - 56 2
2776 - 56 2
2776 + 56
2778 # 1504
2778 - 56 2
2778 # 1504
2778 + 56
2779 # 1504
2779 - 56 1
2780 # 1504
2780 + 56
2780 + 56
2781 # 1504
2781 - 56 1
2781 - 56 1
2782 # 1504
2782 # 1504
2782 # 1504
2783 # 1504
2783 + 56
2784 + 56
2785 # 1504
2785 - 56 2
2785 - 56 1
2785 # 1504
2785 # 1504
2786 # 1504
2786 # 1504
2786 + 56
2787 # 1504
2787 - 56 1
2788 + 56
2789 + 56
2790 # 1504
2790 - 56 2
2790 - 56 1
2790 # 1504
2790 # 1504
2791 # 1504
2792 # 1504
2792 # 1504
2794 # 1504
2794 # 1504
2795 # 1504
2796 # 1504
2796 # 1504
2797 # 1504
2799 # 1504
2799 # 1504
2799 # 1504
2800 # 1504
2800 + 56
2801 # 1504
2801 - 56 1
2801 # 1504
2801 + 56
2801 + 56
2802 # 1504
2802 - 56 1
2802 - 56 1
2802 + 56
2803 # 1504
2803 - 56 1
2803 + 56
2804 # 1504
2804 - 56 1
2804 # 1504
2805 # 1504
2806 # 1504
2806 # 1504
2807 # 1504
2807 # 1504
2807 # 1504
2809 # 1504
2814 + 56
2814 + 56
2817 + 56
2818 # 1504
2818 - 56 4
2818 - 56 4
2818 - 56 1
2818 # 1504
2818 + 56
2818 + 56
2819 # 1504
2819 - 56 1
2819 - 56 1
2819 # 1504
2819 # 1504
2820 + 56
2820 + 56
2821 # 1504
2821 - 56 1
2821 - 56 1
2821 # 1504
2821 # 1504
2821 # 1504
2821 # 1504
2821 # 1504
2822 # 1504
2822 # 1504
2822 # 1504
2822 # 1504
2823 # 1504
2824 # 1504
2824 + 56
2824 + 56
2826 # 1504
2826 - 56 2
2826 - 56 2
2826 # 1504
2827 # 1504
2827 # 1504
2827 + 56
2828 # 1504
2828 - 56 1
2828 # 1504
2828 + 56
2829 # 1504
2829 - 56 1
2829 # 1504
2830 + 56
2831 # 1504
2831 - 56 1
2832 # 1504
2832 # 1504
2832 + 56
2834 # 1504
2834 - 56 2
2835 # 1504
2835 # 1504
2835 # 1504
2836 # 1504
2837 # 1504
2839 # 1504
2839 # 1504
2839 # 1504
2840 # 1504
2840 # 1504
2840 # 1504
2841 # 1504
2841 + 56
2843 # 1504
2843 - 56 2
2843 # 1504
2844 # 1504
2844 + 56
2844 + 56
2845 # 1504
2845 - 56 1
2845 - 56 1
2846 # 1504
2846 # 1504
2846 + 56
2847 + 56
2848 # 1504
2848 - 56 2
2848 - 56 1
2848 # 1504
2848 # 1504
2851 # 1504
2851 # 1504
2851 # 1504
2851 # 1504
2852 + 56
2854 # 1504
2854 - 56 2
2854 # 1504
2854 # 1504
2854 # 1504
2855 # 1504
2855 # 1504
2855 # 1504
2857 # 1504
2857 # 1504
2858 # 1504
2858 # 1504
2858 # 1504
2859 # 1504
2859 + 56
2859 + 56
2859 + 56
2860 # 1504
2860 - 56 1
2860 - 56 1
2860 - 56 1
2860 # 1504
2860 + 56
2861 + 56
2862 # 1504
2862 - 56 2
2862 - 56 1
2863 # 1504
2863 # 1504
2864 # 1504
2865 # 1504
2865 # 1504
2866 # 1504
2866 # 1504
2866 # 1504
2866 + 56
2867 # 1504
2867 - 56 1
2867 # 1504
2876 # 1504
2876 # 1504
2876 # 1504
2876 # 1504
2876 # 1504
2876 # 1504
2876 # 1504
2877 # 1504
2877 # 1504
2877 # 1504
2878 # 1504
2878 # 1504
2878 # 1504
2879 # 1504
2880 # 1504
2880 # 1504
2881 # 1504
2882 # 1504
2882 # 1504
2883 # 1504
2883 # 1504
2883 + 56
2883 + 56
2883 + 56
2886 + 56
2887 + 56
2892 # 1504
2892 - 56 9
2892 - 56 9
2892 - 56 9
2892 - 56 6
2892 - 56 5
2893 # 1504
2893 # 1504
2893 # 1504
2893 # 1504
2893 # 1504
2893 # 1504
2893 # 1504
2893 # 1504
2893 # 1504
2893 # 1504
2894 # 1504
2894 # 1504
2894 # 1504
2894 + 56
2894 + 56
2895 # 1504
2895 - 56 1
2895 - 56 1
2895 # 1504
2895 + 56
2896 # 1504
2896 - 56 1
2896 # 1504
2896 # 1504
2896 + 56
2897 + 56
2898 # 1504
2898 - 56 2
2898 - 56 1
2898 # 1504
2899 # 1504
2900 # 1504
2900 # 1504
2900 # 1504
2900 + 56
2900 + 56
2902 # 1504
2902 - 56 2
2902 - 56 2
2902 # 1504
2903 # 1504
2903 # 1504
2904 + 56
2908 + 56
2912 # 1504
2912 - 56 8
2912 - 56 4
2912 # 1504
2912 # 1504
2912 # 1504
2912 + 56
2913 # 1504
2913 - 56 1
2915 # 1504
2915 # 1504
2915 # 1504
2915 # 1504
2915 # 1504
2915 # 1504
2915 # 1504
2916 # 1504
2916 # 1504
2916 # 1504
2916 # 1504
2917 # 1504
2918 # 1504
2919 # 1504
2920 # 1504
2920 # 1504
2920 # 1504
2921 # 1504
2921 # 1504
2921 + 56
2922 # 1504
2922 - 56 1
2922 # 1504
2923 # 1504
2923 + 56
2925 # 1504
2925 - 56 2
2925 # 1504
2925 # 1504
2927 # 1504
2927 # 1504
2927 # 1504
2928 # 1504
2928 # 1504
2929 # 1504
2929 # 1504
2930 # 1504
2930 # 1504
2930 + 56
2931 # 1504
2931 - 56 1
2931 # 1504
2931 # 1504
2932 + 56
2933 # 1504
2933 - 56 1
2933 # 1504
2934 # 1504
2934 + 56
2937 + 56
2942 # 1504
2942 - 56 8
2942 - 56 5
2942 # 1504
2942 # 1504
2942 # 1504
2943 # 1504
2943 # 1504
2943 # 1504
2943 # 1504
2944 # 1504
2944 # 1504
2944 + 56
2945 # 1504
2945 - 56 1
2945 # 1504
2945 # 1504
2945 + 56
2946 # 1504
2946 - 56 1
2946 # 1504
2947 + 56
2948 # 1504
2948 - 56 1
2948 # 1504
2949 # 1504
2949 # 1504
2949 # 1504
2949 + 56
2950 # 1504
2950 - 56 1
2950 # 1504
2951 # 1504
2951 + 56
2952 # 1504
2952 - 56 1
2952 + 56
2953 # 1504
2953 - 56 1
2955 # 1504
2955 # 1504
2955 # 1504
2955 # 1504
2956 + 56
2957 # 1504
2957 - 56 1
2957 # 1504
2958 # 1504
2958 # 1504
2958 + 56
2959 # 1504
2959 - 56 1
2959 # 1504
2961 # 1504
2961 # 1504
2961 # 1504
2961 + 56
2962 # 1504
2962 - 56 1
2963 # 1504
2963 # 1504
2964 + 56
2965 # 1504
2965 - 56 1
2972 # 1504
2972 # 1504
2972 # 1504
2972 # 1504
2972 # 1504
2972 # 1504
2972 # 1504
2973 # 1504
2973 # 1504
2973 # 1504
2973 # 1504
2973 # 1504
2973 # 1504
2973 # 1504
2973 + 56
2975 + 56
2976 + 56
2978 + 56
2981 + 56
2981 + 56
2982 # 1504
2982 - 56 9
2982 - 56 7
2982 - 56 6
2982 - 56 4
2982 - 56 1
2982 - 56 1
2984 + 56
2986 # 1504
2986 - 56 2
2986 # 1504
2986 # 1504
2986 # 1504
2986 # 1504
2986 # 1504
2988 # 1504
2988 # 1504
2988 # 1504
2990 # 1504
2990 # 1504
2991 # 1504
2991 # 1504
2992 # 1504
2992 # 1504
2992 # 1504
2993 # 1504
2993 # 1504
2994 + 56
2995 # 1504
2995 - 56 1
2996 # 1504
2996 # 1504
2997 # 1504
2997 # 1504
2997 # 1504
2997 + 56
2998 # 1504
2998 - 56 1
2999 # 1504
3000 # 1504
3000 # 1504
3001 # 1504
3001 + 56
3002 # 1504
3002 - 56 1
3003 # 1504
3003 + 56
3004 # 1504
3004 - 56 1
3004 # 1504
3004 # 1504
3005 # 1504
3005 # 1504
3005 + 56
3006 # 1504
3006 - 56 1
3006 # 1504
3008 # 1504
3008 # 1504
3008 # 1504
3008 + 56
3009 # 1504
3009 - 56 1
3009 # 1504
3010 # 1504
3010 # 1504
3011 # 1504
3011 + 56
3011 + 56
3012 # 1504
3012 - 56 1
3012 - 56 1
3012 # 1504
3013 # 1504
3013 # 1504
3013 # 1504
3014 # 1504
3014 + 56
3015 # 1504
3015 - 56 1
3015 # 1504
3015 + 56
3016 # 1504
3016 - 56 1
3016 # 1504
3017 # 1504
3018 # 1504
3018 # 1504
3019 # 1504
3019 # 1504
3019 # 1504
3019 + 56
3020 # 1504
3020 - 56 1
3020 # 1504
3020 + 56
3022 + 56
3025 + 56
3026 + 56
3030 # 1504
3030 - 56 10
3030 - 56 8
3030 - 56 5
3030 - 56 4
3030 # 1504
3030 + 56
3031 # 1504
3031 - 56 1
3031 # 1504
3032 # 1504
3032 # 1504
3032 # 1504
3032 # 1504
3032 # 1504
3032 # 1504
3032 # 1504
3032 # 1504
3032 # 1504
3032 # 1504
3032 # 1504
3032 # 1504
3033 # 1504
3038 + 56
3040 + 56
3043 # 1504
3043 - 56 5
3043 - 56 3
3043 # 1504
3043 # 1504
3043 # 1504
3043 # 1504
3043 # 1504
3043 # 1504
3043 # 1504
3043 # 1504
3043 # 1504
3043 # 1504
3043 # 1504
3043 # 1504
3043 # 1504
3044 # 1504
3048 + 56
3051 + 56
3052 + 56
3053 # 1504
3053 - 56 5
3053 - 56 2
3053 - 56 1
3053 # 1504
3053 # 1504
3053 # 1504
3053 # 1504
3053 # 1504
3053 # 1504
3053 # 1504
3053 # 1504
3053 # 1504
3053 # 1504
3053 # 1504
3053 # 1504
3053 # 1504
3053 # 1504
3055 # 1504
3055 # 1504
3055 + 56
3056 # 1504
3056 - 56 1
3056 # 1504
3057 + 56
3058 # 1504
3058 - 56 1
3059 # 1504
3059 # 1504
3059 + 56
3060 # 1504
3060 - 56 1
3062 + 56
3066 + 56
3070 # 1504
3070 - 56 8
3070 - 56 4
3070 # 1504
3070 # 1504
3070 # 1504
3070 # 1504
3070 # 1504
3070 # 1504
3070 # 1504
3073 # 1504
3074 # 1504
3074 # 1504
3074 + 56
3075 + 56
3078 + 56
3078 + 56
3078 + 56
3083 # 1504
3083 - 56 9
3083 - 56 8
3083 - 56 5
3083 - 56 5
3083 - 56 5
3083 # 1504
3083 # 1504
3083 # 1504
3083 # 1504
3083 # 1504
3083 # 1504
3084 # 1504
3084 # 1504
3084 # 1504
3084 # 1504
3084 # 1504
3084 # 1504
3084 # 1504
3086 # 1504
3086 # 1504
3086 + 56
3087 + 56
3087 + 56
3088 # 1504
3088 - 56 2
3088 - 56 1
3088 - 56 1
3088 # 1504
3088 # 1504
3089 # 1504
3090 # 1504
3091 + 56
3092 + 56
3093 + 56
3093 + 56
3095 + 56
3095 + 56
3095 + 56
3097 + 56
3097 + 56
3098 # 1504
3098 - 56 7
3098 - 56 6
3098 - 56 5
3098 - 56 5
3098 - 56 3
3098 - 56 3
3098 - 56 3
3098 - 56 1
3098 - 56 1
3098 # 1504
3098 # 1504
3098 # 1504
3098 # 1504
3098 # 1504
3098 # 1504
3099 + 56
3100 + 56
3103 # 1504
3103 - 56 4
3103 - 56 3
3103 + 56
3103 + 56
3104 # 1504
3104 - 56 1
3104 - 56 1
3104 # 1504
3104 # 1504
3105 + 56
3106 # 1504
3106 - 56 1
3106 + 56
3107 # 1504
3107 - 56 1
3107 # 1504
3108 + 56
3116 # 1504
3116 - 56 8
3116 # 1504
3116 # 1504
3116 # 1504
3116 # 1504
3116 # 1504
3116 # 1504
3116 # 1504
3116 # 1504
3117 # 1504
3117 # 1504
3118 # 1504
3118 # 1504
3119 # 1504
3119 # 1504
3120 # 1504
3120 # 1504
3120 + 56
3121 # 1504
3121 - 56 1
3121 # 1504
3122 # 1504
3122 + 56
3122 + 56
3123 + 56
3124 # 1504
3124 - 56 2
3124 - 56 2
3124 - 56 1
3125 # 1504
3126 # 1504
3126 # 1504
3126 # 1504
3126 # 1504
3126 + 56
3126 + 56
3127 # 1504
3127 - 56 1
3127 - 56 1
3128 # 1504
3128 # 1504
3128 + 56
3129 # 1504
3129 - 56 1
3130 + 56
3131 # 1504
3131 - 56 1
3131 # 1504
3131 + 56
3132 # 1504
3132 - 56 1
3132 # 1504
3133 + 56
3134 + 56
3134 + 56
3135 + 56
3138 + 56
3138 + 56
3141 # 1504
3141 - 56 8
3141 - 56 7
3141 - 56 7
3141 - 56 6
3141 - 56 3
3141 - 56 3
3141 # 1504
3141 # 1504
3142 # 1504
3142 # 1504
3142 # 1504
3142 # 1504
3142 # 1504
3142 # 1504
3142 # 1504
3143 # 1504
3147 + 56
3147 + 56
3148 + 56
3149 + 56
3153 # 1504
3153 - 56 6
3153 - 56 6
3153 - 56 5
3153 - 56 4
3153 # 1504
3153 # 1504
3153 # 1504
3153 # 1504
3153 # 1504
3153 # 1504
3153 # 1504
3153 # 1504
3153 # 1504
3153 # 1504
3160 + 56
3160 + 56
3160 + 56
3160 + 56
3160 + 56
3160 + 56
3161 + 56
3162 # 1504
3162 - 56 2
3162 - 56 2
3162 - 56 2
3162 - 56 2
3162 - 56 2
3162 - 56 2
3162 - 56 1
3162 # 1504
3162 # 1504
3163 # 1504
3163 # 1504
3163 # 1504
3163 # 1504
3163 + 56
3163 + 56
3163 + 56
3163 + 56
3164 + 56
3166 + 56
3168 # 1504
3168 - 56 5
3168 - 56 5
3168 - 56 5
3168 - 56 5
3168 - 56 4
3168 - 56 2
3168 # 1504
3168 # 1504
3168 # 1504
3168 # 1504
3169 # 1504
3169 + 56
3170 # 1504
3170 - 56 1
3170 # 1504
3170 # 1504
3171 # 1504
3171 + 56
3172 # 1504
3172 - 56 1
3172 # 1504
3174 + 56
3176 # 1504
3176 - 56 2
3176 + 56
3177 # 1504
3177 - 56 1
3177 + 56
3178 # 1504
3178 - 56 1
3178 # 1504
3178 # 1504
3178 + 56
3179 # 1504
3179 - 56 1
3180 # 1504
3180 + 56
3181 # 1504
3181 - 56 1
3181 + 56
3191 + 56
3191 + 56
3195 # 1504
3195 - 56 14
3195 - 56 4
3195 - 56 4
3195 # 1504
3195 # 1504
3196 # 1504
3196 # 1504
3199 # 1504
3200 + 56
3200 + 56
3200 + 56
3201 + 56
3204 + 56
3205 + 56
3207 + 56
3209 # 1504
3209 - 56 9
3209 - 56 9
3209 - 56 9
3209 - 56 8
3209 - 56 5
3209 - 56 4
3209 - 56 2
3209 # 1504
3209 # 1504
3209 # 1504
3209 # 1504
3209 # 1504
3210 # 1504
3210 # 1504
3210 # 1504
3210 # 1504
3210 # 1504
3211 # 1504
3213 # 1504
3213 # 1504
3213 # 1504
3217 + 56
3218 + 56
3219 + 56
3219 + 56
3222 # 1504
3222 - 56 5
3222 - 56 4
3222 - 56 3
3222 - 56 3
3222 # 1504
3222 # 1504
3222 # 1504
3222 # 1504
3222 # 1504
3222 # 1504
3222 # 1504
3222 # 1504
3222 # 1504
3224 # 1504
3224 # 1504
3224 # 1504
3225 # 1504
3225 # 1504
3226 # 1504
3227 # 1504
3227 # 1504
3228 # 1504
3228 + 56
3228 + 56
3229 # 1504
3229 - 56 1
3229 - 56 1
3230 + 56
3231 # 1504
3231 - 56 1
3231 # 1504
3240 # 1504
3241 # 1504
3241 # 1504
3241 # 1504
3241 # 1504
3241 # 1504
3241 # 1504
3241 # 1504
3241 # 1504
3241 # 1504
3242 # 1504
3242 # 1504
3242 + 56
3243 # 1504
3243 - 56 1
3243 + 56
3244 # 1504
3244 - 56 1
3244 # 1504
3245 + 56
3246 # 1504
3246 - 56 1
3246 # 1504
3247 # 1504
3247 # 1504
3247 # 1504
3248 + 56
3249 # 1504
3249 - 56 1
3250 # 1504
3250 # 1504
3251 # 1504
3252 # 1504
3252 # 1504
3254 # 1504
3255 # 1504
3255 # 1504
3257 # 1504
3258 # 1504
3258 # 1504
3260 # 1504
3261 # 1504
3261 # 1504
3262 + 56
3262 + 56
3267 + 56
3267 + 56
3270 # 1504
3270 - 56 8
3270 - 56 8
3270 - 56 3
3270 - 56 3
3270 # 1504
3270 # 1504
3270 + 56
3271 # 1504
3271 - 56 1
3272 # 1504
3272 # 1504
3272 # 1504
3272 # 1504
3272 + 56
3275 # 1504
3275 - 56 3
3275 # 1504
3275 # 1504
3275 # 1504
3275 + 56
3276 # 1504
3276 - 56 1
3285 # 1504
3285 # 1504
3285 # 1504
3285 # 1504
3285 # 1504
3285 # 1504
3286 + 56
3287 + 56
3289 # 1504
3289 - 56 3
3289 - 56 2
3289 # 1504
3291 # 1504
3292 # 1504
3294 + 56
3294 + 56
3295 # 1504
3295 - 56 1
3295 - 56 1
3295 # 1504
3295 # 1504
3296 # 1504
3296 + 56
3298 # 1504
3298 - 56 2
3298 # 1504
3300 + 56
3304 # 1504
3304 - 56 4
3304 # 1504
3304 # 1504
3304 # 1504
3304 # 1504
3304 + 56
3306 # 1504
3306 - 56 2
3306 # 1504
3306 # 1504
3306 + 56
3308 # 1504
3308 - 56 2
3308 + 56
3312 + 56
3314 + 56
3319 + 56
3319 + 56
3321 # 1504
3321 - 56 13
3321 - 56 9
3321 - 56 7
3321 - 56 2
3321 - 56 2
3323 + 56
3324 # 1504
3324 - 56 1
3324 # 1504
3324 # 1504
3324 # 1504
3324 # 1504
3324 # 1504
3325 + 56
3326 # 1504
3326 - 56 1
3327 # 1504
3327 # 1504
3328 # 1504
3328 # 1504
3328 + 56
3329 # 1504
3329 - 56 1
3330 # 1504
3330 # 1504
3332 # 1504
3332 + 56
3333 # 1504
3333 - 56 1
3333 + 56
3334 # 1504
3334 - 56 1
3337 + 56
3339 + 56
3339 + 56
3342 + 56
3343 # 1504
3343 - 56 6
3343 - 56 4
3343 - 56 4
3343 - 56 1
3343 # 1504
3343 # 1504
3343 # 1504
3343 # 1504
3343 # 1504
3343 # 1504
3343 # 1504
3343 # 1504
3344 # 1504
3344 # 1504
3346 # 1504
3347 # 1504
3348 # 1504
3349 # 1504
3349 # 1504
3349 # 1504
3351 # 1504
3352 # 1504
3352 # 1504
3354 + 56
3354 + 56
3355 # 1504
3355 - 56 1
3355 - 56 1
3356 # 1504
3356 # 1504
3357 # 1504
3357 + 56
3358 # 1504
3358 - 56 1
3358 # 1504
3359 # 1504
3361 # 1504
3362 # 1504
3363 # 1504
3363 # 1504
3364 # 1504
3366 # 1504
3383 # 1504
3383 # 1504
3383 # 1504
3383 # 1504
3383 # 1504
3383 # 1504
3383 # 1504
3383 # 1504
3383 # 1504
3384 # 1504
3384 # 1504
3384 # 1504
3384 # 1504
3384 # 1504
3384 # 1504
3384 # 1504
3385 # 1504
3385 # 1504
3385 # 1504
3385 # 1504
3386 # 1504
3386 # 1504
3395 # 1504
3396 # 1504
3397 # 1504
3397 # 1504
3397 # 1504
3397 # 1504
3397 # 1504
3398 # 1504
3400 # 1504
3401 # 1504
3402 # 1504
3402 # 1504
3403 # 1504
3405 # 1504
3405 # 1504
3406 # 1504
3407 # 1504
3407 # 1504
3409 # 1504
3410 # 1504
3410 # 1504
3411 # 1504
3412 # 1504
3412 # 1504
3413 # 1504
3417 # 1504
3426 # 1504
3426 # 1504
3426 # 1504
3426 # 1504
3426 # 1504
3426 # 1504
3426 # 1504
3426 # 1504
3426 # 1504
3434 # 1504
3434 # 1504
3438 # 1504
3438 # 1504
3438 # 1504
3438 # 1504
3439 # 1504
3439 # 1504
3440 # 1504
3441 # 1504
3442 # 1504
3442 # 1504
3445 # 1504
3446 # 1504
3447 # 1504
3447 # 1504
3448 # 1504
3450 # 1504
3452 # 1504
3452 # 1504
3452 # 1504
3462 # 1504
3462 # 1504
3465 # 1504
3465 # 1504
3465 # 1504
3465 # 1504
3469 # 1504
3469 # 1504
3469 # 1504
3469 # 1504
3469 # 1504
3469 # 1504
3469 # 1504
3478 # 1504
3479 # 1504
3479 # 1504
3480 # 1504
3480 # 1504
3480 # 1504
3481 # 1504
3481 # 1504
3481 # 1504
3484 # 1504
3484 # 1504
3486 # 1504
3487 # 1504
3488 # 1504
3488 # 1504
3489 # 1504
3490 # 1504
3493 # 1504
3494 # 1504
3495 # 1504
3496 # 1504
3497 # 1504
3498 # 1504
3498 # 1504
3502 # 1504
3502 # 1504
3502 # 1504
3504 # 1504
3504 # 1504
3505 # 1504
3507 # 1504
3507 # 1504
3508 # 1504
3508 # 1504
3510 # 1504
3511 # 1504
3511 # 1504
3513 # 1504
3514 # 1504
3515 # 1504
3516 # 1504
3517 # 1504
3517 # 1504
3519 # 1504
3520 # 1504
3521 # 1504
3521 # 1504
3523 # 1504
3523 # 1504
3524 # 1504
3525 # 1504
3528 # 1504
3528 # 1504
3528 # 1504
3528 # 1504
3529 # 1504
3530 # 1504
3531 # 1504
3532 # 1504
3532 # 1504
3534 # 1504
3535 # 1504
3536 # 1504
3536 # 1504
3537 # 1504
3539 # 1504
3540 # 1504
3540 # 1504
3541 # 1504
3542 # 1504
3544 # 1504
3544 # 1504
3545 # 1504
3546 # 1504
3548 # 1504
3549 # 1504
3549 # 1504
3550 # 1504
3550 # 1504
3552 # 1504
3552 # 1504
3553 # 1504
3553 # 1504
3555 # 1504
3555 # 1504
3555 # 1504
3556 # 1504
3558 # 1504
3558 # 1504
3558 # 1504
3567 # 1504
3567 # 1504
3569 # 1504
3578 # 1504
3578 # 1504
3578 # 1504
3578 # 1504
3578 # 1504
3578 # 1504
3578 # 1504
3578 # 1504
3578 # 1504
3578 # 1504
3578 # 1504
3578 # 1504
3578 # 1504
3585 # 1504
3585 # 1504
3585 # 1504
3585 # 1504
3585 # 1504
3586 # 1504
3586 # 1504
3586 # 1504
3594 # 1504
3594 # 1504
3594 # 1504
3594 # 1504
3594 # 1504
3594 # 1504
3594 # 1504
3594 # 1504
3594 # 1504
3595 # 1504
3596 # 1504
3597 # 1504
3598 # 1504
3599 # 1504
3600 # 1504
3602 # 1504
3602 # 1504
3603 # 1504
3604 # 1504
3605 # 1504
3606 # 1504
3607 # 1504
3608 # 1504
3609 # 1504
3609 # 1504
3611 # 1504
3612 # 1504
3613 # 1504
3613 # 1504
3614 # 1504
3614 # 1504
3615 # 1504
3616 # 1504
3618 # 1504
3619 # 1504
3621 # 1504
3621 # 1504
3622 # 1504
3624 # 1504
3627 # 1504
3628 # 1504
3629 # 1504
3630 # 1504
3630 # 1504
3633 # 1504
3634 # 1504
3636 # 1504
3637 # 1504
3638 # 1504
3638 # 1504
3639 # 1504
3641 # 1504
3642 # 1504
3643 # 1504
3645 # 1504
3645 # 1504
3646 # 1504
3647 # 1504
3648 # 1504
3657 # 1504
3657 # 1504
3657 # 1504
3660 # 1504
3660 # 1504
3661 # 1504
3661 # 1504
3662 # 1504
3663 # 1504
3663 # 1504
3663 # 1504
3663 # 1504
3665 # 1504
3667 # 1504
3668 # 1504
3669 # 1504
3670 # 1504
3671 # 1504
3672 # 1504
3673 # 1504
3675 # 1504
3676 # 1504
3677 # 1504
3677 # 1504
3677 # 1504
3687 # 1504
3687 # 1504
3687 # 1504
3687 # 1504
3687 # 1504
3687 # 1504
3688 # 1504
3688 # 1504
3688 # 1504
3689 # 1504
3690 # 1504
3691 # 1504
3692 # 1504
3693 # 1504
3693 # 1504
3703 # 1504
3703 # 1504
3703 # 1504
3706 # 1504
3706 # 1504
3706 # 1504
3706 # 1504
3706 # 1504
3706 # 1504
3707 # 1504
3707 # 1504
3715 # 1504
3715 # 1504
3715 # 1504
3715 # 1504
3715 # 1504
3717 # 1504
3717 # 1504
3718 # 1504
3719 # 1504
3721 # 1504
3722 # 1504
3723 # 1504
3725 # 1504
3726 # 1504
3726 # 1504
3727 # 1504
3728 # 1504
3730 # 1504
3731 # 1504
3732 # 1504
3732 # 1504
3732 # 1504
3734 # 1504
3734 # 1504
3737 # 1504
3738 # 1504
3739 # 1504
3740 # 1504
3740 # 1504
3750 # 1504
3752 # 1504
3752 # 1504
3752 # 1504
3754 # 1504
3755 # 1504
3755 # 1504
3755 # 1504
3757 # 1504
3757 # 1504
3757 # 1504
3757 # 1504
3757 # 1504
3758 # 1504
3758 # 1504
3762 # 1504
3763 # 1504
3764 # 1504
3764 # 1504
3765 # 1504
3766 # 1504
3767 # 1504
3768 # 1504
3769 # 1504
3772 # 1504
3773 # 1504
3773 # 1504
3774 # 1504
3775 # 1504
3776 # 1504
3777 # 1504
3786 # 1504
3786 # 1504
3789 # 1504
3790 # 1504
3790 # 1504
3790 # 1504
3790 # 1504
3791 # 1504
3793 # 1504
3795 # 1504
3797 # 1504
3798 # 1504
3799 # 1504
3800 # 1504
3803 # 1504
3803 # 1504
3804 # 1504
3805 # 1504
3806 # 1504
3807 # 1504
3808 # 1504
3808 # 1504
3810 # 1504
3811 # 1504
3819 # 1504
3820 # 1504
3823 # 1504
3823 # 1504
3823 # 1504
3826 # 1504
3826 # 1504
3826 # 1504
3826 # 1504
3827 # 1504
3828 # 1504
3829 # 1504
3830 # 1504
3831 # 1504
3833 # 1504
3836 # 1504
3837 # 1504
3838 # 1504
3840 # 1504
3841 # 1504
3842 # 1504
3844 # 1504
3845 # 1504
3846 # 1504
3853 # 1504
3853 # 1504
3853 # 1504
3853 # 1504
3853 # 1504
3854 # 1504
3854 # 1504
3856 # 1504
3857 # 1504
3858 # 1504
3859 # 1504
3862 # 1504
3862 # 1504
3862 # 1504
3863 # 1504
3865 # 1504
3865 # 1504
3875 # 1504
3875 # 1504
3875 # 1504
3875 # 1504
3875 # 1504
3875 # 1504
3876 # 1504
3876 # 1504
3876 # 1504
3877 # 1504
3879 # 1504
3880 # 1504
3881 # 1504
3882 # 1504
3882 # 1504
3883 # 1504
3884 # 1504
3884 # 1504
3885 # 1504
3887 # 1504
3896 # 1504
3897 # 1504
3897 # 1504
3898 # 1504
3899 # 1504
3900 # 1504
3900 # 1504
3902 # 1504
3910 # 1504
3910 # 1504
3910 # 1504
3910 # 1504
3910 # 1504
3910 # 1504
3911 # 1504
3912 # 1504
3916 # 1504
3917 # 1504
3917 # 1504
3919 # 1504
3919 # 1504
3921 # 1504
3930 # 1504
3930 # 1504
3930 # 1504
3930 # 1504
3930 # 1504
3930 # 1504
3930 # 1504
3930 # 1504
3931 # 1504
3933 # 1504
3934 # 1504
3935 # 1504
3938 # 1504
3941 # 1504
