# mahimahi mm-link (Downlink) [/home/lorenzo/Desktop/PPO-for-Beginners/src/traces/ATT-LTE-driving-2016.down] > /home/lorenzo/Desktop/PPO-for-Beginners/log/mahimahi/MahimahiTrace.att_lte_driving_2016.2023.05.25.20.53.00.down.log
# command line: 'mm-link' '/home/lorenzo/Desktop/PPO-for-Beginners/src/traces/ATT-LTE-driving-2016.up' '/home/lorenzo/Desktop/PPO-for-Beginners/src/traces/ATT-LTE-driving-2016.down' '--uplink-log=/home/lorenzo/Desktop/PPO-for-Beginners/log/mahimahi/MahimahiTrace.att_lte_driving_2016.2023.05.25.20.53.00.up.log' '--downlink-log=/home/lorenzo/Desktop/PPO-for-Beginners/log/mahimahi/MahimahiTrace.att_lte_driving_2016.2023.05.25.20.53.00.down.log' 'python3' '/home/lorenzo/Desktop/PPO-for-Beginners/src/iperf.py' '192.168.64.16' '86400' '/home/lorenzo/Desktop/PPO-for-Beginners/log/ppo/iperf/att.lte.driving.2016.2023.05.25.20.53.00.json' '/home/lorenzo/Desktop/PPO-for-Beginners/src/pid.txt'
# queue: infinite
# init timestamp: 1685040780448
# base timestamp: 469
469 # 1504
469 # 1504
469 # 1504
469 # 1504
469 # 1504
469 # 1504
469 # 1504
469 # 1504
469 # 1504
469 # 1504
469 # 1504
469 # 1504
469 # 1504
469 # 1504
469 # 1504
469 # 1504
469 # 1504
469 # 1504
469 # 1504
469 # 1504
469 # 1504
470 # 1504
470 # 1504
470 # 1504
470 # 1504
470 # 1504
470 # 1504
470 # 1504
470 # 1504
471 # 1504
471 # 1504
471 # 1504
471 # 1504
471 # 1504
471 # 1504
471 # 1504
471 # 1504
479 # 1504
479 # 1504
479 # 1504
479 # 1504
479 # 1504
480 # 1504
480 # 1504
480 # 1504
480 # 1504
480 # 1504
483 # 1504
484 # 1504
484 # 1504
485 # 1504
485 # 1504
485 # 1504
485 # 1504
485 # 1504
485 # 1504
485 # 1504
485 # 1504
485 # 1504
485 # 1504
485 # 1504
485 # 1504
485 # 1504
485 # 1504
485 # 1504
485 # 1504
485 # 1504
486 # 1504
486 # 1504
486 # 1504
486 # 1504
486 # 1504
487 # 1504
487 # 1504
487 # 1504
487 # 1504
488 # 1504
488 # 1504
488 # 1504
489 # 1504
489 # 1504
489 # 1504
489 # 1504
490 # 1504
490 # 1504
490 # 1504
491 # 1504
491 # 1504
491 # 1504
493 # 1504
493 # 1504
493 # 1504
494 # 1504
494 # 1504
494 # 1504
499 + 80
499 + 52
499 + 80
499 + 80
499 + 80
501 # 1504
501 - 80 2
501 - 52 2
501 - 80 2
501 - 80 2
501 - 80 2
501 # 1504
502 # 1504
502 # 1504
502 # 1504
504 # 1504
505 # 1504
505 # 1504
505 # 1504
505 # 1504
505 # 1504
507 # 1504
507 # 1504
507 # 1504
507 # 1504
507 # 1504
509 # 1504
509 # 1504
509 # 1504
511 # 1504
511 # 1504
511 # 1504
512 # 1504
513 # 1504
513 # 1504
515 # 1504
516 # 1504
516 # 1504
517 # 1504
518 # 1504
518 # 1504
518 # 1504
519 # 1504
519 # 1504
520 # 1504
521 # 1504
521 # 1504
521 # 1504
522 # 1504
522 # 1504
522 # 1504
522 # 1504
522 # 1504
522 + 64
524 # 1504
524 - 64 2
524 # 1504
525 # 1504
525 # 1504
525 # 1504
526 # 1504
526 # 1504
527 # 1504
527 # 1504
527 # 1504
527 # 1504
527 # 1504
527 # 1504
527 + 56
527 + 57
527 + 56
528 # 1504
528 - 56 1
528 - 57 1
528 - 56 1
528 # 1504
529 # 1504
529 # 1504
529 # 1504
529 + 44
530 # 1504
530 - 44 1
530 # 1504
530 # 1504
531 # 1504
532 # 1504
532 # 1504
533 # 1504
534 # 1504
534 # 1504
535 # 1504
535 # 1504
535 # 1504
535 # 1504
536 # 1504
537 # 1504
537 # 1504
538 # 1504
538 # 1504
539 # 1504
539 # 1504
540 # 1504
540 # 1504
542 # 1504
542 # 1504
543 # 1504
543 # 1504
543 # 1504
