# mahimahi mm-link (Uplink) [/home/lorenzo/Desktop/PPO-for-Beginners/src/traces/ATT-LTE-driving-2016.up] > /home/lorenzo/Desktop/PPO-for-Beginners/log/mahimahi/MahimahiTrace.att_lte_driving_2016.2023.05.26.06.46.35.up.log
# command line: 'mm-link' '/home/lorenzo/Desktop/PPO-for-Beginners/src/traces/ATT-LTE-driving-2016.up' '/home/lorenzo/Desktop/PPO-for-Beginners/src/traces/ATT-LTE-driving-2016.down' '--uplink-log=/home/lorenzo/Desktop/PPO-for-Beginners/log/mahimahi/MahimahiTrace.att_lte_driving_2016.2023.05.26.06.46.35.up.log' '--downlink-log=/home/lorenzo/Desktop/PPO-for-Beginners/log/mahimahi/MahimahiTrace.att_lte_driving_2016.2023.05.26.06.46.35.down.log' 'python3' '/home/lorenzo/Desktop/PPO-for-Beginners/src/iperf.py' '192.168.64.16' '86400' '/home/lorenzo/Desktop/PPO-for-Beginners/log/ppo/iperf/att.lte.driving.2016.2023.05.26.06.46.35.json' '/home/lorenzo/Desktop/PPO-for-Beginners/src/pid.txt'
# queue: infinite
# init timestamp: 1685076395146
# base timestamp: 350
350 # 1504
353 + 80
353 + 52
353 + 80
384 + 64
398 # 1504
398 - 80 45
398 - 52 45
398 - 80 45
398 - 64 14
399 + 56
400 + 93
407 # 1504
407 - 56 8
407 - 93 7
407 # 1504
408 # 1504
408 # 1504
408 # 1504
408 # 1504
410 # 1504
410 # 1504
410 # 1504
410 # 1504
410 + 56
410 + 60
411 # 1504
411 - 56 1
411 - 60 1
412 # 1504
412 # 1504
412 # 1504
412 + 159
413 # 1504
413 - 159 1
413 # 1504
413 # 1504
413 # 1504
414 # 1504
415 + 56
415 + 64
416 # 1504
416 - 56 1
416 - 64 1
416 # 1504
416 # 1504
417 # 1504
417 + 56
417 + 93
419 # 1504
419 - 56 2
419 - 93 2
421 # 1504
421 # 1504
421 # 1504
421 + 56
422 # 1504
422 - 56 1
422 # 1504
423 + 56
423 + 1504
423 + 1504
423 + 1504
423 + 1504
424 # 1504
424 - 56 1
426 # 1504
426 - 1504 3
427 # 1504
427 - 1504 4
427 # 1504
427 - 1504 4
427 + 1504
427 + 1504
428 + 1504
428 + 1504
429 # 1504
429 - 1504 6
429 # 1504
429 - 1504 2
430 # 1504
430 - 1504 3
430 # 1504
430 - 1504 2
430 + 1504
430 + 1504
430 + 1504
430 + 1504
431 # 1504
431 - 1504 3
431 + 1504
431 + 1504
431 + 1504
431 + 1504
433 # 1504
433 - 1504 3
433 # 1504
433 - 1504 3
433 + 1504
433 + 1504
433 + 1504
433 + 1504
434 # 1504
434 - 1504 4
435 # 1504
435 - 1504 5
435 + 1504
435 + 1504
435 + 1504
435 + 1504
435 + 1504
435 + 1504
445 # 1504
445 - 1504 14
445 # 1504
445 - 1504 14
445 # 1504
445 - 1504 14
445 # 1504
445 - 1504 14
446 # 1504
446 - 1504 13
449 # 1504
449 - 1504 16
449 # 1504
449 - 1504 16
449 # 1504
449 - 1504 16
449 # 1504
449 - 1504 14
449 # 1504
449 - 1504 14
449 # 1504
449 - 1504 14
450 # 1504
450 - 1504 15
450 # 1504
450 - 1504 15
450 # 1504
450 - 1504 15
450 # 1504
451 # 1504
452 # 1504
452 # 1504
452 # 1504
453 # 1504
454 + 1504
454 + 1504
454 + 1504
454 + 1504
454 + 1504
454 + 1504
454 + 1504
454 + 1504
455 # 1504
455 - 1504 1
455 # 1504
455 - 1504 1
455 + 1504
455 + 1504
455 + 1504
455 + 1504
456 + 1504
456 + 1504
456 + 1504
456 + 1504
457 # 1504
457 - 1504 3
457 + 1504
457 + 1504
458 # 1504
458 - 1504 4
458 # 1504
458 - 1504 4
458 # 1504
458 - 1504 4
458 # 1504
458 - 1504 4
458 + 1504
458 + 1504
459 + 1504
459 + 1504
459 + 1504
459 + 1504
459 + 1504
459 + 1504
460 # 1504
460 - 1504 6
460 # 1504
460 - 1504 5
460 # 1504
460 - 1504 5
460 + 1504
460 + 1504
460 + 1504
460 + 1504
461 + 1504
461 + 1504
461 + 1504
461 + 1504
463 + 1504
463 + 1504
463 + 1504
463 + 1504
466 + 80
470 # 1504
470 - 1504 15
470 # 1504
470 - 1504 15
470 # 1504
470 - 1504 14
470 # 1504
470 - 1504 14
470 # 1504
470 - 1504 14
470 # 1504
470 - 1504 14
470 # 1504
470 - 1504 13
470 # 1504
470 - 1504 13
471 # 1504
471 - 1504 13
471 # 1504
471 - 1504 13
471 # 1504
471 - 1504 12
471 # 1504
471 - 1504 12
472 # 1504
472 - 1504 13
472 + 1504
472 + 1504
472 + 1504
472 + 1504
472 + 1504
473 + 1504
473 + 1504
474 # 1504
474 - 1504 15
474 + 1504
474 + 1504
475 + 1504
475 + 1504
475 + 1504
476 + 1504
476 + 1504
476 + 1504
476 + 1504
478 # 1504
478 - 1504 19
478 # 1504
478 - 1504 19
478 # 1504
478 - 1504 18
479 # 1504
479 - 1504 19
480 + 1504
480 + 1504
481 # 1504
481 - 1504 21
481 # 1504
481 - 1504 21
481 + 1504
481 + 1504
482 + 1504
482 + 1504
484 # 1504
484 - 1504 23
484 # 1504
484 - 1504 23
486 + 1504
486 + 1504
493 # 1504
493 - 1504 32
493 # 1504
493 - 1504 32
493 # 1504
493 - 1504 30
493 # 1504
493 - 1504 30
493 # 1504
493 - 1504 30
493 # 1504
493 - 1504 30
493 # 1504
493 - 80 27
494 # 1504
494 - 1504 22
495 # 1504
495 - 1504 23
495 # 1504
495 - 1504 23
495 # 1504
495 - 1504 23
495 # 1504
495 - 1504 23
496 # 1504
496 - 1504 23
496 # 1504
496 - 1504 23
496 + 1504
497 # 1504
497 - 1504 23
497 + 1504
497 + 1504
498 # 1504
498 - 1504 24
498 + 1504
498 + 1504
499 + 1504
500 # 1504
500 - 1504 25
500 + 1504
500 + 1504
501 # 1504
501 - 1504 26
501 # 1504
501 - 1504 26
501 + 1504
501 + 1504
502 + 1504
503 # 1504
503 - 1504 27
503 # 1504
503 - 1504 27
503 # 1504
503 - 1504 27
503 + 1504
503 + 1504
504 + 1504
504 + 1504
505 + 1504
506 # 1504
506 - 1504 30
506 # 1504
506 - 1504 26
506 + 1504
506 + 1504
507 # 1504
507 - 1504 27
507 + 1504
508 + 1504
508 + 1504
509 + 1504
510 + 1504
510 + 1504
511 + 1504
516 # 1504
516 - 1504 35
516 # 1504
516 - 1504 35
516 # 1504
516 - 1504 34
516 # 1504
516 - 1504 34
516 # 1504
516 - 1504 30
516 # 1504
516 - 1504 30
516 # 1504
516 - 1504 20
517 # 1504
517 - 1504 20
517 + 1504
518 # 1504
518 - 1504 21
518 # 1504
518 - 1504 20
518 # 1504
518 - 1504 20
518 # 1504
518 - 1504 19
518 # 1504
518 - 1504 18
518 # 1504
518 - 1504 18
518 + 1504
519 # 1504
519 - 1504 18
519 # 1504
519 - 1504 18
519 + 1504
519 + 1504
520 # 1504
520 - 1504 18
520 + 1504
521 # 1504
521 - 1504 18
521 + 1504
521 + 1504
522 + 1504
522 + 1504
523 # 1504
523 - 1504 20
523 # 1504
523 - 1504 19
523 + 1504
524 # 1504
524 - 1504 20
524 + 1504
524 + 1504
525 # 1504
525 - 1504 20
525 + 1504
526 # 1504
526 - 1504 20
526 # 1504
526 - 1504 20
526 + 1504
526 + 1504
527 # 1504
527 - 1504 20
527 # 1504
527 - 1504 19
527 + 1504
528 + 1504
528 + 1504
529 + 1504
529 + 1504
530 + 1504
530 + 1504
531 + 1504
531 + 1504
532 + 1504
533 + 1504
533 + 1504
534 + 1504
534 + 1504
538 # 1504
538 - 1504 30
538 # 1504
538 - 1504 29
538 # 1504
538 - 1504 28
538 # 1504
538 - 1504 28
538 # 1504
538 - 1504 27
538 # 1504
538 - 1504 21
538 # 1504
538 - 1504 20
538 # 1504
538 - 1504 19
538 # 1504
538 - 1504 19
538 # 1504
538 - 1504 18
538 # 1504
538 - 1504 17
538 # 1504
538 - 1504 17
538 # 1504
538 - 1504 16
538 # 1504
538 - 1504 16
539 # 1504
539 - 1504 16
540 + 1504
541 # 1504
541 - 1504 17
541 + 1504
541 + 1504
542 # 1504
542 - 1504 18
542 + 1504
542 + 1504
543 # 1504
543 - 1504 18
543 # 1504
543 - 1504 17
543 + 1504
543 + 1504
544 # 1504
544 - 1504 18
544 # 1504
544 - 1504 17
544 + 1504
545 # 1504
545 - 1504 17
545 + 1504
545 + 1504
546 # 1504
546 - 1504 18
546 # 1504
546 - 1504 17
546 # 1504
546 - 1504 17
546 + 1504
546 + 1504
547 + 1504
547 + 1504
548 # 1504
548 - 1504 18
548 # 1504
548 - 1504 18
548 + 1504
548 + 1504
549 # 1504
549 - 1504 18
549 + 1504
549 + 1504
550 # 1504
550 - 1504 19
550 # 1504
550 - 1504 18
550 # 1504
550 - 1504 17
550 + 1504
550 + 1504
551 # 1504
551 - 1504 18
551 # 1504
551 - 1504 17
551 + 1504
551 + 1504
552 # 1504
552 - 1504 18
554 # 1504
554 - 1504 14
554 + 1504
554 + 1504
555 + 1504
555 + 1504
556 + 1504
556 + 1504
557 # 1504
557 - 1504 16
557 # 1504
557 - 1504 16
557 # 1504
557 - 1504 15
557 # 1504
557 - 1504 15
557 # 1504
557 - 1504 14
557 + 1504
557 + 1504
558 # 1504
558 - 1504 15
558 # 1504
558 - 1504 14
558 + 1504
558 + 1504
559 # 1504
559 - 1504 14
559 + 1504
559 + 1504
559 + 1504
560 # 1504
560 - 1504 15
560 + 1504
560 + 1504
561 + 1504
561 + 1504
562 # 1504
562 - 1504 16
562 # 1504
562 - 1504 16
562 # 1504
562 - 1504 15
562 # 1504
562 - 1504 15
562 # 1504
562 - 1504 14
562 + 1504
562 + 1504
563 + 1504
563 + 1504
564 # 1504
564 - 1504 16
564 # 1504
564 - 1504 15
564 + 1504
564 + 1504
565 # 1504
565 - 1504 16
566 # 1504
566 - 1504 16
566 # 1504
566 - 1504 16
567 # 1504
567 - 1504 16
567 # 1504
567 - 1504 16
568 # 1504
568 - 1504 14
568 # 1504
568 - 1504 14
570 # 1504
570 - 1504 15
570 # 1504
570 - 1504 15
570 # 1504
570 - 1504 14
570 + 1504
570 + 1504
570 + 1504
571 # 1504
571 - 1504 15
571 + 1504
571 + 1504
572 # 1504
572 - 1504 15
572 # 1504
572 - 1504 15
572 + 1504
572 + 1504
573 + 1504
573 + 1504
574 + 1504
574 + 1504
575 + 1504
575 + 1504
575 + 1504
575 + 1504
576 # 1504
576 - 1504 18
576 # 1504
576 - 1504 18
576 # 1504
576 - 1504 17
576 # 1504
576 - 1504 17
576 # 1504
576 - 1504 17
576 + 1504
576 + 1504
577 + 1504
577 + 1504
578 # 1504
578 - 1504 18
578 # 1504
578 - 1504 18
578 # 1504
578 - 1504 17
578 + 1504
578 + 1504
579 + 1504
579 + 1504
579 + 1504
579 + 1504
580 # 1504
580 - 1504 19
580 # 1504
580 - 1504 18
580 # 1504
580 - 1504 18
580 + 1504
580 + 1504
581 # 1504
581 - 1504 18
582 # 1504
582 - 1504 19
583 # 1504
583 - 1504 19
584 # 1504
584 - 1504 20
584 # 1504
584 - 1504 14
585 # 1504
585 - 1504 15
585 # 1504
585 - 1504 15
586 # 1504
586 - 1504 15
586 # 1504
586 - 1504 15
586 # 1504
586 - 1504 14
586 # 1504
586 - 1504 14
586 + 1504
586 + 1504
586 + 1504
587 + 1504
587 + 1504
588 # 1504
588 - 1504 15
588 # 1504
588 - 1504 15
588 + 1504
588 + 1504
589 # 1504
589 - 1504 15
589 # 1504
589 - 1504 15
589 + 1504
589 + 1504
590 # 1504
590 - 1504 15
590 # 1504
590 - 1504 15
590 # 1504
590 - 1504 15
590 + 1504
590 + 1504
590 + 1504
590 + 1504
591 + 1504
591 + 1504
592 # 1504
592 - 1504 17
592 # 1504
592 - 1504 16
592 # 1504
592 - 1504 16
592 + 1504
592 + 1504
593 # 1504
593 - 1504 16
593 # 1504
593 - 1504 16
593 # 1504
593 - 1504 15
593 + 1504
593 + 1504
593 + 1504
593 + 1504
594 + 1504
594 + 1504
595 # 1504
595 - 1504 17
595 + 1504
595 + 1504
596 + 1504
596 + 1504
596 + 1504
596 + 1504
597 # 1504
597 - 1504 18
597 # 1504
597 - 1504 18
597 # 1504
597 - 1504 18
597 # 1504
597 - 1504 18
597 + 1504
597 + 1504
598 # 1504
598 - 1504 18
598 # 1504
598 - 1504 18
598 + 1504
598 + 1504
599 # 1504
599 - 1504 13
599 # 1504
599 - 1504 13
599 + 1504
599 + 1504
600 # 1504
600 - 1504 14
600 # 1504
600 - 1504 13
600 + 1504
600 + 1504
600 + 1504
600 + 1504
601 # 1504
601 - 1504 14
601 + 1504
601 + 1504
602 # 1504
602 - 1504 14
602 # 1504
602 - 1504 14
602 # 1504
602 - 1504 13
602 + 1504
602 + 1504
603 # 1504
603 - 1504 14
603 + 1504
603 + 1504
604 # 1504
604 - 1504 14
604 # 1504
604 - 1504 14
604 # 1504
604 - 1504 14
604 + 1504
604 + 1504
606 + 1504
606 + 1504
606 + 1504
606 + 1504
607 # 1504
607 - 1504 17
607 # 1504
607 - 1504 16
607 # 1504
607 - 1504 16
607 # 1504
607 - 1504 15
607 # 1504
607 - 1504 15
609 # 1504
609 - 1504 16
609 # 1504
609 - 1504 16
609 # 1504
609 - 1504 16
613 + 1504
613 + 1504
614 # 1504
614 - 1504 21
614 # 1504
614 - 1504 20
614 + 1504
614 + 1504
615 + 1504
615 + 1504
615 + 1504
615 + 1504
616 + 1504
616 + 1504
622 # 1504
622 - 1504 28
622 # 1504
622 - 1504 27
622 # 1504
622 - 1504 27
622 # 1504
622 - 1504 26
622 # 1504
622 - 1504 26
623 + 1504
624 + 1504
624 + 1504
624 + 1504
625 # 1504
625 - 1504 29
625 # 1504
625 - 1504 29
625 # 1504
625 - 1504 28
625 # 1504
625 - 1504 28
625 + 1504
625 + 1504
627 + 1504
627 + 1504
628 + 1504
629 + 1504
632 # 1504
632 - 1504 34
632 # 1504
632 - 1504 34
634 # 1504
634 - 1504 35
634 # 1504
634 - 1504 35
635 + 1504
635 + 1504
636 # 1504
636 - 1504 36
636 + 1504
637 + 1504
637 + 1504
638 # 1504
638 - 1504 38
638 + 1504
639 + 1504
641 # 1504
641 - 1504 41
643 # 1504
643 - 1504 43
643 + 1504
647 # 1504
647 - 1504 46
649 + 1504
649 + 1504
650 # 1504
650 - 1504 49
651 # 1504
651 - 1504 49
651 + 1504
652 + 1504
658 + 80
661 # 1504
661 - 1504 59
663 # 1504
663 - 1504 60
663 # 1504
663 - 1504 60
663 + 1504
664 # 1504
664 - 1504 60
664 + 1504
665 + 1504
675 # 1504
675 - 1504 71
676 + 1504
676 + 1504
677 # 1504
677 - 1504 71
680 # 1504
680 - 1504 74
680 # 1504
680 - 1504 74
682 + 1504
683 + 1504
691 # 1504
691 - 1504 85
692 + 1504
693 + 1504
695 # 1504
695 - 1504 82
695 # 1504
695 - 1504 82
695 # 1504
695 - 1504 81
696 # 1504
696 - 1504 82
697 + 1504
697 + 1504
699 + 1504
700 # 1504
700 - 1504 85
700 # 1504
700 - 1504 85
700 + 1504
701 + 1504
702 + 1504
703 # 1504
703 - 1504 88
706 # 1504
706 - 1504 91
706 # 1504
706 - 1504 90
706 # 1504
706 - 1504 90
707 # 1504
707 - 1504 84
708 # 1504
708 - 1504 84
710 # 1504
710 - 1504 86
710 + 1504
711 + 1504
712 + 1504
713 # 1504
713 - 1504 89
713 + 1504
715 + 1504
716 # 1504
716 - 1504 91
716 + 1504
718 # 1504
718 - 1504 93
718 + 1504
719 + 1504
720 # 1504
720 - 1504 93
721 # 1504
721 - 1504 94
721 + 1504
722 + 1504
724 + 1504
725 + 1504
732 # 1504
732 - 1504 104
734 # 1504
734 - 1504 105
734 # 1504
734 - 1504 99
735 + 1504
736 + 1504
737 + 1504
738 # 1504
738 - 1504 103
738 # 1504
738 - 1504 102
739 # 1504
739 - 1504 102
739 # 1504
739 - 1504 102
739 + 1504
740 # 1504
740 - 1504 102
740 + 1504
742 # 1504
742 - 1504 103
742 + 1504
743 # 1504
743 - 1504 100
744 + 1504
745 # 1504
745 - 1504 96
746 + 1504
747 # 1504
747 - 1504 98
747 # 1504
747 - 1504 96
747 # 1504
747 - 1504 95
747 - 80 89
747 + 1504
748 # 1504
748 - 1504 85
749 + 1504
750 # 1504
750 - 1504 86
750 # 1504
750 - 1504 85
751 + 1504
752 # 1504
752 - 1504 76
753 + 1504
755 + 1504
756 # 1504
756 - 1504 80
756 # 1504
756 - 1504 74
756 # 1504
756 - 1504 73
756 # 1504
756 - 1504 64
756 + 1504
758 # 1504
758 - 1504 65
758 + 1504
759 # 1504
759 - 1504 62
759 # 1504
759 - 1504 62
759 # 1504
759 - 1504 60
760 + 1504
761 # 1504
761 - 1504 61
762 + 1504
763 # 1504
763 - 1504 62
763 + 1504
765 + 1504
766 # 1504
766 - 1504 64
766 # 1504
766 - 1504 56
766 # 1504
766 - 1504 55
767 # 1504
767 - 1504 55
767 + 1504
768 # 1504
768 - 1504 55
768 + 1504
770 # 1504
770 - 1504 55
770 + 1504
771 # 1504
771 - 1504 55
771 + 1504
773 + 1504
774 + 1504
775 + 1504
777 + 1504
778 + 1504
780 + 1504
781 # 1504
781 - 1504 63
781 + 1504
782 + 44
782 + 44
783 + 1504
784 # 1504
784 - 1504 65
784 # 1504
784 - 1504 63
784 # 1504
784 - 1504 62
784 + 1504
785 + 1504
786 # 1504
786 - 1504 62
786 # 1504
786 - 1504 61
786 # 1504
786 - 1504 51
787 + 1504
788 # 1504
788 - 1504 52
788 + 1504
790 + 1504
791 # 1504
791 - 1504 54
791 + 1504
792 # 1504
792 - 1504 53
793 # 1504
793 - 1504 53
793 + 1504
794 + 1504
795 # 1504
795 - 1504 53
795 + 1504
796 # 1504
796 - 1504 52
796 # 1504
796 - 1504 50
796 + 1504
797 # 1504
797 - 1504 50
798 + 1504
799 # 1504
799 - 1504 50
799 # 1504
799 - 1504 48
799 # 1504
799 - 1504 46
799 + 1504
800 # 1504
800 - 1504 45
800 + 1504
801 + 1504
802 + 1504
804 + 1504
805 + 1504
806 + 1504
807 + 1504
808 + 1504
809 + 1504
810 # 1504
810 - 1504 54
810 # 1504
810 - 1504 52
810 # 1504
810 - 1504 50
810 # 1504
810 - 1504 48
810 # 1504
810 - 1504 47
811 # 1504
811 - 1504 46
811 # 1504
811 - 1504 44
811 # 1504
811 - 1504 43
811 + 1504
812 # 1504
812 - 1504 42
812 + 1504
813 + 1504
814 # 1504
814 - 1504 43
814 + 1504
815 + 1504
816 # 1504
816 - 1504 43
817 + 1504
818 # 1504
818 - 1504 44
818 + 1504
819 # 1504
819 - 1504 44
819 + 1504
820 + 1504
821 + 1504
822 # 1504
822 - 1504 45
822 + 1504
823 + 1504
824 + 1504
825 + 1504
826 + 1504
827 + 1504
828 + 1504
830 + 1504
831 + 1504
832 # 1504
832 - 1504 54
832 # 1504
832 - 1504 52
832 # 1504
832 - 1504 51
832 - 44 50
832 - 44 50
832 + 1504
833 # 1504
833 - 1504 50
833 # 1504
833 - 1504 49
833 + 1504
834 # 1504
834 - 1504 49
834 + 1504
835 + 1504
836 + 1504
837 # 1504
837 - 1504 50
837 + 1504
838 # 1504
838 - 1504 50
838 + 1504
839 + 1504
840 + 1504
886 + 1504
1022 + 1504
1293 + 1504
1842 + 1504
1880 # 1504
1880 - 1504 1090
1884 + 1504
1885 + 1504
1886 + 1504
1887 + 1504
1888 + 1504
1889 + 1504
1890 + 1504
1891 + 1504
1893 + 1504
1894 + 1504
1895 + 1504
1896 + 1504
1897 + 1504
1898 + 1504
1899 + 1504
1901 + 1504
1902 + 1504
1903 + 1504
1904 + 1504
1905 + 1504
1906 + 1504
1908 + 1504
1909 + 1504
1910 + 1504
1911 + 1504
1912 + 1504
1913 + 1504
1914 + 1504
1916 + 1504
1917 + 1504
1918 + 1504
1919 + 1504
1920 # 1504
1920 - 1504 1129
1920 + 1504
1921 + 1504
1922 # 1504
1922 - 1504 1129
1922 # 1504
1922 - 1504 1128
1922 # 1504
1922 - 1504 1127
1922 # 1504
1922 - 1504 1126
1922 + 1504
1923 # 1504
1923 - 1504 1125
1923 # 1504
1923 - 1504 1124
1924 # 1504
1924 - 1504 1124
1924 # 1504
1924 - 1504 1123
1924 + 1504
1925 # 1504
1925 - 1504 1123
1926 # 1504
1926 - 1504 1122
1929 + 1504
1934 + 1504
1935 # 1504
1935 - 1504 1130
1935 # 1504
1935 - 1504 1129
1935 # 1504
1935 - 1504 1128
1935 # 1504
1935 - 1504 1127
1938 # 1504
1938 - 1504 1129
1938 # 1504
1938 - 1504 1127
1938 # 1504
1938 - 1504 1126
1938 # 1504
1938 - 1504 1125
1938 # 1504
1938 - 1504 1124
1938 # 1504
1938 - 1504 1123
1938 # 1504
1938 - 1504 1121
1938 # 1504
1938 - 1504 1120
1939 # 1504
1939 - 1504 1120
1939 # 1504
1939 - 1504 1119
1939 # 1504
1939 - 1504 1118
1940 + 1504
1946 # 1504
1946 - 1504 1124
1946 # 1504
1946 - 1504 1123
1946 # 1504
1946 - 1504 1122
1946 # 1504
1946 - 1504 1121
1946 # 1504
1946 - 1504 1120
1946 # 1504
1946 - 1504 1119
1946 # 1504
1946 - 1504 1118
1946 + 1504
1948 # 1504
1948 - 1504 1118
1948 # 1504
1948 - 1504 1117
1948 # 1504
1948 - 1504 1116
1948 # 1504
1948 - 1504 1115
1948 # 1504
1948 - 1504 1114
1948 # 1504
1948 - 1504 1113
1948 # 1504
1948 - 1504 1112
1948 # 1504
1948 - 1504 1111
1949 # 1504
1949 - 1504 1111
1950 # 1504
1950 - 1504 1111
1953 + 1504
1960 # 1504
1960 - 1504 1120
1960 # 1504
1960 - 1504 1074
1960 # 1504
1960 - 1504 938
1960 # 1504
1960 - 1504 667
1960 # 1504
1960 - 1504 118
1960 # 1504
1960 - 1504 76
1960 + 1504
1962 # 1504
1962 - 1504 77
1962 # 1504
1962 - 1504 76
1962 # 1504
1962 - 1504 75
1962 # 1504
1962 - 1504 74
1962 # 1504
1962 - 1504 73
1962 # 1504
1962 - 1504 72
1962 # 1504
1962 - 1504 71
1964 # 1504
1964 - 1504 71
1965 # 1504
1965 - 1504 71
1965 + 1504
1966 # 1504
1966 - 1504 71
1967 # 1504
1967 - 1504 71
1967 # 1504
1967 - 1504 70
1967 + 1504
1969 # 1504
1969 - 1504 71
1969 # 1504
1969 - 1504 70
1969 + 1504
1970 # 1504
1970 - 1504 69
1971 + 1504
1972 # 1504
1972 - 1504 70
1972 # 1504
1972 - 1504 69
1972 # 1504
1972 - 1504 68
1972 + 1504
1973 # 1504
1973 - 1504 68
1973 + 1504
1974 + 1504
1975 # 1504
1975 - 1504 69
1975 # 1504
1975 - 1504 67
1975 # 1504
1975 - 1504 66
1975 + 1504
1976 # 1504
1976 - 1504 66
1976 + 1504
1977 # 1504
1977 - 1504 66
1977 # 1504
1977 - 1504 65
1977 + 1504
1978 # 1504
1978 - 1504 65
1978 # 1504
1978 - 1504 64
1978 + 1504
1980 + 1504
1981 + 1504
1982 + 1504
1983 + 1504
1984 + 1504
1985 + 1504
1985 + 1504
1986 + 1504
1987 + 1504
1988 # 1504
1988 - 1504 72
1988 # 1504
1988 - 1504 71
1988 # 1504
1988 - 1504 70
1988 # 1504
1988 - 1504 69
1988 # 1504
1988 - 1504 68
1988 # 1504
1988 - 1504 67
1988 + 1504
1989 + 1504
1989 + 1504
1990 # 1504
1990 - 1504 68
1990 # 1504
1990 - 1504 66
1990 # 1504
1990 - 1504 61
1990 # 1504
1990 - 1504 56
1990 # 1504
1990 - 1504 50
1990 # 1504
1990 - 1504 44
1990 # 1504
1990 - 1504 37
1990 # 1504
1990 - 1504 30
1990 + 1504
1991 # 1504
1991 - 1504 26
1991 + 1504
1992 # 1504
1992 - 1504 25
1992 + 1504
1992 + 1504
1993 + 1504
1993 + 1504
1994 # 1504
1994 - 1504 25
1994 + 1504
1995 # 1504
1995 - 1504 24
1995 + 1504
1995 + 1504
1996 # 1504
1996 - 1504 24
1996 + 1504
1997 # 1504
1997 - 1504 24
1997 # 1504
1997 - 1504 23
1997 + 1504
1997 + 1504
1998 # 1504
1998 - 1504 23
1998 + 1504
1998 + 1504
1999 # 1504
1999 - 1504 23
1999 + 1504
1999 + 1504
1999 + 1504
2000 # 1504
2000 - 1504 23
2000 # 1504
2000 - 1504 22
2000 # 1504
2000 - 1504 20
2000 + 1504
2000 + 1504
2001 + 1504
2001 + 1504
2002 # 1504
2002 - 1504 21
2002 # 1504
2002 - 1504 20
2002 + 1504
2002 + 1504
2003 # 1504
2003 - 1504 20
2003 + 1504
2003 + 1504
2004 + 1504
2004 + 1504
2004 + 1504
2005 + 1504
2005 + 1504
2005 + 1504
2005 + 1504
2006 + 1504
2006 + 1504
2007 + 1504
2007 + 1504
2007 + 1504
2007 + 1504
2008 + 1504
2008 + 1504
2009 + 1504
2009 + 1504
2010 + 1504
2010 + 1504
2010 + 1504
2010 + 1504
2011 + 1504
2011 + 1504
2012 # 1504
2012 - 1504 28
2012 # 1504
2012 - 1504 27
2012 # 1504
2012 - 1504 27
2012 # 1504
2012 - 1504 26
2012 # 1504
2012 - 1504 25
2012 # 1504
2012 - 1504 24
2012 + 1504
2012 + 1504
2012 + 1504
2012 + 1504
2013 + 1504
2013 + 1504
2013 + 1504
2014 # 1504
2014 - 1504 25
2014 # 1504
2014 - 1504 25
2014 # 1504
2014 - 1504 24
2014 # 1504
2014 - 1504 23
2014 # 1504
2014 - 1504 22
2014 # 1504
2014 - 1504 22
2014 + 1504
2014 + 1504
2014 + 1504
2015 # 1504
2015 - 1504 22
2015 # 1504
2015 - 1504 22
2015 # 1504
2015 - 1504 21
2015 + 1504
2015 + 1504
2015 + 1504
2016 + 1504
2016 + 1504
2016 + 1504
2017 # 1504
2017 - 1504 22
2017 # 1504
2017 - 1504 22
2017 + 1504
2017 + 1504
2017 + 1504
2018 # 1504
2018 - 1504 22
2018 + 1504
2018 + 1504
2018 + 1504
2018 + 1504
2019 + 1504
2019 + 1504
2019 + 1504
2019 + 1504
2019 + 1504
2019 + 1504
2020 + 1504
2020 + 1504
2020 + 1504
2021 + 1504
2021 + 1504
2021 + 1504
2022 + 1504
2022 + 1504
2022 + 1504
2023 + 1504
2023 + 1504
2023 + 1504
2023 + 1504
2023 + 1504
2023 + 1504
2024 + 1504
2024 + 1504
2024 + 1504
2025 + 1504
2025 + 1504
2025 + 1504
2026 + 1504
2026 + 1504
2026 + 1504
2026 + 1504
2026 + 1504
2026 + 1504
2027 # 1504
2027 - 1504 30
2027 # 1504
2027 - 1504 30
2027 + 1504
2027 + 1504
2027 + 1504
2028 # 1504
2028 - 1504 30
2028 # 1504
2028 - 1504 30
2028 # 1504
2028 - 1504 29
2028 # 1504
2028 - 1504 29
2028 + 1504
2028 + 1504
2028 + 1504
2029 + 1504
2029 + 1504
2029 + 1504
2029 + 1504
2029 + 1504
2029 + 1504
2030 + 1504
2030 + 1504
2030 + 1504
2030 + 1504
2031 # 1504
2031 - 1504 32
2031 # 1504
2031 - 1504 31
2031 # 1504
2031 - 1504 31
2031 # 1504
2031 - 1504 30
2031 # 1504
2031 - 1504 30
2031 # 1504
2031 - 1504 29
2031 + 1504
2031 + 1504
2031 + 1504
2031 + 1504
2032 # 1504
2032 - 1504 30
2032 # 1504
2032 - 1504 29
2032 # 1504
2032 - 1504 29
2032 # 1504
2032 - 1504 28
2032 + 1504
2032 + 1504
2032 + 1504
2032 + 1504
2033 + 1504
2033 + 1504
2033 + 1504
2033 + 1504
2034 # 1504
2034 - 1504 30
2034 + 1504
2034 + 1504
2034 + 1504
2034 + 1504
2034 + 1504
2034 + 1504
2034 + 1504
2034 + 1504
2034 + 1504
2035 # 1504
2035 - 1504 31
2035 # 1504
2035 - 1504 30
2035 + 1504
2035 + 1504
2035 + 1504
2035 + 1504
2035 + 1504
2036 + 1504
2036 + 1504
2036 + 1504
2036 + 1504
2036 + 1504
2037 # 1504
2037 - 1504 32
2037 # 1504
2037 - 1504 32
2037 # 1504
2037 - 1504 32
2037 + 1504
2038 # 1504
2038 - 1504 32
2038 + 1504
2038 + 1504
2038 + 1504
2038 + 1504
2038 + 1504
2038 + 1504
2038 + 1504
2038 + 1504
2038 + 1504
2039 # 1504
2039 - 1504 33
2039 + 1504
2039 + 1504
2039 + 1504
2039 + 1504
2040 + 1504
2040 + 1504
2040 + 1504
2040 + 1504
2041 # 1504
2041 - 1504 34
2041 # 1504
2041 - 1504 34
2041 + 1504
2041 + 1504
2041 + 1504
2041 + 1504
2042 # 1504
2042 - 1504 35
2043 # 1504
2043 - 1504 36
2043 + 1504
2043 + 1504
2043 + 1504
2043 + 1504
2044 # 1504
2044 - 1504 36
2044 # 1504
2044 - 1504 36
2045 # 1504
2045 - 1504 36
2045 # 1504
2045 - 1504 36
2046 # 1504
2046 - 1504 36
2046 + 1504
2046 + 1504
2046 + 1504
2047 + 1504
2047 + 1504
2047 + 1504
2047 + 1504
2048 # 1504
2048 - 1504 38
2048 # 1504
2048 - 1504 38
2049 # 1504
2049 - 1504 39
2049 + 1504
2050 # 1504
2050 - 1504 39
2051 + 1504
2051 + 1504
2052 + 1504
2056 # 1504
2056 - 1504 45
2056 # 1504
2056 - 1504 44
2056 # 1504
2056 - 1504 44
2058 + 1504
2067 # 1504
2067 - 1504 55
2067 # 1504
2067 - 1504 55
2067 # 1504
2067 - 1504 54
2069 + 1504
2069 + 1504
2069 + 1504
2070 # 1504
2070 - 1504 57
2070 # 1504
2070 - 1504 57
2070 # 1504
2070 - 1504 56
2070 # 1504
2070 - 1504 56
2070 # 1504
2070 - 1504 56
2070 # 1504
2070 - 1504 55
2070 # 1504
2070 - 1504 55
2070 # 1504
2070 - 1504 55
2070 # 1504
2070 - 1504 54
2070 # 1504
2070 - 1504 54
2070 # 1504
2070 - 1504 54
2070 # 1504
2070 - 1504 53
2070 # 1504
2070 - 1504 53
2070 # 1504
2070 - 1504 53
2071 # 1504
2071 - 1504 53
2071 # 1504
2071 - 1504 53
2071 # 1504
2071 - 1504 53
2071 # 1504
2071 - 1504 53
2071 # 1504
2071 - 1504 52
2071 # 1504
2071 - 1504 52
2072 + 1504
2072 + 1504
2072 + 1504
2073 # 1504
2073 - 1504 54
2073 + 1504
2073 + 1504
2073 + 1504
2074 + 1504
2074 + 1504
2074 + 1504
2074 + 1504
2075 + 1504
2075 + 1504
2076 + 1504
2076 + 1504
2076 + 1504
2076 + 1504
2076 + 1504
2077 + 1504
2077 + 1504
2077 + 1504
2078 + 1504
2078 + 1504
2078 + 1504
2080 # 1504
2080 - 1504 61
2080 # 1504
2080 - 1504 61
2080 # 1504
2080 - 1504 61
2080 # 1504
2080 - 1504 60
2080 # 1504
2080 - 1504 60
2080 # 1504
2080 - 1504 60
2080 # 1504
2080 - 1504 59
2081 # 1504
2081 - 1504 60
2081 # 1504
2081 - 1504 60
2081 # 1504
2081 - 1504 59
2082 # 1504
2082 - 1504 60
2082 # 1504
2082 - 1504 60
2082 # 1504
2082 - 1504 59
2082 + 1504
2082 + 1504
2082 + 1504
2082 + 1504
2083 + 1504
2083 + 1504
2084 + 1504
2084 + 1504
2084 + 1504
2085 + 1504
2085 + 1504
2085 + 1504
2086 + 1504
2086 + 1504
2091 # 1504
2091 - 1504 68
2091 # 1504
2091 - 1504 68
2091 # 1504
2091 - 1504 68
2091 # 1504
2091 - 1504 68
2091 # 1504
2091 - 1504 68
2091 # 1504
2091 - 1504 67
2091 # 1504
2091 - 1504 67
2093 # 1504
2093 - 1504 69
2093 # 1504
2093 - 1504 68
2093 # 1504
2093 - 1504 68
2093 # 1504
2093 - 1504 68
2093 # 1504
2093 - 1504 67
2093 # 1504
2093 - 1504 67
2093 # 1504
2093 - 1504 67
2094 # 1504
2094 - 1504 68
2094 # 1504
2094 - 1504 68
2094 # 1504
2094 - 1504 68
2096 # 1504
2096 - 1504 69
2096 # 1504
2096 - 1504 69
2096 # 1504
2096 - 1504 69
2097 # 1504
2097 - 1504 69
2097 # 1504
2097 - 1504 69
2097 + 1504
2097 + 1504
2097 + 1504
2098 + 1504
2098 + 1504
2098 + 1504
2099 # 1504
2099 - 1504 71
2099 + 1504
2099 + 1504
2100 # 1504
2100 - 1504 71
2100 # 1504
2100 - 1504 71
2100 + 1504
2100 + 1504
2101 # 1504
2101 - 1504 72
2101 # 1504
2101 - 1504 72
2101 + 1504
2101 + 1504
2101 + 1504
2101 + 1504
2102 # 1504
2102 - 1504 73
2102 # 1504
2102 - 1504 73
2102 # 1504
2102 - 1504 72
2105 # 1504
2105 - 1504 75
2107 + 1504
2107 + 1504
2107 + 1504
2107 + 1504
2107 + 1504
2107 + 1504
2107 + 1504
2107 + 1504
2107 + 1504
2108 # 1504
2108 - 1504 78
2108 # 1504
2108 - 1504 78
2108 + 1504
2108 + 1504
2108 + 1504
2109 + 1504
2109 + 1504
2110 # 1504
2110 - 1504 79
2110 # 1504
2110 - 1504 79
2110 # 1504
2110 - 1504 79
2110 # 1504
2110 - 1504 79
2110 # 1504
2110 - 1504 78
2110 # 1504
2110 - 1504 78
2110 # 1504
2110 - 1504 78
2110 + 1504
2110 + 1504
2111 + 1504
2111 + 1504
2112 + 1504
2112 + 1504
2113 # 1504
2113 - 1504 81
2113 # 1504
2113 - 1504 80
2113 # 1504
2113 - 1504 80
2113 # 1504
2113 - 1504 80
2113 # 1504
2113 - 1504 80
2113 + 1504
2113 + 1504
2114 + 1504
2114 + 1504
2115 # 1504
2115 - 1504 81
2115 # 1504
2115 - 1504 81
2115 # 1504
2115 - 1504 81
2115 + 1504
2115 + 1504
2115 + 1504
2115 + 1504
2116 # 1504
2116 - 1504 82
2116 # 1504
2116 - 1504 82
2116 + 1504
2116 + 1504
2118 # 1504
2118 - 1504 84
2118 + 1504
2118 + 1504
2118 + 1504
2118 + 1504
2119 # 1504
2119 - 1504 85
2121 # 1504
2121 - 1504 87
2121 # 1504
2121 - 1504 87
2121 # 1504
2121 - 1504 86
2121 # 1504
2121 - 1504 86
2121 # 1504
2121 - 1504 86
2121 + 1504
2121 + 1504
2121 + 1504
2121 + 1504
2121 + 1504
2121 + 1504
2122 # 1504
2122 - 1504 87
2122 # 1504
2122 - 1504 87
2123 # 1504
2123 - 1504 87
2123 # 1504
2123 - 1504 87
2123 + 1504
2123 + 1504
2123 + 1504
2123 + 1504
2124 # 1504
2124 - 1504 88
2124 # 1504
2124 - 1504 88
2124 + 1504
2125 # 1504
2125 - 1504 89
2125 # 1504
2125 - 1504 88
2125 # 1504
2125 - 1504 87
2125 + 1504
2126 + 1504
2126 + 1504
2126 + 1504
2127 # 1504
2127 - 1504 89
2127 + 1504
2128 # 1504
2128 - 1504 90
2128 + 1504
2128 + 1504
2128 + 1504
2129 # 1504
2129 - 1504 91
2129 # 1504
2129 - 1504 91
2129 + 1504
2129 + 1504
2130 + 1504
2130 + 1504
2131 # 1504
2131 - 1504 93
2131 # 1504
2131 - 1504 93
2131 # 1504
2131 - 1504 93
2131 # 1504
2131 - 1504 93
2131 # 1504
2131 - 1504 92
2131 # 1504
2131 - 1504 92
2131 + 1504
2132 # 1504
2132 - 1504 93
2132 # 1504
2132 - 1504 93
2135 # 1504
2135 - 1504 95
2136 # 1504
2136 - 1504 96
2136 # 1504
2136 - 1504 96
2136 # 1504
2136 - 1504 96
2137 # 1504
2137 - 1504 96
2139 + 1504
2139 + 1504
2139 + 1504
2140 + 1504
2140 + 1504
2141 + 1504
2142 + 1504
2142 + 1504
2143 + 1504
2143 + 1504
2144 + 1504
2144 + 1504
2145 # 1504
2145 - 1504 104
2145 # 1504
2145 - 1504 104
2145 # 1504
2145 - 1504 104
2145 + 1504
2146 + 1504
2146 + 1504
2147 # 1504
2147 - 1504 104
2147 # 1504
2147 - 1504 104
2147 # 1504
2147 - 1504 104
2147 # 1504
2147 - 1504 104
2147 # 1504
2147 - 1504 101
2147 # 1504
2147 - 1504 101
2147 # 1504
2147 - 1504 101
2147 # 1504
2147 - 1504 100
2147 # 1504
2147 - 1504 100
2147 + 1504
2147 + 1504
2148 + 1504
2148 + 1504
2149 # 1504
2149 - 1504 102
2149 # 1504
2149 - 1504 102
2149 # 1504
2149 - 1504 100
2149 # 1504
2149 - 1504 98
2149 # 1504
2149 - 1504 98
2149 + 1504
2149 + 1504
2150 + 1504
2151 + 1504
2151 + 1504
2152 # 1504
2152 - 1504 100
2152 + 1504
2152 + 1504
2153 # 1504
2153 - 1504 95
2153 + 1504
2153 + 1504
2154 + 1504
2155 + 1504
2155 + 1504
2156 # 1504
2156 - 1504 87
2156 + 1504
2156 + 1504
2157 + 1504
2158 + 1504
2158 + 1504
2159 # 1504
2159 - 1504 90
2159 # 1504
2159 - 1504 90
2159 + 1504
2162 # 1504
2162 - 1504 90
2162 + 1504
2162 + 1504
2164 + 1504
2166 # 1504
2166 - 1504 94
2168 + 1504
2170 # 1504
2170 - 1504 98
2170 # 1504
2170 - 1504 97
2177 + 1504
2177 + 1504
2180 # 1504
2180 - 1504 107
2180 # 1504
2180 - 1504 107
2185 # 1504
2185 - 1504 111
2186 # 1504
2186 - 1504 112
2186 # 1504
2186 - 1504 112
2186 # 1504
2186 - 1504 112
2188 # 1504
2188 - 1504 113
2188 # 1504
2188 - 1504 113
2191 + 1504
2191 + 1504
2192 + 1504
2193 # 1504
2193 - 1504 117
2193 + 1504
2193 + 1504
2194 + 1504
2194 + 1504
2195 + 1504
2195 + 1504
2196 + 1504
2202 # 1504
2202 - 1504 126
2202 # 1504
2202 - 1504 126
2203 # 1504
2203 - 1504 127
2203 # 1504
2203 - 1504 127
2203 # 1504
2203 - 1504 126
2205 # 1504
2205 - 1504 128
2205 # 1504
2205 - 1504 128
2206 # 1504
2206 - 1504 128
2206 + 1504
2206 + 1504
2206 + 1504
2207 + 1504
2208 # 1504
2208 - 1504 130
2208 + 1504
2209 # 1504
2209 - 1504 131
2209 + 1504
2209 + 1504
2210 # 1504
2210 - 1504 128
2210 # 1504
2210 - 1504 128
2210 + 1504
2211 # 1504
2211 - 1504 129
2211 + 1504
2211 + 1504
2212 # 1504
2212 - 1504 130
2213 # 1504
2213 - 1504 130
2215 # 1504
2215 - 1504 132
2217 # 1504
2217 - 1504 133
2218 # 1504
2218 - 1504 134
2218 # 1504
2218 - 1504 134
2219 # 1504
2219 - 1504 134
2219 + 1504
2219 + 1504
2220 # 1504
2220 - 1504 135
2220 # 1504
2220 - 1504 135
2220 # 1504
2220 - 1504 134
2220 + 1504
2221 + 1504
2222 # 1504
2222 - 1504 136
2222 # 1504
2222 - 1504 125
2222 + 1504
2223 # 1504
2223 - 1504 126
2223 + 1504
2223 + 1504
2224 # 1504
2224 - 1504 127
2224 # 1504
2224 - 1504 126
2224 + 1504
2225 + 1504
2226 # 1504
2226 - 1504 128
2226 + 1504
2227 # 1504
2227 - 1504 129
2227 + 1504
2227 + 1504
2228 + 1504
2228 + 1504
2230 + 1504
2231 + 1504
2232 + 1504
2232 + 1504
2233 + 1504
2234 + 1504
2235 + 1504
2237 # 1504
2237 - 1504 138
2237 # 1504
2237 - 1504 138
2237 # 1504
2237 - 1504 137
2240 # 1504
2240 - 1504 140
2240 # 1504
2240 - 1504 139
2240 # 1504
2240 - 1504 139
2240 # 1504
2240 - 1504 139
2240 # 1504
2240 - 1504 139
2240 # 1504
2240 - 1504 133
2240 # 1504
2240 - 1504 133
2242 # 1504
2242 - 1504 135
2242 # 1504
2242 - 1504 135
2242 # 1504
2242 - 1504 135
2242 # 1504
2242 - 1504 135
2242 # 1504
2242 - 1504 135
2244 # 1504
2244 - 1504 137
2244 # 1504
2244 - 1504 137
2245 # 1504
2245 - 1504 137
2245 # 1504
2245 - 1504 137
2245 # 1504
2245 - 1504 137
2245 + 1504
2246 # 1504
2246 - 1504 137
2246 # 1504
2246 - 1504 137
2246 + 1504
2246 + 1504
2247 + 1504
2248 # 1504
2248 - 1504 138
2248 # 1504
2248 - 1504 138
2248 # 1504
2248 - 1504 137
2248 + 1504
2249 # 1504
2249 - 1504 138
2249 # 1504
2249 - 1504 137
2249 # 1504
2249 - 1504 137
2249 + 1504
2249 + 1504
2250 + 1504
2251 # 1504
2251 - 1504 138
2251 # 1504
2251 - 1504 138
2251 # 1504
2251 - 1504 137
2251 + 1504
2252 # 1504
2252 - 1504 138
2252 + 1504
2252 + 1504
2253 + 1504
2254 # 1504
2254 - 1504 139
2254 # 1504
2254 - 1504 139
2254 # 1504
2254 - 1504 139
2254 + 1504
2254 + 1504
2255 + 1504
2256 # 1504
2256 - 1504 141
2256 # 1504
2256 - 1504 140
2256 # 1504
2256 - 1504 140
2256 # 1504
2256 - 1504 138
2256 # 1504
2256 - 1504 138
2256 + 1504
2257 + 1504
2258 + 1504
2258 + 1504
2259 + 1504
2260 + 1504
2261 + 1504
2262 + 1504
2262 + 1504
2263 + 1504
2264 + 1504
2264 + 1504
2265 + 1504
2266 + 1504
2267 # 1504
2267 - 1504 149
2267 # 1504
2267 - 1504 149
2267 # 1504
2267 - 1504 146
2267 # 1504
2267 - 1504 146
2267 + 1504
2268 # 1504
2268 - 1504 147
2268 # 1504
2268 - 1504 147
2268 + 1504
2268 + 1504
2269 + 1504
2270 + 1504
2271 + 1504
2272 # 1504
2272 - 1504 151
2272 # 1504
2272 - 1504 151
2272 # 1504
2272 - 1504 149
2272 # 1504
2272 - 1504 149
2272 # 1504
2272 - 1504 149
2272 + 1504
2272 + 1504
2273 + 1504
2274 # 1504
2274 - 1504 151
2274 # 1504
2274 - 1504 150
2274 # 1504
2274 - 1504 149
2274 # 1504
2274 - 1504 148
2274 # 1504
2274 - 1504 148
2274 # 1504
2274 - 1504 148
2274 # 1504
2274 - 1504 147
2274 + 1504
2275 # 1504
2275 - 1504 147
2275 # 1504
2275 - 1504 147
2275 # 1504
2275 - 1504 147
2275 # 1504
2275 - 1504 146
2275 + 1504
2276 + 1504
2276 + 1504
2277 # 1504
2277 - 1504 148
2277 # 1504
2277 - 1504 147
2277 + 1504
2278 # 1504
2278 - 1504 148
2278 + 1504
2279 + 1504
2280 # 1504
2280 - 1504 149
2280 # 1504
2280 - 1504 141
2280 # 1504
2280 - 1504 141
2280 + 1504
2281 # 1504
2281 - 1504 142
2281 # 1504
2281 - 1504 141
2281 + 1504
2281 + 1504
2282 # 1504
2282 - 1504 142
2282 # 1504
2282 - 1504 141
2282 + 1504
2284 # 1504
2284 - 1504 142
2284 # 1504
2284 - 1504 142
2284 + 1504
2284 + 1504
2285 # 1504
2285 - 1504 142
2285 + 1504
2285 + 1504
2286 # 1504
2286 - 1504 143
2286 # 1504
2286 - 1504 142
2286 + 1504
2287 # 1504
2287 - 1504 143
2287 # 1504
2287 - 1504 142
2287 + 1504
2288 # 1504
2288 - 1504 142
2288 + 1504
2289 # 1504
2289 - 1504 143
2289 # 1504
2289 - 1504 142
2289 + 1504
2290 # 1504
2290 - 1504 143
2291 + 1504
2291 + 1504
2291 + 1504
2292 + 1504
2293 + 1504
2293 + 1504
2294 + 1504
2295 + 1504
2296 + 1504
2297 + 1504
2297 + 1504
2298 + 1504
2299 + 1504
2300 # 1504
2300 - 1504 152
2300 # 1504
2300 - 1504 152
2300 # 1504
2300 - 1504 151
2300 # 1504
2300 - 1504 151
2300 # 1504
2300 - 1504 150
2300 # 1504
2300 - 1504 149
2300 # 1504
2300 - 1504 149
2300 # 1504
2300 - 1504 148
2300 + 1504
2300 + 1504
2301 + 1504
2302 + 1504
2303 # 1504
2303 - 1504 151
2303 # 1504
2303 - 1504 150
2303 # 1504
2303 - 1504 150
2303 # 1504
2303 - 1504 149
2303 # 1504
2303 - 1504 148
2303 # 1504
2303 - 1504 148
2303 # 1504
2303 - 1504 147
2303 # 1504
2303 - 1504 147
2303 # 1504
2303 - 1504 146
2303 # 1504
2303 - 1504 145
2303 + 1504
2304 + 1504
2304 + 1504
2305 # 1504
2305 - 1504 147
2305 + 1504
2306 # 1504
2306 - 1504 147
2306 # 1504
2306 - 1504 144
2306 + 1504
2307 # 1504
2307 - 1504 145
2307 # 1504
2307 - 1504 143
2307 + 1504
2308 # 1504
2308 - 1504 140
2308 # 1504
2308 - 1504 131
2308 + 1504
2308 + 1504
2309 + 1504
2310 + 1504
2311 + 1504
2312 + 1504
2312 + 1504
2313 + 1504
2314 + 1504
2315 + 1504
2316 + 1504
2316 + 1504
2317 + 1504
2318 # 1504
2318 - 1504 141
2318 # 1504
2318 - 1504 127
2318 # 1504
2318 - 1504 127
2318 # 1504
2318 - 1504 126
2318 + 1504
2319 + 1504
2319 + 1504
2320 + 1504
2321 + 1504
2322 # 1504
2322 - 1504 129
2322 # 1504
2322 - 1504 129
2322 + 1504
2322 + 1504
2323 # 1504
2323 - 1504 129
2323 + 1504
2324 # 1504
2324 - 1504 130
2324 # 1504
2324 - 1504 129
2324 # 1504
2324 - 1504 129
2324 # 1504
2324 - 1504 128
2324 # 1504
2324 - 1504 118
2324 # 1504
2324 - 1504 118
2324 # 1504
2324 - 1504 118
2324 + 1504
2325 # 1504
2325 - 1504 118
2325 + 1504
2325 + 1504
2326 # 1504
2326 - 1504 118
2326 # 1504
2326 - 1504 117
2326 # 1504
2326 - 1504 117
2326 # 1504
2326 - 1504 116
2326 + 1504
2327 # 1504
2327 - 1504 116
2327 + 1504
2327 + 1504
2328 + 1504
2329 # 1504
2329 - 1504 118
2329 + 1504
2329 + 1504
2330 # 1504
2330 - 1504 111
2330 # 1504
2330 - 1504 111
2330 # 1504
2330 - 1504 110
2330 # 1504
2330 - 1504 109
2330 + 1504
2331 + 1504
2332 # 1504
2332 - 1504 110
2332 # 1504
2332 - 1504 109
2332 # 1504
2332 - 1504 109
2332 + 1504
2332 + 1504
2333 + 1504
2333 + 1504
2334 # 1504
2334 - 1504 110
2334 # 1504
2334 - 1504 109
2334 # 1504
2334 - 1504 108
2334 + 1504
2335 # 1504
2335 - 1504 108
2335 # 1504
2335 - 1504 108
2335 + 1504
2335 + 1504
2336 + 1504
2337 # 1504
2337 - 1504 109
2337 + 1504
2337 + 1504
2338 # 1504
2338 - 1504 110
2338 # 1504
2338 - 1504 108
2338 # 1504
2338 - 1504 107
2338 + 1504
2338 + 1504
2339 + 1504
2339 + 1504
2340 + 1504
2341 # 1504
2341 - 1504 109
2341 # 1504
2341 - 1504 109
2341 # 1504
2341 - 1504 108
2341 # 1504
2341 - 1504 107
2341 # 1504
2341 - 1504 106
2341 + 1504
2341 + 1504
2342 + 1504
2342 + 1504
2343 # 1504
2343 - 1504 98
2343 # 1504
2343 - 1504 97
2343 + 1504
2344 # 1504
2344 - 1504 98
2344 # 1504
2344 - 1504 97
2344 + 1504
2344 + 1504
2345 # 1504
2345 - 1504 97
2345 # 1504
2345 - 1504 96
2345 + 1504
2345 + 1504
2346 # 1504
2346 - 1504 97
2346 # 1504
2346 - 1504 96
2346 # 1504
2346 - 1504 95
2346 + 1504
2347 + 1504
2347 + 1504
2348 # 1504
2348 - 1504 96
2348 # 1504
2348 - 1504 96
2348 + 1504
2348 + 1504
2349 # 1504
2349 - 1504 96
2349 # 1504
2349 - 1504 95
2349 # 1504
2349 - 1504 95
2349 + 1504
2350 # 1504
2350 - 1504 95
2350 + 1504
2350 + 1504
2351 + 1504
2351 + 1504
2352 + 1504
2352 + 1504
2353 + 1504
2354 + 1504
2354 + 1504
2355 + 1504
2355 + 1504
2356 + 1504
2356 + 1504
2357 + 1504
2357 + 1504
2358 + 1504
2358 + 1504
2359 + 1504
2359 + 1504
2360 # 1504
2360 - 1504 104
2360 # 1504
2360 - 1504 103
2360 # 1504
2360 - 1504 102
2360 # 1504
2360 - 1504 102
2360 # 1504
2360 - 1504 101
2360 + 1504
2361 + 1504
2361 + 1504
2362 + 1504
2362 + 1504
2363 + 1504
2363 + 1504
2364 + 1504
2364 + 1504
2365 # 1504
2365 - 1504 105
2365 # 1504
2365 - 1504 104
2365 # 1504
2365 - 1504 103
2365 # 1504
2365 - 1504 103
2365 # 1504
2365 - 1504 102
2365 # 1504
2365 - 1504 101
2365 # 1504
2365 - 1504 101
2365 # 1504
2365 - 1504 100
2365 + 1504
2366 # 1504
2366 - 1504 100
2366 # 1504
2366 - 1504 99
2366 # 1504
2366 - 1504 98
2366 # 1504
2366 - 1504 98
2366 # 1504
2366 - 1504 97
2366 # 1504
2366 - 1504 96
2366 # 1504
2366 - 1504 95
2366 # 1504
2366 - 1504 94
2366 # 1504
2366 - 1504 94
2366 # 1504
2366 - 1504 93
2366 + 1504
2366 + 1504
2367 # 1504
2367 - 1504 93
2367 # 1504
2367 - 1504 92
2367 + 1504
2367 + 1504
2368 # 1504
2368 - 1504 92
2368 # 1504
2368 - 1504 92
2368 + 1504
2368 + 1504
2369 + 1504
2371 + 1504
2371 + 1504
2372 + 1504
2373 + 1504
2373 + 1504
2374 + 1504
2374 + 1504
2375 + 1504
2375 + 1504
2376 + 1504
2377 # 1504
2377 - 1504 100
2377 # 1504
2377 - 1504 99
2377 # 1504
2377 - 1504 98
2377 # 1504
2377 - 1504 97
2377 + 1504
2377 + 1504
2377 + 1504
2378 # 1504
2378 - 1504 97
2378 # 1504
2378 - 1504 97
2378 # 1504
2378 - 1504 96
2378 + 1504
2379 + 1504
2379 + 1504
2380 + 1504
2380 + 1504
2381 # 1504
2381 - 1504 97
2381 # 1504
2381 - 1504 97
2381 # 1504
2381 - 1504 96
2381 # 1504
2381 - 1504 96
2381 # 1504
2381 - 1504 95
2381 # 1504
2381 - 1504 94
2381 # 1504
2381 - 1504 93
2381 # 1504
2381 - 1504 92
2381 # 1504
2381 - 1504 90
2381 # 1504
2381 - 1504 90
2381 # 1504
2381 - 1504 90
2381 + 1504
2381 + 1504
2382 + 1504
2382 + 1504
2383 + 1504
2383 + 1504
2384 + 1504
2384 + 1504
2385 + 1504
2385 + 1504
2386 + 1504
2386 + 1504
2387 + 1504
2388 + 1504
2388 + 1504
2389 + 1504
2389 + 1504
2390 # 1504
2390 - 1504 98
2390 # 1504
2390 - 1504 97
2390 # 1504
2390 - 1504 97
2390 # 1504
2390 - 1504 96
2390 # 1504
2390 - 1504 95
2390 # 1504
2390 - 1504 94
2390 # 1504
2390 - 1504 93
2390 # 1504
2390 - 1504 93
2390 + 1504
2390 + 1504
2391 # 1504
2391 - 1504 93
2391 # 1504
2391 - 1504 92
2391 + 1504
2391 + 1504
2392 + 1504
2392 + 1504
2393 + 1504
2396 # 1504
2396 - 1504 96
2396 # 1504
2396 - 1504 96
2396 # 1504
2396 - 1504 95
2396 # 1504
2396 - 1504 94
2396 # 1504
2396 - 1504 93
2396 + 1504
2396 + 1504
2397 # 1504
2397 - 1504 93
2397 + 1504
2397 + 1504
2398 + 1504
2399 + 1504
2399 + 1504
2399 + 1504
2400 + 1504
2401 # 1504
2401 - 1504 97
2401 # 1504
2401 - 1504 96
2401 # 1504
2401 - 1504 95
2401 # 1504
2401 - 1504 94
2401 # 1504
2401 - 1504 93
2401 # 1504
2401 - 1504 93
2401 # 1504
2401 - 1504 92
2401 # 1504
2401 - 1504 91
2401 # 1504
2401 - 1504 90
2401 + 1504
2401 + 1504
2402 # 1504
2402 - 1504 90
2402 # 1504
2402 - 1504 90
2402 # 1504
2402 - 1504 89
2402 # 1504
2402 - 1504 88
2402 + 1504
2402 + 1504
2403 # 1504
2403 - 1504 88
2403 + 1504
2403 + 1504
2404 + 1504
2404 + 1504
2405 + 1504
2405 + 1504
2406 + 1504
2406 + 1504
2407 + 1504
2407 + 1504
2408 + 1504
2408 + 1504
2409 + 1504
2409 + 1504
2410 + 1504
2410 + 1504
2411 + 1504
2411 + 1504
2412 # 1504
2412 - 1504 96
2412 # 1504
2412 - 1504 96
2412 # 1504
2412 - 1504 95
2412 # 1504
2412 - 1504 94
2412 # 1504
2412 - 1504 93
2412 # 1504
2412 - 1504 93
2412 # 1504
2412 - 1504 92
2412 # 1504
2412 - 1504 91
2413 # 1504
2413 - 1504 91
2413 # 1504
2413 - 1504 91
2415 + 1504
2415 + 1504
2416 + 1504
2416 + 1504
2417 + 1504
2417 + 1504
2418 + 1504
2418 + 1504
2419 # 1504
2419 - 1504 96
2419 # 1504
2419 - 1504 95
2419 # 1504
2419 - 1504 94
2419 # 1504
2419 - 1504 94
2419 + 1504
2419 + 1504
2420 + 1504
2420 + 1504
2421 + 1504
2422 + 1504
2422 + 1504
2422 + 1504
2423 # 1504
2423 - 1504 97
2423 # 1504
2423 - 1504 96
2423 # 1504
2423 - 1504 96
2423 # 1504
2423 - 1504 95
2423 # 1504
2423 - 1504 94
2423 # 1504
2423 - 1504 94
2423 # 1504
2423 - 1504 93
2423 # 1504
2423 - 1504 92
2424 # 1504
2424 - 1504 92
2424 # 1504
2424 - 1504 92
2424 # 1504
2424 - 1504 91
2424 # 1504
2424 - 1504 91
2425 # 1504
2425 - 1504 91
2425 + 1504
2426 # 1504
2426 - 1504 91
2426 + 1504
2426 + 1504
2427 + 1504
2427 + 1504
2427 + 1504
2428 + 1504
2428 + 1504
2429 + 1504
2430 + 1504
2430 + 1504
2430 + 1504
2431 + 1504
2431 + 1504
2434 # 1504
2434 - 1504 99
2434 # 1504
2434 - 1504 98
2435 # 1504
2435 - 1504 98
2435 # 1504
2435 - 1504 98
2435 # 1504
2435 - 1504 97
2435 # 1504
2435 - 1504 97
2435 # 1504
2435 - 1504 96
2435 # 1504
2435 - 1504 96
2437 + 1504
2437 + 1504
2437 + 1504
2438 + 1504
2438 + 1504
2439 + 1504
2439 + 1504
2440 + 1504
2440 + 1504
2441 # 1504
2441 - 1504 101
2441 # 1504
2441 - 1504 100
2441 # 1504
2441 - 1504 100
2444 # 1504
2444 - 1504 102
2444 # 1504
2444 - 1504 102
2444 # 1504
2444 - 1504 101
2444 # 1504
2444 - 1504 100
2444 # 1504
2444 - 1504 100
2445 # 1504
2445 - 1504 100
2445 # 1504
2445 - 1504 100
2445 # 1504
2445 - 1504 99
2445 # 1504
2445 - 1504 98
2446 # 1504
2446 - 1504 99
2446 + 1504
2446 + 1504
2447 + 1504
2448 # 1504
2448 - 1504 100
2448 # 1504
2448 - 1504 100
2448 + 1504
2448 + 1504
2449 # 1504
2449 - 1504 100
2449 # 1504
2449 - 1504 99
2449 + 1504
2449 + 1504
2450 + 1504
2450 + 1504
2451 # 1504
2451 - 1504 101
2451 # 1504
2451 - 1504 100
2451 + 1504
2451 + 1504
2452 + 1504
2452 + 1504
2453 + 1504
2453 + 1504
2454 + 1504
2454 + 1504
2455 + 1504
2455 + 1504
2456 + 1504
2459 # 1504
2459 - 1504 108
2459 # 1504
2459 - 1504 107
2461 # 1504
2461 - 1504 109
2461 # 1504
2461 - 1504 108
2461 # 1504
2461 - 1504 107
2461 # 1504
2461 - 1504 107
2461 # 1504
2461 - 1504 106
2461 # 1504
2461 - 1504 106
2461 # 1504
2461 - 1504 105
2461 # 1504
2461 - 1504 105
2462 # 1504
2462 - 1504 105
2462 # 1504
2462 - 1504 105
2462 + 1504
2463 # 1504
2463 - 1504 105
2463 + 1504
2464 # 1504
2464 - 1504 106
2464 + 1504
2464 + 1504
2465 # 1504
2465 - 1504 106
2465 # 1504
2465 - 1504 106
2465 # 1504
2465 - 1504 105
2466 + 1504
2466 + 1504
2466 + 1504
2467 + 1504
2467 + 1504
2475 # 1504
2475 - 1504 114
2475 # 1504
2475 - 1504 114
2477 # 1504
2477 - 1504 115
2477 # 1504
2477 - 1504 115
2477 # 1504
2477 - 1504 114
2477 # 1504
2477 - 1504 114
2478 # 1504
2478 - 1504 114
2478 # 1504
2478 - 1504 114
2478 # 1504
2478 - 1504 113
2478 + 1504
2478 + 1504
2486 # 1504
2486 - 1504 120
2486 # 1504
2486 - 1504 120
2486 # 1504
2486 - 1504 119
2486 # 1504
2486 - 1504 119
2486 # 1504
2486 - 1504 118
2487 # 1504
2487 - 1504 119
2487 # 1504
2487 - 1504 118
2487 # 1504
2487 - 1504 116
2489 # 1504
2489 - 1504 118
2489 # 1504
2489 - 1504 117
2490 # 1504
2490 - 1504 117
2490 # 1504
2490 - 1504 117
2492 # 1504
2492 - 1504 118
2493 # 1504
2493 - 1504 119
2493 # 1504
2493 - 1504 118
2493 # 1504
2493 - 1504 118
2495 # 1504
2495 - 1504 119
2496 # 1504
2496 - 1504 119
2497 # 1504
2497 - 1504 120
2497 # 1504
2497 - 1504 120
2498 # 1504
2498 - 1504 120
2500 # 1504
2500 - 1504 121
2501 # 1504
2501 - 1504 122
2504 # 1504
2504 - 1504 124
2504 # 1504
2504 - 1504 124
2506 # 1504
2506 - 1504 125
2506 # 1504
2506 - 1504 125
2508 # 1504
2508 - 1504 126
2508 # 1504
2508 - 1504 126
2508 # 1504
2508 - 1504 125
2509 # 1504
2509 - 1504 126
2509 # 1504
2509 - 1504 125
2510 # 1504
2510 - 1504 126
2512 # 1504
2512 - 1504 127
2513 # 1504
2513 - 1504 128
2513 # 1504
2513 - 1504 127
2514 # 1504
2514 - 1504 128
2515 # 1504
2515 - 1504 128
2516 # 1504
2516 - 1504 128
2517 + 1504
2518 # 1504
2518 - 1504 130
2518 # 1504
2518 - 1504 129
2518 # 1504
2518 - 1504 129
2518 + 1504
2519 + 1504
2519 + 1504
2519 + 1504
2520 + 1504
2521 # 1504
2521 - 1504 131
2521 # 1504
2521 - 1504 131
2521 + 1504
2522 # 1504
2522 - 1504 131
2522 # 1504
2522 - 1504 131
2522 # 1504
2522 - 1504 130
2522 # 1504
2522 - 1504 130
2524 # 1504
2524 - 1504 131
2533 # 1504
2533 - 1504 137
2533 # 1504
2533 - 1504 137
2533 # 1504
2533 - 1504 136
2533 # 1504
2533 - 1504 136
2533 # 1504
2533 - 1504 135
2533 # 1504
2533 - 1504 134
2536 # 1504
2536 - 1504 137
2536 # 1504
2536 - 1504 137
2536 # 1504
2536 - 1504 136
2536 # 1504
2536 - 1504 135
2536 # 1504
2536 - 1504 135
2536 # 1504
2536 - 1504 134
2536 # 1504
2536 - 1504 134
2536 # 1504
2536 - 1504 133
2536 # 1504
2536 - 1504 133
2542 # 1504
2542 - 1504 138
2542 # 1504
2542 - 1504 138
2542 # 1504
2542 - 1504 137
2542 # 1504
2542 - 1504 137
2542 # 1504
2542 - 1504 136
2542 # 1504
2542 - 1504 136
2545 # 1504
2545 - 1504 138
2545 # 1504
2545 - 1504 138
2545 # 1504
2545 - 1504 137
2545 # 1504
2545 - 1504 137
2546 # 1504
2546 - 1504 137
2546 # 1504
2546 - 1504 137
2546 # 1504
2546 - 1504 136
2547 # 1504
2547 - 1504 137
2547 # 1504
2547 - 1504 136
2547 # 1504
2547 - 1504 136
2548 # 1504
2548 - 1504 133
2548 # 1504
2548 - 1504 133
2549 # 1504
2549 - 1504 133
2550 # 1504
2550 - 1504 134
2551 # 1504
2551 - 1504 134
2552 # 1504
2552 - 1504 135
2553 # 1504
2553 - 1504 135
2553 # 1504
2553 - 1504 135
2556 # 1504
2556 - 1504 137
2556 # 1504
2556 - 1504 137
2557 # 1504
2557 - 1504 137
2559 # 1504
2559 - 1504 139
2560 # 1504
2560 - 1504 139
2561 # 1504
2561 - 1504 139
2561 # 1504
2561 - 1504 139
2561 # 1504
2561 - 1504 139
2562 # 1504
2562 - 1504 137
2564 # 1504
2564 - 1504 138
2564 # 1504
2564 - 1504 138
2566 # 1504
2566 - 1504 139
2566 # 1504
2566 - 1504 139
2566 # 1504
2566 - 1504 139
2566 # 1504
2566 - 1504 138
2569 # 1504
2569 - 1504 141
2569 # 1504
2569 - 1504 140
2570 # 1504
2570 - 1504 140
2570 # 1504
2570 - 1504 140
2571 # 1504
2571 - 1504 141
2572 # 1504
2572 - 1504 141
2573 # 1504
2573 - 1504 142
2574 # 1504
2574 - 1504 137
2575 # 1504
2575 - 1504 138
2575 # 1504
2575 - 1504 138
2576 # 1504
2576 - 1504 138
2576 # 1504
2576 - 1504 138
2577 # 1504
2577 - 1504 138
2577 # 1504
2577 - 1504 138
2578 # 1504
2578 - 1504 138
2579 # 1504
2579 - 1504 139
2580 # 1504
2580 - 1504 134
2582 # 1504
2582 - 1504 136
2582 # 1504
2582 - 1504 135
2583 # 1504
2583 - 1504 135
2584 # 1504
2584 - 1504 136
2584 # 1504
2584 - 1504 135
2585 # 1504
2585 - 1504 136
2586 # 1504
2586 - 1504 136
2587 # 1504
2587 - 1504 137
2588 # 1504
2588 - 1504 137
2588 # 1504
2588 - 1504 137
2590 # 1504
2590 - 1504 138
2590 # 1504
2590 - 1504 138
2592 # 1504
2592 - 1504 139
2592 # 1504
2592 - 1504 139
2594 # 1504
2594 - 1504 140
2594 # 1504
2594 - 1504 140
2596 # 1504
2596 - 1504 141
2596 # 1504
2596 - 1504 141
2605 # 1504
2605 - 1504 149
2605 # 1504
2605 - 1504 143
2605 # 1504
2605 - 1504 142
2609 # 1504
2609 - 1504 145
2609 # 1504
2609 - 1504 145
2609 # 1504
2609 - 1504 143
2613 # 1504
2613 - 1504 147
2613 # 1504
2613 - 1504 147
2613 # 1504
2613 - 1504 146
2613 # 1504
2613 - 1504 146
2613 # 1504
2613 - 1504 135
2613 # 1504
2613 - 1504 135
2613 # 1504
2613 - 1504 96
2614 # 1504
2614 - 1504 96
2614 # 1504
2614 - 1504 95
2614 # 1504
2614 - 1504 95
2614 # 1504
2614 - 1504 95
2616 # 1504
2616 - 1504 96
2616 # 1504
2616 - 1504 95
2616 + 1504
2617 + 1504
2617 + 1504
2618 # 1504
2618 - 1504 2
2618 + 1504
2619 + 1504
2620 # 1504
2620 - 1504 3
2620 + 1504
2621 + 1504
2621 + 1504
2622 # 1504
2622 - 1504 5
2622 + 1504
2623 + 1504
2624 # 1504
2624 - 1504 6
2624 # 1504
2624 - 1504 5
2624 # 1504
2624 - 1504 4
2624 # 1504
2624 - 1504 3
2624 + 1504
2624 + 1504
2625 + 1504
2625 + 1504
2626 # 1504
2626 - 1504 5
2626 + 1504
2627 # 1504
2627 - 1504 5
2627 + 1504
2627 + 1504
2628 # 1504
2628 - 1504 5
2628 + 1504
2628 + 1504
2628 + 1504
2629 + 1504
2629 + 1504
2630 # 1504
2630 - 1504 6
2630 + 1504
2630 + 1504
2631 # 1504
2631 - 1504 7
2631 + 1504
2631 + 1504
2632 + 1504
2632 + 1504
2633 # 1504
2633 - 1504 8
2633 # 1504
2633 - 1504 8
2633 + 1504
2633 + 1504
2634 + 1504
2634 + 1504
2635 + 1504
2635 + 1504
2635 + 1504
2635 + 1504
2636 + 1504
2636 + 1504
2637 + 1504
2637 + 1504
2638 + 1504
2638 + 1504
2639 + 1504
2639 + 1504
2639 + 1504
2639 + 1504
2640 + 1504
2640 + 1504
2641 # 1504
2641 - 1504 15
2641 # 1504
2641 - 1504 14
2641 # 1504
2641 - 1504 14
2641 # 1504
2641 - 1504 13
2641 + 1504
2641 + 1504
2642 + 1504
2642 + 1504
2643 # 1504
2643 - 1504 15
2643 # 1504
2643 - 1504 15
2643 # 1504
2643 - 1504 14
2643 # 1504
2643 - 1504 14
2643 + 1504
2643 + 1504
2643 + 1504
2643 + 1504
2643 + 1504
2645 # 1504
2645 - 1504 15
2646 # 1504
2646 - 1504 16
2646 # 1504
2646 - 1504 15
2646 + 1504
2646 + 1504
2646 + 1504
2646 + 1504
2646 + 1504
2646 + 1504
2647 + 1504
2647 + 1504
2647 + 1504
2647 + 1504
2647 + 1504
2647 + 1504
2648 # 1504
2648 - 1504 17
2648 # 1504
2648 - 1504 16
2648 + 1504
2648 + 1504
2648 + 1504
2649 + 1504
2649 + 1504
2649 + 1504
2650 # 1504
2650 - 1504 18
2650 + 1504
2650 + 1504
2650 + 1504
2651 # 1504
2651 - 1504 18
2651 # 1504
2651 - 1504 18
2651 + 1504
2651 + 1504
2651 + 1504
2652 # 1504
2652 - 1504 18
2652 + 1504
2652 + 1504
2652 + 1504
2652 + 1504
2652 + 1504
2652 + 1504
2652 + 1504
2653 # 1504
2653 - 1504 19
2653 + 1504
2653 + 1504
2653 + 1504
2654 # 1504
2654 - 1504 19
2654 # 1504
2654 - 1504 19
2654 # 1504
2654 - 1504 19
2654 + 1504
2654 + 1504
2654 + 1504
2655 + 1504
2655 + 1504
2655 + 1504
2656 + 1504
2656 + 1504
2656 + 1504
2657 + 1504
2657 + 1504
2657 + 1504
2657 + 1504
2657 + 1504
2657 + 1504
2657 + 1504
2657 + 1504
2658 + 1504
2658 + 1504
2658 + 1504
2658 + 1504
2658 + 1504
2659 + 1504
2659 + 1504
2659 + 1504
2659 + 1504
2659 + 1504
2660 + 1504
2660 + 1504
2660 + 1504
2660 + 1504
2660 + 1504
2661 + 1504
2661 + 1504
2661 + 1504
2661 + 1504
2661 + 1504
2662 + 1504
2662 + 1504
2662 + 1504
2662 + 1504
2662 + 1504
2662 + 1504
2662 + 1504
2663 + 1504
2663 + 1504
2663 + 1504
2663 + 1504
2663 + 1504
2664 + 1504
2664 + 1504
2664 + 1504
2664 + 1504
2664 + 1504
2665 + 1504
2665 + 1504
2665 + 1504
2665 + 1504
2665 + 1504
2666 # 1504
2666 - 1504 31
2667 + 1504
2667 + 1504
2667 + 1504
2667 + 1504
2667 + 1504
2667 + 1504
2667 + 1504
2667 + 1504
2667 + 1504
2667 + 1504
2668 + 1504
2668 + 1504
2668 + 1504
2668 + 1504
2668 + 1504
2669 # 1504
2669 - 1504 33
2669 # 1504
2669 - 1504 33
2669 # 1504
2669 - 1504 32
2669 # 1504
2669 - 1504 32
2669 # 1504
2669 - 1504 31
2669 # 1504
2669 - 1504 31
2669 # 1504
2669 - 1504 30
2669 # 1504
2669 - 1504 30
2669 # 1504
2669 - 1504 30
2669 # 1504
2669 - 1504 30
2669 + 1504
2669 + 1504
2669 + 1504
2669 + 1504
2669 + 1504
2670 # 1504
2670 - 1504 30
2670 # 1504
2670 - 1504 30
2670 # 1504
2670 - 1504 29
2670 # 1504
2670 - 1504 29
2670 # 1504
2670 - 1504 28
2670 + 1504
2670 + 1504
2670 + 1504
2670 + 1504
2670 + 1504
2671 # 1504
2671 - 1504 29
2671 # 1504
2671 - 1504 28
2671 # 1504
2671 - 1504 28
2671 + 1504
2671 + 1504
2671 + 1504
2671 + 1504
2671 + 1504
2672 # 1504
2672 - 1504 29
2672 + 1504
2672 + 1504
2672 + 1504
2672 + 1504
2672 + 1504
2673 + 1504
2673 + 1504
2673 + 1504
2673 + 1504
2673 + 1504
2673 + 1504
2673 + 1504
2673 + 1504
2673 + 1504
2673 + 1504
2674 # 1504
2674 - 1504 31
2674 + 1504
2674 + 1504
2674 + 1504
2674 + 1504
2674 + 1504
2675 + 1504
2675 + 1504
2675 + 1504
2675 + 1504
2675 + 1504
2676 + 1504
2676 + 1504
2676 + 1504
2676 + 1504
2676 + 1504
2677 + 1504
2677 + 1504
2677 + 1504
2677 + 1504
2677 + 1504
2678 + 1504
2678 + 1504
2678 + 1504
2678 + 1504
2678 + 1504
2678 + 1504
2678 + 1504
2678 + 1504
2678 + 1504
2678 + 1504
2679 + 1504
2679 + 1504
2679 + 1504
2679 + 1504
2679 + 1504
2684 # 1504
2684 - 1504 41
2684 # 1504
2684 - 1504 38
2684 # 1504
2684 - 1504 38
2684 # 1504
2684 - 1504 38
2684 # 1504
2684 - 1504 38
2684 # 1504
2684 - 1504 38
2685 # 1504
2685 - 1504 39
2685 # 1504
2685 - 1504 38
2685 # 1504
2685 - 1504 38
2685 # 1504
2685 - 1504 38
2685 # 1504
2685 - 1504 38
2685 # 1504
2685 - 1504 38
2686 + 1504
2686 + 1504
2686 + 1504
2686 + 1504
2686 + 1504
2687 # 1504
2687 - 1504 40
2687 # 1504
2687 - 1504 39
2687 + 1504
2687 + 1504
2687 + 1504
2687 + 1504
2687 + 1504
2688 # 1504
2688 - 1504 40
2688 # 1504
2688 - 1504 40
2688 # 1504
2688 - 1504 39
2688 # 1504
2688 - 1504 39
2688 # 1504
2688 - 1504 39
2688 # 1504
2688 - 1504 38
2690 # 1504
2690 - 1504 40
2690 + 1504
2690 + 1504
2690 + 1504
2690 + 1504
2690 + 1504
2690 + 1504
2691 # 1504
2691 - 1504 41
2691 # 1504
2691 - 1504 40
2691 + 1504
2691 + 1504
2691 + 1504
2691 + 1504
2692 # 1504
2692 - 1504 41
2693 # 1504
2693 - 1504 42
2693 + 1504
2693 + 1504
2693 + 1504
2693 + 1504
2693 + 1504
2694 # 1504
2694 - 1504 42
2695 # 1504
2695 - 1504 43
2695 # 1504
2695 - 1504 43
2695 # 1504
2695 - 1504 43
2695 # 1504
2695 - 1504 43
2696 # 1504
2696 - 1504 44
2696 # 1504
2696 - 1504 44
2696 + 1504
2696 + 1504
2698 # 1504
2698 - 1504 45
2698 # 1504
2698 - 1504 45
2698 # 1504
2698 - 1504 45
2699 + 1504
2699 + 1504
2699 + 1504
2699 + 1504
2699 + 1504
2700 # 1504
2700 - 1504 46
2700 # 1504
2700 - 1504 46
2701 # 1504
2701 - 1504 47
2702 # 1504
2702 - 1504 47
2702 # 1504
2702 - 1504 47
2702 + 1504
2702 + 1504
2702 + 1504
2702 + 1504
2702 + 1504
2702 + 1504
2702 + 1504
2703 # 1504
2703 - 1504 48
2704 # 1504
2704 - 1504 48
2705 # 1504
2705 - 1504 49
2705 # 1504
2705 - 1504 49
2705 + 1504
2705 + 1504
2706 # 1504
2706 - 1504 49
2706 # 1504
2706 - 1504 49
2706 + 1504
2706 + 1504
2706 + 1504
2706 + 1504
2707 # 1504
2707 - 1504 50
2707 # 1504
2707 - 1504 50
2707 + 1504
2708 # 1504
2708 - 1504 51
2708 + 1504
2709 # 1504
2709 - 1504 52
2709 # 1504
2709 - 1504 52
2709 + 1504
2709 + 1504
2710 # 1504
2710 - 1504 53
2710 # 1504
2710 - 1504 52
2711 + 1504
2711 + 1504
2711 + 1504
2711 + 1504
2719 # 1504
2719 - 1504 61
2719 # 1504
2719 - 1504 61
2720 # 1504
2720 - 1504 62
2720 # 1504
2720 - 1504 62
2720 # 1504
2720 - 1504 61
2720 # 1504
2720 - 1504 61
2721 + 1504
2721 + 1504
2721 + 1504
2721 + 1504
2722 # 1504
2722 - 1504 63
2722 # 1504
2722 - 1504 63
2722 + 1504
2722 + 1504
2722 + 1504
2722 + 1504
2723 # 1504
2723 - 1504 64
2723 # 1504
2723 - 1504 63
2723 # 1504
2723 - 1504 63
2723 # 1504
2723 - 1504 63
2723 # 1504
2723 - 1504 63
2723 + 1504
2723 + 1504
2723 + 1504
2724 # 1504
2724 - 1504 64
2724 # 1504
2724 - 1504 63
2724 + 1504
2724 + 1504
2724 + 1504
2726 + 1504
2726 + 1504
2726 + 1504
2732 # 1504
2732 - 1504 71
2732 # 1504
2732 - 1504 71
2732 # 1504
2732 - 1504 71
2732 # 1504
2732 - 1504 71
2732 # 1504
2732 - 1504 70
2732 # 1504
2732 - 1504 70
2733 # 1504
2733 - 1504 71
2733 # 1504
2733 - 1504 71
2733 # 1504
2733 - 1504 71
2733 # 1504
2733 - 1504 71
2733 # 1504
2733 - 1504 71
2733 # 1504
2733 - 1504 70
2734 + 1504
2734 + 1504
2734 + 1504
2734 + 1504
2734 + 1504
2734 + 1504
2735 # 1504
2735 - 1504 72
2735 # 1504
2735 - 1504 72
2735 + 1504
2735 + 1504
2735 + 1504
2736 # 1504
2736 - 1504 73
2736 # 1504
2736 - 1504 73
2736 # 1504
2736 - 1504 72
2736 + 1504
2736 + 1504
2736 + 1504
2736 + 1504
2737 # 1504
2737 - 1504 73
2738 # 1504
2738 - 1504 74
2738 + 1504
2738 + 1504
2738 + 1504
2738 + 1504
2738 + 1504
2738 + 1504
2739 # 1504
2739 - 1504 75
2739 # 1504
2739 - 1504 75
2744 + 1504
2744 + 1504
2744 + 1504
2752 # 1504
2752 - 1504 87
2752 # 1504
2752 - 1504 87
2752 # 1504
2752 - 1504 87
2752 # 1504
2752 - 1504 87
2754 + 1504
2754 + 1504
2754 + 1504
2754 + 1504
2755 # 1504
2755 - 1504 90
2755 # 1504
2755 - 1504 88
2755 # 1504
2755 - 1504 88
2755 # 1504
2755 - 1504 88
2755 # 1504
2755 - 1504 88
2755 # 1504
2755 - 1504 88
2755 # 1504
2755 - 1504 88
2757 + 1504
2757 + 1504
2757 + 1504
2757 + 1504
2758 # 1504
2758 - 1504 91
2758 # 1504
2758 - 1504 91
2758 # 1504
2758 - 1504 91
2758 # 1504
2758 - 1504 91
2758 # 1504
2758 - 1504 90
2758 + 1504
2758 + 1504
2758 + 1504
2758 + 1504
2759 + 1504
2759 + 1504
2760 + 1504
2760 + 1504
2769 # 1504
2769 - 1504 101
2769 # 1504
2769 - 1504 101
2769 # 1504
2769 - 1504 101
2769 # 1504
2769 - 1504 101
2769 # 1504
2769 - 1504 100
2769 # 1504
2769 - 1504 100
2769 # 1504
2769 - 1504 100
2770 # 1504
2770 - 1504 101
2770 # 1504
2770 - 1504 101
2770 # 1504
2770 - 1504 100
2770 # 1504
2770 - 1504 100
2770 # 1504
2770 - 1504 100
2770 # 1504
2770 - 1504 100
2770 # 1504
2770 - 1504 100
2770 + 1504
2770 + 1504
2771 # 1504
2771 - 1504 100
2771 # 1504
2771 - 1504 100
2771 # 1504
2771 - 1504 100
2771 # 1504
2771 - 1504 100
2771 # 1504
2771 - 1504 100
2771 # 1504
2771 - 1504 99
2771 # 1504
2771 - 1504 99
2771 # 1504
2771 - 1504 99
2771 + 1504
2771 + 1504
2772 # 1504
2772 - 1504 100
2772 # 1504
2772 - 1504 100
2772 + 1504
2772 + 1504
2772 + 1504
2772 + 1504
2773 + 1504
2773 + 1504
2774 # 1504
2774 - 1504 101
2774 # 1504
2774 - 1504 101
2774 # 1504
2774 - 1504 101
2774 # 1504
2774 - 1504 101
2774 + 1504
2774 + 1504
2775 + 1504
2775 + 1504
2776 # 1504
2776 - 1504 103
2776 # 1504
2776 - 1504 103
2776 # 1504
2776 - 1504 103
2776 + 1504
2776 + 1504
2777 + 1504
2777 + 1504
2777 + 1504
2778 # 1504
2778 - 1504 105
2778 # 1504
2778 - 1504 105
2778 + 1504
2778 + 1504
2779 # 1504
2779 - 1504 106
2779 + 1504
2779 + 1504
2780 # 1504
2780 - 1504 106
2780 # 1504
2780 - 1504 106
2780 # 1504
2780 - 1504 106
2780 + 1504
2780 + 1504
2781 + 1504
2781 + 1504
2781 + 1504
2781 + 1504
2782 # 1504
2782 - 1504 108
2783 # 1504
2783 - 1504 109
2783 + 1504
2783 + 1504
2784 # 1504
2784 - 1504 109
2784 # 1504
2784 - 1504 109
2784 # 1504
2784 - 1504 109
2784 + 1504
2784 + 1504
2784 + 1504
2784 + 1504
2785 # 1504
2785 - 1504 110
2785 + 1504
2785 + 1504
2786 # 1504
2786 - 1504 111
2786 + 1504
2786 + 1504
2787 # 1504
2787 - 1504 111
2787 + 1504
2787 + 1504
2788 # 1504
2788 - 1504 112
2788 # 1504
2788 - 1504 112
2788 + 1504
2788 + 1504
2789 # 1504
2789 - 1504 113
2789 + 1504
2789 + 1504
2790 + 1504
2790 + 1504
2791 + 1504
2791 + 1504
2792 + 1504
2792 + 1504
2799 # 1504
2799 - 1504 123
2799 # 1504
2799 - 1504 122
2799 # 1504
2799 - 1504 122
2800 # 1504
2800 - 1504 123
2800 # 1504
2800 - 1504 123
2800 # 1504
2800 - 1504 123
2800 # 1504
2800 - 1504 122
2801 # 1504
2801 - 1504 123
2801 # 1504
2801 - 1504 123
2801 # 1504
2801 - 1504 123
2801 # 1504
2801 - 1504 123
2801 # 1504
2801 - 1504 123
2801 + 1504
2801 + 1504
2802 # 1504
2802 - 1504 124
2802 # 1504
2802 - 1504 124
2802 + 1504
2802 + 1504
2803 # 1504
2803 - 1504 125
2803 + 1504
2803 + 1504
2804 # 1504
2804 - 1504 126
2804 + 1504
2804 + 1504
2805 + 1504
2805 + 1504
2806 + 1504
2806 + 1504
2807 + 1504
2807 + 1504
2808 + 1504
2808 + 1504
2809 + 1504
2814 # 1504
2814 - 1504 135
2814 # 1504
2814 - 1504 135
2814 # 1504
2814 - 1504 135
2816 # 1504
2816 - 1504 137
2816 # 1504
2816 - 1504 137
2816 # 1504
2816 - 1504 130
2818 # 1504
2818 - 1504 132
2818 # 1504
2818 - 1504 132
2818 # 1504
2818 - 1504 132
2818 # 1504
2818 - 1504 132
2818 # 1504
2818 - 1504 131
2818 # 1504
2818 - 1504 131
2818 # 1504
2818 - 1504 131
2818 # 1504
2818 - 1504 131
2818 + 1504
2818 + 1504
2819 # 1504
2819 - 1504 132
2819 + 1504
2819 + 1504
2820 # 1504
2820 - 1504 130
2820 # 1504
2820 - 1504 130
2820 # 1504
2820 - 1504 130
2820 + 1504
2821 # 1504
2821 - 1504 131
2821 + 1504
2821 + 1504
2822 + 1504
2822 + 1504
2823 + 1504
2823 + 1504
2824 # 1504
2824 - 1504 134
2824 # 1504
2824 - 1504 134
2824 # 1504
2824 - 1504 133
2824 + 1504
2825 # 1504
2825 - 1504 134
2825 + 1504
2825 + 1504
2826 + 1504
2826 + 1504
2827 # 1504
2827 - 1504 136
2827 # 1504
2827 - 1504 136
2827 # 1504
2827 - 1504 134
2827 + 1504
2828 + 1504
2828 + 1504
2829 + 1504
2829 + 1504
2830 # 1504
2830 - 1504 137
2830 # 1504
2830 - 1504 137
2830 # 1504
2830 - 1504 137
2830 # 1504
2830 - 1504 137
2830 + 1504
2830 + 1504
2831 + 1504
2832 # 1504
2832 - 1504 136
2832 # 1504
2832 - 1504 136
2832 + 1504
2832 + 1504
2833 + 1504
2833 + 1504
2834 + 1504
2835 + 1504
2835 + 1504
2836 + 1504
2836 + 1504
2837 + 1504
2838 + 1504
2841 # 1504
2841 - 1504 142
2841 # 1504
2841 - 1504 142
2841 # 1504
2841 - 1504 142
2841 # 1504
2841 - 1504 142
2843 # 1504
2843 - 1504 144
2843 # 1504
2843 - 1504 141
2843 # 1504
2843 - 1504 141
2843 # 1504
2843 - 1504 141
2844 + 1504
2844 + 1504
2844 + 1504
2845 + 1504
2846 # 1504
2846 - 1504 144
2846 # 1504
2846 - 1504 144
2846 # 1504
2846 - 1504 144
2846 # 1504
2846 - 1504 144
2846 + 1504
2846 + 1504
2847 # 1504
2847 - 1504 142
2847 # 1504
2847 - 1504 142
2847 # 1504
2847 - 1504 141
2847 + 1504
2850 + 1504
2850 + 1504
2850 + 1504
2851 + 1504
2851 + 1504
2852 # 1504
2852 - 1504 146
2852 # 1504
2852 - 1504 146
2852 # 1504
2852 - 1504 146
2852 # 1504
2852 - 1504 145
2852 # 1504
2852 - 1504 144
2852 + 1504
2853 + 1504
2853 + 1504
2854 + 1504
2855 + 1504
2855 + 1504
2856 + 1504
2857 + 1504
2857 + 1504
2858 # 1504
2858 - 1504 149
2858 # 1504
2858 - 1504 149
2858 # 1504
2858 - 1504 147
2858 # 1504
2858 - 1504 147
2858 # 1504
2858 - 1504 147
2858 # 1504
2858 - 1504 147
2859 # 1504
2859 - 1504 138
2859 # 1504
2859 - 1504 138
2859 # 1504
2859 - 1504 138
2860 # 1504
2860 - 1504 139
2860 # 1504
2860 - 1504 138
2860 + 1504
2860 + 1504
2861 # 1504
2861 - 1504 139
2861 # 1504
2861 - 1504 139
2861 + 1504
2861 + 1504
2862 + 1504
2863 # 1504
2863 - 1504 141
2863 + 1504
2863 + 1504
2864 + 1504
2865 # 1504
2865 - 1504 142
2865 # 1504
2865 - 1504 142
2866 + 1504
2866 + 1504
2866 + 1504
2867 + 1504
2868 + 1504
2868 + 1504
2869 + 1504
2869 + 1504
2882 # 1504
2882 - 1504 159
2882 # 1504
2882 - 1504 158
2882 # 1504
2882 - 1504 158
2882 # 1504
2882 - 1504 158
2882 # 1504
2882 - 1504 156
2882 # 1504
2882 - 1504 156
2883 # 1504
2883 - 1504 157
2883 # 1504
2883 - 1504 149
2883 # 1504
2883 - 1504 149
2883 # 1504
2883 - 1504 149
2883 # 1504
2883 - 1504 149
2883 # 1504
2883 - 1504 149
2886 # 1504
2886 - 1504 152
2886 # 1504
2886 - 1504 151
2886 # 1504
2886 - 1504 151
2886 # 1504
2886 - 1504 151
2886 # 1504
2886 - 1504 150
2886 # 1504
2886 - 1504 150
2887 # 1504
2887 - 1504 151
2887 # 1504
2887 - 1504 151
2887 # 1504
2887 - 1504 149
2887 # 1504
2887 - 1504 149
2893 + 1504
2893 + 1504
2894 # 1504
2894 - 1504 156
2894 # 1504
2894 - 1504 156
2894 # 1504
2894 - 1504 156
2894 # 1504
2894 - 1504 156
2894 # 1504
2894 - 1504 150
2894 # 1504
2894 - 1504 150
2894 + 1504
2894 + 1504
2895 # 1504
2895 - 1504 151
2895 # 1504
2895 - 1504 141
2895 + 1504
2896 # 1504
2896 - 1504 142
2896 # 1504
2896 - 1504 142
2896 # 1504
2896 - 1504 142
2896 + 1504
2896 + 1504
2897 # 1504
2897 - 1504 140
2897 # 1504
2897 - 1504 140
2897 # 1504
2897 - 1504 140
2897 + 1504
2898 + 1504
2898 + 1504
2899 # 1504
2899 - 1504 142
2899 + 1504
2900 # 1504
2900 - 1504 142
2900 # 1504
2900 - 1504 142
2900 # 1504
2900 - 1504 142
2900 + 1504
2900 + 1504
2901 # 1504
2901 - 1504 143
2901 + 1504
2902 + 1504
2902 + 1504
2903 + 1504
2904 # 1504
2904 - 1504 145
2904 + 1504
2904 + 1504
2905 + 1504
2906 # 1504
2906 - 1504 147
2906 # 1504
2906 - 1504 146
2906 + 1504
2907 # 1504
2907 - 1504 147
2908 + 1504
2910 # 1504
2910 - 1504 140
2910 # 1504
2910 - 1504 140
2911 # 1504
2911 - 1504 140
2912 + 1504
2912 + 1504
2913 + 1504
2914 + 1504
2914 + 1504
2915 + 1504
2916 + 1504
2917 + 1504
2918 + 1504
2919 + 1504
2919 + 1504
2920 + 1504
2921 # 1504
2921 - 1504 150
2921 # 1504
2921 - 1504 149
2921 # 1504
2921 - 1504 149
2921 # 1504
2921 - 1504 149
2921 # 1504
2921 - 1504 149
2921 + 1504
2921 + 1504
2922 # 1504
2922 - 1504 149
2922 # 1504
2922 - 1504 149
2922 # 1504
2922 - 1504 148
2922 # 1504
2922 - 1504 148
2922 # 1504
2922 - 1504 147
2922 + 1504
2923 + 1504
2923 + 1504
2924 + 1504
2925 + 1504
2927 + 1504
2927 + 1504
2928 + 1504
2929 + 1504
2929 + 1504
2930 # 1504
2930 - 1504 155
2930 # 1504
2930 - 1504 154
2930 # 1504
2930 - 1504 154
2930 + 1504
2930 + 1504
2931 + 1504
2932 # 1504
2932 - 1504 155
2932 # 1504
2932 - 1504 155
2932 # 1504
2932 - 1504 155
2932 # 1504
2932 - 1504 154
2932 # 1504
2932 - 1504 154
2932 + 1504
2932 + 1504
2933 # 1504
2933 - 1504 154
2933 # 1504
2933 - 1504 154
2933 # 1504
2933 - 1504 153
2934 # 1504
2934 - 1504 154
2934 + 1504
2934 + 1504
2935 + 1504
2936 + 1504
2937 + 1504
2937 + 1504
2939 + 1504
2939 + 1504
2940 + 1504
2940 + 1504
2942 + 1504
2942 + 1504
2943 + 1504
2943 + 1504
2944 # 1504
2944 - 1504 163
2944 # 1504
2944 - 1504 163
2944 # 1504
2944 - 1504 163
2944 # 1504
2944 - 1504 163
2944 # 1504
2944 - 1504 161
2944 # 1504
2944 - 1504 161
2944 + 1504
2945 # 1504
2945 - 1504 161
2945 # 1504
2945 - 1504 161
2945 # 1504
2945 - 1504 161
2945 + 1504
2945 + 1504
2946 # 1504
2946 - 1504 162
2946 + 1504
2947 # 1504
2947 - 1504 162
2947 + 1504
2947 + 1504
2948 # 1504
2948 - 1504 163
2948 + 1504
2949 # 1504
2949 - 1504 163
2949 # 1504
2949 - 1504 163
2949 + 1504
2949 + 1504
2950 + 1504
2951 # 1504
2951 - 1504 164
2951 # 1504
2951 - 1504 164
2951 + 1504
2951 + 1504
2952 # 1504
2952 - 1504 164
2952 + 1504
2953 + 1504
2953 + 1504
2954 + 1504
2955 # 1504
2955 - 1504 167
2955 + 1504
2956 # 1504
2956 - 1504 167
2956 + 1504
2956 + 1504
2957 # 1504
2957 - 1504 168
2957 + 1504
2958 # 1504
2958 - 1504 168
2958 + 1504
2958 + 1504
2959 # 1504
2959 - 1504 169
2959 + 1504
2960 + 1504
2961 # 1504
2961 - 1504 170
2961 + 1504
2961 + 1504
2962 + 1504
2963 # 1504
2963 - 1504 172
2963 + 1504
2963 + 1504
2964 # 1504
2964 - 1504 172
2964 + 1504
2965 + 1504
2966 + 1504
2966 + 1504
2967 + 1504
2968 + 1504
2973 # 1504
2973 - 1504 181
2973 # 1504
2973 - 1504 172
2973 # 1504
2973 - 1504 172
2975 # 1504
2975 - 1504 173
2975 # 1504
2975 - 1504 173
2975 # 1504
2975 - 1504 172
2976 # 1504
2976 - 1504 173
2976 # 1504
2976 - 1504 172
2978 # 1504
2978 - 1504 174
2978 # 1504
2978 - 1504 173
2978 # 1504
2978 - 1504 173
2978 # 1504
2978 - 1504 172
2979 # 1504
2979 - 1504 173
2981 # 1504
2981 - 1504 174
2981 # 1504
2981 - 1504 174
2981 # 1504
2981 - 1504 173
2982 + 1504
2982 + 1504
2983 # 1504
2983 - 1504 175
2983 + 1504
2984 # 1504
2984 - 1504 175
2984 + 1504
2985 + 1504
2985 + 1504
2986 + 1504
2987 + 1504
2988 + 1504
2988 + 1504
2989 + 1504
2990 + 1504
2991 + 1504
2991 + 1504
2992 + 1504
2993 + 1504
2994 # 1504
2994 - 1504 176
2994 # 1504
2994 - 1504 176
2994 + 1504
2994 + 1504
2995 + 1504
2996 + 1504
2997 # 1504
2997 - 1504 178
2997 # 1504
2997 - 1504 178
2997 # 1504
2997 - 1504 177
2997 # 1504
2997 - 1504 176
2997 # 1504
2997 - 1504 176
2997 + 1504
2998 + 1504
2999 + 1504
2999 + 1504
3000 + 1504
3001 # 1504
3001 - 1504 179
3001 # 1504
3001 - 1504 179
3001 # 1504
3001 - 1504 178
3001 # 1504
3001 - 1504 178
3001 # 1504
3001 - 1504 177
3001 + 1504
3002 # 1504
3002 - 1504 177
3002 + 1504
3002 + 1504
3003 # 1504
3003 - 1504 178
3003 + 1504
3004 # 1504
3004 - 1504 178
3004 + 1504
3005 # 1504
3005 - 1504 179
3005 # 1504
3005 - 1504 178
3005 + 1504
3005 + 1504
3006 + 1504
3007 + 1504
3008 # 1504
3008 - 1504 180
3008 + 1504
3008 + 1504
3009 + 1504
3010 # 1504
3010 - 1504 182
3010 + 1504
3011 # 1504
3011 - 1504 182
3011 # 1504
3011 - 1504 182
3011 # 1504
3011 - 1504 181
3011 # 1504
3011 - 1504 181
3013 # 1504
3013 - 1504 182
3013 + 1504
3013 + 1504
3014 # 1504
3014 - 1504 182
3014 + 1504
3015 # 1504
3015 - 1504 183
3015 # 1504
3015 - 1504 182
3015 + 1504
3015 + 1504
3016 + 1504
3017 + 1504
3018 # 1504
3018 - 1504 185
3018 + 1504
3018 + 1504
3019 # 1504
3019 - 1504 185
3019 + 1504
3020 # 1504
3020 - 1504 185
3020 # 1504
3020 - 1504 185
3020 + 1504
3021 + 1504
3022 # 1504
3022 - 1504 186
3022 # 1504
3022 - 1504 186
3024 # 1504
3024 - 1504 187
3025 # 1504
3025 - 1504 187
3025 # 1504
3025 - 1504 181
3026 # 1504
3026 - 1504 182
3029 # 1504
3029 - 1504 185
3029 # 1504
3029 - 1504 184
3030 + 1504
3030 + 1504
3031 + 1504
3032 + 1504
3033 + 1504
3033 + 1504
3034 + 1504
3035 + 1504
3036 + 1504
3037 + 1504
3038 # 1504
3038 - 1504 192
3038 # 1504
3038 - 1504 192
3040 # 1504
3040 - 1504 193
3040 # 1504
3040 - 1504 190
3040 # 1504
3040 - 1504 190
3040 # 1504
3040 - 1504 190
3040 # 1504
3040 - 1504 189
3040 # 1504
3040 - 1504 189
3043 + 1504
3044 + 1504
3044 + 1504
3045 + 1504
3046 + 1504
3047 + 1504
3048 # 1504
3048 - 1504 196
3048 # 1504
3048 - 1504 195
3048 # 1504
3048 - 1504 195
3048 # 1504
3048 - 1504 194
3048 + 1504
3048 + 1504
3049 + 1504
3050 # 1504
3050 - 1504 195
3050 # 1504
3050 - 1504 195
3050 # 1504
3050 - 1504 194
3050 # 1504
3050 - 1504 193
3052 # 1504
3052 - 1504 195
3052 # 1504
3052 - 1504 192
3053 # 1504
3053 - 1504 193
3053 + 1504
3053 + 1504
3054 + 1504
3055 # 1504
3055 - 1504 194
3055 + 1504
3056 # 1504
3056 - 1504 195
3056 + 1504
3057 # 1504
3057 - 1504 195
3057 + 1504
3057 + 1504
3058 + 1504
3059 # 1504
3059 - 1504 196
3059 # 1504
3059 - 1504 196
3059 + 1504
3060 + 1504
3061 + 1504
3062 # 1504
3062 - 1504 198
3062 # 1504
3062 - 1504 196
3062 # 1504
3062 - 1504 196
3062 # 1504
3062 - 1504 196
3062 + 1504
3062 + 1504
3063 + 1504
3064 # 1504
3064 - 1504 197
3065 # 1504
3065 - 1504 197
3065 + 1504
3066 + 1504
3071 + 1504
3071 + 1504
3072 + 1504
3073 + 1504
3074 # 1504
3074 - 1504 206
3074 # 1504
3074 - 1504 205
3074 + 1504
3075 # 1504
3075 - 1504 206
3075 # 1504
3075 - 1504 182
3075 + 1504
3076 + 1504
3077 # 1504
3077 - 1504 184
3077 # 1504
3077 - 1504 183
3077 # 1504
3077 - 1504 183
3077 # 1504
3077 - 1504 182
3077 # 1504
3077 - 1504 181
3077 # 1504
3077 - 1504 181
3078 # 1504
3078 - 1504 181
3083 + 1504
3084 + 1504
3085 + 1504
3085 + 1504
3086 # 1504
3086 - 1504 188
3086 # 1504
3086 - 1504 188
3086 # 1504
3086 - 1504 187
3086 # 1504
3086 - 1504 186
3086 # 1504
3086 - 1504 186
3086 + 1504
3087 + 1504
3088 + 1504
3089 + 1504
3089 + 1504
3090 + 1504
3091 # 1504
3091 - 1504 190
3091 # 1504
3091 - 1504 189
3091 # 1504
3091 - 1504 189
3091 # 1504
3091 - 1504 188
3091 + 1504
3092 # 1504
3092 - 1504 188
3092 + 1504
3093 # 1504
3093 - 1504 189
3093 # 1504
3093 - 1504 188
3093 # 1504
3093 - 1504 187
3093 + 1504
3094 # 1504
3094 - 1504 186
3094 + 1504
3095 # 1504
3095 - 1504 183
3095 # 1504
3095 - 1504 183
3095 # 1504
3095 - 1504 182
3095 # 1504
3095 - 1504 181
3095 # 1504
3095 - 1504 181
3095 # 1504
3095 - 1504 180
3095 + 1504
3096 + 1504
3097 # 1504
3097 - 1504 181
3097 # 1504
3097 - 1504 180
3097 # 1504
3097 - 1504 179
3098 # 1504
3098 - 1504 179
3098 + 1504
3099 # 1504
3099 - 1504 180
3099 # 1504
3099 - 1504 179
3099 + 1504
3100 # 1504
3100 - 1504 179
3100 # 1504
3100 - 1504 179
3100 + 1504
3101 + 1504
3102 # 1504
3102 - 1504 180
3102 # 1504
3102 - 1504 179
3102 # 1504
3102 - 1504 179
3103 # 1504
3103 - 1504 179
3103 + 1504
3104 + 1504
3104 + 1504
3105 # 1504
3105 - 1504 180
3105 + 1504
3106 # 1504
3106 - 1504 179
3106 # 1504
3106 - 1504 179
3106 + 1504
3107 # 1504
3107 - 1504 179
3107 + 1504
3108 # 1504
3108 - 1504 179
3108 + 1504
3109 + 1504
3110 + 1504
3110 + 1504
3111 # 1504
3111 - 1504 182
3111 + 1504
3112 + 1504
3112 + 1504
3113 + 1504
3114 + 1504
3115 + 1504
3116 + 1504
3116 + 1504
3117 + 1504
3118 + 1504
3119 + 1504
3119 + 1504
3120 # 1504
3120 - 1504 190
3120 + 1504
3121 # 1504
3121 - 1504 191
3121 + 1504
3122 # 1504
3122 - 1504 191
3122 # 1504
3122 - 1504 190
3122 # 1504
3122 - 1504 190
3122 # 1504
3122 - 1504 188
3122 # 1504
3122 - 1504 188
3122 + 1504
3122 + 1504
3123 # 1504
3123 - 1504 188
3123 # 1504
3123 - 1504 187
3123 # 1504
3123 - 1504 186
3123 # 1504
3123 - 1504 186
3123 + 1504
3124 # 1504
3124 - 1504 185
3124 + 1504
3125 + 1504
3126 # 1504
3126 - 1504 187
3126 # 1504
3126 - 1504 186
3126 # 1504
3126 - 1504 186
3126 + 1504
3126 + 1504
3127 # 1504
3127 - 1504 185
3128 # 1504
3128 - 1504 186
3128 # 1504
3128 - 1504 185
3128 + 1504
3128 + 1504
3129 # 1504
3129 - 1504 186
3129 + 1504
3130 # 1504
3130 - 1504 186
3130 # 1504
3130 - 1504 185
3130 + 1504
3130 + 1504
3131 # 1504
3131 - 1504 186
3131 + 1504
3132 # 1504
3132 - 1504 186
3132 + 1504
3133 # 1504
3133 - 1504 186
3133 # 1504
3133 - 1504 186
3133 + 1504
3134 # 1504
3134 - 1504 186
3134 # 1504
3134 - 1504 185
3134 # 1504
3134 - 1504 185
3134 # 1504
3134 - 1504 184
3134 + 1504
3134 + 1504
3135 # 1504
3135 - 1504 184
3135 # 1504
3135 - 1504 184
3135 # 1504
3135 - 1504 183
3135 + 1504
3136 + 1504
3137 # 1504
3137 - 1504 184
3137 + 1504
3138 # 1504
3138 - 1504 185
3138 # 1504
3138 - 1504 184
3138 # 1504
3138 - 1504 183
3138 + 1504
3138 + 1504
3139 + 1504
3140 + 1504
3141 + 1504
3141 + 1504
3142 + 1504
3143 + 1504
3144 + 1504
3145 + 1504
3145 + 1504
3146 + 1504
3147 # 1504
3147 - 1504 191
3147 # 1504
3147 - 1504 191
3147 # 1504
3147 - 1504 190
3147 # 1504
3147 - 1504 189
3147 # 1504
3147 - 1504 189
3147 # 1504
3147 - 1504 188
3147 # 1504
3147 - 1504 187
3147 # 1504
3147 - 1504 186
3147 # 1504
3147 - 1504 186
3147 # 1504
3147 - 1504 185
3147 # 1504
3147 - 1504 184
3147 + 1504
3148 # 1504
3148 - 1504 185
3148 # 1504
3148 - 1504 184
3148 # 1504
3148 - 1504 183
3148 + 1504
3149 # 1504
3149 - 1504 183
3149 # 1504
3149 - 1504 183
3149 # 1504
3149 - 1504 182
3149 # 1504
3149 - 1504 181
3149 + 1504
3149 + 1504
3150 + 1504
3151 + 1504
3152 + 1504
3153 + 1504
3153 + 1504
3154 + 1504
3155 + 1504
3156 + 1504
3157 + 1504
3157 + 1504
3158 # 1504
3158 - 1504 176
3158 # 1504
3158 - 1504 176
3158 # 1504
3158 - 1504 175
3158 # 1504
3158 - 1504 174
3158 # 1504
3158 - 1504 173
3158 # 1504
3158 - 1504 173
3158 # 1504
3158 - 1504 172
3158 # 1504
3158 - 1504 171
3158 # 1504
3158 - 1504 170
3158 # 1504
3158 - 1504 170
3158 + 1504
3159 # 1504
3159 - 1504 170
3159 # 1504
3159 - 1504 169
3159 + 1504
3160 + 1504
3160 + 1504
3161 # 1504
3161 - 1504 170
3161 # 1504
3161 - 1504 170
3161 + 1504
3162 + 1504
3163 # 1504
3163 - 1504 171
3163 # 1504
3163 - 1504 170
3163 # 1504
3163 - 1504 169
3163 # 1504
3163 - 1504 169
3163 # 1504
3163 - 1504 168
3163 # 1504
3163 - 1504 167
3163 # 1504
3163 - 1504 166
3163 # 1504
3163 - 1504 165
3163 # 1504
3163 - 1504 164
3163 # 1504
3163 - 1504 164
3163 + 1504
3164 # 1504
3164 - 1504 164
3164 # 1504
3164 - 1504 163
3164 # 1504
3164 - 1504 162
3164 + 1504
3164 + 1504
3165 + 1504
3166 # 1504
3166 - 1504 164
3166 # 1504
3166 - 1504 163
3166 + 1504
3167 + 1504
3167 + 1504
3168 + 1504
3169 # 1504
3169 - 1504 165
3169 # 1504
3169 - 1504 164
3169 + 1504
3170 + 1504
3170 + 1504
3171 # 1504
3171 - 1504 166
3171 # 1504
3171 - 1504 165
3171 # 1504
3171 - 1504 164
3171 + 1504
3172 + 1504
3172 + 1504
3173 # 1504
3173 - 1504 165
3173 + 1504
3174 # 1504
3174 - 1504 166
3174 + 1504
3175 # 1504
3175 - 1504 166
3175 + 1504
3175 + 1504
3176 # 1504
3176 - 1504 166
3176 + 1504
3177 # 1504
3177 - 1504 164
3177 # 1504
3177 - 1504 164
3177 + 1504
3177 + 1504
3178 # 1504
3178 - 1504 164
3178 # 1504
3178 - 1504 163
3178 + 1504
3179 # 1504
3179 - 1504 164
3179 + 1504
3180 # 1504
3180 - 1504 164
3180 + 1504
3180 + 1504
3181 # 1504
3181 - 1504 164
3181 # 1504
3181 - 1504 163
3181 # 1504
3181 - 1504 163
3181 + 1504
3182 + 1504
3182 + 1504
3183 + 1504
3184 + 1504
3185 + 1504
3185 + 1504
3186 + 1504
3187 + 1504
3187 + 1504
3188 + 1504
3189 + 1504
3189 + 1504
3190 # 1504
3190 - 1504 171
3190 + 1504
3191 # 1504
3191 - 1504 171
3191 # 1504
3191 - 1504 170
3191 # 1504
3191 - 1504 161
3191 # 1504
3191 - 1504 161
3191 + 1504
3192 + 1504
3192 + 1504
3193 + 1504
3194 + 1504
3194 + 1504
3195 + 1504
3196 + 1504
3196 + 1504
3197 + 1504
3198 + 1504
3199 # 1504
3199 - 1504 168
3199 # 1504
3199 - 1504 167
3199 # 1504
3199 - 1504 166
3199 # 1504
3199 - 1504 166
3199 + 1504
3199 + 1504
3200 # 1504
3200 - 1504 166
3200 # 1504
3200 - 1504 165
3200 # 1504
3200 - 1504 164
3200 # 1504
3200 - 1504 163
3200 # 1504
3200 - 1504 157
3200 + 1504
3201 # 1504
3201 - 1504 157
3201 # 1504
3201 - 1504 157
3201 # 1504
3201 - 1504 156
3201 + 1504
3201 + 1504
3202 + 1504
3203 # 1504
3203 - 1504 157
3203 + 1504
3204 # 1504
3204 - 1504 157
3204 + 1504
3204 + 1504
3205 # 1504
3205 - 1504 157
3205 # 1504
3205 - 1504 157
3205 + 1504
3206 # 1504
3206 - 1504 157
3206 + 1504
3206 + 1504
3207 # 1504
3207 - 1504 154
3207 + 1504
3208 + 1504
3209 + 1504
3209 + 1504
3210 + 1504
3211 + 1504
3211 + 1504
3212 + 1504
3213 + 1504
3213 + 1504
3214 + 1504
3215 + 1504
3216 + 1504
3216 + 1504
3217 # 1504
3217 - 1504 164
3217 # 1504
3217 - 1504 163
3217 # 1504
3217 - 1504 162
3217 # 1504
3217 - 1504 161
3217 # 1504
3217 - 1504 160
3217 # 1504
3217 - 1504 160
3217 # 1504
3217 - 1504 159
3217 + 1504
3218 # 1504
3218 - 1504 159
3218 + 1504
3218 + 1504
3219 # 1504
3219 - 1504 159
3219 # 1504
3219 - 1504 158
3219 # 1504
3219 - 1504 157
3219 # 1504
3219 - 1504 157
3219 # 1504
3219 - 1504 156
3219 # 1504
3219 - 1504 154
3219 # 1504
3219 - 1504 153
3219 + 1504
3220 + 1504
3220 + 1504
3221 + 1504
3222 + 1504
3223 + 1504
3223 + 1504
3224 + 1504
3224 + 1504
3225 + 1504
3226 + 1504
3227 # 1504
3227 - 1504 156
3227 + 1504
3227 + 1504
3228 # 1504
3228 - 1504 157
3228 # 1504
3228 - 1504 156
3228 # 1504
3228 - 1504 155
3228 # 1504
3228 - 1504 154
3228 + 1504
3229 + 1504
3229 + 1504
3230 # 1504
3230 - 1504 155
3230 # 1504
3230 - 1504 154
3230 # 1504
3230 - 1504 147
3230 # 1504
3230 - 1504 146
3230 + 1504
3231 + 1504
3231 + 1504
3232 + 1504
3233 + 1504
3233 + 1504
3234 + 1504
3235 + 1504
3235 + 1504
3236 + 1504
3237 + 1504
3237 + 1504
3238 + 1504
3239 + 1504
3239 + 1504
3240 + 1504
3242 # 1504
3242 - 1504 157
3242 # 1504
3242 - 1504 157
3242 # 1504
3242 - 1504 156
3242 # 1504
3242 - 1504 155
3242 # 1504
3242 - 1504 154
3242 # 1504
3242 - 1504 153
3242 # 1504
3242 - 1504 153
3242 # 1504
3242 - 1504 152
3243 # 1504
3243 - 1504 152
3243 # 1504
3243 - 1504 151
3243 + 1504
3244 + 1504
3244 + 1504
3245 # 1504
3245 - 1504 152
3245 # 1504
3245 - 1504 151
3245 + 1504
3246 # 1504
3246 - 1504 151
3246 + 1504
3246 + 1504
3247 + 1504
3248 # 1504
3248 - 1504 152
3248 + 1504
3248 + 1504
3249 + 1504
3249 + 1504
3250 # 1504
3250 - 1504 152
3250 + 1504
3251 + 1504
3251 + 1504
3261 # 1504
3261 - 1504 162
3261 # 1504
3261 - 1504 161
3261 # 1504
3261 - 1504 160
3261 # 1504
3261 - 1504 158
3265 # 1504
3265 - 1504 161
3266 # 1504
3266 - 1504 162
3266 # 1504
3266 - 1504 161
3266 # 1504
3266 - 1504 160
3268 # 1504
3268 - 1504 161
3270 # 1504
3270 - 1504 162
3270 + 1504
3270 + 1504
3271 + 1504
3272 # 1504
3272 - 1504 163
3272 # 1504
3272 - 1504 162
3272 + 1504
3272 + 1504
3273 # 1504
3273 - 1504 163
3273 + 1504
3273 + 1504
3274 + 1504
3275 # 1504
3275 - 1504 164
3275 + 1504
3276 + 1504
3276 + 1504
3277 + 1504
3277 + 1504
3278 + 1504
3279 + 1504
3279 + 1504
3284 # 1504
3284 - 1504 172
3284 # 1504
3284 - 1504 172
3287 # 1504
3287 - 1504 174
3287 # 1504
3287 - 1504 173
3287 # 1504
3287 - 1504 172
3289 # 1504
3289 - 1504 173
3289 + 1504
3290 + 1504
3290 + 1504
3291 + 1504
3292 + 1504
3294 # 1504
3294 - 1504 178
3294 # 1504
3294 - 1504 177
3294 # 1504
3294 - 1504 176
3294 # 1504
3294 - 1504 175
3294 # 1504
3294 - 1504 175
3294 # 1504
3294 - 1504 174
3295 + 1504
3295 + 1504
3296 # 1504
3296 - 1504 175
3296 # 1504
3296 - 1504 174
3296 + 1504
3297 + 1504
3297 + 1504
3298 + 1504
3299 # 1504
3299 - 1504 177
3299 + 1504
3299 + 1504
3300 # 1504
3300 - 1504 177
3300 + 1504
3301 + 1504
3303 # 1504
3303 - 1504 179
3303 # 1504
3303 - 1504 178
3304 + 1504
3304 + 1504
3306 # 1504
3306 - 1504 180
3306 # 1504
3306 - 1504 180
3306 + 1504
3306 + 1504
3308 # 1504
3308 - 1504 180
3308 # 1504
3308 - 1504 180
3308 + 1504
3308 + 1504
3311 # 1504
3311 - 1504 182
3311 # 1504
3311 - 1504 181
3313 # 1504
3313 - 1504 183
3314 # 1504
3314 - 1504 183
3315 # 1504
3315 - 1504 183
3318 # 1504
3318 - 1504 185
3319 # 1504
3319 - 1504 185
3319 # 1504
3319 - 1504 185
3321 # 1504
3321 - 1504 186
3322 + 1504
3322 + 1504
3323 # 1504
3323 - 1504 187
3323 + 1504
3324 # 1504
3324 - 1504 187
3324 + 1504
3324 + 1504
3325 # 1504
3325 - 1504 187
3325 + 1504
3326 # 1504
3326 - 1504 188
3326 + 1504
3327 + 1504
3327 + 1504
3328 # 1504
3328 - 1504 189
3328 + 1504
3329 + 1504
3330 + 1504
3330 + 1504
3331 # 1504
3331 - 1504 191
3331 + 1504
3332 # 1504
3332 - 1504 191
3332 # 1504
3332 - 1504 191
3332 + 1504
3333 # 1504
3333 - 1504 191
3333 + 1504
3333 + 1504
3334 + 1504
3335 # 1504
3335 - 1504 192
3335 + 1504
3336 + 1504
3336 + 1504
3337 # 1504
3337 - 1504 193
3337 # 1504
3337 - 1504 192
3338 # 1504
3338 - 1504 193
3339 # 1504
3339 - 1504 193
3339 # 1504
3339 - 1504 192
3340 # 1504
3340 - 1504 192
3342 # 1504
3342 - 1504 193
3343 + 1504
3343 + 1504
3344 # 1504
3344 - 1504 195
3344 + 1504
3345 + 1504
3346 + 1504
3347 + 1504
3347 + 1504
3348 + 1504
3353 # 1504
3353 - 1504 203
3353 # 1504
3353 - 1504 202
3353 # 1504
3353 - 1504 201
3353 # 1504
3353 - 1504 200
3353 # 1504
3353 - 1504 200
3356 + 1504
3356 + 1504
3357 # 1504
3357 - 1504 203
3357 # 1504
3357 - 1504 202
3357 # 1504
3357 - 1504 201
3357 + 1504
3358 + 1504
3358 + 1504
3359 + 1504
3360 + 1504
3361 + 1504
3361 + 1504
3362 + 1504
3607 + 1504
3853 + 52
